--- Job policy Start 09/29/24 20:38:58 37.1.0 r07954d5 LEX-LEG x86 64bit/Linux
--- Applying:
    /appl/gams/37.1.0/gmsprmun.txt
--- GAMS Parameters defined
    Input /zhome/f0/5/124363/J3-HPC/scripts/gams/policy.gms
    Output /zhome/f0/5/124363/J3-HPC/results/C/C_095_120/policy.lst
    ScrDir /zhome/f0/5/124363/J3-HPC/225u/
    SysDir /appl/gams/37.1.0/
    --project C
    --scenario C_095_120
    --timeseries spacing_120
    --tax_carbon yes
    --subsidy_capex no
    --subsidy_opex yes
    --subsidy_carbon no
Licensee: Large MUD - 20 User License                    G221124|0002AP-GEN
          Technical University of Denmark, Management Engineering    DC8611
          /appl/gams/37.1.0/gamslice.txt
          License Admin: Thomas Stidsen, thst@man.dtu.dk                   
Processor information: 2 socket(s), 32 core(s), and 32 thread(s) available
GAMS 37.1.0   Copyright (C) 1987-2021 GAMS Development. All rights reserved
--- Starting compilation
--- policy.gms(44) 2 Mb
--- call mkdir -p ./results/C/C_095_120/
--- policy.gms(51) 2 Mb
--- call gams scripts/gams/parameters.gms --project=C --scenario=C_095_120 --timeseries=spacing_120 o=results/C/C_095_120//parameters.lst
--- Job parameters.gms Start 09/29/24 20:38:58 37.1.0 r07954d5 LEX-LEG x86 64bit/Linux
--- Applying:
    /appl/gams/37.1.0/gmsprmun.txt
--- GAMS Parameters defined
    Input /zhome/f0/5/124363/J3-HPC/scripts/gams/parameters.gms
    Output /zhome/f0/5/124363/J3-HPC/results/C/C_095_120/parameters.lst
    ScrDir /zhome/f0/5/124363/J3-HPC/225z/
    SysDir /appl/gams/37.1.0/
    --project C
    --scenario C_095_120
    --timeseries spacing_120
Licensee: Large MUD - 20 User License                    G221124|0002AP-GEN
          Technical University of Denmark, Management Engineering    DC8611
          /appl/gams/37.1.0/gamslice.txt
          License Admin: Thomas Stidsen, thst@man.dtu.dk                   
Processor information: 2 socket(s), 32 core(s), and 32 thread(s) available
GAMS 37.1.0   Copyright (C) 1987-2021 GAMS Development. All rights reserved
--- Starting compilation
--- parameters.gms(37) 2 Mb
--- call mkdir -p ./results/C/C_095_120/
--- parameters.gms(49) 2 Mb
--- . ts-timesteps.csv(73) 3 Mb
--- parameters.gms(58) 3 Mb
--- . name-generator.csv(27) 3 Mb
--- parameters.gms(66) 3 Mb
--- . name-fuel.csv(13) 3 Mb
--- parameters.gms(74) 3 Mb
--- . map-generator-fuel.csv(27) 3 Mb
--- parameters.gms(89) 3 Mb
--- . attribute-generator.csv(16) 3 Mb
--- parameters.gms(96) 3 Mb
--- . attribute-fuel.csv(5) 3 Mb
--- parameters.gms(103) 3 Mb
--- . attribute-other.csv(2) 3 Mb
--- parameters.gms(111) 3 Mb
--- . data-generator.csv(29) 3 Mb
--- parameters.gms(118) 3 Mb
--- . data-fuel.csv(15) 3 Mb
--- parameters.gms(125) 3 Mb
--- . data-other.csv(2) 3 Mb
--- parameters.gms(203) 3 Mb
--- . ts-demand-heat.csv(73) 3 Mb
--- parameters.gms(211) 3 Mb
--- . ts-electricity-price.csv(73) 3 Mb
--- parameters.gms(219) 3 Mb
--- . ts-electricity-carbon.csv(73) 3 Mb
--- parameters.gms(228) 3 Mb
--- . ts-generator-availability.csv(74) 3 Mb
--- parameters.gms(235) 3 Mb
--- . ts-generator-efficiency.csv(74) 3 Mb
--- parameters.gms(286) 3 Mb
--- Starting execution: elapsed 0:00:00.022
--- parameters.gms(859) 5 Mb
--- GDX File (execute_unload) /zhome/f0/5/124363/J3-HPC/results/C/C_095_120/parameters.gdx
*** Status: Normal completion
--- Job parameters.gms Stop 09/29/24 20:38:59 elapsed 0:00:00.038
--- policy.gms(55) 2 Mb
--- call gams scripts/gams/baseline.gms   --project=C --scenario=C_095_120 --timeseries=spacing_120 o=results/C/C_095_120//baseline.lst
--- Job baseline.gms Start 09/29/24 20:38:59 37.1.0 r07954d5 LEX-LEG x86 64bit/Linux
--- Applying:
    /appl/gams/37.1.0/gmsprmun.txt
--- GAMS Parameters defined
    Input /zhome/f0/5/124363/J3-HPC/scripts/gams/baseline.gms
    Output /zhome/f0/5/124363/J3-HPC/results/C/C_095_120/baseline.lst
    ScrDir /zhome/f0/5/124363/J3-HPC/225y/
    SysDir /appl/gams/37.1.0/
    --project C
    --scenario C_095_120
    --timeseries spacing_120
Licensee: Large MUD - 20 User License                    G221124|0002AP-GEN
          Technical University of Denmark, Management Engineering    DC8611
          /appl/gams/37.1.0/gamslice.txt
          License Admin: Thomas Stidsen, thst@man.dtu.dk                   
Processor information: 2 socket(s), 32 core(s), and 32 thread(s) available
GAMS 37.1.0   Copyright (C) 1987-2021 GAMS Development. All rights reserved
--- Starting compilation
--- baseline.gms(36) 2 Mb
--- call mkdir -p ./results/C/C_095_120/
--- baseline.gms(41) 2 Mb
--- call gams scripts/gams/parameters.gms --project=C --scenario=C_095_120 --timeseries=spacing_120 o=results/C/C_095_120//parameters.lst
--- Job parameters.gms Start 09/29/24 20:38:59 37.1.0 r07954d5 LEX-LEG x86 64bit/Linux
--- Applying:
    /appl/gams/37.1.0/gmsprmun.txt
--- GAMS Parameters defined
    Input /zhome/f0/5/124363/J3-HPC/scripts/gams/parameters.gms
    Output /zhome/f0/5/124363/J3-HPC/results/C/C_095_120/parameters.lst
    ScrDir /zhome/f0/5/124363/J3-HPC/225ac/
    SysDir /appl/gams/37.1.0/
    --project C
    --scenario C_095_120
    --timeseries spacing_120
Licensee: Large MUD - 20 User License                    G221124|0002AP-GEN
          Technical University of Denmark, Management Engineering    DC8611
          /appl/gams/37.1.0/gamslice.txt
          License Admin: Thomas Stidsen, thst@man.dtu.dk                   
Processor information: 2 socket(s), 32 core(s), and 32 thread(s) available
GAMS 37.1.0   Copyright (C) 1987-2021 GAMS Development. All rights reserved
--- Starting compilation
--- parameters.gms(37) 2 Mb
--- call mkdir -p ./results/C/C_095_120/
--- parameters.gms(49) 2 Mb
--- . ts-timesteps.csv(73) 3 Mb
--- parameters.gms(58) 3 Mb
--- . name-generator.csv(27) 3 Mb
--- parameters.gms(66) 3 Mb
--- . name-fuel.csv(13) 3 Mb
--- parameters.gms(74) 3 Mb
--- . map-generator-fuel.csv(27) 3 Mb
--- parameters.gms(89) 3 Mb
--- . attribute-generator.csv(16) 3 Mb
--- parameters.gms(96) 3 Mb
--- . attribute-fuel.csv(5) 3 Mb
--- parameters.gms(103) 3 Mb
--- . attribute-other.csv(2) 3 Mb
--- parameters.gms(111) 3 Mb
--- . data-generator.csv(29) 3 Mb
--- parameters.gms(118) 3 Mb
--- . data-fuel.csv(15) 3 Mb
--- parameters.gms(125) 3 Mb
--- . data-other.csv(2) 3 Mb
--- parameters.gms(203) 3 Mb
--- . ts-demand-heat.csv(73) 3 Mb
--- parameters.gms(211) 3 Mb
--- . ts-electricity-price.csv(73) 3 Mb
--- parameters.gms(219) 3 Mb
--- . ts-electricity-carbon.csv(73) 3 Mb
--- parameters.gms(228) 3 Mb
--- . ts-generator-availability.csv(74) 3 Mb
--- parameters.gms(235) 3 Mb
--- . ts-generator-efficiency.csv(74) 3 Mb
--- parameters.gms(286) 3 Mb
--- Starting execution: elapsed 0:00:00.020
--- parameters.gms(859) 5 Mb
--- GDX File (execute_unload) /zhome/f0/5/124363/J3-HPC/results/C/C_095_120/parameters.gdx
*** Status: Normal completion
--- Job parameters.gms Stop 09/29/24 20:38:59 elapsed 0:00:00.037
--- baseline.gms(77) 2 Mb
--- GDXin=/zhome/f0/5/124363/J3-HPC/results/C/C_095_120/parameters.gdx
--- GDX File ($gdxIn) /zhome/f0/5/124363/J3-HPC/results/C/C_095_120/parameters.gdx
--- baseline.gms(180) 3 Mb
--- Starting execution: elapsed 0:00:00.074
--- baseline.gms(132) 4 Mb
--- Generating LP model model_baseline
--- baseline.gms(134) 5 Mb
---   2,483 rows  1,978 columns  6,796 non-zeroes
--- Executing CPLEX (Solvelink=2): elapsed 0:00:00.089

IBM ILOG CPLEX   37.1.0 r07954d5 Released Nov 11, 2021 LEG x86 64bit/Linux    

--- GAMS/Cplex Link licensed for continuous and discrete problems.

Reading parameter(s) from "/zhome/f0/5/124363/J3-HPC/cplex.opt"
>>  Threads -1
Finished reading from "/zhome/f0/5/124363/J3-HPC/cplex.opt"

--- GMO setup time: 0.00s
--- Space for names approximately 0.15 Mb
--- Use option 'names no' to turn use of names off
--- GMO memory 1.01 Mb (peak 1.02 Mb)
--- Dictionary memory 0.00 Mb
--- Cplex 20.1.0.1 link memory 0.07 Mb (peak 0.31 Mb)
--- Starting Cplex

Version identifier: 20.1.0.1 | 2021-04-07 | 3a818710c
CPXPARAM_Advance                                 0
CPXPARAM_Threads                                 31
CPXPARAM_Parallel                                1
CPXPARAM_MIP_Display                             4
CPXPARAM_MIP_Pool_Capacity                       0
CPXPARAM_MIP_Tolerances_AbsMIPGap                0
Tried aggregator 1 time.
LP Presolve eliminated 2035 rows and 282 columns.
Reduced LP has 447 rows, 1696 columns, and 2438 nonzeros.
Presolve time = 0.00 sec. (2.05 ticks)

Iteration log . . .
Iteration:     1   Dual objective     =      -2787736.838177
Iteration:   117   Dual objective     =       3871891.781294

--- LP status (1): optimal.
--- Cplex Time: 0.01sec (det. 3.54 ticks)


Optimal solution found
Objective:      4007592.442075

--- Reading solution for model model_baseline
--- Executing after solve: elapsed 0:00:00.120
--- baseline.gms(176) 5 Mb
--- GDX File (execute_unload) /zhome/f0/5/124363/J3-HPC/results/C/C_095_120/baseline.gdx
*** Status: Normal completion
--- Job baseline.gms Stop 09/29/24 20:38:59 elapsed 0:00:00.125
--- policy.gms(56) 2 Mb--- policy.gms(113) 2 Mb
--- GDXin=/zhome/f0/5/124363/J3-HPC/results/C/C_095_120/parameters.gdx
--- GDX File ($gdxIn) /zhome/f0/5/124363/J3-HPC/results/C/C_095_120/parameters.gdx
--- policy.gms(123) 3 Mb
--- GDXin=/zhome/f0/5/124363/J3-HPC/results/C/C_095_120/baseline.gdx
--- GDX File ($gdxIn) /zhome/f0/5/124363/J3-HPC/results/C/C_095_120/baseline.gdx
--- policy.gms(406) 3 Mb
--- Starting execution: elapsed 0:00:00.242
--- policy.gms(255) 4 Mb
--- Generating MIP model model_policy
--- policy.gms(239) 7 Mb--- policy.gms(256) 8 Mb
---   13,234 rows  8,850 columns  40,698 non-zeroes
---   4,386 discrete-columns
--- Executing CPLEX (Solvelink=2): elapsed 0:00:00.278

IBM ILOG CPLEX   37.1.0 r07954d5 Released Nov 11, 2021 LEG x86 64bit/Linux    

--- GAMS/Cplex Link licensed for continuous and discrete problems.

Reading parameter(s) from "/zhome/f0/5/124363/J3-HPC/cplex.opt"
>>  Threads -1
Finished reading from "/zhome/f0/5/124363/J3-HPC/cplex.opt"

--- GMO setup time: 0.00s
--- Space for names approximately 0.84 Mb
--- Use option 'names no' to turn use of names off
--- GMO memory 4.51 Mb (peak 4.58 Mb)
--- Dictionary memory 0.00 Mb
--- Cplex 20.1.0.1 link memory 0.32 Mb (peak 1.77 Mb)
--- Starting Cplex

Version identifier: 20.1.0.1 | 2021-04-07 | 3a818710c
CPXPARAM_Advance                                 0
CPXPARAM_Threads                                 31
CPXPARAM_Parallel                                1
CPXPARAM_MIP_Display                             4
CPXPARAM_MIP_Pool_Capacity                       0
CPXPARAM_TimeLimit                               1000000
CPXPARAM_MIP_Tolerances_AbsMIPGap                0
Generic callback                                 0x50
Tried aggregator 1 time.
MIP Presolve eliminated 2669 rows and 609 columns.
MIP Presolve modified 5978 coefficients.
Reduced MIP has 10564 rows, 8241 columns, and 31698 nonzeros.
Reduced MIP has 4083 binaries, 0 generals, 0 SOSs, and 0 indicators.
Presolve time = 0.02 sec. (16.64 ticks)
Probing fixed 1497 vars, tightened 3676 bounds.
Probing time = 0.28 sec. (154.31 ticks)
Tried aggregator 2 times.
MIP Presolve eliminated 3432 rows and 2259 columns.
MIP Presolve modified 2717 coefficients.
Aggregator did 243 substitutions.
Reduced MIP has 6889 rows, 5739 columns, and 21887 nonzeros.
Reduced MIP has 2586 binaries, 0 generals, 0 SOSs, and 0 indicators.
Presolve time = 0.02 sec. (18.42 ticks)
Probing fixed 4 vars, tightened 888 bounds.
Probing time = 0.16 sec. (100.16 ticks)
Tried aggregator 1 time.
Detecting symmetries...
MIP Presolve eliminated 9 rows and 8 columns.
MIP Presolve modified 815 coefficients.
Reduced MIP has 6880 rows, 5731 columns, and 21860 nonzeros.
Reduced MIP has 2582 binaries, 0 generals, 0 SOSs, and 0 indicators.
Presolve time = 0.02 sec. (13.17 ticks)
Probing fixed 0 vars, tightened 10 bounds.
Probing time = 0.04 sec. (21.70 ticks)
Clique table members: 21764.
MIP emphasis: balance optimality and feasibility.
MIP search method: dynamic search.
Parallel mode: deterministic, using up to 31 threads.
Parallel mode: deterministic, using up to 4 threads for parallel tasks at root LP.
Parallel mode: deterministic, using up to 27 threads for concurrent optimization:
 * Starting dual Simplex on 1 thread...
 * Starting Barrier on 25 threads...
 * Starting primal Simplex on 1 thread...
Tried aggregator 1 time.
Aggregator did 2582 substitutions.
Reduced LP has 4298 rows, 3149 columns, and 15942 nonzeros.
Presolve time = 0.01 sec. (5.05 ticks)

Iteration log . . .
Iteration:     1   Dual objective     =      -6097919.917888
Iteration:   117   Dual objective     =      -1298434.307266
Iteration:   202   Dual objective     =      -1249573.578520
Iteration:   289   Dual objective     =      -1144105.099268
Iteration:   445   Dual objective     =      -1096102.438076
Iteration:   532   Dual objective     =      -1096102.438076
Iteration:   618   Dual objective     =      -1096102.438076
Iteration:   734   Dual objective     =       -838757.648193
Iteration:   833   Dual objective     =       -810973.103310
Iteration:   950   Dual objective     =       -792175.736847
Iteration:  1028   Dual objective     =       -792175.736847
Iteration:  1119   Dual objective     =       -791843.722927
Iteration:  1210   Dual objective     =       -791843.722926
Iteration:  1317   Dual objective     =       -791629.072660
Iteration:  1450   Dual objective     =       -791472.860870
Initializing dual steep norms . . .

Dual simplex solved model.

Initializing dual steep norms . . .

Iteration log . . .
Iteration:     1   Dual objective     =       -791470.405781
Root relaxation solution time = 0.19 sec. (175.74 ticks)

        Nodes                                         Cuts/
   Node  Left     Objective  IInf  Best Integer    Best Bound    ItCnt     Gap

      0     0  -791470.4058    16                -791470.4058     1485         
*     0+    0                      -523116.3591  -791470.4058            51.30%
Found incumbent of value -523116.359137 after 0.92 sec. (600.80 ticks)
      0     0  -791464.3587    22  -523116.3591      Cuts: 71     1575   51.30%
      0     0  -791464.3587    23  -523116.3591       Cuts: 3     1577   51.30%
*     0+    0                      -748987.9606  -791464.3587             5.67%
Found incumbent of value -748987.960571 after 1.20 sec. (819.29 ticks)
*     0+    0                      -755119.1510  -791464.3587             4.81%
Found incumbent of value -755119.150999 after 1.24 sec. (874.16 ticks)
Detecting symmetries...

Repeating presolve.
Tried aggregator 2 times.
MIP Presolve eliminated 2108 rows and 1709 columns.
MIP Presolve modified 3517 coefficients.
Aggregator did 113 substitutions.
Reduced MIP has 4659 rows, 3909 columns, and 14587 nonzeros.
Reduced MIP has 1642 binaries, 0 generals, 0 SOSs, and 0 indicators.
Presolve time = 0.02 sec. (15.54 ticks)
Probing fixed 883 vars, tightened 5420 bounds.
Probing time = 0.07 sec. (38.36 ticks)
Tried aggregator 3 times.
MIP Presolve eliminated 2212 rows and 1948 columns.
MIP Presolve modified 1659 coefficients.
Aggregator did 177 substitutions.
Reduced MIP has 2270 rows, 1784 columns, and 7122 nonzeros.
Reduced MIP has 756 binaries, 0 generals, 0 SOSs, and 0 indicators.
Presolve time = 0.02 sec. (13.31 ticks)
Probing fixed 89 vars, tightened 3110 bounds.
Probing time = 0.04 sec. (34.24 ticks)
Tried aggregator 2 times.
MIP Presolve eliminated 209 rows and 183 columns.
MIP Presolve modified 672 coefficients.
Aggregator did 39 substitutions.
Reduced MIP has 2022 rows, 1562 columns, and 6288 nonzeros.
Reduced MIP has 667 binaries, 0 generals, 0 SOSs, and 0 indicators.
Presolve time = 0.01 sec. (6.19 ticks)
Probing fixed 5 vars, tightened 762 bounds.
Probing time = 0.03 sec. (24.59 ticks)
Tried aggregator 1 time.
Detecting symmetries...
MIP Presolve eliminated 11 rows and 10 columns.
MIP Presolve modified 536 coefficients.
Reduced MIP has 2011 rows, 1552 columns, and 6256 nonzeros.
Reduced MIP has 662 binaries, 0 generals, 0 SOSs, and 0 indicators.
Presolve time = 0.01 sec. (3.98 ticks)
Represolve time = 0.22 sec. (151.92 ticks)
Probing fixed 0 vars, tightened 50 bounds.
Probing time = 0.03 sec. (27.64 ticks)
Clique table members: 5016.
MIP emphasis: balance optimality and feasibility.
MIP search method: dynamic search.
Parallel mode: deterministic, using up to 31 threads.
Parallel mode: deterministic, using up to 31 threads for concurrent optimization:
 * Starting dual Simplex on 1 thread...
 * Starting Barrier on 29 threads...
 * Starting primal Simplex on 1 thread...
Tried aggregator 1 time.
LP Presolve eliminated 3 rows and 0 columns.
Aggregator did 656 substitutions.
Reduced LP has 1370 rows, 896 columns, and 5120 nonzeros.
Presolve time = 0.00 sec. (1.54 ticks)

Iteration log . . .
Iteration:     1   Dual objective     =      -2571406.693335
Iteration:    63   Dual objective     =       -830122.135480
Iteration:   138   Dual objective     =       -830122.135480
Iteration:   207   Dual objective     =       -802719.657014
Iteration:   292   Dual objective     =       -789216.194496
Initializing dual steep norms . . .

Dual simplex solved model.

Initializing dual steep norms . . .

Iteration log . . .
Iteration:     1   Dual objective     =       -788564.498841
Root relaxation solution time = 0.01 sec. (16.42 ticks)

        Nodes                                         Cuts/
   Node  Left     Objective  IInf  Best Integer    Best Bound    ItCnt     Gap

*     0+    0                      -755119.1510  -779059.4697             3.17%
Found incumbent of value -755119.150999 after 1.56 sec. (1098.86 ticks)
      0     0  -788564.4988    21  -755119.1510  -779059.4697     1879    3.17%
      0     0        cutoff        -755119.1510  -755119.1510     1963    0.00%
Elapsed time = 30.63 sec. (1132.34 ticks, tree = 0.01 MB)

Clique cuts applied:  283
Implied bound cuts applied:  49
Flow cuts applied:  63
Mixed integer rounding cuts applied:  52
Gomory fractional cuts applied:  4

Root node processing (before b&c):
  Real time             =   30.63 sec. (1132.43 ticks)
Parallel b&c, 31 threads:
  Real time             =    0.00 sec. (0.00 ticks)
  Sync time (average)   =    0.00 sec.
  Wait time (average)   =    0.00 sec.
                          ------------
Total (root+branch&cut) =   30.63 sec. (1132.43 ticks)

--- MIP status (101): integer optimal solution.
--- Cplex Time: 30.64sec (det. 1132.45 ticks)

--- Fixing integer variables and solving final LP...

Version identifier: 20.1.0.1 | 2021-04-07 | 3a818710c
CPXPARAM_Advance                                 2
CPXPARAM_Threads                                 31
CPXPARAM_Parallel                                1
CPXPARAM_MIP_Display                             4
CPXPARAM_MIP_Pool_Capacity                       0
CPXPARAM_TimeLimit                               1000000
CPXPARAM_MIP_Tolerances_AbsMIPGap                0
Parallel mode: deterministic, using up to 31 threads for concurrent optimization:
 * Starting dual Simplex on 1 thread...
 * Starting Barrier on 29 threads...
 * Starting primal Simplex on 1 thread...
Tried aggregator 1 time.
LP Presolve eliminated 12833 rows and 8407 columns.
Aggregator did 397 substitutions.
Reduced LP has 3 rows, 46 columns, and 6 nonzeros.
Presolve time = 0.01 sec. (7.48 ticks)

Iteration log . . .
Iteration:     1   Dual objective     =       -755119.233594

Dual simplex solved model.


--- Fixed MIP status (1): optimal.
--- Cplex Time: 0.02sec (det. 13.92 ticks)


Proven optimal solution
MIP Solution:      -755119.150999    (1963 iterations, 0 nodes)
Final Solve:       -755119.233594    (1 iterations)

Best possible:     -755119.150999
Absolute gap:            0.000000
Relative gap:            0.000000

--- Reading solution for model model_policy
--- Executing after solve: elapsed 0:00:31.007
--- policy.gms(273) 8 Mb--- policy.gms(403) 8 Mb
--- GDX File (execute_unload) /zhome/f0/5/124363/J3-HPC/results/C/C_095_120/policy.gdx
*** Status: Normal completion
--- Job policy.gms Stop 09/29/24 20:39:29 elapsed 0:00:31.025
