--- Job policy Start 09/30/24 14:49:46 37.1.0 r07954d5 LEX-LEG x86 64bit/Linux
--- Applying:
    /appl/gams/37.1.0/gmsprmun.txt
--- GAMS Parameters defined
    Input /zhome/f0/5/124363/J3-HPC/scripts/gams/policy.gms
    Output /zhome/f0/5/124363/J3-HPC/results/A/A_085_100/policy.lst
    ScrDir /zhome/f0/5/124363/J3-HPC/225l/
    SysDir /appl/gams/37.1.0/
    --project A
    --scenario A_085_100
    --timeseries spacing_120
    --tax_carbon no
    --subsidy_capex no
    --subsidy_opex yes
    --subsidy_carbon no
Licensee: Large MUD - 20 User License                    G221124|0002AP-GEN
          Technical University of Denmark, Management Engineering    DC8611
          /appl/gams/37.1.0/gamslice.txt
          License Admin: Thomas Stidsen, thst@man.dtu.dk                   
Processor information: 2 socket(s), 32 core(s), and 32 thread(s) available
GAMS 37.1.0   Copyright (C) 1987-2021 GAMS Development. All rights reserved
--- Starting compilation
--- policy.gms(44) 2 Mb
--- call mkdir -p ./results/A/A_085_100/
--- policy.gms(51) 2 Mb
--- call gams scripts/gams/parameters.gms --project=A --scenario=A_085_100 --timeseries=spacing_120 o=results/A/A_085_100//parameters.lst
--- Job parameters.gms Start 09/30/24 14:49:46 37.1.0 r07954d5 LEX-LEG x86 64bit/Linux
--- Applying:
    /appl/gams/37.1.0/gmsprmun.txt
--- GAMS Parameters defined
    Input /zhome/f0/5/124363/J3-HPC/scripts/gams/parameters.gms
    Output /zhome/f0/5/124363/J3-HPC/results/A/A_085_100/parameters.lst
    ScrDir /zhome/f0/5/124363/J3-HPC/225p/
    SysDir /appl/gams/37.1.0/
    --project A
    --scenario A_085_100
    --timeseries spacing_120
Licensee: Large MUD - 20 User License                    G221124|0002AP-GEN
          Technical University of Denmark, Management Engineering    DC8611
          /appl/gams/37.1.0/gamslice.txt
          License Admin: Thomas Stidsen, thst@man.dtu.dk                   
Processor information: 2 socket(s), 32 core(s), and 32 thread(s) available
GAMS 37.1.0   Copyright (C) 1987-2021 GAMS Development. All rights reserved
--- Starting compilation
--- parameters.gms(37) 2 Mb
--- call mkdir -p ./results/A/A_085_100/
--- parameters.gms(49) 2 Mb
--- . ts-timesteps.csv(73) 3 Mb
--- parameters.gms(58) 3 Mb
--- . name-generator.csv(27) 3 Mb
--- parameters.gms(66) 3 Mb
--- . name-fuel.csv(13) 3 Mb
--- parameters.gms(74) 3 Mb
--- . map-generator-fuel.csv(27) 3 Mb
--- parameters.gms(89) 3 Mb
--- . attribute-generator.csv(16) 3 Mb
--- parameters.gms(96) 3 Mb
--- . attribute-fuel.csv(5) 3 Mb
--- parameters.gms(103) 3 Mb
--- . attribute-other.csv(2) 3 Mb
--- parameters.gms(111) 3 Mb
--- . data-generator.csv(29) 3 Mb
--- parameters.gms(118) 3 Mb
--- . data-fuel.csv(15) 3 Mb
--- parameters.gms(125) 3 Mb
--- . data-other.csv(2) 3 Mb
--- parameters.gms(203) 3 Mb
--- . ts-demand-heat.csv(73) 3 Mb
--- parameters.gms(211) 3 Mb
--- . ts-electricity-price.csv(73) 3 Mb
--- parameters.gms(219) 3 Mb
--- . ts-electricity-carbon.csv(73) 3 Mb
--- parameters.gms(228) 3 Mb
--- . ts-generator-availability.csv(74) 3 Mb
--- parameters.gms(235) 3 Mb
--- . ts-generator-efficiency.csv(74) 3 Mb
--- parameters.gms(286) 3 Mb
--- Starting execution: elapsed 0:00:00.029
--- parameters.gms(859) 5 Mb
--- GDX File (execute_unload) /zhome/f0/5/124363/J3-HPC/results/A/A_085_100/parameters.gdx
*** Status: Normal completion
--- Job parameters.gms Stop 09/30/24 14:49:46 elapsed 0:00:00.048
--- policy.gms(55) 2 Mb
--- call gams scripts/gams/baseline.gms   --project=A --scenario=A_085_100 --timeseries=spacing_120 o=results/A/A_085_100//baseline.lst
--- Job baseline.gms Start 09/30/24 14:49:46 37.1.0 r07954d5 LEX-LEG x86 64bit/Linux
--- Applying:
    /appl/gams/37.1.0/gmsprmun.txt
--- GAMS Parameters defined
    Input /zhome/f0/5/124363/J3-HPC/scripts/gams/baseline.gms
    Output /zhome/f0/5/124363/J3-HPC/results/A/A_085_100/baseline.lst
    ScrDir /zhome/f0/5/124363/J3-HPC/225n/
    SysDir /appl/gams/37.1.0/
    --project A
    --scenario A_085_100
    --timeseries spacing_120
Licensee: Large MUD - 20 User License                    G221124|0002AP-GEN
          Technical University of Denmark, Management Engineering    DC8611
          /appl/gams/37.1.0/gamslice.txt
          License Admin: Thomas Stidsen, thst@man.dtu.dk                   
Processor information: 2 socket(s), 32 core(s), and 32 thread(s) available
GAMS 37.1.0   Copyright (C) 1987-2021 GAMS Development. All rights reserved
--- Starting compilation
--- baseline.gms(36) 2 Mb
--- call mkdir -p ./results/A/A_085_100/
--- baseline.gms(41) 2 Mb
--- call gams scripts/gams/parameters.gms --project=A --scenario=A_085_100 --timeseries=spacing_120 o=results/A/A_085_100//parameters.lst
--- Job parameters.gms Start 09/30/24 14:49:46 37.1.0 r07954d5 LEX-LEG x86 64bit/Linux
--- Applying:
    /appl/gams/37.1.0/gmsprmun.txt
--- GAMS Parameters defined
    Input /zhome/f0/5/124363/J3-HPC/scripts/gams/parameters.gms
    Output /zhome/f0/5/124363/J3-HPC/results/A/A_085_100/parameters.lst
    ScrDir /zhome/f0/5/124363/J3-HPC/225r/
    SysDir /appl/gams/37.1.0/
    --project A
    --scenario A_085_100
    --timeseries spacing_120
Licensee: Large MUD - 20 User License                    G221124|0002AP-GEN
          Technical University of Denmark, Management Engineering    DC8611
          /appl/gams/37.1.0/gamslice.txt
          License Admin: Thomas Stidsen, thst@man.dtu.dk                   
Processor information: 2 socket(s), 32 core(s), and 32 thread(s) available
GAMS 37.1.0   Copyright (C) 1987-2021 GAMS Development. All rights reserved
--- Starting compilation
--- parameters.gms(37) 2 Mb
--- call mkdir -p ./results/A/A_085_100/
--- parameters.gms(49) 2 Mb
--- . ts-timesteps.csv(73) 3 Mb
--- parameters.gms(58) 3 Mb
--- . name-generator.csv(27) 3 Mb
--- parameters.gms(66) 3 Mb
--- . name-fuel.csv(13) 3 Mb
--- parameters.gms(74) 3 Mb
--- . map-generator-fuel.csv(27) 3 Mb
--- parameters.gms(89) 3 Mb
--- . attribute-generator.csv(16) 3 Mb
--- parameters.gms(96) 3 Mb
--- . attribute-fuel.csv(5) 3 Mb
--- parameters.gms(103) 3 Mb
--- . attribute-other.csv(2) 3 Mb
--- parameters.gms(111) 3 Mb
--- . data-generator.csv(29) 3 Mb
--- parameters.gms(118) 3 Mb
--- . data-fuel.csv(15) 3 Mb
--- parameters.gms(125) 3 Mb
--- . data-other.csv(2) 3 Mb
--- parameters.gms(203) 3 Mb
--- . ts-demand-heat.csv(73) 3 Mb
--- parameters.gms(211) 3 Mb
--- . ts-electricity-price.csv(73) 3 Mb
--- parameters.gms(219) 3 Mb
--- . ts-electricity-carbon.csv(73) 3 Mb
--- parameters.gms(228) 3 Mb
--- . ts-generator-availability.csv(74) 3 Mb
--- parameters.gms(235) 3 Mb
--- . ts-generator-efficiency.csv(74) 3 Mb
--- parameters.gms(286) 3 Mb
--- Starting execution: elapsed 0:00:00.021
--- parameters.gms(859) 5 Mb
--- GDX File (execute_unload) /zhome/f0/5/124363/J3-HPC/results/A/A_085_100/parameters.gdx
*** Status: Normal completion
--- Job parameters.gms Stop 09/30/24 14:49:46 elapsed 0:00:00.038
--- baseline.gms(77) 2 Mb
--- GDXin=/zhome/f0/5/124363/J3-HPC/results/A/A_085_100/parameters.gdx
--- GDX File ($gdxIn) /zhome/f0/5/124363/J3-HPC/results/A/A_085_100/parameters.gdx
--- baseline.gms(180) 3 Mb
--- Starting execution: elapsed 0:00:00.073
--- baseline.gms(132) 4 Mb
--- Generating LP model model_baseline
--- baseline.gms(134) 5 Mb
---   2,483 rows  1,978 columns  6,796 non-zeroes
--- Executing CPLEX (Solvelink=2): elapsed 0:00:00.090

IBM ILOG CPLEX   37.1.0 r07954d5 Released Nov 11, 2021 LEG x86 64bit/Linux    

--- GAMS/Cplex Link licensed for continuous and discrete problems.

Reading parameter(s) from "/zhome/f0/5/124363/J3-HPC/cplex.opt"
>>  Threads -1
Finished reading from "/zhome/f0/5/124363/J3-HPC/cplex.opt"

--- GMO setup time: 0.00s
--- Space for names approximately 0.15 Mb
--- Use option 'names no' to turn use of names off
--- GMO memory 1.01 Mb (peak 1.02 Mb)
--- Dictionary memory 0.00 Mb
--- Cplex 20.1.0.1 link memory 0.07 Mb (peak 0.31 Mb)
--- Starting Cplex

Version identifier: 20.1.0.1 | 2021-04-07 | 3a818710c
CPXPARAM_Advance                                 0
CPXPARAM_Threads                                 31
CPXPARAM_Parallel                                1
CPXPARAM_MIP_Display                             4
CPXPARAM_MIP_Pool_Capacity                       0
CPXPARAM_MIP_Tolerances_AbsMIPGap                0
Tried aggregator 1 time.
LP Presolve eliminated 2035 rows and 282 columns.
Reduced LP has 447 rows, 1696 columns, and 2438 nonzeros.
Presolve time = 0.01 sec. (2.05 ticks)

Iteration log . . .
Iteration:     1   Dual objective     =      -2787736.838177
Iteration:   117   Dual objective     =       3871891.781294

--- LP status (1): optimal.
--- Cplex Time: 0.01sec (det. 3.54 ticks)


Optimal solution found
Objective:      4007592.442075

--- Reading solution for model model_baseline
--- Executing after solve: elapsed 0:00:00.157
--- baseline.gms(176) 5 Mb
--- GDX File (execute_unload) /zhome/f0/5/124363/J3-HPC/results/A/A_085_100/baseline.gdx
*** Status: Normal completion
--- Job baseline.gms Stop 09/30/24 14:49:46 elapsed 0:00:00.163
--- policy.gms(56) 2 Mb--- policy.gms(113) 2 Mb
--- GDXin=/zhome/f0/5/124363/J3-HPC/results/A/A_085_100/parameters.gdx
--- GDX File ($gdxIn) /zhome/f0/5/124363/J3-HPC/results/A/A_085_100/parameters.gdx
--- policy.gms(123) 3 Mb
--- GDXin=/zhome/f0/5/124363/J3-HPC/results/A/A_085_100/baseline.gdx
--- GDX File ($gdxIn) /zhome/f0/5/124363/J3-HPC/results/A/A_085_100/baseline.gdx
--- policy.gms(406) 3 Mb
--- Starting execution: elapsed 0:00:00.286
--- policy.gms(255) 4 Mb
--- Generating MIP model model_policy
--- policy.gms(256) 8 Mb
---   13,234 rows  8,850 columns  40,698 non-zeroes
---   4,386 discrete-columns
--- Executing CPLEX (Solvelink=2): elapsed 0:00:00.323

IBM ILOG CPLEX   37.1.0 r07954d5 Released Nov 11, 2021 LEG x86 64bit/Linux    

--- GAMS/Cplex Link licensed for continuous and discrete problems.

Reading parameter(s) from "/zhome/f0/5/124363/J3-HPC/cplex.opt"
>>  Threads -1
Finished reading from "/zhome/f0/5/124363/J3-HPC/cplex.opt"

--- GMO setup time: 0.00s
--- Space for names approximately 0.84 Mb
--- Use option 'names no' to turn use of names off
--- GMO memory 4.51 Mb (peak 4.58 Mb)
--- Dictionary memory 0.00 Mb
--- Cplex 20.1.0.1 link memory 0.32 Mb (peak 1.77 Mb)
--- Starting Cplex

Version identifier: 20.1.0.1 | 2021-04-07 | 3a818710c
CPXPARAM_Advance                                 0
CPXPARAM_Threads                                 31
CPXPARAM_Parallel                                1
CPXPARAM_MIP_Display                             4
CPXPARAM_MIP_Pool_Capacity                       0
CPXPARAM_TimeLimit                               1000000
CPXPARAM_MIP_Tolerances_AbsMIPGap                0
Generic callback                                 0x50
Tried aggregator 1 time.
MIP Presolve eliminated 3132 rows and 920 columns.
MIP Presolve modified 6012 coefficients.
Reduced MIP has 10101 rows, 7930 columns, and 29355 nonzeros.
Reduced MIP has 3928 binaries, 0 generals, 0 SOSs, and 0 indicators.
Presolve time = 0.02 sec. (16.19 ticks)
Probing fixed 1917 vars, tightened 4754 bounds.
Probing time = 0.19 sec. (113.73 ticks)
Tried aggregator 2 times.
MIP Presolve eliminated 4498 rows and 2893 columns.
MIP Presolve modified 2387 coefficients.
Aggregator did 347 substitutions.
Reduced MIP has 5256 rows, 4690 columns, and 17274 nonzeros.
Reduced MIP has 2009 binaries, 0 generals, 0 SOSs, and 0 indicators.
Presolve time = 0.02 sec. (16.46 ticks)
Probing fixed 7 vars, tightened 1044 bounds.
Probing time = 0.05 sec. (30.33 ticks)
Cover probing fixed 0 vars, tightened 5 bounds.
Tried aggregator 2 times.
Detecting symmetries...
MIP Presolve eliminated 17 rows and 14 columns.
MIP Presolve modified 947 coefficients.
Aggregator did 1 substitutions.
Reduced MIP has 5238 rows, 4675 columns, and 17235 nonzeros.
Reduced MIP has 2002 binaries, 0 generals, 0 SOSs, and 0 indicators.
Presolve time = 0.02 sec. (12.78 ticks)
Probing fixed 0 vars, tightened 290 bounds.
Probing time = 0.04 sec. (25.16 ticks)
Clique table members: 21873.
MIP emphasis: balance optimality and feasibility.
MIP search method: dynamic search.
Parallel mode: deterministic, using up to 31 threads.
Parallel mode: deterministic, using up to 4 threads for parallel tasks at root LP.
Parallel mode: deterministic, using up to 27 threads for concurrent optimization:
 * Starting dual Simplex on 1 thread...
 * Starting Barrier on 25 threads...
 * Starting primal Simplex on 1 thread...
Tried aggregator 1 time.
Aggregator did 1997 substitutions.
Reduced LP has 3241 rows, 2678 columns, and 12321 nonzeros.
Presolve time = 0.01 sec. (3.92 ticks)

Iteration log . . .
Iteration:     1   Dual objective     =      -7361518.399079
Iteration:   133   Dual objective     =        -66694.000595
Iteration:   234   Dual objective     =        168699.310419
Iteration:   367   Dual objective     =        258698.867069
Perturbation started.
Iteration:   404   Dual objective     =        258698.867069
Iteration:   508   Dual objective     =        366137.360653
Iteration:   622   Dual objective     =        368784.860756
Iteration:   740   Dual objective     =        398062.669394
Iteration:   867   Dual objective     =        404645.349219
Iteration:   988   Dual objective     =        406487.301846
Iteration:  1077   Dual objective     =        415635.889240
Iteration:  1163   Dual objective     =        425376.826592
Iteration:  1258   Dual objective     =        487618.795929
Iteration:  1348   Dual objective     =        499603.145187
Iteration:  1435   Dual objective     =        584647.846561
Iteration:  1530   Dual objective     =        615418.304020
Iteration:  1626   Dual objective     =        696477.656707
Removing perturbation.
Initializing dual steep norms . . .

Dual simplex solved model.

Initializing dual steep norms . . .

Iteration log . . .
Iteration:     1   Dual objective     =        745143.359544
Root relaxation solution time = 0.22 sec. (144.68 ticks)

        Nodes                                         Cuts/
   Node  Left     Objective  IInf  Best Integer    Best Bound    ItCnt     Gap

      0     0   745143.3595   151                 745143.3595     1713         
      0     0  1260398.0633   239                   Cuts: 667     2362         
      0     0  1343656.8893   292                   Cuts: 873     2780         
      0     0  1359306.4162   307                   Cuts: 877     3019         
      0     0  1379498.3421   312                   Cuts: 956     3333         
      0     0  1386723.0036   367                   Cuts: 693     3566         
Detecting symmetries...
      0     0  1400403.7843   340                   Cuts: 783     3715         
      0     0  1469998.8495   351                   Cuts: 453     4080         
      0     0  1479281.5660   376                  Cuts: 1104     4405         
      0     0  1503595.7656   378                   Cuts: 413     4770         
      0     0  1521948.2405   366                   Cuts: 489     5070         
      0     0  1527029.5986   395                   Cuts: 523     5301         
      0     0  1531470.9284   391                   Cuts: 569     5503         
      0     0  1537208.6576   429                   Cuts: 419     5764         
      0     0  1543321.6479   472                   Cuts: 389     6004         
      0     0  1544230.3128   455                   Cuts: 733     6118         
      0     0  1545374.0267   457                   Cuts: 270     6282         
      0     0  1546766.6514   442                   Cuts: 214     6425         
      0     0  1549251.2091   458                   Cuts: 442     6523         
      0     0  1549701.2989   458                   Cuts: 218     6602         
      0     0  1549828.8051   449                   Cuts: 117     6674         
      0     0  1549862.0923   455                    Cuts: 57     6695         
Detecting symmetries...
      0     2  1549862.0923   455                1583559.0877     6695         
Elapsed time = 9.28 sec. (4719.10 ticks, tree = 0.02 MB)
      7     5  2271035.0110   423                1663928.4145     9011         
                                                 Impl Bds: 34                  
     40    11  4523715.2875   536                1792562.1115    12608         
                                                 Impl Bds: 20                  
     94    64  2528061.2673   358                1818203.6998    56586         
                                                    Cuts: 297                  
    240    60  2415078.6936   426                1818203.6998    50761         
    292   157  2014291.9640   446                1818203.6998   121654         
    341   130  7550527.3179   283                1818203.6998   143435         
    569    97  4549009.2139   231                1818203.6998   225326         
                                                     Cuts: 79                  
   1063   230  4416939.0582   227                1818203.6998   267730         
                                                    Cuts: 405                  
   1632   645  2759939.7991   431                1818203.6998   314453         
                                                     Cuts: 89                  
   2942  1408    infeasible                      1935415.9020   423517         
                                                    Cuts: 212                  
Elapsed time = 26.69 sec. (7898.41 ticks, tree = 40.41 MB)
   3753  1433  6443726.3918   157                2023403.4250   548917         
                                                 Impl Bds: 44                  
   5102  1976    infeasible                      2202842.2686   641606         
                                                    Cuts: 285                  
   5696  2259    infeasible                      2277886.9753   695520         
                                                    Cuts: 132                  
   5946  2014    infeasible                      2293890.1548   826289         
   6484  1767  3772439.9157   351                2340861.3896   951947         
                                                  Impl Bds: 9                  
   7908  2278  3737129.0075   360                2439453.7319  1101947         
                                                    Cuts: 103                  
   9068  2664    infeasible                      2592399.2326  1195412         
                                                    Cuts: 141                  
   9589  2124  5034565.8628   101                2730334.5746  1337705         
  11147  2224  4708963.9356   255                3485366.3979  1426062         
                                                     Cuts: 82                  
  13130  3104    infeasible                      3946982.2024  1589690         
                                                    Cuts: 118                  
Elapsed time = 68.66 sec. (17451.58 ticks, tree = 71.05 MB)
  13837  3150    infeasible                      4003443.2284  1748546         
                                                     Cuts: 21                  
  15135  2934  5197400.8595   104                4048185.4601  1826298         
                                                     Cuts: 27                  
  17083  3655    infeasible                      4166731.5585  1982530         
                                                    Cuts: 100                  
  18081  4144    infeasible                      4236515.5094  2063618         
                                                     Cuts: 32                  
  18814  3730  5212059.5576   174                4490020.0437  2251685         
  20952  3554  5229611.0614   159                4584474.3235  2333154         
                                                    Cuts: 124                  
  22845  4360    infeasible                      4609408.5976  2475309         
                                                     Cuts: 79                  
  23435  4820    infeasible                      4823169.6294  2581864         
                                                      Cuts: 3                  
  25070  4398  5551850.5993   383                4863718.8448  2717131         
                                                     Cuts: 24                  
  26677  5114  5634254.1069   189                4936243.6041  2904434         
                                                     Cuts: 61                  
Elapsed time = 111.99 sec. (27001.04 ticks, tree = 87.35 MB)
  27472  5204    infeasible                      4977062.4506  3085366         
                                                     Cuts: 26                  
  28119  5019    infeasible                      5097519.8352  3127546         
  29523  4250  7502539.5744   501                5134268.8592  3351241         
                                                     Cuts: 55                  
  31041  4747    infeasible                      5192056.5938  3467940         
                                                     Cuts: 70                  
  31742  4703    infeasible                      5287732.8133  3603531         
                                                 Impl Bds: 11                  
  32521  4051  7300539.0018   131                5328450.0116  3751464         
  34388  3630  5817680.1226   117                5418751.4441  3847517         
                                                     Cuts: 35                  
  36427  4110  5785443.0069   138                5557919.2224  3959252         
                                                    Cuts: 105                  
  37325  4738    infeasible                      5586527.3280  4143879         
                                                     Cuts: 44                  
  38089  4151  7096014.0712   100                5645255.0016  4254302         
Elapsed time = 157.61 sec. (36553.68 ticks, tree = 45.27 MB)
  40167  3818  6369990.2449   265                5728071.3072  4328188         
                                                     Cuts: 78                  
  42541  4208  7217405.6632   158                5813768.0790  4485389         
                                                     Cuts: 86                  
  43943  4585  7803244.3727    44                5857636.6919  4562404         
                                                     Cuts: 54                  
  44660  4551    infeasible                      5946251.9783  4786602         
* 45266  4622      integral     0  7722280.8404  5955206.5304  4772608   22.88%
Found incumbent of value 7722280.840414 after 178.93 sec. (40918.86 ticks)
  47202  3515  6433649.1496   283  7722280.8404  5955937.8248  4899621   22.87%
                                                     Cuts: 50                  

Performing restart 1

Repeating presolve.
Tried aggregator 2 times.
MIP Presolve modified 440 coefficients.
Aggregator did 51 substitutions.
Reduced MIP has 5187 rows, 4624 columns, and 16681 nonzeros.
Reduced MIP has 2002 binaries, 0 generals, 0 SOSs, and 0 indicators.
Presolve time = 0.01 sec. (9.73 ticks)
Tried aggregator 1 time.
MIP Presolve eliminated 0 rows and 465 columns.
Reduced MIP has 5187 rows, 4159 columns, and 16681 nonzeros.
Reduced MIP has 2002 binaries, 0 generals, 0 SOSs, and 0 indicators.
Presolve time = 0.01 sec. (6.86 ticks)
Tried aggregator 1 time.
Reduced MIP has 5187 rows, 4159 columns, and 16681 nonzeros.
Reduced MIP has 2002 binaries, 0 generals, 0 SOSs, and 0 indicators.
Presolve time = 0.01 sec. (9.93 ticks)
Represolve time = 0.22 sec. (109.83 ticks)
Tried aggregator 1 time.
LP Presolve eliminated 205 rows and 0 columns.
Aggregator did 1152 substitutions.
Reduced LP has 8311 rows, 3007 columns, and 29739 nonzeros.
Presolve time = 0.01 sec. (6.73 ticks)
Initializing dual steep norms . . .

Iteration log . . .
Iteration:     1   Dual objective     =      -4371132.717508
Iteration:   278   Dual objective     =       -818644.654736
Iteration:   470   Dual objective     =       -414875.921350
Perturbation started.
Iteration:   707   Dual objective     =       -140690.111403
Iteration:  1008   Dual objective     =        166421.213808
Iteration:  1192   Dual objective     =        549080.907514
Iteration:  1380   Dual objective     =        852065.977945
Iteration:  1564   Dual objective     =       1093195.090722
Iteration:  1753   Dual objective     =       1168504.893097
Iteration:  1887   Dual objective     =       1288585.775553
Iteration:  2030   Dual objective     =       1350188.668504
Iteration:  2166   Dual objective     =       1391969.963895
Iteration:  2293   Dual objective     =       1421216.710808
Iteration:  2410   Dual objective     =       1450161.054035
Iteration:  2519   Dual objective     =       1473284.923941
Iteration:  2633   Dual objective     =       1508668.135379
Iteration:  2750   Dual objective     =       1524361.829572
Iteration:  2858   Dual objective     =       1535931.243374
Iteration:  2970   Dual objective     =       1544809.594726
Iteration:  3083   Dual objective     =       1549901.931600
Iteration:  3199   Dual objective     =       1553717.602218
Iteration:  3324   Dual objective     =       1557040.303417
Iteration:  3432   Dual objective     =       1559320.911199
Iteration:  3560   Dual objective     =       1560023.035323
Removing perturbation.
Initializing dual steep norms . . .

Iteration log . . .
Iteration:     1   Dual objective     =       1560030.039507
  47506     0  1594844.2683   540  7722280.8404     Cuts: 794  5041492   20.88%
  47506     0  1600559.4137   516  7722280.8404     Cuts: 449  5041790   20.88%
  47506     0  1601963.0804   532  7722280.8404     Cuts: 366  5041994   20.88%
  47506     0  1602794.9500   543  7722280.8404     Cuts: 242  5042128   20.88%
  47506     0  1603323.4648   547  7722280.8404     Cuts: 198  5042251   20.88%
  47506     2  1603323.4648   548  7722280.8404  6109945.2227  5042251   20.88%
  47508     3  2296689.6099   503  7722280.8404  6109945.2227  5043948   20.88%
  47517    11  1909753.2597   441  7722280.8404  6109945.2227  5047292   20.88%
  47568    20    infeasible        7722280.8404  6109945.2227  5075636   20.88%
Elapsed time = 206.12 sec. (51695.28 ticks, tree = 0.02 MB)
  47613    14  2302212.0812   378  7722280.8404  6109945.2227  5108257   20.88%
  47743    28  7623568.8049    30  7722280.8404  6109945.2227  5143490   20.88%
                                                    Cuts: 187                  
  51220  1157  7122718.7423   140  7722280.8404  6109945.2227  5192640   20.88%
                                                    Cuts: 142                  
  52487  1641  3015304.0110   356  7722280.8404  6109945.2227  5290074   20.88%
                                                    Cuts: 210                  
  54064  2770    infeasible        7722280.8404  6109945.2227  5426779   20.88%
                                                    Cuts: 306                  
  55203  2674  6539329.1401   211  7722280.8404  6109945.2227  5526279   20.88%
                                                    Cuts: 112                  
  55884  3503  2392471.5547   525  7722280.8404  6109945.2227  5689166   20.88%
                                                 Impl Bds: 21                  
  56302  3340  2759680.0415   396  7722280.8404  6109945.2227  5812639   20.88%
                                                     Cuts: 64                  
  57754  4054    infeasible        7722280.8404  6109945.2227  5940302   20.88%
                                                    Cuts: 189                  
  58366  3594    infeasible        7722280.8404  6109945.2227  6093386   20.88%
                                                  Impl Bds: 1                  
Elapsed time = 253.29 sec. (61260.37 ticks, tree = 8.04 MB)
  58830  3205    infeasible        7722280.8404  6109945.2227  6223149   20.88%
  59737  2386    infeasible        7722280.8404  6109945.2227  6409353   20.88%
                                                     Cuts: 17                  
  60855  1806        cutoff        7722280.8404  6109945.2227  6506331   20.88%
                                                  Impl Bds: 4                  
  64527  2689  6523639.2633   176  7722280.8404  6109945.2227  6599824   20.88%
                                                    Cuts: 146                  
  65786  2522  7494139.8944    49  7722280.8404  6109945.2227  6843506   20.88%
                                                     Cuts: 21                  
  67262  2409        cutoff        7722280.8404  6109945.2227  6890342   20.88%
  71738  4399    infeasible        7722280.8404  6109945.2227  7080003   20.88%
                                                     Cuts: 10                  
  72293  4122        cutoff        7722280.8404  6109945.2227  7172834   20.88%
                                                      Cuts: 4                  
  76087  4380    infeasible        7722280.8404  6109945.2227  7224824   20.88%
                                                     Cuts: 13                  
  80670  4762    infeasible        7722280.8404  7414545.1950  7416235    3.99%
                                                      Cuts: 6                  
Elapsed time = 296.92 sec. (70814.35 ticks, tree = 10.92 MB)
  84274  3500        cutoff        7722280.8404  7552125.5610  7488359    2.20%
  89974  4723        cutoff        7722280.8404  7621521.5241  7560104    1.30%
  95669  7169    infeasible        7722280.8404  7649591.2510  7636294    0.94%
                                                    Covers: 2                  
  98947  8368        cutoff        7722280.8404  7658422.3149  7679882    0.83%

Performing restart 2

Repeating presolve.
Tried aggregator 1 time.
MIP Presolve eliminated 2 rows and 2 columns.
MIP Presolve modified 17 coefficients.
Reduced MIP has 5185 rows, 4157 columns, and 17198 nonzeros.
Reduced MIP has 2001 binaries, 0 generals, 0 SOSs, and 0 indicators.
Presolve time = 0.01 sec. (7.03 ticks)
Tried aggregator 1 time.
Reduced MIP has 5185 rows, 4157 columns, and 17198 nonzeros.
Reduced MIP has 2001 binaries, 0 generals, 0 SOSs, and 0 indicators.
Presolve time = 0.02 sec. (10.28 ticks)
Represolve time = 0.14 sec. (68.01 ticks)
Tried aggregator 1 time.
LP Presolve eliminated 26 rows and 0 columns.
Aggregator did 1178 substitutions.
Reduced LP has 6319 rows, 2979 columns, and 25174 nonzeros.
Presolve time = 0.01 sec. (5.57 ticks)
Initializing dual steep norms . . .

Iteration log . . .
Iteration:     1   Dual objective     =      -4371132.717508
Iteration:   252   Dual objective     =       -898733.463960
Iteration:   512   Dual objective     =       -128379.743167
Perturbation started.
Iteration:   707   Dual objective     =        -50169.397319
Iteration:  1002   Dual objective     =         -8189.754061
Iteration:  1253   Dual objective     =        203873.342141
Iteration:  1405   Dual objective     =        499538.711711
Iteration:  1569   Dual objective     =        637125.174599
Iteration:  1722   Dual objective     =        817823.889380
Iteration:  1920   Dual objective     =        964081.931679
Iteration:  2137   Dual objective     =        968122.186421
Iteration:  2337   Dual objective     =       1007658.415025
Iteration:  2468   Dual objective     =       1039916.037903
Iteration:  2618   Dual objective     =       1040054.805167
Iteration:  2734   Dual objective     =       1041643.607009
Iteration:  2844   Dual objective     =       1052201.052920
Iteration:  2962   Dual objective     =       1085713.179078
Iteration:  3098   Dual objective     =       1091955.224134
Iteration:  3202   Dual objective     =       1124460.485980
Iteration:  3309   Dual objective     =       1134062.298659
Iteration:  3412   Dual objective     =       1157810.140540
Iteration:  3520   Dual objective     =       1168314.700394
Iteration:  3631   Dual objective     =       1253797.198787
Iteration:  3744   Dual objective     =       1340658.429205
Iteration:  3885   Dual objective     =       1448330.659868
Iteration:  4003   Dual objective     =       1492251.782725
Iteration:  4098   Dual objective     =       1506863.055612
Iteration:  4211   Dual objective     =       1522789.274568
Iteration:  4322   Dual objective     =       1547534.833553
Iteration:  4423   Dual objective     =       1557752.372318
Iteration:  4529   Dual objective     =       1566392.171744
Iteration:  4629   Dual objective     =       1573166.371019
Iteration:  4733   Dual objective     =       1579213.988143
Iteration:  4838   Dual objective     =       1582827.534679
Iteration:  4935   Dual objective     =       1593502.102578
Iteration:  5031   Dual objective     =       1603056.094547
Iteration:  5123   Dual objective     =       1607406.444756
Iteration:  5229   Dual objective     =       1609423.121175
Iteration:  5326   Dual objective     =       1611486.605025
Iteration:  5426   Dual objective     =       1612361.111386
Iteration:  5534   Dual objective     =       1613505.641111
Iteration:  5638   Dual objective     =       1613764.842353
Removing perturbation.
Initializing dual steep norms . . .

Iteration log . . .
Iteration:     1   Dual objective     =       1613765.244285
  99050     0  1625430.4065   616  7722280.8404     Cuts: 957  7709105    0.72%
  99050     0  1626473.0699   615  7722280.8404     Cuts: 459  7709263    0.72%
  99050     0  1627520.4987   597  7722280.8404     Cuts: 187  7709439    0.72%
  99050     0  1628524.5155   603  7722280.8404     Cuts: 215  7709578    0.72%
  99050     0  1629821.4955   575  7722280.8404     Cuts: 179  7709689    0.72%
  99050     0  1632264.8971   614  7722280.8404     Cuts: 140  7709796    0.72%
  99050     0  1633700.7812   619  7722280.8404     Cuts: 128  7709864    0.72%
  99050     0  1634165.8370   608  7722280.8404     Cuts: 132  7709922    0.72%
  99050     0  1634873.9204   632  7722280.8404     Cuts: 498  7710013    0.72%
  99050     0  1636199.2322   618  7722280.8404     Cuts: 142  7710112    0.72%
  99050     0  1638911.3315   610  7722280.8404     Cuts: 161  7710329    0.72%

Repeating presolve.
Tried aggregator 1 time.
MIP Presolve modified 6 coefficients.
Reduced MIP has 5185 rows, 4157 columns, and 17898 nonzeros.
Reduced MIP has 2001 binaries, 0 generals, 0 SOSs, and 0 indicators.
Presolve time = 0.01 sec. (7.20 ticks)
Tried aggregator 1 time.
Reduced MIP has 5185 rows, 4157 columns, and 17898 nonzeros.
Reduced MIP has 2001 binaries, 0 generals, 0 SOSs, and 0 indicators.
Presolve time = 0.02 sec. (10.65 ticks)
Represolve time = 0.15 sec. (75.46 ticks)
Tried aggregator 1 time.
LP Presolve eliminated 11 rows and 0 columns.
Aggregator did 1416 substitutions.
Reduced LP has 4668 rows, 2741 columns, and 19854 nonzeros.
Presolve time = 0.01 sec. (4.73 ticks)
Initializing dual steep norms . . .

Iteration log . . .
Iteration:     1   Dual objective     =      -4371132.717508
Iteration:   154   Dual objective     =      -1197324.639106
Iteration:   336   Dual objective     =       -614943.500739
Iteration:   455   Dual objective     =       -581615.701832
Iteration:   575   Dual objective     =       -469623.417005
Iteration:   696   Dual objective     =       -100657.458617
Iteration:   859   Dual objective     =        368456.835179
Iteration:  1027   Dual objective     =        593446.541797
Iteration:  1136   Dual objective     =        793423.409953
Iteration:  1250   Dual objective     =       1017819.341932
Iteration:  1358   Dual objective     =       1123628.238919
Iteration:  1463   Dual objective     =       1233550.407472
Iteration:  1572   Dual objective     =       1301080.294952
Iteration:  1683   Dual objective     =       1381790.663161
Iteration:  1789   Dual objective     =       1462005.852600
Iteration:  1888   Dual objective     =       1501380.377734
Iteration:  2008   Dual objective     =       1513564.318149
Iteration:  2105   Dual objective     =       1555278.507775
Iteration:  2202   Dual objective     =       1584693.480051
Iteration:  2294   Dual objective     =       1603718.676121
Iteration:  2388   Dual objective     =       1615797.725970
Iteration:  2480   Dual objective     =       1624252.557765
Iteration:  2571   Dual objective     =       1631645.171148
Iteration:  2669   Dual objective     =       1635786.437828
Iteration:  2762   Dual objective     =       1638691.612709
Initializing dual steep norms . . .

Iteration log . . .
Iteration:     1   Dual objective     =       1638911.331500
  99050     0  1640937.0577   626  7722280.8404     Cuts: 796  7713415    0.72%
  99050     0  1641284.1300   613  7722280.8404     Cuts: 249  7713571    0.72%
  99050     0  1641489.4676   643  7722280.8404     Cuts: 200  7713639    0.72%
  99050     0  1641819.4798   606  7722280.8404     Cuts: 173  7713691    0.72%
  99050     0  1642091.0775   598  7722280.8404     Cuts: 106  7713734    0.72%
  99050     0  1642205.7559   613  7722280.8404     Cuts: 120  7713800    0.72%
  99050     0  1642721.4136   616  7722280.8404      Cuts: 85  7713904    0.72%
  99050     0  1642821.1583   618  7722280.8404     Cuts: 133  7713963    0.72%
  99050     0  1642956.1689   615  7722280.8404      Cuts: 87  7714020    0.72%
  99050     0  1643147.5931   632  7722280.8404     Cuts: 117  7714087    0.72%
  99050     2  1643147.5931   632  7722280.8404  7666568.6869  7714087    0.72%
  99053     4  1951434.1481   541  7722280.8404  7666568.6869  7715980    0.72%
  99061     6  4136132.2353   263  7722280.8404  7666568.6869  7721691    0.72%
  99088    10  7352851.6157   286  7722280.8404  7666568.6869  7738825    0.72%
  99133    19  2750936.4361   368  7722280.8404  7666568.6869  7754690    0.72%
  99271    47  4401523.4823   341  7722280.8404  7666568.6869  7805658    0.72%
                                                    Cuts: 208                  
Elapsed time = 354.13 sec. (93910.81 ticks, tree = 0.02 MB)
  99446   100  3999744.5628   394  7722280.8404  7666568.6869  7874703    0.72%
                                                    Cuts: 224                  
  99683   160  7477267.6793   263  7722280.8404  7666568.6869  7932207    0.72%
                                                     Cuts: 69                  
  99927   203  5773737.7288   231  7722280.8404  7666568.6869  8015861    0.72%
                                                      Cuts: 6                  
 100259   264        cutoff        7722280.8404  7666568.6869  8084339    0.72%
                                                     Cuts: 44                  
 100752   261  6757809.9033   185  7722280.8404  7666568.6869  8146503    0.72%
                                                  Impl Bds: 4                  
 101445   329  6917525.7985   209  7722280.8404  7666568.6869  8246778    0.72%
                                                     Cuts: 25                  
 102427   366        cutoff        7722280.8404  7666568.6869  8332019    0.72%
                                                     Cuts: 24                  
 103246   524  7523340.1795    99  7722280.8404  7666568.6869  8510801    0.72%
                                                      Cuts: 5                  
 104084   714  7563006.7126    66  7722280.8404  7666568.6869  8586104    0.72%
 105106   829  7404977.2308    85  7722280.8404  7666568.6869  8648817    0.72%
                                                  Impl Bds: 6                  
Elapsed time = 396.47 sec. (103470.16 ticks, tree = 1.19 MB)
 106769  1055  7655526.9189    67  7722280.8404  7666568.6869  8785803    0.72%
                                                      Cuts: 4                  
 109332  1268  7670907.2367    25  7722280.8404  7666568.6869  8881964    0.72%
                                                 Impl Bds: 21                  
 113592  1999        cutoff        7722280.8404  7666568.6869  8997397    0.72%
 118656  2977  7692148.2301    24  7722280.8404  7666568.6869  9128853    0.72%
 124739  4430  7701640.1239    18  7722280.8404  7666568.6869  9229244    0.72%
 131441  5419        cutoff        7722280.8404  7666568.6869  9321289    0.72%
 137991  5513  7722186.1307     2  7722280.8404  7678257.7304  9395181    0.57%
                                                    Covers: 2                  
 143638  5300        cutoff        7722280.8404  7709464.0985  9480663    0.17%
 148647  4656        cutoff        7722280.8404  7711738.4384  9543587    0.14%
                                                    Covers: 1                  

GUB cover cuts applied:  7
Clique cuts applied:  130
Cover cuts applied:  199
Implied bound cuts applied:  461
Flow cuts applied:  471
Mixed integer rounding cuts applied:  335
Zero-half cuts applied:  1
Lift and project cuts applied:  18
Gomory fractional cuts applied:  8

Root node processing (before b&c):
  Real time             =    5.30 sec. (4647.23 ticks)
Parallel b&c, 31 threads:
  Real time             =  446.28 sec. (108666.63 ticks)
  Sync time (average)   =  182.21 sec.
  Wait time (average)   =    0.31 sec.
                          ------------
Total (root+branch&cut) =  451.58 sec. (113313.86 ticks)

--- MIP status (102): integer optimal, tolerance.
--- Cplex Time: 451.59sec (det. 113313.88 ticks)

--- Fixing integer variables and solving final LP...

Version identifier: 20.1.0.1 | 2021-04-07 | 3a818710c
CPXPARAM_Advance                                 2
CPXPARAM_Threads                                 31
CPXPARAM_Parallel                                1
CPXPARAM_MIP_Display                             4
CPXPARAM_MIP_Pool_Capacity                       0
CPXPARAM_TimeLimit                               1000000
CPXPARAM_MIP_Tolerances_AbsMIPGap                0
Parallel mode: deterministic, using up to 31 threads for concurrent optimization:
 * Starting dual Simplex on 1 thread...
 * Starting Barrier on 29 threads...
 * Starting primal Simplex on 1 thread...
Tried aggregator 1 time.
LP Presolve eliminated 13223 rows and 8840 columns.
Aggregator did 10 substitutions.
All rows and columns eliminated.
Presolve time = 0.01 sec. (6.91 ticks)

Dual simplex solved model.


--- Fixed MIP status (1): optimal.
--- Cplex Time: 0.02sec (det. 13.20 ticks)


Solution satisfies tolerances
MIP Solution:      7722280.840414    (9644308 iterations, 159158 nodes)
Final Solve:       7722280.840414    (0 iterations)

Best possible:     7721530.229725
Absolute gap:          750.610689
Relative gap:            0.000097

--- Reading solution for model model_policy
--- Executing after solve: elapsed 0:07:32.067
--- policy.gms(273) 8 Mb--- policy.gms(403) 8 Mb
--- GDX File (execute_unload) /zhome/f0/5/124363/J3-HPC/results/A/A_085_100/policy.gdx
*** Status: Normal completion
--- Job policy.gms Stop 09/30/24 14:57:18 elapsed 0:07:32.089
