--- Job policy Start 09/30/24 14:49:43 37.1.0 r07954d5 LEX-LEG x86 64bit/Linux
--- Applying:
    /appl/gams/37.1.0/gmsprmun.txt
--- GAMS Parameters defined
    Input /zhome/f0/5/124363/J3-HPC/scripts/gams/policy.gms
    Output /zhome/f0/5/124363/J3-HPC/results/A/A_095_100/policy.lst
    ScrDir /zhome/f0/5/124363/J3-HPC/225a/
    SysDir /appl/gams/37.1.0/
    --project A
    --scenario A_095_100
    --timeseries spacing_120
    --tax_carbon no
    --subsidy_capex no
    --subsidy_opex yes
    --subsidy_carbon no
Licensee: Large MUD - 20 User License                    G221124|0002AP-GEN
          Technical University of Denmark, Management Engineering    DC8611
          /appl/gams/37.1.0/gamslice.txt
          License Admin: Thomas Stidsen, thst@man.dtu.dk                   
Processor information: 2 socket(s), 32 core(s), and 32 thread(s) available
GAMS 37.1.0   Copyright (C) 1987-2021 GAMS Development. All rights reserved
--- Starting compilation
--- policy.gms(44) 2 Mb
--- call mkdir -p ./results/A/A_095_100/
--- policy.gms(51) 2 Mb
--- call gams scripts/gams/parameters.gms --project=A --scenario=A_095_100 --timeseries=spacing_120 o=results/A/A_095_100//parameters.lst
--- Job parameters.gms Start 09/30/24 14:49:43 37.1.0 r07954d5 LEX-LEG x86 64bit/Linux
--- Applying:
    /appl/gams/37.1.0/gmsprmun.txt
--- GAMS Parameters defined
    Input /zhome/f0/5/124363/J3-HPC/scripts/gams/parameters.gms
    Output /zhome/f0/5/124363/J3-HPC/results/A/A_095_100/parameters.lst
    ScrDir /zhome/f0/5/124363/J3-HPC/225c/
    SysDir /appl/gams/37.1.0/
    --project A
    --scenario A_095_100
    --timeseries spacing_120
Licensee: Large MUD - 20 User License                    G221124|0002AP-GEN
          Technical University of Denmark, Management Engineering    DC8611
          /appl/gams/37.1.0/gamslice.txt
          License Admin: Thomas Stidsen, thst@man.dtu.dk                   
Processor information: 2 socket(s), 32 core(s), and 32 thread(s) available
GAMS 37.1.0   Copyright (C) 1987-2021 GAMS Development. All rights reserved
--- Starting compilation
--- parameters.gms(37) 2 Mb
--- call mkdir -p ./results/A/A_095_100/
--- parameters.gms(49) 2 Mb
--- . ts-timesteps.csv(73) 3 Mb
--- parameters.gms(58) 3 Mb
--- . name-generator.csv(27) 3 Mb
--- parameters.gms(66) 3 Mb
--- . name-fuel.csv(13) 3 Mb
--- parameters.gms(74) 3 Mb
--- . map-generator-fuel.csv(27) 3 Mb
--- parameters.gms(89) 3 Mb
--- . attribute-generator.csv(16) 3 Mb
--- parameters.gms(96) 3 Mb
--- . attribute-fuel.csv(5) 3 Mb
--- parameters.gms(103) 3 Mb
--- . attribute-other.csv(2) 3 Mb
--- parameters.gms(111) 3 Mb
--- . data-generator.csv(29) 3 Mb
--- parameters.gms(118) 3 Mb
--- . data-fuel.csv(15) 3 Mb
--- parameters.gms(125) 3 Mb
--- . data-other.csv(2) 3 Mb
--- parameters.gms(203) 3 Mb
--- . ts-demand-heat.csv(73) 3 Mb
--- parameters.gms(211) 3 Mb
--- . ts-electricity-price.csv(73) 3 Mb
--- parameters.gms(219) 3 Mb
--- . ts-electricity-carbon.csv(73) 3 Mb
--- parameters.gms(228) 3 Mb
--- . ts-generator-availability.csv(74) 3 Mb
--- parameters.gms(235) 3 Mb
--- . ts-generator-efficiency.csv(74) 3 Mb
--- parameters.gms(286) 3 Mb
--- Starting execution: elapsed 0:00:00.033
--- parameters.gms(859) 5 Mb
--- GDX File (execute_unload) /zhome/f0/5/124363/J3-HPC/results/A/A_095_100/parameters.gdx
*** Status: Normal completion
--- Job parameters.gms Stop 09/30/24 14:49:43 elapsed 0:00:00.052
--- policy.gms(55) 2 Mb
--- call gams scripts/gams/baseline.gms   --project=A --scenario=A_095_100 --timeseries=spacing_120 o=results/A/A_095_100//baseline.lst
--- Job baseline.gms Start 09/30/24 14:49:43 37.1.0 r07954d5 LEX-LEG x86 64bit/Linux
--- Applying:
    /appl/gams/37.1.0/gmsprmun.txt
--- GAMS Parameters defined
    Input /zhome/f0/5/124363/J3-HPC/scripts/gams/baseline.gms
    Output /zhome/f0/5/124363/J3-HPC/results/A/A_095_100/baseline.lst
    ScrDir /zhome/f0/5/124363/J3-HPC/225c/
    SysDir /appl/gams/37.1.0/
    --project A
    --scenario A_095_100
    --timeseries spacing_120
Licensee: Large MUD - 20 User License                    G221124|0002AP-GEN
          Technical University of Denmark, Management Engineering    DC8611
          /appl/gams/37.1.0/gamslice.txt
          License Admin: Thomas Stidsen, thst@man.dtu.dk                   
Processor information: 2 socket(s), 32 core(s), and 32 thread(s) available
GAMS 37.1.0   Copyright (C) 1987-2021 GAMS Development. All rights reserved
--- Starting compilation
--- baseline.gms(36) 2 Mb
--- call mkdir -p ./results/A/A_095_100/
--- baseline.gms(41) 2 Mb
--- call gams scripts/gams/parameters.gms --project=A --scenario=A_095_100 --timeseries=spacing_120 o=results/A/A_095_100//parameters.lst
--- Job parameters.gms Start 09/30/24 14:49:43 37.1.0 r07954d5 LEX-LEG x86 64bit/Linux
--- Applying:
    /appl/gams/37.1.0/gmsprmun.txt
--- GAMS Parameters defined
    Input /zhome/f0/5/124363/J3-HPC/scripts/gams/parameters.gms
    Output /zhome/f0/5/124363/J3-HPC/results/A/A_095_100/parameters.lst
    ScrDir /zhome/f0/5/124363/J3-HPC/225d/
    SysDir /appl/gams/37.1.0/
    --project A
    --scenario A_095_100
    --timeseries spacing_120
Licensee: Large MUD - 20 User License                    G221124|0002AP-GEN
          Technical University of Denmark, Management Engineering    DC8611
          /appl/gams/37.1.0/gamslice.txt
          License Admin: Thomas Stidsen, thst@man.dtu.dk                   
Processor information: 2 socket(s), 32 core(s), and 32 thread(s) available
GAMS 37.1.0   Copyright (C) 1987-2021 GAMS Development. All rights reserved
--- Starting compilation
--- parameters.gms(37) 2 Mb
--- call mkdir -p ./results/A/A_095_100/
--- parameters.gms(49) 2 Mb
--- . ts-timesteps.csv(73) 3 Mb
--- parameters.gms(58) 3 Mb
--- . name-generator.csv(27) 3 Mb
--- parameters.gms(66) 3 Mb
--- . name-fuel.csv(13) 3 Mb
--- parameters.gms(74) 3 Mb
--- . map-generator-fuel.csv(27) 3 Mb
--- parameters.gms(89) 3 Mb
--- . attribute-generator.csv(16) 3 Mb
--- parameters.gms(96) 3 Mb
--- . attribute-fuel.csv(5) 3 Mb
--- parameters.gms(103) 3 Mb
--- . attribute-other.csv(2) 3 Mb
--- parameters.gms(111) 3 Mb
--- . data-generator.csv(29) 3 Mb
--- parameters.gms(118) 3 Mb
--- . data-fuel.csv(15) 3 Mb
--- parameters.gms(125) 3 Mb
--- . data-other.csv(2) 3 Mb
--- parameters.gms(203) 3 Mb
--- . ts-demand-heat.csv(73) 3 Mb
--- parameters.gms(211) 3 Mb
--- . ts-electricity-price.csv(73) 3 Mb
--- parameters.gms(219) 3 Mb
--- . ts-electricity-carbon.csv(73) 3 Mb
--- parameters.gms(228) 3 Mb
--- . ts-generator-availability.csv(74) 3 Mb
--- parameters.gms(235) 3 Mb
--- . ts-generator-efficiency.csv(74) 3 Mb
--- parameters.gms(286) 3 Mb
--- Starting execution: elapsed 0:00:00.020
--- parameters.gms(859) 5 Mb
--- GDX File (execute_unload) /zhome/f0/5/124363/J3-HPC/results/A/A_095_100/parameters.gdx
*** Status: Normal completion
--- Job parameters.gms Stop 09/30/24 14:49:43 elapsed 0:00:00.037
--- baseline.gms(77) 2 Mb
--- GDXin=/zhome/f0/5/124363/J3-HPC/results/A/A_095_100/parameters.gdx
--- GDX File ($gdxIn) /zhome/f0/5/124363/J3-HPC/results/A/A_095_100/parameters.gdx
--- baseline.gms(180) 3 Mb
--- Starting execution: elapsed 0:00:00.071
--- baseline.gms(132) 4 Mb
--- Generating LP model model_baseline
--- baseline.gms(134) 5 Mb
---   2,483 rows  1,978 columns  6,796 non-zeroes
--- Executing CPLEX (Solvelink=2): elapsed 0:00:00.088

IBM ILOG CPLEX   37.1.0 r07954d5 Released Nov 11, 2021 LEG x86 64bit/Linux    

--- GAMS/Cplex Link licensed for continuous and discrete problems.

Reading parameter(s) from "/zhome/f0/5/124363/J3-HPC/cplex.opt"
>>  Threads -1
Finished reading from "/zhome/f0/5/124363/J3-HPC/cplex.opt"

--- GMO setup time: 0.00s
--- Space for names approximately 0.15 Mb
--- Use option 'names no' to turn use of names off
--- GMO memory 1.01 Mb (peak 1.02 Mb)
--- Dictionary memory 0.00 Mb
--- Cplex 20.1.0.1 link memory 0.07 Mb (peak 0.31 Mb)
--- Starting Cplex

Version identifier: 20.1.0.1 | 2021-04-07 | 3a818710c
CPXPARAM_Advance                                 0
CPXPARAM_Threads                                 31
CPXPARAM_Parallel                                1
CPXPARAM_MIP_Display                             4
CPXPARAM_MIP_Pool_Capacity                       0
CPXPARAM_MIP_Tolerances_AbsMIPGap                0
Tried aggregator 1 time.
LP Presolve eliminated 2035 rows and 282 columns.
Reduced LP has 447 rows, 1696 columns, and 2438 nonzeros.
Presolve time = 0.01 sec. (2.05 ticks)

Iteration log . . .
Iteration:     1   Dual objective     =      -2787736.838177
Iteration:   117   Dual objective     =       3871891.781294

--- LP status (1): optimal.
--- Cplex Time: 0.01sec (det. 3.54 ticks)


Optimal solution found
Objective:      4007592.442075

--- Reading solution for model model_baseline
--- Executing after solve: elapsed 0:00:00.174
--- baseline.gms(176) 5 Mb
--- GDX File (execute_unload) /zhome/f0/5/124363/J3-HPC/results/A/A_095_100/baseline.gdx
*** Status: Normal completion
--- Job baseline.gms Stop 09/30/24 14:49:44 elapsed 0:00:00.181
--- policy.gms(56) 2 Mb--- policy.gms(113) 2 Mb
--- GDXin=/zhome/f0/5/124363/J3-HPC/results/A/A_095_100/parameters.gdx
--- GDX File ($gdxIn) /zhome/f0/5/124363/J3-HPC/results/A/A_095_100/parameters.gdx
--- policy.gms(123) 3 Mb
--- GDXin=/zhome/f0/5/124363/J3-HPC/results/A/A_095_100/baseline.gdx
--- GDX File ($gdxIn) /zhome/f0/5/124363/J3-HPC/results/A/A_095_100/baseline.gdx
--- policy.gms(406) 3 Mb
--- Starting execution: elapsed 0:00:00.303
--- policy.gms(255) 4 Mb
--- Generating MIP model model_policy
--- policy.gms(256) 8 Mb
---   13,234 rows  8,850 columns  40,698 non-zeroes
---   4,386 discrete-columns
--- Executing CPLEX (Solvelink=2): elapsed 0:00:00.339

IBM ILOG CPLEX   37.1.0 r07954d5 Released Nov 11, 2021 LEG x86 64bit/Linux    

--- GAMS/Cplex Link licensed for continuous and discrete problems.

Reading parameter(s) from "/zhome/f0/5/124363/J3-HPC/cplex.opt"
>>  Threads -1
Finished reading from "/zhome/f0/5/124363/J3-HPC/cplex.opt"

--- GMO setup time: 0.00s
--- Space for names approximately 0.84 Mb
--- Use option 'names no' to turn use of names off
--- GMO memory 4.51 Mb (peak 4.58 Mb)
--- Dictionary memory 0.00 Mb
--- Cplex 20.1.0.1 link memory 0.32 Mb (peak 1.77 Mb)
--- Starting Cplex

Version identifier: 20.1.0.1 | 2021-04-07 | 3a818710c
CPXPARAM_Advance                                 0
CPXPARAM_Threads                                 31
CPXPARAM_Parallel                                1
CPXPARAM_MIP_Display                             4
CPXPARAM_MIP_Pool_Capacity                       0
CPXPARAM_TimeLimit                               1000000
CPXPARAM_MIP_Tolerances_AbsMIPGap                0
Generic callback                                 0x50
Tried aggregator 1 time.
MIP Presolve eliminated 3132 rows and 920 columns.
MIP Presolve modified 6012 coefficients.
Reduced MIP has 10101 rows, 7930 columns, and 29355 nonzeros.
Reduced MIP has 3928 binaries, 0 generals, 0 SOSs, and 0 indicators.
Presolve time = 0.02 sec. (16.19 ticks)
Probing fixed 1917 vars, tightened 4754 bounds.
Probing time = 0.18 sec. (113.73 ticks)
Tried aggregator 2 times.
MIP Presolve eliminated 4498 rows and 2893 columns.
MIP Presolve modified 2387 coefficients.
Aggregator did 347 substitutions.
Reduced MIP has 5256 rows, 4690 columns, and 17274 nonzeros.
Reduced MIP has 2009 binaries, 0 generals, 0 SOSs, and 0 indicators.
Presolve time = 0.02 sec. (16.46 ticks)
Probing fixed 0 vars, tightened 1031 bounds.
Probing time = 0.05 sec. (30.47 ticks)
Tried aggregator 1 time.
Detecting symmetries...
MIP Presolve modified 943 coefficients.
Reduced MIP has 5256 rows, 4690 columns, and 17274 nonzeros.
Reduced MIP has 2009 binaries, 0 generals, 0 SOSs, and 0 indicators.
Presolve time = 0.01 sec. (10.47 ticks)
Probing fixed 0 vars, tightened 290 bounds.
Probing time = 0.04 sec. (25.72 ticks)
Clique table members: 22036.
MIP emphasis: balance optimality and feasibility.
MIP search method: dynamic search.
Parallel mode: deterministic, using up to 31 threads.
Parallel mode: deterministic, using up to 4 threads for parallel tasks at root LP.
Parallel mode: deterministic, using up to 27 threads for concurrent optimization:
 * Starting dual Simplex on 1 thread...
 * Starting Barrier on 25 threads...
 * Starting primal Simplex on 1 thread...
Tried aggregator 1 time.
Aggregator did 2005 substitutions.
Reduced LP has 3251 rows, 2685 columns, and 12345 nonzeros.
Presolve time = 0.01 sec. (3.94 ticks)

Iteration log . . .
Iteration:     1   Dual objective     =      -7385677.503673
Iteration:   136   Dual objective     =        -93134.091116
Iteration:   230   Dual objective     =          3706.999869
Iteration:   314   Dual objective     =          5687.654624
Iteration:   395   Dual objective     =          7788.171453
Iteration:   548   Dual objective     =         53115.890560
Iteration:   628   Dual objective     =         53115.890560
Perturbation started.
Iteration:   702   Dual objective     =         53115.890560
Iteration:   793   Dual objective     =         55939.381175
Iteration:   908   Dual objective     =         59755.894051
Iteration:  1020   Dual objective     =        120532.821977
Iteration:  1132   Dual objective     =        120593.967698
Iteration:  1315   Dual objective     =        131985.960736
Removing perturbation.
Initializing dual steep norms . . .

Dual simplex solved model.

Initializing dual steep norms . . .

Iteration log . . .
Iteration:     1   Dual objective     =        132284.159891
Root relaxation solution time = 0.14 sec. (85.30 ticks)

        Nodes                                         Cuts/
   Node  Left     Objective  IInf  Best Integer    Best Bound    ItCnt     Gap

      0     0   132284.1599    52                 132284.1599     1321         
      0     0   166810.3553    61                   Cuts: 262     1489         
      0     0   183391.5133    51                   Cuts: 172     1579         
      0     0   201017.7717    69                   Cuts: 125     1670         
      0     0   205600.0887    97                   Cuts: 128     1778         
      0     0   207245.6987    97                   Cuts: 195     1880         
Detecting symmetries...
      0     0   207750.3337   112                   Cuts: 179     1934         
      0     0   208496.2624   140                    Cuts: 58     1993         
      0     0   208829.0378   131                    Cuts: 33     2054         
      0     0   209038.1707   139                    Cuts: 33     2079         
      0     0   209706.7406   124                    Cuts: 29     2117         
      0     0   209779.8730   121                    Cuts: 12     2123         
      0     0   209899.6880   119                  MIRcuts: 6     2138         
      0     0   215711.8328   107                    Cuts: 40     2268         
      0     0   217667.4235   118                   Cuts: 186     2388         
      0     0   218421.1535   135                   Cuts: 108     2464         
      0     0   219188.2336   126                   Cuts: 112     2556         
      0     0   219452.8882   130                   Cuts: 121     2601         
      0     0   219574.5119   130                    Cuts: 55     2638         
      0     0   219786.9357   132                    Cuts: 38     2670         
      0     0   219795.2244   128                    Cuts: 15     2679         
      0     0   219815.2263   126                     Cuts: 8     2687         
Detecting symmetries...
      0     2   219815.2263   126                 221747.9107     2687         
Elapsed time = 6.10 sec. (2474.73 ticks, tree = 0.02 MB)
    331   119   258891.8369   148                 243911.1175    17842         
                                                    Cuts: 257                  
    806   238    infeasible                       243911.1175    73749         
                                                    Cuts: 121                  
   1725   463   620052.0778    47                 243911.1175   131486         
                                                    Cuts: 232                  
   2588   812    infeasible                       243911.1175   180973         
                                                     Cuts: 49                  
   2996  1013   378155.8098    80                 272365.3305   227109         
                                                  Impl Bds: 6                  
   3989  1445    infeasible                       272365.3305   270211         
                                                     Cuts: 29                  
   4819  2102   495307.1276    67                 281569.8889   334763         
                                                      Cuts: 9                  
   5133  2478    infeasible                       284672.1562   405584         
                                                     Cuts: 10                  
   6146  2710   874788.7647    88                 291369.9245   434277         
                                                     Cuts: 12                  

Performing restart 1

Repeating presolve.
Tried aggregator 2 times.
MIP Presolve modified 337 coefficients.
Aggregator did 51 substitutions.
Reduced MIP has 5205 rows, 4639 columns, and 16722 nonzeros.
Reduced MIP has 2009 binaries, 0 generals, 0 SOSs, and 0 indicators.
Presolve time = 0.01 sec. (9.74 ticks)
Tried aggregator 1 time.
MIP Presolve eliminated 0 rows and 465 columns.
Reduced MIP has 5205 rows, 4174 columns, and 16722 nonzeros.
Reduced MIP has 2009 binaries, 0 generals, 0 SOSs, and 0 indicators.
Presolve time = 0.01 sec. (6.88 ticks)
Tried aggregator 1 time.
Reduced MIP has 5205 rows, 4174 columns, and 16722 nonzeros.
Reduced MIP has 2009 binaries, 0 generals, 0 SOSs, and 0 indicators.
Presolve time = 0.01 sec. (9.96 ticks)
Represolve time = 0.18 sec. (96.37 ticks)
Tried aggregator 1 time.
LP Presolve eliminated 31 rows and 0 columns.
Aggregator did 1745 substitutions.
Reduced LP has 4633 rows, 2429 columns, and 17796 nonzeros.
Presolve time = 0.01 sec. (4.67 ticks)
Initializing dual steep norms . . .

Iteration log . . .
Iteration:     1   Dual objective     =      -4415163.490280
Iteration:   138   Dual objective     =      -1148201.472461
Iteration:   320   Dual objective     =      -1047268.085491
Iteration:   452   Dual objective     =       -870038.284397
Iteration:   646   Dual objective     =       -279030.680933
Iteration:   831   Dual objective     =        -83637.587366
Perturbation started.
Iteration:  1005   Dual objective     =        -83637.587366
Iteration:  1178   Dual objective     =        -82929.617122
Iteration:  1298   Dual objective     =        -66931.536522
Iteration:  1444   Dual objective     =        -16419.383164
Iteration:  1564   Dual objective     =        128247.522302
Iteration:  1661   Dual objective     =        175657.028096
Iteration:  1768   Dual objective     =        194966.803925
Iteration:  1865   Dual objective     =        208996.526989
Iteration:  1968   Dual objective     =        218591.849030
Iteration:  2068   Dual objective     =        220923.675831
Removing perturbation.
Initializing dual steep norms . . .

Iteration log . . .
Iteration:     1   Dual objective     =        221102.747412
   7938     0   222379.4150   163                   Cuts: 680   595949         
   7938     0   223603.6441   176                   Cuts: 376   596057         
   7938     0   225249.0817   192                    Cuts: 56   596210         
   7938     0   225666.0515   169                   Cuts: 172   596307         
   7938     0   226969.2531   186                   Cuts: 151   596401         
   7938     0   230442.4960   236                   Cuts: 219   596670         
   7938     2   230442.4960   236                 298370.3143   596670         
Elapsed time = 32.57 sec. (9112.94 ticks, tree = 0.02 MB)
   7981    29    infeasible                       298370.3143   600490         
                                                     Cuts: 14                  
   9429   501   488651.0309    39                 298370.3143   679634         
                                                    Cuts: 153                  
  12235  1701   626828.5600    71                 298370.3143   840993         
                                                    Cuts: 131                  
  14316  3214    infeasible                       298370.3143  1020341         
                                                     Cuts: 84                  
  15809  3702   373329.9595   104                 312530.5338  1167890         
                                                      Cuts: 9                  
  16741  4544   518600.3557    95                 326384.1514  1308782         
                                                     Cuts: 12                  
  18859  5854   746995.2195    78                 326384.1514  1471891         
                                                     Cuts: 14                  
  21222  6085   470102.0150   106                 326384.1514  1660730         
                                                  Impl Bds: 7                  
  22214  7308   500666.5199    22                 326384.1514  1865259         
                                                     Cuts: 10                  
  24959  8710   447563.8053   102                 326384.1514  2052023         
                                                     Cuts: 23                  
Elapsed time = 74.50 sec. (18658.92 ticks, tree = 19.82 MB)
* 25076  8722      integral     0   547214.5689   326384.1514  2063421   40.36%
Found incumbent of value 547214.568947 after 75.15 sec. (18785.71 ticks)
  25664  4547        cutoff         547214.5689   411139.5157  2190480   24.87%
                                                  Impl Bds: 1                  

Performing restart 2

Repeating presolve.
Tried aggregator 2 times.
MIP Presolve eliminated 76 rows and 74 columns.
MIP Presolve modified 60 coefficients.
Aggregator did 2 substitutions.
Reduced MIP has 5127 rows, 4098 columns, and 16457 nonzeros.
Reduced MIP has 1971 binaries, 0 generals, 0 SOSs, and 0 indicators.
Presolve time = 0.01 sec. (10.47 ticks)
Tried aggregator 1 time.
MIP Presolve eliminated 16 rows and 16 columns.
MIP Presolve modified 575 coefficients.
Reduced MIP has 5111 rows, 4082 columns, and 16401 nonzeros.
Reduced MIP has 1963 binaries, 0 generals, 0 SOSs, and 0 indicators.
Presolve time = 0.01 sec. (10.04 ticks)
Represolve time = 0.13 sec. (64.42 ticks)
Tried aggregator 1 time.
LP Presolve eliminated 10 rows and 0 columns.
Aggregator did 1491 substitutions.
Reduced LP has 4443 rows, 2591 columns, and 19975 nonzeros.
Presolve time = 0.01 sec. (4.71 ticks)
Initializing dual steep norms . . .

Iteration log . . .
Iteration:     1   Dual objective     =      -4409543.444706
Iteration:   131   Dual objective     =      -2059385.780773
Iteration:   366   Dual objective     =       -716520.962158
Iteration:   591   Dual objective     =       -148151.705357
Iteration:   769   Dual objective     =        -54535.844190
Iteration:   915   Dual objective     =        112457.390191
Iteration:  1032   Dual objective     =        173839.462544
Iteration:  1132   Dual objective     =        194918.052134
Iteration:  1231   Dual objective     =        208092.227419
Iteration:  1327   Dual objective     =        218687.502300
Iteration:  1426   Dual objective     =        227194.828828
Iteration:  1523   Dual objective     =        231573.378187
Iteration:  1623   Dual objective     =        232497.018705
Initializing dual steep norms . . .

Iteration log . . .
Iteration:     1   Dual objective     =        232539.551610
  25673     0   235036.8937   229   547214.5689     Cuts: 756  2221098   24.57%
  25673     0   236139.4595   244   547214.5689     Cuts: 467  2221276   24.57%
  25673     0   236928.2324   290   547214.5689     Cuts: 271  2221495   24.57%
  25673     0   237590.6349   272   547214.5689     Cuts: 256  2221624   24.57%
  25673     0   238080.2495   263   547214.5689     Cuts: 161  2221726   24.57%
  25673     0   238608.5577   256   547214.5689     Cuts: 167  2221801   24.57%
  25673     0   239535.5952   240   547214.5689     Cuts: 214  2221948   24.57%
  25673     0   240172.2491   247   547214.5689     Cuts: 137  2222102   24.57%
  25673     0   240516.3181   262   547214.5689     Cuts: 175  2222217   24.57%
  25673     0   240792.7545   248   547214.5689     Cuts: 234  2222353   24.57%
  25673     0   241070.3317   236   547214.5689     Cuts: 126  2222466   24.57%
  25673     0   241394.0182   251   547214.5689     Cuts: 240  2222557   24.57%

Repeating presolve.
Tried aggregator 1 time.
MIP Presolve modified 269 coefficients.
Reduced MIP has 5111 rows, 4082 columns, and 17164 nonzeros.
Reduced MIP has 1963 binaries, 0 generals, 0 SOSs, and 0 indicators.
Presolve time = 0.01 sec. (6.97 ticks)
Tried aggregator 1 time.
MIP Presolve modified 316 coefficients.
Reduced MIP has 5111 rows, 4082 columns, and 17164 nonzeros.
Reduced MIP has 1963 binaries, 0 generals, 0 SOSs, and 0 indicators.
Presolve time = 0.02 sec. (10.28 ticks)
Represolve time = 0.13 sec. (65.13 ticks)
Tried aggregator 1 time.
LP Presolve eliminated 3 rows and 0 columns.
Aggregator did 1446 substitutions.
Reduced LP has 4165 rows, 2636 columns, and 19581 nonzeros.
Presolve time = 0.01 sec. (4.57 ticks)
Initializing dual steep norms . . .

Iteration log . . .
Iteration:     1   Dual objective     =      -4409543.444706
Iteration:   144   Dual objective     =      -1755377.125788
Iteration:   366   Dual objective     =       -690485.676466
Iteration:   568   Dual objective     =        -72111.313067
Iteration:   702   Dual objective     =        -15678.193005
Iteration:   853   Dual objective     =         78512.368562
Iteration:   984   Dual objective     =        109586.900973
Perturbation started.
Iteration:  1101   Dual objective     =        109586.900973
Iteration:  1280   Dual objective     =        130398.393377
Iteration:  1414   Dual objective     =        130398.439649
Markowitz threshold set to 0.1
Iteration:  1482   Dual objective     =        130401.394563
Iteration:  1677   Dual objective     =        134904.294719
Iteration:  1796   Dual objective     =        139208.911400
Iteration:  1925   Dual objective     =        144515.421799
Iteration:  2057   Dual objective     =        155612.598341
Iteration:  2169   Dual objective     =        158906.851091
Iteration:  2291   Dual objective     =        174027.813740
Iteration:  2408   Dual objective     =        178626.968427
Iteration:  2517   Dual objective     =        180540.395844
Iteration:  2639   Dual objective     =        182720.929219
Iteration:  2748   Dual objective     =        182861.047482
Iteration:  2872   Dual objective     =        183048.290924
Iteration:  3004   Dual objective     =        191059.097315
Iteration:  3114   Dual objective     =        203314.597381
Iteration:  3232   Dual objective     =        214789.255529
Iteration:  3343   Dual objective     =        223530.104464
Iteration:  3442   Dual objective     =        233281.599610
Iteration:  3545   Dual objective     =        236506.407079
Iteration:  3660   Dual objective     =        239109.652621
Iteration:  3769   Dual objective     =        240542.333266
Iteration:  3878   Dual objective     =        241368.762717
Removing perturbation.
Initializing dual steep norms . . .

Iteration log . . .
Iteration:     1   Dual objective     =        241397.567588
  25673     0   241464.3116   266   547214.5689     Cuts: 759  2226637   24.57%
  25673     0   241537.0429   268   547214.5689     Cuts: 263  2226730   24.57%
  25673     0   241624.2511   302   547214.5689     Cuts: 596  2226868   24.57%
  25673     0   241766.3966   302   547214.5689     Cuts: 133  2226950   24.57%
  25673     0   241848.7298   298   547214.5689     Cuts: 186  2227025   24.57%
  25673     0   242096.9273   296   547214.5689     Cuts: 119  2227098   24.57%
  25673     0   242197.9805   308   547214.5689     Cuts: 233  2227167   24.57%
  25673     2   242197.9805   311   547214.5689   412751.7562  2227167   24.57%
* 25682+    4                       542074.4243   412751.7562            23.86%
Found incumbent of value 542074.424328 after 100.01 sec. (33143.11 ticks)
* 25688+    7                       542074.4243   412751.7562            23.86%
Found incumbent of value 542074.424328 after 101.08 sec. (33356.48 ticks)
  25698    14   316737.7517   121   542074.4243   412751.7562  2230844   23.86%
  26137   130    infeasible         542074.4243   412751.7562  2257465   23.86%
                                                    Cuts: 155                  
  27384   543        cutoff         542074.4243   412751.7562  2352557   23.86%
                                                    Cuts: 101                  
  29024   808        cutoff         542074.4243   412751.7562  2458234   23.86%
                                                     Cuts: 48                  
  30921  1486        cutoff         542074.4243   412751.7562  2591716   23.86%
                                                    Cuts: 214                  
  32260  1814   394060.7722   169   542074.4243   412751.7562  2729472   23.86%
                                                    Cuts: 145                  
  33137  2035        cutoff         542074.4243   412751.7562  2842266   23.86%
                                                     Cuts: 42                  
  33659  2312   527808.1886   107   542074.4243   412751.7562  2996137   23.86%
                                                     Cuts: 19                  
Elapsed time = 133.83 sec. (40173.87 ticks, tree = 7.60 MB)
  34235  2472   443526.6772   108   542074.4243   412751.7562  3132713   23.86%
                                                     Cuts: 11                  
  34904  2487   486028.0220   102   542074.4243   412751.7562  3213349   23.86%
                                                   MIRcuts: 1                  
  35684  2768   387575.8615   160   542074.4243   412751.7562  3380810   23.86%
                                                     Cuts: 25                  
  36489  2814   417141.1398   146   542074.4243   412751.7562  3527239   23.86%
                                                     Cuts: 13                  
  36985  2918   516436.3360   104   542074.4243   412751.7562  3623276   23.86%
                                                      Cuts: 5                  
  37905  2988   484196.8377   110   542074.4243   412751.7562  3730714   23.86%
                                                      Cuts: 4                  
  38752  3218        cutoff         542074.4243   418366.2727  3849316   22.82%
                                                      Cuts: 6                  
  39607  3274   478176.0388   152   542074.4243   425046.6228  3994482   21.59%
                                                      Cuts: 6                  
  40562  3418   521209.3263   106   542074.4243   434074.4162  4141781   19.92%
                                                      Cuts: 5                  
  41234  3255   513093.8125   113   542074.4243   443690.3258  4241544   18.15%
Elapsed time = 175.21 sec. (49720.72 ticks, tree = 11.37 MB)
  42620  3109   481573.8440   119   542074.4243   447527.9924  4335333   17.44%
                                                      Cuts: 7                  
  44173  3174        cutoff         542074.4243   460828.5489  4493885   14.99%
                                                     Cuts: 24                  
  45842  2870   492363.2050    89   542074.4243   469047.3923  4600346   13.47%
                                                  Impl Bds: 5                  
  48355  2643        cutoff         542074.4243   486905.1634  4757860   10.18%
                                                      Cuts: 4                  
  50230  2628   514767.6587    33   542074.4243   496171.0683  4816721    8.47%
                                                      Cuts: 6                  
  53838  2312        cutoff         542074.4243   506670.7739  4982682    6.53%
                                                      Cuts: 5                  
  57311  2013    infeasible         542074.4243   517428.4560  5102377    4.55%
                                                     Cuts: 31                  

GUB cover cuts applied:  1
Clique cuts applied:  92
Cover cuts applied:  110
Implied bound cuts applied:  336
Flow cuts applied:  288
Mixed integer rounding cuts applied:  354
Zero-half cuts applied:  2
Lift and project cuts applied:  222
Gomory fractional cuts applied:  11

Root node processing (before b&c):
  Real time             =    2.70 sec. (2454.17 ticks)
Parallel b&c, 31 threads:
  Real time             =  215.71 sec. (54663.21 ticks)
  Sync time (average)   =   87.62 sec.
  Wait time (average)   =    0.14 sec.
                          ------------
Total (root+branch&cut) =  218.42 sec. (57117.38 ticks)

--- MIP status (102): integer optimal, tolerance.
--- Cplex Time: 218.43sec (det. 57117.41 ticks)

--- Fixing integer variables and solving final LP...

Version identifier: 20.1.0.1 | 2021-04-07 | 3a818710c
CPXPARAM_Advance                                 2
CPXPARAM_Threads                                 31
CPXPARAM_Parallel                                1
CPXPARAM_MIP_Display                             4
CPXPARAM_MIP_Pool_Capacity                       0
CPXPARAM_TimeLimit                               1000000
CPXPARAM_MIP_Tolerances_AbsMIPGap                0
Parallel mode: deterministic, using up to 31 threads for concurrent optimization:
 * Starting dual Simplex on 1 thread...
 * Starting Barrier on 29 threads...
 * Starting primal Simplex on 1 thread...
Tried aggregator 1 time.
LP Presolve eliminated 12983 rows and 8595 columns.
Aggregator did 242 substitutions.
Reduced LP has 8 rows, 13 columns, and 21 nonzeros.
Presolve time = 0.01 sec. (7.20 ticks)
Initializing dual steep norms . . .

Iteration log . . .
Iteration:     1   Dual objective     =        514154.741156

Dual simplex solved model.


--- Fixed MIP status (1): optimal.
--- Cplex Time: 0.02sec (det. 13.54 ticks)


Solution satisfies tolerances
MIP Solution:       542074.424328    (5185018 iterations, 60899 nodes)
Final Solve:        542074.424315    (4 iterations)

Best possible:      542020.978877
Absolute gap:           53.445451
Relative gap:            0.000099

--- Reading solution for model model_policy
--- Executing after solve: elapsed 0:03:38.889
--- policy.gms(273) 8 Mb--- policy.gms(403) 8 Mb
--- GDX File (execute_unload) /zhome/f0/5/124363/J3-HPC/results/A/A_095_100/policy.gdx
*** Status: Normal completion
--- Job policy.gms Stop 09/30/24 14:53:22 elapsed 0:03:38.910
