--- Job policy Start 09/30/24 17:08:34 37.1.0 r07954d5 LEX-LEG x86 64bit/Linux
--- Applying:
    /appl/gams/37.1.0/gmsprmun.txt
--- GAMS Parameters defined
    Input /zhome/f0/5/124363/J3-HPC/scripts/gams/policy.gms
    Output /zhome/f0/5/124363/J3-HPC/results/D/D_095_120/policy.lst
    ScrDir /zhome/f0/5/124363/J3-HPC/225f/
    SysDir /appl/gams/37.1.0/
    --project D
    --scenario D_095_120
    --timeseries spacing_120
    --tax_carbon yes
    --subsidy_capex yes
    --subsidy_opex no
    --subsidy_carbon no
Licensee: Large MUD - 20 User License                    G221124|0002AP-GEN
          Technical University of Denmark, Management Engineering    DC8611
          /appl/gams/37.1.0/gamslice.txt
          License Admin: Thomas Stidsen, thst@man.dtu.dk                   
Processor information: 2 socket(s), 32 core(s), and 32 thread(s) available
GAMS 37.1.0   Copyright (C) 1987-2021 GAMS Development. All rights reserved
--- Starting compilation
--- policy.gms(44) 2 Mb
--- call mkdir -p ./results/D/D_095_120/
--- policy.gms(51) 2 Mb
--- call gams scripts/gams/parameters.gms --project=D --scenario=D_095_120 --timeseries=spacing_120 o=results/D/D_095_120//parameters.lst
--- Job parameters.gms Start 09/30/24 17:08:34 37.1.0 r07954d5 LEX-LEG x86 64bit/Linux
--- Applying:
    /appl/gams/37.1.0/gmsprmun.txt
--- GAMS Parameters defined
    Input /zhome/f0/5/124363/J3-HPC/scripts/gams/parameters.gms
    Output /zhome/f0/5/124363/J3-HPC/results/D/D_095_120/parameters.lst
    ScrDir /zhome/f0/5/124363/J3-HPC/225j/
    SysDir /appl/gams/37.1.0/
    --project D
    --scenario D_095_120
    --timeseries spacing_120
Licensee: Large MUD - 20 User License                    G221124|0002AP-GEN
          Technical University of Denmark, Management Engineering    DC8611
          /appl/gams/37.1.0/gamslice.txt
          License Admin: Thomas Stidsen, thst@man.dtu.dk                   
Processor information: 2 socket(s), 32 core(s), and 32 thread(s) available
GAMS 37.1.0   Copyright (C) 1987-2021 GAMS Development. All rights reserved
--- Starting compilation
--- parameters.gms(37) 2 Mb
--- call mkdir -p ./results/D/D_095_120/
--- parameters.gms(49) 2 Mb
--- . ts-timesteps.csv(73) 3 Mb
--- parameters.gms(58) 3 Mb
--- . name-generator.csv(27) 3 Mb
--- parameters.gms(66) 3 Mb
--- . name-fuel.csv(13) 3 Mb
--- parameters.gms(74) 3 Mb
--- . map-generator-fuel.csv(27) 3 Mb
--- parameters.gms(89) 3 Mb
--- . attribute-generator.csv(16) 3 Mb
--- parameters.gms(96) 3 Mb
--- . attribute-fuel.csv(5) 3 Mb
--- parameters.gms(103) 3 Mb
--- . attribute-other.csv(2) 3 Mb
--- parameters.gms(111) 3 Mb
--- . data-generator.csv(29) 3 Mb
--- parameters.gms(118) 3 Mb
--- . data-fuel.csv(15) 3 Mb
--- parameters.gms(125) 3 Mb
--- . data-other.csv(2) 3 Mb
--- parameters.gms(203) 3 Mb
--- . ts-demand-heat.csv(73) 3 Mb
--- parameters.gms(211) 3 Mb
--- . ts-electricity-price.csv(73) 3 Mb
--- parameters.gms(219) 3 Mb
--- . ts-electricity-carbon.csv(73) 3 Mb
--- parameters.gms(228) 3 Mb
--- . ts-generator-availability.csv(74) 3 Mb
--- parameters.gms(235) 3 Mb
--- . ts-generator-efficiency.csv(74) 3 Mb
--- parameters.gms(286) 3 Mb
--- Starting execution: elapsed 0:00:00.021
--- parameters.gms(859) 5 Mb
--- GDX File (execute_unload) /zhome/f0/5/124363/J3-HPC/results/D/D_095_120/parameters.gdx
*** Status: Normal completion
--- Job parameters.gms Stop 09/30/24 17:08:34 elapsed 0:00:00.039
--- policy.gms(55) 2 Mb
--- call gams scripts/gams/baseline.gms   --project=D --scenario=D_095_120 --timeseries=spacing_120 o=results/D/D_095_120//baseline.lst
--- Job baseline.gms Start 09/30/24 17:08:34 37.1.0 r07954d5 LEX-LEG x86 64bit/Linux
--- Applying:
    /appl/gams/37.1.0/gmsprmun.txt
--- GAMS Parameters defined
    Input /zhome/f0/5/124363/J3-HPC/scripts/gams/baseline.gms
    Output /zhome/f0/5/124363/J3-HPC/results/D/D_095_120/baseline.lst
    ScrDir /zhome/f0/5/124363/J3-HPC/225j/
    SysDir /appl/gams/37.1.0/
    --project D
    --scenario D_095_120
    --timeseries spacing_120
Licensee: Large MUD - 20 User License                    G221124|0002AP-GEN
          Technical University of Denmark, Management Engineering    DC8611
          /appl/gams/37.1.0/gamslice.txt
          License Admin: Thomas Stidsen, thst@man.dtu.dk                   
Processor information: 2 socket(s), 32 core(s), and 32 thread(s) available
GAMS 37.1.0   Copyright (C) 1987-2021 GAMS Development. All rights reserved
--- Starting compilation
--- baseline.gms(36) 2 Mb
--- call mkdir -p ./results/D/D_095_120/
--- baseline.gms(41) 2 Mb
--- call gams scripts/gams/parameters.gms --project=D --scenario=D_095_120 --timeseries=spacing_120 o=results/D/D_095_120//parameters.lst
--- Job parameters.gms Start 09/30/24 17:08:34 37.1.0 r07954d5 LEX-LEG x86 64bit/Linux
--- Applying:
    /appl/gams/37.1.0/gmsprmun.txt
--- GAMS Parameters defined
    Input /zhome/f0/5/124363/J3-HPC/scripts/gams/parameters.gms
    Output /zhome/f0/5/124363/J3-HPC/results/D/D_095_120/parameters.lst
    ScrDir /zhome/f0/5/124363/J3-HPC/225m/
    SysDir /appl/gams/37.1.0/
    --project D
    --scenario D_095_120
    --timeseries spacing_120
Licensee: Large MUD - 20 User License                    G221124|0002AP-GEN
          Technical University of Denmark, Management Engineering    DC8611
          /appl/gams/37.1.0/gamslice.txt
          License Admin: Thomas Stidsen, thst@man.dtu.dk                   
Processor information: 2 socket(s), 32 core(s), and 32 thread(s) available
GAMS 37.1.0   Copyright (C) 1987-2021 GAMS Development. All rights reserved
--- Starting compilation
--- parameters.gms(37) 2 Mb
--- call mkdir -p ./results/D/D_095_120/
--- parameters.gms(49) 2 Mb
--- . ts-timesteps.csv(73) 3 Mb
--- parameters.gms(58) 3 Mb
--- . name-generator.csv(27) 3 Mb
--- parameters.gms(66) 3 Mb
--- . name-fuel.csv(13) 3 Mb
--- parameters.gms(74) 3 Mb
--- . map-generator-fuel.csv(27) 3 Mb
--- parameters.gms(89) 3 Mb
--- . attribute-generator.csv(16) 3 Mb
--- parameters.gms(96) 3 Mb
--- . attribute-fuel.csv(5) 3 Mb
--- parameters.gms(103) 3 Mb
--- . attribute-other.csv(2) 3 Mb
--- parameters.gms(111) 3 Mb
--- . data-generator.csv(29) 3 Mb
--- parameters.gms(118) 3 Mb
--- . data-fuel.csv(15) 3 Mb
--- parameters.gms(125) 3 Mb
--- . data-other.csv(2) 3 Mb
--- parameters.gms(203) 3 Mb
--- . ts-demand-heat.csv(73) 3 Mb
--- parameters.gms(211) 3 Mb
--- . ts-electricity-price.csv(73) 3 Mb
--- parameters.gms(219) 3 Mb
--- . ts-electricity-carbon.csv(73) 3 Mb
--- parameters.gms(228) 3 Mb
--- . ts-generator-availability.csv(74) 3 Mb
--- parameters.gms(235) 3 Mb
--- . ts-generator-efficiency.csv(74) 3 Mb
--- parameters.gms(286) 3 Mb
--- Starting execution: elapsed 0:00:00.019
--- parameters.gms(859) 5 Mb
--- GDX File (execute_unload) /zhome/f0/5/124363/J3-HPC/results/D/D_095_120/parameters.gdx
*** Status: Normal completion
--- Job parameters.gms Stop 09/30/24 17:08:34 elapsed 0:00:00.036
--- baseline.gms(77) 2 Mb
--- GDXin=/zhome/f0/5/124363/J3-HPC/results/D/D_095_120/parameters.gdx
--- GDX File ($gdxIn) /zhome/f0/5/124363/J3-HPC/results/D/D_095_120/parameters.gdx
--- baseline.gms(180) 3 Mb
--- Starting execution: elapsed 0:00:00.073
--- baseline.gms(132) 4 Mb
--- Generating LP model model_baseline
--- baseline.gms(134) 5 Mb
---   2,483 rows  1,978 columns  6,796 non-zeroes
--- Executing CPLEX (Solvelink=2): elapsed 0:00:00.088

IBM ILOG CPLEX   37.1.0 r07954d5 Released Nov 11, 2021 LEG x86 64bit/Linux    

--- GAMS/Cplex Link licensed for continuous and discrete problems.

Reading parameter(s) from "/zhome/f0/5/124363/J3-HPC/cplex.opt"
>>  Threads -1
Finished reading from "/zhome/f0/5/124363/J3-HPC/cplex.opt"

--- GMO setup time: 0.00s
--- Space for names approximately 0.15 Mb
--- Use option 'names no' to turn use of names off
--- GMO memory 1.01 Mb (peak 1.02 Mb)
--- Dictionary memory 0.00 Mb
--- Cplex 20.1.0.1 link memory 0.07 Mb (peak 0.31 Mb)
--- Starting Cplex

Version identifier: 20.1.0.1 | 2021-04-07 | 3a818710c
CPXPARAM_Advance                                 0
CPXPARAM_Threads                                 31
CPXPARAM_Parallel                                1
CPXPARAM_MIP_Display                             4
CPXPARAM_MIP_Pool_Capacity                       0
CPXPARAM_MIP_Tolerances_AbsMIPGap                0
Tried aggregator 1 time.
LP Presolve eliminated 2035 rows and 282 columns.
Reduced LP has 447 rows, 1696 columns, and 2438 nonzeros.
Presolve time = 0.00 sec. (2.05 ticks)

Iteration log . . .
Iteration:     1   Dual objective     =      -2787736.838177
Iteration:   117   Dual objective     =       3871891.781294

--- LP status (1): optimal.
--- Cplex Time: 0.01sec (det. 3.54 ticks)


Optimal solution found
Objective:      4007592.442075

--- Reading solution for model model_baseline
--- Executing after solve: elapsed 0:00:00.118
--- baseline.gms(176) 5 Mb
--- GDX File (execute_unload) /zhome/f0/5/124363/J3-HPC/results/D/D_095_120/baseline.gdx
*** Status: Normal completion
--- Job baseline.gms Stop 09/30/24 17:08:35 elapsed 0:00:00.126
--- policy.gms(56) 2 Mb--- policy.gms(113) 2 Mb
--- GDXin=/zhome/f0/5/124363/J3-HPC/results/D/D_095_120/parameters.gdx
--- GDX File ($gdxIn) /zhome/f0/5/124363/J3-HPC/results/D/D_095_120/parameters.gdx
--- policy.gms(123) 3 Mb
--- GDXin=/zhome/f0/5/124363/J3-HPC/results/D/D_095_120/baseline.gdx
--- GDX File ($gdxIn) /zhome/f0/5/124363/J3-HPC/results/D/D_095_120/baseline.gdx
--- policy.gms(406) 3 Mb
--- Starting execution: elapsed 0:00:00.234
--- policy.gms(255) 4 Mb
--- Generating MIP model model_policy
--- policy.gms(256) 8 Mb
---   13,234 rows  8,850 columns  40,698 non-zeroes
---   4,386 discrete-columns
--- Executing CPLEX (Solvelink=2): elapsed 0:00:00.270

IBM ILOG CPLEX   37.1.0 r07954d5 Released Nov 11, 2021 LEG x86 64bit/Linux    

--- GAMS/Cplex Link licensed for continuous and discrete problems.

Reading parameter(s) from "/zhome/f0/5/124363/J3-HPC/cplex.opt"
>>  Threads -1
Finished reading from "/zhome/f0/5/124363/J3-HPC/cplex.opt"

--- GMO setup time: 0.00s
--- Space for names approximately 0.84 Mb
--- Use option 'names no' to turn use of names off
--- GMO memory 4.51 Mb (peak 4.58 Mb)
--- Dictionary memory 0.00 Mb
--- Cplex 20.1.0.1 link memory 0.32 Mb (peak 1.77 Mb)
--- Starting Cplex

Version identifier: 20.1.0.1 | 2021-04-07 | 3a818710c
CPXPARAM_Advance                                 0
CPXPARAM_Threads                                 31
CPXPARAM_Parallel                                1
CPXPARAM_MIP_Display                             4
CPXPARAM_MIP_Pool_Capacity                       0
CPXPARAM_TimeLimit                               1000000
CPXPARAM_MIP_Tolerances_AbsMIPGap                0
Generic callback                                 0x50
Tried aggregator 2 times.
MIP Presolve eliminated 3046 rows and 865 columns.
MIP Presolve modified 7406 coefficients.
Aggregator did 11 substitutions.
Reduced MIP has 10176 rows, 7974 columns, and 29696 nonzeros.
Reduced MIP has 3955 binaries, 0 generals, 0 SOSs, and 0 indicators.
Presolve time = 0.03 sec. (21.23 ticks)
Probing fixed 2227 vars, tightened 4753 bounds.
Probing time = 0.24 sec. (105.83 ticks)
Tried aggregator 2 times.
MIP Presolve eliminated 5202 rows and 3252 columns.
MIP Presolve modified 2419 coefficients.
Aggregator did 457 substitutions.
Reduced MIP has 4517 rows, 4265 columns, and 14704 nonzeros.
Reduced MIP has 1728 binaries, 0 generals, 0 SOSs, and 0 indicators.
Presolve time = 0.02 sec. (18.33 ticks)
Probing fixed 6 vars, tightened 559 bounds.
Probing time = 0.12 sec. (57.47 ticks)
Tried aggregator 1 time.
Detecting symmetries...
MIP Presolve eliminated 28 rows and 19 columns.
MIP Presolve modified 734 coefficients.
Reduced MIP has 4489 rows, 4246 columns, and 14635 nonzeros.
Reduced MIP has 1722 binaries, 0 generals, 0 SOSs, and 0 indicators.
Presolve time = 0.01 sec. (9.66 ticks)
Probing fixed 2 vars, tightened 26 bounds.
Probing time = 0.09 sec. (38.65 ticks)
Clique table members: 20356.
MIP emphasis: balance optimality and feasibility.
MIP search method: dynamic search.
Parallel mode: deterministic, using up to 31 threads.
Parallel mode: deterministic, using up to 4 threads for parallel tasks at root LP.
Parallel mode: deterministic, using up to 27 threads for concurrent optimization:
 * Starting dual Simplex on 1 thread...
 * Starting Barrier on 25 threads...
 * Starting primal Simplex on 1 thread...
Tried aggregator 1 time.
LP Presolve eliminated 5 rows and 4 columns.
Aggregator did 1712 substitutions.
Reduced LP has 2772 rows, 2530 columns, and 9897 nonzeros.
Presolve time = 0.00 sec. (3.38 ticks)

Iteration log . . .
Iteration:     1   Dual objective     =      -2716973.435370
Iteration:    85   Dual objective     =      -1612183.072493
Iteration:   165   Dual objective     =      -1264038.592059
Iteration:   239   Dual objective     =      -1264038.592059
Perturbation started.
Iteration:   303   Dual objective     =      -1264038.592059
Iteration:   427   Dual objective     =       -859846.705669
Iteration:   519   Dual objective     =       -825577.152272
Iteration:   639   Dual objective     =       -793764.565365
Iteration:   735   Dual objective     =       -791763.226803
Iteration:   874   Dual objective     =       -791476.082624
Iteration:   983   Dual objective     =       -791474.264956
Iteration:  1090   Dual objective     =       -791474.263898
Iteration:  1178   Dual objective     =       -791474.262591
Removing perturbation.
Initializing dual steep norms . . .

Dual simplex solved model.

Initializing dual steep norms . . .

Iteration log . . .
Iteration:     1   Dual objective     =       -791471.399017
Root relaxation solution time = 0.16 sec. (93.33 ticks)

        Nodes                                         Cuts/
   Node  Left     Objective  IInf  Best Integer    Best Bound    ItCnt     Gap

      0     0  -791471.3990    29                -791471.3990     1270         
*     0+    0                      -748987.9606  -791471.3990             5.67%
Found incumbent of value -748987.960571 after 0.96 sec. (497.46 ticks)
      0     0  -791065.7288    77  -748987.9606     Cuts: 296     1742    4.53%
*     0+    0                      -755119.2138  -782881.9828             3.68%
Found incumbent of value -755119.213811 after 1.10 sec. (603.48 ticks)
      0     0        cutoff        -755119.2138  -755119.2138     1979    0.00%
Elapsed time = 1.10 sec. (603.81 ticks, tree = 0.01 MB)

Clique cuts applied:  63
Cover cuts applied:  2
Implied bound cuts applied:  204
Flow cuts applied:  247
Mixed integer rounding cuts applied:  81
Gomory fractional cuts applied:  5

Root node processing (before b&c):
  Real time             =    1.10 sec. (604.00 ticks)
Parallel b&c, 31 threads:
  Real time             =    0.00 sec. (0.00 ticks)
  Sync time (average)   =    0.00 sec.
  Wait time (average)   =    0.00 sec.
                          ------------
Total (root+branch&cut) =    1.10 sec. (604.00 ticks)

--- MIP status (101): integer optimal solution.
--- Cplex Time: 1.11sec (det. 604.02 ticks)

--- Fixing integer variables and solving final LP...

Version identifier: 20.1.0.1 | 2021-04-07 | 3a818710c
CPXPARAM_Advance                                 2
CPXPARAM_Threads                                 31
CPXPARAM_Parallel                                1
CPXPARAM_MIP_Display                             4
CPXPARAM_MIP_Pool_Capacity                       0
CPXPARAM_TimeLimit                               1000000
CPXPARAM_MIP_Tolerances_AbsMIPGap                0
Parallel mode: deterministic, using up to 31 threads for concurrent optimization:
 * Starting dual Simplex on 1 thread...
 * Starting Barrier on 29 threads...
 * Starting primal Simplex on 1 thread...
Tried aggregator 1 time.
LP Presolve eliminated 12890 rows and 8491 columns.
Aggregator did 340 substitutions.
Reduced LP has 3 rows, 19 columns, and 6 nonzeros.
Presolve time = 0.01 sec. (7.44 ticks)

Iteration log . . .
Iteration:     1   Dual objective     =       -755119.233594

Dual simplex solved model.


--- Fixed MIP status (1): optimal.
--- Cplex Time: 0.02sec (det. 13.89 ticks)


Proven optimal solution
MIP Solution:      -755119.213811    (1979 iterations, 0 nodes)
Final Solve:       -755119.233594    (1 iterations)

Best possible:     -755119.213811
Absolute gap:            0.000000
Relative gap:            0.000000

--- Reading solution for model model_policy
--- Executing after solve: elapsed 0:00:01.467
--- policy.gms(273) 8 Mb--- policy.gms(403) 8 Mb
--- GDX File (execute_unload) /zhome/f0/5/124363/J3-HPC/results/D/D_095_120/policy.gdx
*** Status: Normal completion
--- Job policy.gms Stop 09/30/24 17:08:36 elapsed 0:00:01.487
