--- Job policy Start 09/29/24 20:38:59 37.1.0 r07954d5 LEX-LEG x86 64bit/Linux
--- Applying:
    /appl/gams/37.1.0/gmsprmun.txt
--- GAMS Parameters defined
    Input /zhome/f0/5/124363/J3-HPC/scripts/gams/policy.gms
    Output /zhome/f0/5/124363/J3-HPC/results/C/C_090_120/policy.lst
    ScrDir /zhome/f0/5/124363/J3-HPC/225w/
    SysDir /appl/gams/37.1.0/
    --project C
    --scenario C_090_120
    --timeseries spacing_120
    --tax_carbon yes
    --subsidy_capex no
    --subsidy_opex yes
    --subsidy_carbon no
Licensee: Large MUD - 20 User License                    G221124|0002AP-GEN
          Technical University of Denmark, Management Engineering    DC8611
          /appl/gams/37.1.0/gamslice.txt
          License Admin: Thomas Stidsen, thst@man.dtu.dk                   
Processor information: 2 socket(s), 32 core(s), and 32 thread(s) available
GAMS 37.1.0   Copyright (C) 1987-2021 GAMS Development. All rights reserved
--- Starting compilation
--- policy.gms(44) 2 Mb
--- call mkdir -p ./results/C/C_090_120/
--- policy.gms(51) 2 Mb
--- call gams scripts/gams/parameters.gms --project=C --scenario=C_090_120 --timeseries=spacing_120 o=results/C/C_090_120//parameters.lst
--- Job parameters.gms Start 09/29/24 20:38:59 37.1.0 r07954d5 LEX-LEG x86 64bit/Linux
--- Applying:
    /appl/gams/37.1.0/gmsprmun.txt
--- GAMS Parameters defined
    Input /zhome/f0/5/124363/J3-HPC/scripts/gams/parameters.gms
    Output /zhome/f0/5/124363/J3-HPC/results/C/C_090_120/parameters.lst
    ScrDir /zhome/f0/5/124363/J3-HPC/225y/
    SysDir /appl/gams/37.1.0/
    --project C
    --scenario C_090_120
    --timeseries spacing_120
Licensee: Large MUD - 20 User License                    G221124|0002AP-GEN
          Technical University of Denmark, Management Engineering    DC8611
          /appl/gams/37.1.0/gamslice.txt
          License Admin: Thomas Stidsen, thst@man.dtu.dk                   
Processor information: 2 socket(s), 32 core(s), and 32 thread(s) available
GAMS 37.1.0   Copyright (C) 1987-2021 GAMS Development. All rights reserved
--- Starting compilation
--- parameters.gms(37) 2 Mb
--- call mkdir -p ./results/C/C_090_120/
--- parameters.gms(49) 2 Mb
--- . ts-timesteps.csv(73) 3 Mb
--- parameters.gms(58) 3 Mb
--- . name-generator.csv(27) 3 Mb
--- parameters.gms(66) 3 Mb
--- . name-fuel.csv(13) 3 Mb
--- parameters.gms(74) 3 Mb
--- . map-generator-fuel.csv(27) 3 Mb
--- parameters.gms(89) 3 Mb
--- . attribute-generator.csv(16) 3 Mb
--- parameters.gms(96) 3 Mb
--- . attribute-fuel.csv(5) 3 Mb
--- parameters.gms(103) 3 Mb
--- . attribute-other.csv(2) 3 Mb
--- parameters.gms(111) 3 Mb
--- . data-generator.csv(29) 3 Mb
--- parameters.gms(118) 3 Mb
--- . data-fuel.csv(15) 3 Mb
--- parameters.gms(125) 3 Mb
--- . data-other.csv(2) 3 Mb
--- parameters.gms(203) 3 Mb
--- . ts-demand-heat.csv(73) 3 Mb
--- parameters.gms(211) 3 Mb
--- . ts-electricity-price.csv(73) 3 Mb
--- parameters.gms(219) 3 Mb
--- . ts-electricity-carbon.csv(73) 3 Mb
--- parameters.gms(228) 3 Mb
--- . ts-generator-availability.csv(74) 3 Mb
--- parameters.gms(235) 3 Mb
--- . ts-generator-efficiency.csv(74) 3 Mb
--- parameters.gms(286) 3 Mb
--- Starting execution: elapsed 0:00:00.021
--- parameters.gms(859) 5 Mb
--- GDX File (execute_unload) /zhome/f0/5/124363/J3-HPC/results/C/C_090_120/parameters.gdx
*** Status: Normal completion
--- Job parameters.gms Stop 09/29/24 20:38:59 elapsed 0:00:00.037
--- policy.gms(55) 2 Mb
--- call gams scripts/gams/baseline.gms   --project=C --scenario=C_090_120 --timeseries=spacing_120 o=results/C/C_090_120//baseline.lst
--- Job baseline.gms Start 09/29/24 20:38:59 37.1.0 r07954d5 LEX-LEG x86 64bit/Linux
--- Applying:
    /appl/gams/37.1.0/gmsprmun.txt
--- GAMS Parameters defined
    Input /zhome/f0/5/124363/J3-HPC/scripts/gams/baseline.gms
    Output /zhome/f0/5/124363/J3-HPC/results/C/C_090_120/baseline.lst
    ScrDir /zhome/f0/5/124363/J3-HPC/225z/
    SysDir /appl/gams/37.1.0/
    --project C
    --scenario C_090_120
    --timeseries spacing_120
Licensee: Large MUD - 20 User License                    G221124|0002AP-GEN
          Technical University of Denmark, Management Engineering    DC8611
          /appl/gams/37.1.0/gamslice.txt
          License Admin: Thomas Stidsen, thst@man.dtu.dk                   
Processor information: 2 socket(s), 32 core(s), and 32 thread(s) available
GAMS 37.1.0   Copyright (C) 1987-2021 GAMS Development. All rights reserved
--- Starting compilation
--- baseline.gms(36) 2 Mb
--- call mkdir -p ./results/C/C_090_120/
--- baseline.gms(41) 2 Mb
--- call gams scripts/gams/parameters.gms --project=C --scenario=C_090_120 --timeseries=spacing_120 o=results/C/C_090_120//parameters.lst
--- Job parameters.gms Start 09/29/24 20:38:59 37.1.0 r07954d5 LEX-LEG x86 64bit/Linux
--- Applying:
    /appl/gams/37.1.0/gmsprmun.txt
--- GAMS Parameters defined
    Input /zhome/f0/5/124363/J3-HPC/scripts/gams/parameters.gms
    Output /zhome/f0/5/124363/J3-HPC/results/C/C_090_120/parameters.lst
    ScrDir /zhome/f0/5/124363/J3-HPC/225ab/
    SysDir /appl/gams/37.1.0/
    --project C
    --scenario C_090_120
    --timeseries spacing_120
Licensee: Large MUD - 20 User License                    G221124|0002AP-GEN
          Technical University of Denmark, Management Engineering    DC8611
          /appl/gams/37.1.0/gamslice.txt
          License Admin: Thomas Stidsen, thst@man.dtu.dk                   
Processor information: 2 socket(s), 32 core(s), and 32 thread(s) available
GAMS 37.1.0   Copyright (C) 1987-2021 GAMS Development. All rights reserved
--- Starting compilation
--- parameters.gms(37) 2 Mb
--- call mkdir -p ./results/C/C_090_120/
--- parameters.gms(49) 2 Mb
--- . ts-timesteps.csv(73) 3 Mb
--- parameters.gms(58) 3 Mb
--- . name-generator.csv(27) 3 Mb
--- parameters.gms(66) 3 Mb
--- . name-fuel.csv(13) 3 Mb
--- parameters.gms(74) 3 Mb
--- . map-generator-fuel.csv(27) 3 Mb
--- parameters.gms(89) 3 Mb
--- . attribute-generator.csv(16) 3 Mb
--- parameters.gms(96) 3 Mb
--- . attribute-fuel.csv(5) 3 Mb
--- parameters.gms(103) 3 Mb
--- . attribute-other.csv(2) 3 Mb
--- parameters.gms(111) 3 Mb
--- . data-generator.csv(29) 3 Mb
--- parameters.gms(118) 3 Mb
--- . data-fuel.csv(15) 3 Mb
--- parameters.gms(125) 3 Mb
--- . data-other.csv(2) 3 Mb
--- parameters.gms(203) 3 Mb
--- . ts-demand-heat.csv(73) 3 Mb
--- parameters.gms(211) 3 Mb
--- . ts-electricity-price.csv(73) 3 Mb
--- parameters.gms(219) 3 Mb
--- . ts-electricity-carbon.csv(73) 3 Mb
--- parameters.gms(228) 3 Mb
--- . ts-generator-availability.csv(74) 3 Mb
--- parameters.gms(235) 3 Mb
--- . ts-generator-efficiency.csv(74) 3 Mb
--- parameters.gms(286) 3 Mb
--- Starting execution: elapsed 0:00:00.021
--- parameters.gms(859) 5 Mb
--- GDX File (execute_unload) /zhome/f0/5/124363/J3-HPC/results/C/C_090_120/parameters.gdx
*** Status: Normal completion
--- Job parameters.gms Stop 09/29/24 20:38:59 elapsed 0:00:00.038
--- baseline.gms(77) 2 Mb
--- GDXin=/zhome/f0/5/124363/J3-HPC/results/C/C_090_120/parameters.gdx
--- GDX File ($gdxIn) /zhome/f0/5/124363/J3-HPC/results/C/C_090_120/parameters.gdx
--- baseline.gms(180) 3 Mb
--- Starting execution: elapsed 0:00:00.069
--- baseline.gms(132) 4 Mb
--- Generating LP model model_baseline
--- baseline.gms(134) 5 Mb
---   2,483 rows  1,978 columns  6,796 non-zeroes
--- Executing CPLEX (Solvelink=2): elapsed 0:00:00.085

IBM ILOG CPLEX   37.1.0 r07954d5 Released Nov 11, 2021 LEG x86 64bit/Linux    

--- GAMS/Cplex Link licensed for continuous and discrete problems.

Reading parameter(s) from "/zhome/f0/5/124363/J3-HPC/cplex.opt"
>>  Threads -1
Finished reading from "/zhome/f0/5/124363/J3-HPC/cplex.opt"

--- GMO setup time: 0.00s
--- Space for names approximately 0.15 Mb
--- Use option 'names no' to turn use of names off
--- GMO memory 1.01 Mb (peak 1.02 Mb)
--- Dictionary memory 0.00 Mb
--- Cplex 20.1.0.1 link memory 0.07 Mb (peak 0.31 Mb)
--- Starting Cplex

Version identifier: 20.1.0.1 | 2021-04-07 | 3a818710c
CPXPARAM_Advance                                 0
CPXPARAM_Threads                                 31
CPXPARAM_Parallel                                1
CPXPARAM_MIP_Display                             4
CPXPARAM_MIP_Pool_Capacity                       0
CPXPARAM_MIP_Tolerances_AbsMIPGap                0
Tried aggregator 1 time.
LP Presolve eliminated 2035 rows and 282 columns.
Reduced LP has 447 rows, 1696 columns, and 2438 nonzeros.
Presolve time = 0.00 sec. (2.05 ticks)

Iteration log . . .
Iteration:     1   Dual objective     =      -2787736.838177
Iteration:   117   Dual objective     =       3871891.781294

--- LP status (1): optimal.
--- Cplex Time: 0.01sec (det. 3.54 ticks)


Optimal solution found
Objective:      4007592.442075

--- Reading solution for model model_baseline
--- Executing after solve: elapsed 0:00:00.118
--- baseline.gms(176) 5 Mb
--- GDX File (execute_unload) /zhome/f0/5/124363/J3-HPC/results/C/C_090_120/baseline.gdx
*** Status: Normal completion
--- Job baseline.gms Stop 09/29/24 20:38:59 elapsed 0:00:00.123
--- policy.gms(56) 2 Mb--- policy.gms(113) 2 Mb
--- GDXin=/zhome/f0/5/124363/J3-HPC/results/C/C_090_120/parameters.gdx
--- GDX File ($gdxIn) /zhome/f0/5/124363/J3-HPC/results/C/C_090_120/parameters.gdx
--- policy.gms(123) 3 Mb
--- GDXin=/zhome/f0/5/124363/J3-HPC/results/C/C_090_120/baseline.gdx
--- GDX File ($gdxIn) /zhome/f0/5/124363/J3-HPC/results/C/C_090_120/baseline.gdx
--- policy.gms(406) 3 Mb
--- Starting execution: elapsed 0:00:00.300
--- policy.gms(255) 4 Mb
--- Generating MIP model model_policy
--- policy.gms(256) 8 Mb
---   13,234 rows  8,850 columns  40,698 non-zeroes
---   4,386 discrete-columns
--- Executing CPLEX (Solvelink=2): elapsed 0:00:00.346

IBM ILOG CPLEX   37.1.0 r07954d5 Released Nov 11, 2021 LEG x86 64bit/Linux    

--- GAMS/Cplex Link licensed for continuous and discrete problems.

Reading parameter(s) from "/zhome/f0/5/124363/J3-HPC/cplex.opt"
>>  Threads -1
Finished reading from "/zhome/f0/5/124363/J3-HPC/cplex.opt"

--- GMO setup time: 0.00s
--- Space for names approximately 0.84 Mb
--- Use option 'names no' to turn use of names off
--- GMO memory 4.51 Mb (peak 4.58 Mb)
--- Dictionary memory 0.00 Mb
--- Cplex 20.1.0.1 link memory 0.32 Mb (peak 1.77 Mb)
--- Starting Cplex

Version identifier: 20.1.0.1 | 2021-04-07 | 3a818710c
CPXPARAM_Advance                                 0
CPXPARAM_Threads                                 31
CPXPARAM_Parallel                                1
CPXPARAM_MIP_Display                             4
CPXPARAM_MIP_Pool_Capacity                       0
CPXPARAM_TimeLimit                               1000000
CPXPARAM_MIP_Tolerances_AbsMIPGap                0
Generic callback                                 0x50
Tried aggregator 1 time.
MIP Presolve eliminated 2669 rows and 609 columns.
MIP Presolve modified 5978 coefficients.
Reduced MIP has 10564 rows, 8241 columns, and 31698 nonzeros.
Reduced MIP has 4083 binaries, 0 generals, 0 SOSs, and 0 indicators.
Presolve time = 0.02 sec. (16.64 ticks)
Probing fixed 1497 vars, tightened 3676 bounds.
Probing time = 0.28 sec. (154.30 ticks)
Tried aggregator 2 times.
MIP Presolve eliminated 3432 rows and 2259 columns.
MIP Presolve modified 2717 coefficients.
Aggregator did 243 substitutions.
Reduced MIP has 6889 rows, 5739 columns, and 21887 nonzeros.
Reduced MIP has 2586 binaries, 0 generals, 0 SOSs, and 0 indicators.
Presolve time = 0.02 sec. (18.42 ticks)
Probing fixed 4 vars, tightened 888 bounds.
Probing time = 0.16 sec. (100.15 ticks)
Tried aggregator 1 time.
Detecting symmetries...
MIP Presolve eliminated 9 rows and 8 columns.
MIP Presolve modified 815 coefficients.
Reduced MIP has 6880 rows, 5731 columns, and 21860 nonzeros.
Reduced MIP has 2582 binaries, 0 generals, 0 SOSs, and 0 indicators.
Presolve time = 0.02 sec. (13.17 ticks)
Probing fixed 0 vars, tightened 10 bounds.
Probing time = 0.04 sec. (21.70 ticks)
Clique table members: 21764.
MIP emphasis: balance optimality and feasibility.
MIP search method: dynamic search.
Parallel mode: deterministic, using up to 31 threads.
Parallel mode: deterministic, using up to 4 threads for parallel tasks at root LP.
Parallel mode: deterministic, using up to 27 threads for concurrent optimization:
 * Starting dual Simplex on 1 thread...
 * Starting Barrier on 25 threads...
 * Starting primal Simplex on 1 thread...
Tried aggregator 1 time.
Aggregator did 2582 substitutions.
Reduced LP has 4298 rows, 3149 columns, and 15942 nonzeros.
Presolve time = 0.01 sec. (5.05 ticks)

Iteration log . . .
Iteration:     1   Dual objective     =      -6097919.917888
Iteration:   117   Dual objective     =      -1298434.307266
Iteration:   202   Dual objective     =      -1257536.019107
Iteration:   289   Dual objective     =      -1134618.944259
Iteration:   446   Dual objective     =      -1086819.590032
Iteration:   532   Dual objective     =      -1086819.590032
Iteration:   618   Dual objective     =      -1086819.590032
Iteration:   734   Dual objective     =       -817210.935450
Iteration:   832   Dual objective     =       -787269.469552
Iteration:   946   Dual objective     =       -768490.868826
Iteration:  1024   Dual objective     =       -768490.868826
Iteration:  1115   Dual objective     =       -768281.115314
Perturbation started.
Iteration:  1207   Dual objective     =       -768281.115315
Iteration:  1381   Dual objective     =       -767109.772392
Iteration:  1508   Dual objective     =       -767108.056639
Removing perturbation.
Initializing dual steep norms . . .

Dual simplex solved model.

Initializing dual steep norms . . .

Iteration log . . .
Iteration:     1   Dual objective     =       -767108.052909
Root relaxation solution time = 0.18 sec. (172.61 ticks)

        Nodes                                         Cuts/
   Node  Left     Objective  IInf  Best Integer    Best Bound    ItCnt     Gap

      0     0  -767108.0529    13                -767108.0529     1518         
*     0+    0                      -632573.8841  -767108.0529            21.27%
Found incumbent of value -632573.884105 after 0.91 sec. (598.39 ticks)
      0     0  -767107.5456    49  -632573.8841      Cuts: 37     1583   21.27%
*     0+    0                      -744508.1621  -767107.5456             3.04%
Found incumbent of value -744508.162078 after 0.97 sec. (658.77 ticks)
      0     0  -767091.2979     8  -744508.1621      Cuts: 64     1665    3.03%
*     0+    0                      -748987.9606  -767091.2979             2.42%
Found incumbent of value -748987.960571 after 1.13 sec. (773.12 ticks)
*     0+    0                      -748987.9606  -767091.2979             2.42%
Found incumbent of value -748987.960571 after 1.18 sec. (789.04 ticks)
Detecting symmetries...

Repeating presolve.
Tried aggregator 2 times.
MIP Presolve eliminated 1793 rows and 1323 columns.
MIP Presolve modified 1057 coefficients.
Aggregator did 83 substitutions.
Reduced MIP has 5004 rows, 4325 columns, and 16267 nonzeros.
Reduced MIP has 1849 binaries, 0 generals, 0 SOSs, and 0 indicators.
Presolve time = 0.02 sec. (18.48 ticks)
Probing fixed 625 vars, tightened 2845 bounds.
Probing time = 0.11 sec. (54.38 ticks)
Tried aggregator 2 times.
MIP Presolve eliminated 1400 rows and 1329 columns.
MIP Presolve modified 1068 coefficients.
Aggregator did 63 substitutions.
Reduced MIP has 3541 rows, 2933 columns, and 11701 nonzeros.
Reduced MIP has 1223 binaries, 0 generals, 0 SOSs, and 0 indicators.
Presolve time = 0.01 sec. (10.40 ticks)
Probing fixed 116 vars, tightened 603 bounds.
Probing time = 0.05 sec. (24.02 ticks)
Cover probing fixed 2 vars, tightened 87 bounds.
Tried aggregator 2 times.
MIP Presolve eliminated 260 rows and 230 columns.
MIP Presolve modified 438 coefficients.
Aggregator did 47 substitutions.
Reduced MIP has 3234 rows, 2656 columns, and 10663 nonzeros.
Reduced MIP has 1104 binaries, 0 generals, 0 SOSs, and 0 indicators.
Presolve time = 0.01 sec. (8.22 ticks)
Probing fixed 16 vars, tightened 186 bounds.
Probing time = 0.04 sec. (18.57 ticks)
Tried aggregator 2 times.
Detecting symmetries...
MIP Presolve eliminated 37 rows and 19 columns.
MIP Presolve modified 147 coefficients.
Aggregator did 6 substitutions.
Reduced MIP has 3191 rows, 2631 columns, and 10540 nonzeros.
Reduced MIP has 1088 binaries, 0 generals, 0 SOSs, and 0 indicators.
Presolve time = 0.01 sec. (9.63 ticks)
Represolve time = 0.31 sec. (167.13 ticks)
Probing fixed 0 vars, tightened 28 bounds.
Probing time = 0.04 sec. (17.51 ticks)
Clique table members: 9450.
MIP emphasis: balance optimality and feasibility.
MIP search method: dynamic search.
Parallel mode: deterministic, using up to 31 threads.
Parallel mode: deterministic, using up to 31 threads for concurrent optimization:
 * Starting dual Simplex on 1 thread...
 * Starting Barrier on 29 threads...
 * Starting primal Simplex on 1 thread...
Tried aggregator 1 time.
LP Presolve eliminated 5 rows and 0 columns.
Aggregator did 1065 substitutions.
Reduced LP has 2154 rows, 1566 columns, and 8624 nonzeros.
Presolve time = 0.00 sec. (2.57 ticks)
Initializing dual steep norms . . .

Iteration log . . .
Iteration:     1   Dual objective     =      -4032242.136596
Iteration:   117   Dual objective     =       -919465.350902
Iteration:   189   Dual objective     =       -917216.014180
Iteration:   290   Dual objective     =       -916403.918886
Iteration:   430   Dual objective     =       -818669.688771
Iteration:   539   Dual objective     =       -775063.175658
Initializing dual steep norms . . .

Dual simplex solved model.

Initializing dual steep norms . . .

Iteration log . . .
Iteration:     1   Dual objective     =       -767082.012855
Root relaxation solution time = 0.03 sec. (36.43 ticks)

        Nodes                                         Cuts/
   Node  Left     Objective  IInf  Best Integer    Best Bound    ItCnt     Gap

*     0+    0                      -748987.9606  -767091.2979             2.42%
Found incumbent of value -748987.960571 after 1.59 sec. (1025.83 ticks)
      0     0  -767082.0129    24  -748987.9606  -767082.0129     2244    2.42%
*     0+    0                      -748987.9607  -767082.0129             2.42%
Found incumbent of value -748987.960729 after 24.08 sec. (1069.33 ticks)
      0     0  -766975.0951     5  -748987.9607     Cuts: 228     2271    1.41%
      0     0  -766791.8395    16  -748987.9607      Cuts: 19     2284    1.41%
      0     0  -766783.5813    15  -748987.9607      Cuts: 30     2298    1.41%
      0     0        cutoff        -748987.9607  -748987.9607     2298    0.00%
Elapsed time = 40.12 sec. (1157.68 ticks, tree = 0.01 MB)

Clique cuts applied:  81
Cover cuts applied:  6
Implied bound cuts applied:  49
Flow cuts applied:  16
Mixed integer rounding cuts applied:  37
Gomory fractional cuts applied:  11

Root node processing (before b&c):
  Real time             =   40.12 sec. (1157.84 ticks)
Parallel b&c, 31 threads:
  Real time             =    0.00 sec. (0.00 ticks)
  Sync time (average)   =    0.00 sec.
  Wait time (average)   =    0.00 sec.
                          ------------
Total (root+branch&cut) =   40.12 sec. (1157.84 ticks)

--- MIP status (101): integer optimal solution.
--- Cplex Time: 40.13sec (det. 1157.87 ticks)

--- Fixing integer variables and solving final LP...

Version identifier: 20.1.0.1 | 2021-04-07 | 3a818710c
CPXPARAM_Advance                                 2
CPXPARAM_Threads                                 31
CPXPARAM_Parallel                                1
CPXPARAM_MIP_Display                             4
CPXPARAM_MIP_Pool_Capacity                       0
CPXPARAM_TimeLimit                               1000000
CPXPARAM_MIP_Tolerances_AbsMIPGap                0
Parallel mode: deterministic, using up to 31 threads for concurrent optimization:
 * Starting dual Simplex on 1 thread...
 * Starting Barrier on 29 threads...
 * Starting primal Simplex on 1 thread...
Tried aggregator 1 time.
LP Presolve eliminated 12835 rows and 8452 columns.
Aggregator did 398 substitutions.
All rows and columns eliminated.
Presolve time = 0.01 sec. (7.38 ticks)

Dual simplex solved model.


--- Fixed MIP status (1): optimal.
--- Cplex Time: 0.03sec (det. 13.63 ticks)


Proven optimal solution
MIP Solution:      -748987.960729    (2298 iterations, 0 nodes)
Final Solve:       -748987.960571    (0 iterations)

Best possible:     -748987.960729
Absolute gap:            0.000000
Relative gap:            0.000000

--- Reading solution for model model_policy
--- Executing after solve: elapsed 0:00:40.579
--- policy.gms(273) 8 Mb--- policy.gms(403) 8 Mb
--- GDX File (execute_unload) /zhome/f0/5/124363/J3-HPC/results/C/C_090_120/policy.gdx
*** Status: Normal completion
--- Job policy.gms Stop 09/29/24 20:39:40 elapsed 0:00:40.598
