--- Job policy Start 09/30/24 17:08:36 37.1.0 r07954d5 LEX-LEG x86 64bit/Linux
--- Applying:
    /appl/gams/37.1.0/gmsprmun.txt
--- GAMS Parameters defined
    Input /zhome/f0/5/124363/J3-HPC/scripts/gams/policy.gms
    Output /zhome/f0/5/124363/J3-HPC/results/D/D_085_110/policy.lst
    ScrDir /zhome/f0/5/124363/J3-HPC/225e/
    SysDir /appl/gams/37.1.0/
    --project D
    --scenario D_085_110
    --timeseries spacing_120
    --tax_carbon yes
    --subsidy_capex yes
    --subsidy_opex no
    --subsidy_carbon no
Licensee: Large MUD - 20 User License                    G221124|0002AP-GEN
          Technical University of Denmark, Management Engineering    DC8611
          /appl/gams/37.1.0/gamslice.txt
          License Admin: Thomas Stidsen, thst@man.dtu.dk                   
Processor information: 2 socket(s), 32 core(s), and 32 thread(s) available
GAMS 37.1.0   Copyright (C) 1987-2021 GAMS Development. All rights reserved
--- Starting compilation
--- policy.gms(44) 2 Mb
--- call mkdir -p ./results/D/D_085_110/
--- policy.gms(51) 2 Mb
--- call gams scripts/gams/parameters.gms --project=D --scenario=D_085_110 --timeseries=spacing_120 o=results/D/D_085_110//parameters.lst
--- Job parameters.gms Start 09/30/24 17:08:36 37.1.0 r07954d5 LEX-LEG x86 64bit/Linux
--- Applying:
    /appl/gams/37.1.0/gmsprmun.txt
--- GAMS Parameters defined
    Input /zhome/f0/5/124363/J3-HPC/scripts/gams/parameters.gms
    Output /zhome/f0/5/124363/J3-HPC/results/D/D_085_110/parameters.lst
    ScrDir /zhome/f0/5/124363/J3-HPC/225j/
    SysDir /appl/gams/37.1.0/
    --project D
    --scenario D_085_110
    --timeseries spacing_120
Licensee: Large MUD - 20 User License                    G221124|0002AP-GEN
          Technical University of Denmark, Management Engineering    DC8611
          /appl/gams/37.1.0/gamslice.txt
          License Admin: Thomas Stidsen, thst@man.dtu.dk                   
Processor information: 2 socket(s), 32 core(s), and 32 thread(s) available
GAMS 37.1.0   Copyright (C) 1987-2021 GAMS Development. All rights reserved
--- Starting compilation
--- parameters.gms(37) 2 Mb
--- call mkdir -p ./results/D/D_085_110/
--- parameters.gms(49) 2 Mb
--- . ts-timesteps.csv(73) 3 Mb
--- parameters.gms(58) 3 Mb
--- . name-generator.csv(27) 3 Mb
--- parameters.gms(66) 3 Mb
--- . name-fuel.csv(13) 3 Mb
--- parameters.gms(74) 3 Mb
--- . map-generator-fuel.csv(27) 3 Mb
--- parameters.gms(89) 3 Mb
--- . attribute-generator.csv(16) 3 Mb
--- parameters.gms(96) 3 Mb
--- . attribute-fuel.csv(5) 3 Mb
--- parameters.gms(103) 3 Mb
--- . attribute-other.csv(2) 3 Mb
--- parameters.gms(111) 3 Mb
--- . data-generator.csv(29) 3 Mb
--- parameters.gms(118) 3 Mb
--- . data-fuel.csv(15) 3 Mb
--- parameters.gms(125) 3 Mb
--- . data-other.csv(2) 3 Mb
--- parameters.gms(203) 3 Mb
--- . ts-demand-heat.csv(73) 3 Mb
--- parameters.gms(211) 3 Mb
--- . ts-electricity-price.csv(73) 3 Mb
--- parameters.gms(219) 3 Mb
--- . ts-electricity-carbon.csv(73) 3 Mb
--- parameters.gms(228) 3 Mb
--- . ts-generator-availability.csv(74) 3 Mb
--- parameters.gms(235) 3 Mb
--- . ts-generator-efficiency.csv(74) 3 Mb
--- parameters.gms(286) 3 Mb
--- Starting execution: elapsed 0:00:00.022
--- parameters.gms(859) 5 Mb
--- GDX File (execute_unload) /zhome/f0/5/124363/J3-HPC/results/D/D_085_110/parameters.gdx
*** Status: Normal completion
--- Job parameters.gms Stop 09/30/24 17:08:37 elapsed 0:00:00.039
--- policy.gms(55) 2 Mb
--- call gams scripts/gams/baseline.gms   --project=D --scenario=D_085_110 --timeseries=spacing_120 o=results/D/D_085_110//baseline.lst
--- Job baseline.gms Start 09/30/24 17:08:37 37.1.0 r07954d5 LEX-LEG x86 64bit/Linux
--- Applying:
    /appl/gams/37.1.0/gmsprmun.txt
--- GAMS Parameters defined
    Input /zhome/f0/5/124363/J3-HPC/scripts/gams/baseline.gms
    Output /zhome/f0/5/124363/J3-HPC/results/D/D_085_110/baseline.lst
    ScrDir /zhome/f0/5/124363/J3-HPC/225j/
    SysDir /appl/gams/37.1.0/
    --project D
    --scenario D_085_110
    --timeseries spacing_120
Licensee: Large MUD - 20 User License                    G221124|0002AP-GEN
          Technical University of Denmark, Management Engineering    DC8611
          /appl/gams/37.1.0/gamslice.txt
          License Admin: Thomas Stidsen, thst@man.dtu.dk                   
Processor information: 2 socket(s), 32 core(s), and 32 thread(s) available
GAMS 37.1.0   Copyright (C) 1987-2021 GAMS Development. All rights reserved
--- Starting compilation
--- baseline.gms(36) 2 Mb
--- call mkdir -p ./results/D/D_085_110/
--- baseline.gms(41) 2 Mb
--- call gams scripts/gams/parameters.gms --project=D --scenario=D_085_110 --timeseries=spacing_120 o=results/D/D_085_110//parameters.lst
--- Job parameters.gms Start 09/30/24 17:08:37 37.1.0 r07954d5 LEX-LEG x86 64bit/Linux
--- Applying:
    /appl/gams/37.1.0/gmsprmun.txt
--- GAMS Parameters defined
    Input /zhome/f0/5/124363/J3-HPC/scripts/gams/parameters.gms
    Output /zhome/f0/5/124363/J3-HPC/results/D/D_085_110/parameters.lst
    ScrDir /zhome/f0/5/124363/J3-HPC/225p/
    SysDir /appl/gams/37.1.0/
    --project D
    --scenario D_085_110
    --timeseries spacing_120
Licensee: Large MUD - 20 User License                    G221124|0002AP-GEN
          Technical University of Denmark, Management Engineering    DC8611
          /appl/gams/37.1.0/gamslice.txt
          License Admin: Thomas Stidsen, thst@man.dtu.dk                   
Processor information: 2 socket(s), 32 core(s), and 32 thread(s) available
GAMS 37.1.0   Copyright (C) 1987-2021 GAMS Development. All rights reserved
--- Starting compilation
--- parameters.gms(37) 2 Mb
--- call mkdir -p ./results/D/D_085_110/
--- parameters.gms(49) 2 Mb
--- . ts-timesteps.csv(73) 3 Mb
--- parameters.gms(58) 3 Mb
--- . name-generator.csv(27) 3 Mb
--- parameters.gms(66) 3 Mb
--- . name-fuel.csv(13) 3 Mb
--- parameters.gms(74) 3 Mb
--- . map-generator-fuel.csv(27) 3 Mb
--- parameters.gms(89) 3 Mb
--- . attribute-generator.csv(16) 3 Mb
--- parameters.gms(96) 3 Mb
--- . attribute-fuel.csv(5) 3 Mb
--- parameters.gms(103) 3 Mb
--- . attribute-other.csv(2) 3 Mb
--- parameters.gms(111) 3 Mb
--- . data-generator.csv(29) 3 Mb
--- parameters.gms(118) 3 Mb
--- . data-fuel.csv(15) 3 Mb
--- parameters.gms(125) 3 Mb
--- . data-other.csv(2) 3 Mb
--- parameters.gms(203) 3 Mb
--- . ts-demand-heat.csv(73) 3 Mb
--- parameters.gms(211) 3 Mb
--- . ts-electricity-price.csv(73) 3 Mb
--- parameters.gms(219) 3 Mb
--- . ts-electricity-carbon.csv(73) 3 Mb
--- parameters.gms(228) 3 Mb
--- . ts-generator-availability.csv(74) 3 Mb
--- parameters.gms(235) 3 Mb
--- . ts-generator-efficiency.csv(74) 3 Mb
--- parameters.gms(286) 3 Mb
--- Starting execution: elapsed 0:00:00.020
--- parameters.gms(859) 5 Mb
--- GDX File (execute_unload) /zhome/f0/5/124363/J3-HPC/results/D/D_085_110/parameters.gdx
*** Status: Normal completion
--- Job parameters.gms Stop 09/30/24 17:08:37 elapsed 0:00:00.037
--- baseline.gms(77) 2 Mb
--- GDXin=/zhome/f0/5/124363/J3-HPC/results/D/D_085_110/parameters.gdx
--- GDX File ($gdxIn) /zhome/f0/5/124363/J3-HPC/results/D/D_085_110/parameters.gdx
--- baseline.gms(180) 3 Mb
--- Starting execution: elapsed 0:00:00.068
--- baseline.gms(132) 4 Mb
--- Generating LP model model_baseline
--- baseline.gms(134) 5 Mb
---   2,483 rows  1,978 columns  6,796 non-zeroes
--- Executing CPLEX (Solvelink=2): elapsed 0:00:00.082

IBM ILOG CPLEX   37.1.0 r07954d5 Released Nov 11, 2021 LEG x86 64bit/Linux    

--- GAMS/Cplex Link licensed for continuous and discrete problems.

Reading parameter(s) from "/zhome/f0/5/124363/J3-HPC/cplex.opt"
>>  Threads -1
Finished reading from "/zhome/f0/5/124363/J3-HPC/cplex.opt"

--- GMO setup time: 0.00s
--- Space for names approximately 0.15 Mb
--- Use option 'names no' to turn use of names off
--- GMO memory 1.01 Mb (peak 1.02 Mb)
--- Dictionary memory 0.00 Mb
--- Cplex 20.1.0.1 link memory 0.07 Mb (peak 0.31 Mb)
--- Starting Cplex

Version identifier: 20.1.0.1 | 2021-04-07 | 3a818710c
CPXPARAM_Advance                                 0
CPXPARAM_Threads                                 31
CPXPARAM_Parallel                                1
CPXPARAM_MIP_Display                             4
CPXPARAM_MIP_Pool_Capacity                       0
CPXPARAM_MIP_Tolerances_AbsMIPGap                0
Tried aggregator 1 time.
LP Presolve eliminated 2035 rows and 282 columns.
Reduced LP has 447 rows, 1696 columns, and 2438 nonzeros.
Presolve time = 0.00 sec. (2.05 ticks)

Iteration log . . .
Iteration:     1   Dual objective     =      -2787736.838177
Iteration:   117   Dual objective     =       3871891.781294

--- LP status (1): optimal.
--- Cplex Time: 0.01sec (det. 3.54 ticks)


Optimal solution found
Objective:      4007592.442075

--- Reading solution for model model_baseline
--- Executing after solve: elapsed 0:00:00.113
--- baseline.gms(176) 5 Mb
--- GDX File (execute_unload) /zhome/f0/5/124363/J3-HPC/results/D/D_085_110/baseline.gdx
*** Status: Normal completion
--- Job baseline.gms Stop 09/30/24 17:08:37 elapsed 0:00:00.119
--- policy.gms(56) 2 Mb--- policy.gms(113) 2 Mb
--- GDXin=/zhome/f0/5/124363/J3-HPC/results/D/D_085_110/parameters.gdx
--- GDX File ($gdxIn) /zhome/f0/5/124363/J3-HPC/results/D/D_085_110/parameters.gdx
--- policy.gms(123) 3 Mb
--- GDXin=/zhome/f0/5/124363/J3-HPC/results/D/D_085_110/baseline.gdx
--- GDX File ($gdxIn) /zhome/f0/5/124363/J3-HPC/results/D/D_085_110/baseline.gdx
--- policy.gms(406) 3 Mb
--- Starting execution: elapsed 0:00:00.222
--- policy.gms(255) 4 Mb
--- Generating MIP model model_policy
--- policy.gms(256) 8 Mb
---   13,234 rows  8,850 columns  40,698 non-zeroes
---   4,386 discrete-columns
--- Executing CPLEX (Solvelink=2): elapsed 0:00:00.256

IBM ILOG CPLEX   37.1.0 r07954d5 Released Nov 11, 2021 LEG x86 64bit/Linux    

--- GAMS/Cplex Link licensed for continuous and discrete problems.

Reading parameter(s) from "/zhome/f0/5/124363/J3-HPC/cplex.opt"
>>  Threads -1
Finished reading from "/zhome/f0/5/124363/J3-HPC/cplex.opt"

--- GMO setup time: 0.00s
--- Space for names approximately 0.84 Mb
--- Use option 'names no' to turn use of names off
--- GMO memory 4.51 Mb (peak 4.58 Mb)
--- Dictionary memory 0.00 Mb
--- Cplex 20.1.0.1 link memory 0.32 Mb (peak 1.77 Mb)
--- Starting Cplex

Version identifier: 20.1.0.1 | 2021-04-07 | 3a818710c
CPXPARAM_Advance                                 0
CPXPARAM_Threads                                 31
CPXPARAM_Parallel                                1
CPXPARAM_MIP_Display                             4
CPXPARAM_MIP_Pool_Capacity                       0
CPXPARAM_TimeLimit                               1000000
CPXPARAM_MIP_Tolerances_AbsMIPGap                0
Generic callback                                 0x50
Tried aggregator 2 times.
MIP Presolve eliminated 3046 rows and 865 columns.
MIP Presolve modified 7406 coefficients.
Aggregator did 11 substitutions.
Reduced MIP has 10176 rows, 7974 columns, and 29696 nonzeros.
Reduced MIP has 3955 binaries, 0 generals, 0 SOSs, and 0 indicators.
Presolve time = 0.03 sec. (21.23 ticks)
Probing fixed 2231 vars, tightened 4798 bounds.
Probing time = 0.23 sec. (105.71 ticks)
Tried aggregator 2 times.
MIP Presolve eliminated 5222 rows and 3267 columns.
MIP Presolve modified 2431 coefficients.
Aggregator did 449 substitutions.
Reduced MIP has 4505 rows, 4258 columns, and 14648 nonzeros.
Reduced MIP has 1724 binaries, 0 generals, 0 SOSs, and 0 indicators.
Presolve time = 0.02 sec. (17.72 ticks)
Probing fixed 26 vars, tightened 824 bounds.
Probing time = 0.12 sec. (54.55 ticks)
Tried aggregator 2 times.
Detecting symmetries...
MIP Presolve eliminated 69 rows and 58 columns.
MIP Presolve modified 928 coefficients.
Aggregator did 3 substitutions.
Reduced MIP has 4433 rows, 4197 columns, and 14454 nonzeros.
Reduced MIP has 1698 binaries, 0 generals, 0 SOSs, and 0 indicators.
Presolve time = 0.02 sec. (13.40 ticks)
Probing fixed 1 vars, tightened 88 bounds.
Probing time = 0.11 sec. (51.10 ticks)
Clique table members: 17536.
MIP emphasis: balance optimality and feasibility.
MIP search method: dynamic search.
Parallel mode: deterministic, using up to 31 threads.
Parallel mode: deterministic, using up to 4 threads for parallel tasks at root LP.
Parallel mode: deterministic, using up to 27 threads for concurrent optimization:
 * Starting dual Simplex on 1 thread...
 * Starting Barrier on 25 threads...
 * Starting primal Simplex on 1 thread...
Tried aggregator 1 time.
LP Presolve eliminated 2 rows and 2 columns.
Aggregator did 1689 substitutions.
Reduced LP has 2742 rows, 2506 columns, and 9783 nonzeros.
Presolve time = 0.01 sec. (3.34 ticks)

Iteration log . . .
Iteration:     1   Dual objective     =      -2105064.188526
Iteration:    84   Dual objective     =      -1155501.051178
Iteration:   166   Dual objective     =       -858414.336568
Iteration:   238   Dual objective     =       -858414.336568
Iteration:   310   Dual objective     =       -858414.336568
Iteration:   382   Dual objective     =       -834703.646924
Iteration:   485   Dual objective     =       -528913.940442
Iteration:   581   Dual objective     =       -407136.519607
Iteration:   679   Dual objective     =       -348635.954621
Iteration:   800   Dual objective     =       -323638.938419
Iteration:   891   Dual objective     =       -323127.205378
Iteration:  1003   Dual objective     =       -322492.500820
Iteration:  1094   Dual objective     =       -322492.500820
Perturbation started.
Iteration:  1106   Dual objective     =       -322492.500820
Iteration:  1202   Dual objective     =       -322492.500646
Iteration:  1294   Dual objective     =       -322446.599670
Iteration:  1387   Dual objective     =       -322446.599179
Removing perturbation.
Initializing dual steep norms . . .

Dual simplex solved model.

Initializing dual steep norms . . .

Iteration log . . .
Iteration:     1   Dual objective     =       -322430.042606
Root relaxation solution time = 0.18 sec. (125.56 ticks)

        Nodes                                         Cuts/
   Node  Left     Objective  IInf  Best Integer    Best Bound    ItCnt     Gap

      0     0  -322430.0426    70                -322430.0426     1489         
      0     0  -322180.8011   133                   Cuts: 462     1648         
      0     0  -321394.9896    94                   Cuts: 156     1799         
      0     0  -320761.0866   203                    Cuts: 75     1971         
      0     0  -320127.2040   283                   Cuts: 479     2213         
      0     0  -319989.7777   222                   Cuts: 699     2345         
      0     0  -319675.2884   303                   Cuts: 209     2489         
      0     0  -319500.1987   415                   Cuts: 269     2644         
      0     0  -319369.6899   416                   Cuts: 324     2765         
      0     0  -319257.8408   328                   Cuts: 248     2852         
      0     0  -319148.1019   434                    Cuts: 44     2935         
      0     0  -319092.5153   307                   Cuts: 113     3047         
      0     0  -319020.8997   443                   Cuts: 156     3092         
      0     0  -318946.4695   449                   Cuts: 264     3155         
      0     0  -318888.8586   435                   Cuts: 133     3200         
      0     0  -318760.0099   460                    Cuts: 60     3250         
      0     0  -318707.6094   454                   Cuts: 393     3286         
      0     0  -318598.2800   464                    Cuts: 92     3341         
      0     0  -318557.6013   467                    Cuts: 86     3414         
      0     0  -318449.8872   486                    Cuts: 58     3462         
      0     0  -318323.9678   484                    Cuts: 75     3549         
      0     0  -318231.0630   481                   Cuts: 239     3643         
      0     0  -318173.0023   497                   Cuts: 319     3720         
      0     2  -318173.0023   497                -317588.7232     3720         
Elapsed time = 7.70 sec. (2824.20 ticks, tree = 0.02 MB)
     14    16  3332008.3833   242                -317588.7232     8106         
                                                Impl Bds: 132                  
    213   116    infeasible                      -317588.7232    45367         
                                                Impl Bds: 264                  
    498   135  6706720.3836   332                -317588.7232   130023         
                                                  Impl Bds: 2                  
   1232   475  5760567.3325   240                -317588.7232   192382         
                                                    Cuts: 293                  
   1481   668    infeasible                      -317588.7232   234228         
                                                 Impl Bds: 24                  
   1751   713  4416303.6613   329                -317588.7232   350685         
                                                 Impl Bds: 75                  
   2337   841  3845322.6430   310                -317327.2493   391171         
                                                 Impl Bds: 64                  
   2488  1072  8410255.2108   248                -317327.2493   467748         
                                                 Impl Bds: 29                  
   2732  1047  -306781.6253   263                -317327.2493   499458         
                                                  Impl Bds: 4                  
   4776  1786  2671592.1078   349                -316607.8842   715102         
                                                    Cuts: 211                  
Elapsed time = 24.08 sec. (5947.14 ticks, tree = 3.25 MB)
   7130  2543   -73014.3094    49                -311216.3753   996344         
                                                     Cuts: 98                  
   8888  3061    infeasible                      -282015.9212  1261395         
                                                     Cuts: 69                  
  10195  3651   251534.6432    82                -230455.8269  1500285         
                                                     Cuts: 77                  

Performing restart 1

Repeating presolve.
Tried aggregator 2 times.
MIP Presolve eliminated 2 rows and 2 columns.
MIP Presolve modified 382 coefficients.
Aggregator did 9 substitutions.
Reduced MIP has 4422 rows, 4186 columns, and 13211 nonzeros.
Reduced MIP has 1697 binaries, 0 generals, 0 SOSs, and 0 indicators.
Presolve time = 0.01 sec. (8.06 ticks)
Tried aggregator 1 time.
MIP Presolve eliminated 0 rows and 569 columns.
MIP Presolve modified 6 coefficients.
Reduced MIP has 4422 rows, 3617 columns, and 13211 nonzeros.
Reduced MIP has 1697 binaries, 0 generals, 0 SOSs, and 0 indicators.
Presolve time = 0.01 sec. (5.88 ticks)
Tried aggregator 1 time.
MIP Presolve modified 12 coefficients.
Reduced MIP has 4422 rows, 3617 columns, and 13211 nonzeros.
Reduced MIP has 1697 binaries, 0 generals, 0 SOSs, and 0 indicators.
Presolve time = 0.01 sec. (10.62 ticks)
Represolve time = 0.31 sec. (139.27 ticks)
Tried aggregator 1 time.
LP Presolve eliminated 44 rows and 0 columns.
Aggregator did 1321 substitutions.
Reduced LP has 5257 rows, 2296 columns, and 17896 nonzeros.
Presolve time = 0.01 sec. (4.68 ticks)
Initializing dual steep norms . . .

Iteration log . . .
Iteration:     1   Dual objective     =     -35933090.872296
Iteration:   266   Dual objective     =     -28503638.261948
Iteration:   433   Dual objective     =      -1414558.233311
Iteration:   627   Dual objective     =       -798495.883008
Iteration:   899   Dual objective     =       -379816.824366
Iteration:  1123   Dual objective     =       -376617.293523
Iteration:  1373   Dual objective     =       -376074.480717
Iteration:  1596   Dual objective     =       -369714.532684
Iteration:  1792   Dual objective     =       -329378.693707
Iteration:  1994   Dual objective     =       -322611.331655
Iteration:  2201   Dual objective     =       -322446.600648
Perturbation started.
Iteration:  2301   Dual objective     =       -322446.600648
Iteration:  2446   Dual objective     =       -322446.600065
Iteration:  2587   Dual objective     =       -322446.599488
Iteration:  2731   Dual objective     =       -322446.598836
Iteration:  2896   Dual objective     =       -322446.597195
Markowitz threshold set to 0.1
Iteration:  3066   Dual objective     =       -322446.539177
Iteration:  3189   Dual objective     =       -322368.212083
Iteration:  3321   Dual objective     =       -322057.693713
Iteration:  3467   Dual objective     =       -321441.449365
Iteration:  3592   Dual objective     =       -320828.197695
Iteration:  3715   Dual objective     =       -320518.636760
Iteration:  3837   Dual objective     =       -320236.868763
Iteration:  3964   Dual objective     =       -320082.875282
Iteration:  4095   Dual objective     =       -319807.903153
Iteration:  4216   Dual objective     =       -319602.606429
Iteration:  4312   Dual objective     =       -319452.862689
Iteration:  4423   Dual objective     =       -319181.855889
Iteration:  4531   Dual objective     =       -318994.256142
Iteration:  4624   Dual objective     =       -318959.281850
Iteration:  4731   Dual objective     =       -318804.531744
Iteration:  4814   Dual objective     =       -318748.798836
Iteration:  4922   Dual objective     =       -318694.059052
Iteration:  5020   Dual objective     =       -318631.918999
Iteration:  5117   Dual objective     =       -318455.035545
Iteration:  5214   Dual objective     =       -318273.390909
Iteration:  5312   Dual objective     =       -318136.209698
Iteration:  5421   Dual objective     =       -318025.561578
Iteration:  5530   Dual objective     =       -317889.698342
Iteration:  5614   Dual objective     =       -317843.087907
Iteration:  5695   Dual objective     =       -317805.498166
Iteration:  5782   Dual objective     =       -317798.607522
Iteration:  5875   Dual objective     =       -317765.444409
Removing perturbation.
Iteration:  5876   Dual objective     =       -317765.433015
Initializing dual steep norms . . .

Iteration log . . .
Iteration:     1   Dual objective     =       -317765.426093
  10749     0  -317420.2457   614                   Cuts: 344  1667242         
  10749     0  -317086.0032   609                   Cuts: 114  1667480         
  10749     0  -316775.8978   600                   Cuts: 172  1667642         
  10749     0  -316641.6707   602                   Cuts: 126  1667779         
  10749     0  -316600.1543   608                   Cuts: 181  1667883         
  10749     0  -316556.0082   609                    Cuts: 78  1667973         
  10749     2  -316556.0034   687                -210904.7491  1667973         
  10750     2  4078660.1576   370                -210904.7491  1669319         
  10768    13  5828857.7487   330                -210904.7491  1671319         
  12399    33  6774662.8133   310                -210904.7491  1752479         
                                                     Cuts: 55                  
  12459    30  5827547.0261   271                -210904.7491  1781694         
                                                     Cuts: 76                  
  12795   207  6919217.0942   282                -210904.7491  1845947         
                                                     Cuts: 62                  
  13676   567   -85016.9431   216                -210904.7491  1959454         
                                                    Cuts: 115                  
Elapsed time = 73.52 sec. (22314.37 ticks, tree = 2.41 MB)
  14207  1000    infeasible                      -210904.7491  2051645         
                                                     Cuts: 77                  
  14718  1185   267169.2593    27                -210904.7491  2198060         
* 15077  1328      integral     0   203392.6233  -210904.7491  2270315  203.69%
Found incumbent of value 203392.623312 after 85.40 sec. (24840.79 ticks)
  15818   474        cutoff         203392.6233  -210904.7491  2325987  203.69%
                                                     Cuts: 71                  
  17332   549  -150628.3457    77   203392.6233  -210904.7491  2473511  203.69%
                                                    Cuts: 126                  
  18156   718   -21587.4712   441   203392.6233  -210904.7491  2580391  203.69%
                                                     Cuts: 19                  

Performing restart 2

Repeating presolve.
Tried aggregator 2 times.
MIP Presolve eliminated 22 rows and 12 columns.
MIP Presolve modified 564 coefficients.
Aggregator did 1 substitutions.
Reduced MIP has 4399 rows, 3604 columns, and 13164 nonzeros.
Reduced MIP has 1690 binaries, 0 generals, 0 SOSs, and 0 indicators.
Presolve time = 0.01 sec. (8.85 ticks)
Tried aggregator 1 time.
MIP Presolve eliminated 23 rows and 15 columns.
MIP Presolve modified 650 coefficients.
Reduced MIP has 4376 rows, 3589 columns, and 13105 nonzeros.
Reduced MIP has 1680 binaries, 0 generals, 0 SOSs, and 0 indicators.
Presolve time = 0.01 sec. (10.81 ticks)
Represolve time = 0.16 sec. (78.01 ticks)
Tried aggregator 1 time.
LP Presolve eliminated 10 rows and 1 columns.
Aggregator did 1263 substitutions.
Reduced LP has 4420 rows, 2325 columns, and 16094 nonzeros.
Presolve time = 0.01 sec. (4.25 ticks)
Initializing dual steep norms . . .

Iteration log . . .
Iteration:     1   Dual objective     =     -25441237.070625
Iteration:   175   Dual objective     =      -1067204.559398
Iteration:   367   Dual objective     =      -1032108.380060
Iteration:   521   Dual objective     =       -995495.003752
Iteration:   637   Dual objective     =       -930214.030010
Iteration:   762   Dual objective     =       -838050.571296
Iteration:   968   Dual objective     =       -493775.903525
Iteration:  1138   Dual objective     =       -369687.358418
Perturbation started.
Iteration:  1202   Dual objective     =       -369687.358418
Iteration:  1326   Dual objective     =       -369687.355630
Iteration:  1441   Dual objective     =       -369687.352026
Iteration:  1567   Dual objective     =       -361389.105650
Iteration:  1712   Dual objective     =       -359299.516416
Iteration:  1827   Dual objective     =       -357311.640319
Iteration:  1987   Dual objective     =       -330467.844301
Iteration:  2107   Dual objective     =       -327361.133451
Iteration:  2223   Dual objective     =       -322569.742829
Iteration:  2323   Dual objective     =       -315977.441527
Iteration:  2421   Dual objective     =       -314206.204854
Iteration:  2520   Dual objective     =       -313382.025861
Iteration:  2618   Dual objective     =       -312790.897063
Iteration:  2706   Dual objective     =       -312231.546581
Removing perturbation.
Initializing dual steep norms . . .

Iteration log . . .
Iteration:     1   Dual objective     =       -312069.988666
  18234     0  -300413.1915   380   203392.6233     Cuts: 368  2670626  203.69%
  18234     0  -293631.3905   304   203392.6233     Cuts: 466  2671057  203.69%
  18234     0  -289656.4478   355   203392.6233     Cuts: 655  2671375  203.69%
  18234     0  -286737.9340   371   203392.6233     Cuts: 429  2671659  203.69%
  18234     0  -284548.5496   376   203392.6233     Cuts: 426  2671842  203.69%
  18234     0  -283814.5357   377   203392.6233     Cuts: 520  2672029  203.69%
  18234     0  -283044.6321   372   203392.6233     Cuts: 306  2672179  203.69%
  18234     0  -282502.1793   406   203392.6233     Cuts: 258  2672314  203.69%

Repeating presolve.
Tried aggregator 2 times.
MIP Presolve eliminated 1091 rows and 832 columns.
MIP Presolve modified 640 coefficients.
Aggregator did 58 substitutions.
Reduced MIP has 3227 rows, 2699 columns, and 9950 nonzeros.
Reduced MIP has 1215 binaries, 0 generals, 0 SOSs, and 0 indicators.
Presolve time = 0.02 sec. (13.86 ticks)
Tried aggregator 2 times.
MIP Presolve eliminated 242 rows and 161 columns.
MIP Presolve modified 467 coefficients.
Aggregator did 7 substitutions.
Reduced MIP has 2978 rows, 2531 columns, and 9231 nonzeros.
Reduced MIP has 1117 binaries, 0 generals, 0 SOSs, and 0 indicators.
Presolve time = 0.01 sec. (7.49 ticks)
Tried aggregator 1 time.
MIP Presolve eliminated 8 rows and 6 columns.
MIP Presolve modified 15 coefficients.
Reduced MIP has 2970 rows, 2525 columns, and 9207 nonzeros.
Reduced MIP has 1113 binaries, 0 generals, 0 SOSs, and 0 indicators.
Presolve time = 0.01 sec. (8.18 ticks)
Represolve time = 0.27 sec. (177.35 ticks)
Tried aggregator 1 time.
LP Presolve eliminated 106 rows and 0 columns.
Aggregator did 860 substitutions.
Reduced LP has 2610 rows, 1665 columns, and 10080 nonzeros.
Presolve time = 0.00 sec. (2.79 ticks)
Initializing dual steep norms . . .

Iteration log . . .
Iteration:     1   Dual objective     =      -9394805.987341
Iteration:   100   Dual objective     =       -691640.610514
Iteration:   273   Dual objective     =       -537015.522530
Iteration:   450   Dual objective     =       -432235.115565
Iteration:   658   Dual objective     =       -370652.503448
Iteration:   760   Dual objective     =       -370202.363990
Iteration:   848   Dual objective     =       -331804.208500
Iteration:   931   Dual objective     =       -331804.208500
Iteration:  1010   Dual objective     =       -331804.208500
Iteration:  1102   Dual objective     =       -331698.812993
Iteration:  1211   Dual objective     =       -316838.332038
Iteration:  1299   Dual objective     =       -303897.061725
Iteration:  1379   Dual objective     =       -294505.720795
Iteration:  1450   Dual objective     =       -283527.256251
Iteration:  1530   Dual objective     =       -280169.496575
Iteration:  1619   Dual objective     =       -277856.867493
Initializing dual steep norms . . .

Iteration log . . .
Iteration:     1   Dual objective     =       -277233.858352
  18234     0  -274424.3916   228   203392.6233     Cuts: 842  2674314  203.69%
  18234     0  -272219.0919   280   203392.6233     Cuts: 412  2674506  203.69%
  18234     0  -270789.2042   346   203392.6233     Cuts: 241  2674685  203.69%
  18234     0  -269864.4823   326   203392.6233     Cuts: 202  2674882  167.46%
  18234     0  -269731.4385   348   203392.6233     Cuts: 151  2674980  167.46%
  18234     0  -268779.3479   261   203392.6233     Cuts: 160  2675099  148.84%
  18234     0  -267516.2778   307   203392.6233     Cuts: 314  2675326  134.38%
  18234     0  -267011.6916   311   203392.6233     Cuts: 190  2675436  134.38%
  18234     0  -266421.6655   386   203392.6233     Cuts: 215  2675543  120.56%
  18234     2  -266237.2090   298   203392.6233   -41818.3336  2675591  120.56%
  18238     4  -215652.7204   130   203392.6233   -41818.3336  2676432  120.56%
  18268    15  -161627.5392    84   203392.6233   -41818.3336  2679918  120.56%
                                                     Cuts: 29                  
  18903    26    85903.5398   103   203392.6233   -41818.3336  2764126  120.56%
                                                     Cuts: 16                  

Clique cuts applied:  34
Cover cuts applied:  23
Implied bound cuts applied:  109
Flow cuts applied:  181
Mixed integer rounding cuts applied:  220
Gomory fractional cuts applied:  2

Root node processing (before b&c):
  Real time             =    3.45 sec. (2785.48 ticks)
Parallel b&c, 31 threads:
  Real time             =  254.32 sec. (38144.17 ticks)
  Sync time (average)   =  133.15 sec.
  Wait time (average)   =    0.13 sec.
                          ------------
Total (root+branch&cut) =  257.76 sec. (40929.65 ticks)

--- MIP status (101): integer optimal solution.
--- Cplex Time: 257.79sec (det. 40929.68 ticks)

--- Fixing integer variables and solving final LP...

Version identifier: 20.1.0.1 | 2021-04-07 | 3a818710c
CPXPARAM_Advance                                 2
CPXPARAM_Threads                                 31
CPXPARAM_Parallel                                1
CPXPARAM_MIP_Display                             4
CPXPARAM_MIP_Pool_Capacity                       0
CPXPARAM_TimeLimit                               1000000
CPXPARAM_MIP_Tolerances_AbsMIPGap                0
Parallel mode: deterministic, using up to 31 threads for concurrent optimization:
 * Starting dual Simplex on 1 thread...
 * Starting Barrier on 29 threads...
 * Starting primal Simplex on 1 thread...
Tried aggregator 1 time.
LP Presolve eliminated 13221 rows and 8837 columns.
Aggregator did 9 substitutions.
Reduced LP has 3 rows, 4 columns, and 7 nonzeros.
Presolve time = 0.01 sec. (6.93 ticks)

Iteration log . . .
Iteration:     1   Dual objective     =        203392.623312

Dual simplex solved model.


--- Fixed MIP status (1): optimal.
--- Cplex Time: 0.02sec (det. 13.25 ticks)


Proven optimal solution
MIP Solution:       203392.623312    (2795295 iterations, 19106 nodes)
Final Solve:        203392.623313    (3 iterations)

Best possible:      203392.623312
Absolute gap:            0.000000
Relative gap:            0.000000

--- Reading solution for model model_policy
--- Executing after solve: elapsed 0:04:18.150
--- policy.gms(273) 8 Mb--- policy.gms(403) 8 Mb
--- GDX File (execute_unload) /zhome/f0/5/124363/J3-HPC/results/D/D_085_110/policy.gdx
*** Status: Normal completion
--- Job policy.gms Stop 09/30/24 17:12:55 elapsed 0:04:18.171
