--- Job policy Start 09/29/24 20:37:48 37.1.0 r07954d5 LEX-LEG x86 64bit/Linux
--- Applying:
    /appl/gams/37.1.0/gmsprmun.txt
--- GAMS Parameters defined
    Input /zhome/f0/5/124363/J3-HPC/scripts/gams/policy.gms
    Output /zhome/f0/5/124363/J3-HPC/results/E/E_095_110/policy.lst
    ScrDir /zhome/f0/5/124363/J3-HPC/225c/
    SysDir /appl/gams/37.1.0/
    --project E
    --scenario E_095_110
    --timeseries spacing_120
    --tax_carbon yes
    --subsidy_capex no
    --subsidy_opex no
    --subsidy_carbon no
Licensee: Large MUD - 20 User License                    G221124|0002AP-GEN
          Technical University of Denmark, Management Engineering    DC8611
          /appl/gams/37.1.0/gamslice.txt
          License Admin: Thomas Stidsen, thst@man.dtu.dk                   
Processor information: 2 socket(s), 32 core(s), and 32 thread(s) available
GAMS 37.1.0   Copyright (C) 1987-2021 GAMS Development. All rights reserved
--- Starting compilation
--- policy.gms(44) 2 Mb
--- call mkdir -p ./results/E/E_095_110/
--- policy.gms(51) 2 Mb
--- call gams scripts/gams/parameters.gms --project=E --scenario=E_095_110 --timeseries=spacing_120 o=results/E/E_095_110//parameters.lst
--- Job parameters.gms Start 09/29/24 20:37:48 37.1.0 r07954d5 LEX-LEG x86 64bit/Linux
--- Applying:
    /appl/gams/37.1.0/gmsprmun.txt
--- GAMS Parameters defined
    Input /zhome/f0/5/124363/J3-HPC/scripts/gams/parameters.gms
    Output /zhome/f0/5/124363/J3-HPC/results/E/E_095_110/parameters.lst
    ScrDir /zhome/f0/5/124363/J3-HPC/225f/
    SysDir /appl/gams/37.1.0/
    --project E
    --scenario E_095_110
    --timeseries spacing_120
Licensee: Large MUD - 20 User License                    G221124|0002AP-GEN
          Technical University of Denmark, Management Engineering    DC8611
          /appl/gams/37.1.0/gamslice.txt
          License Admin: Thomas Stidsen, thst@man.dtu.dk                   
Processor information: 2 socket(s), 32 core(s), and 32 thread(s) available
GAMS 37.1.0   Copyright (C) 1987-2021 GAMS Development. All rights reserved
--- Starting compilation
--- parameters.gms(37) 2 Mb
--- call mkdir -p ./results/E/E_095_110/
--- parameters.gms(49) 2 Mb
--- . ts-timesteps.csv(73) 3 Mb
--- parameters.gms(58) 3 Mb
--- . name-generator.csv(27) 3 Mb
--- parameters.gms(66) 3 Mb
--- . name-fuel.csv(13) 3 Mb
--- parameters.gms(74) 3 Mb
--- . map-generator-fuel.csv(27) 3 Mb
--- parameters.gms(89) 3 Mb
--- . attribute-generator.csv(16) 3 Mb
--- parameters.gms(96) 3 Mb
--- . attribute-fuel.csv(5) 3 Mb
--- parameters.gms(103) 3 Mb
--- . attribute-other.csv(2) 3 Mb
--- parameters.gms(111) 3 Mb
--- . data-generator.csv(29) 3 Mb
--- parameters.gms(118) 3 Mb
--- . data-fuel.csv(15) 3 Mb
--- parameters.gms(125) 3 Mb
--- . data-other.csv(2) 3 Mb
--- parameters.gms(203) 3 Mb
--- . ts-demand-heat.csv(73) 3 Mb
--- parameters.gms(211) 3 Mb
--- . ts-electricity-price.csv(73) 3 Mb
--- parameters.gms(219) 3 Mb
--- . ts-electricity-carbon.csv(73) 3 Mb
--- parameters.gms(228) 3 Mb
--- . ts-generator-availability.csv(74) 3 Mb
--- parameters.gms(235) 3 Mb
--- . ts-generator-efficiency.csv(74) 3 Mb
--- parameters.gms(286) 3 Mb
--- Starting execution: elapsed 0:00:00.042
--- parameters.gms(859) 5 Mb
--- GDX File (execute_unload) /zhome/f0/5/124363/J3-HPC/results/E/E_095_110/parameters.gdx
*** Status: Normal completion
--- Job parameters.gms Stop 09/29/24 20:37:48 elapsed 0:00:00.060
--- policy.gms(55) 2 Mb
--- call gams scripts/gams/baseline.gms   --project=E --scenario=E_095_110 --timeseries=spacing_120 o=results/E/E_095_110//baseline.lst
--- Job baseline.gms Start 09/29/24 20:37:48 37.1.0 r07954d5 LEX-LEG x86 64bit/Linux
--- Applying:
    /appl/gams/37.1.0/gmsprmun.txt
--- GAMS Parameters defined
    Input /zhome/f0/5/124363/J3-HPC/scripts/gams/baseline.gms
    Output /zhome/f0/5/124363/J3-HPC/results/E/E_095_110/baseline.lst
    ScrDir /zhome/f0/5/124363/J3-HPC/225e/
    SysDir /appl/gams/37.1.0/
    --project E
    --scenario E_095_110
    --timeseries spacing_120
Licensee: Large MUD - 20 User License                    G221124|0002AP-GEN
          Technical University of Denmark, Management Engineering    DC8611
          /appl/gams/37.1.0/gamslice.txt
          License Admin: Thomas Stidsen, thst@man.dtu.dk                   
Processor information: 2 socket(s), 32 core(s), and 32 thread(s) available
GAMS 37.1.0   Copyright (C) 1987-2021 GAMS Development. All rights reserved
--- Starting compilation
--- baseline.gms(36) 2 Mb
--- call mkdir -p ./results/E/E_095_110/
--- baseline.gms(41) 2 Mb
--- call gams scripts/gams/parameters.gms --project=E --scenario=E_095_110 --timeseries=spacing_120 o=results/E/E_095_110//parameters.lst
--- Job parameters.gms Start 09/29/24 20:37:48 37.1.0 r07954d5 LEX-LEG x86 64bit/Linux
--- Applying:
    /appl/gams/37.1.0/gmsprmun.txt
--- GAMS Parameters defined
    Input /zhome/f0/5/124363/J3-HPC/scripts/gams/parameters.gms
    Output /zhome/f0/5/124363/J3-HPC/results/E/E_095_110/parameters.lst
    ScrDir /zhome/f0/5/124363/J3-HPC/225h/
    SysDir /appl/gams/37.1.0/
    --project E
    --scenario E_095_110
    --timeseries spacing_120
Licensee: Large MUD - 20 User License                    G221124|0002AP-GEN
          Technical University of Denmark, Management Engineering    DC8611
          /appl/gams/37.1.0/gamslice.txt
          License Admin: Thomas Stidsen, thst@man.dtu.dk                   
Processor information: 2 socket(s), 32 core(s), and 32 thread(s) available
GAMS 37.1.0   Copyright (C) 1987-2021 GAMS Development. All rights reserved
--- Starting compilation
--- parameters.gms(37) 2 Mb
--- call mkdir -p ./results/E/E_095_110/
--- parameters.gms(49) 2 Mb
--- . ts-timesteps.csv(73) 3 Mb
--- parameters.gms(58) 3 Mb
--- . name-generator.csv(27) 3 Mb
--- parameters.gms(66) 3 Mb
--- . name-fuel.csv(13) 3 Mb
--- parameters.gms(74) 3 Mb
--- . map-generator-fuel.csv(27) 3 Mb
--- parameters.gms(89) 3 Mb
--- . attribute-generator.csv(16) 3 Mb
--- parameters.gms(96) 3 Mb
--- . attribute-fuel.csv(5) 3 Mb
--- parameters.gms(103) 3 Mb
--- . attribute-other.csv(2) 3 Mb
--- parameters.gms(111) 3 Mb
--- . data-generator.csv(29) 3 Mb
--- parameters.gms(118) 3 Mb
--- . data-fuel.csv(15) 3 Mb
--- parameters.gms(125) 3 Mb
--- . data-other.csv(2) 3 Mb
--- parameters.gms(203) 3 Mb
--- . ts-demand-heat.csv(73) 3 Mb
--- parameters.gms(211) 3 Mb
--- . ts-electricity-price.csv(73) 3 Mb
--- parameters.gms(219) 3 Mb
--- . ts-electricity-carbon.csv(73) 3 Mb
--- parameters.gms(228) 3 Mb
--- . ts-generator-availability.csv(74) 3 Mb
--- parameters.gms(235) 3 Mb
--- . ts-generator-efficiency.csv(74) 3 Mb
--- parameters.gms(286) 3 Mb
--- Starting execution: elapsed 0:00:00.021
--- parameters.gms(859) 5 Mb
--- GDX File (execute_unload) /zhome/f0/5/124363/J3-HPC/results/E/E_095_110/parameters.gdx
*** Status: Normal completion
--- Job parameters.gms Stop 09/29/24 20:37:49 elapsed 0:00:00.037
--- baseline.gms(77) 2 Mb
--- GDXin=/zhome/f0/5/124363/J3-HPC/results/E/E_095_110/parameters.gdx
--- GDX File ($gdxIn) /zhome/f0/5/124363/J3-HPC/results/E/E_095_110/parameters.gdx
--- baseline.gms(180) 3 Mb
--- Starting execution: elapsed 0:00:00.070
--- baseline.gms(132) 4 Mb
--- Generating LP model model_baseline
--- baseline.gms(134) 5 Mb
---   2,483 rows  1,978 columns  6,796 non-zeroes
--- Executing CPLEX (Solvelink=2): elapsed 0:00:00.086

IBM ILOG CPLEX   37.1.0 r07954d5 Released Nov 11, 2021 LEG x86 64bit/Linux    

--- GAMS/Cplex Link licensed for continuous and discrete problems.

Reading parameter(s) from "/zhome/f0/5/124363/J3-HPC/cplex.opt"
>>  Threads -1
Finished reading from "/zhome/f0/5/124363/J3-HPC/cplex.opt"

--- GMO setup time: 0.00s
--- Space for names approximately 0.15 Mb
--- Use option 'names no' to turn use of names off
--- GMO memory 1.01 Mb (peak 1.02 Mb)
--- Dictionary memory 0.00 Mb
--- Cplex 20.1.0.1 link memory 0.07 Mb (peak 0.31 Mb)
--- Starting Cplex

Version identifier: 20.1.0.1 | 2021-04-07 | 3a818710c
CPXPARAM_Advance                                 0
CPXPARAM_Threads                                 31
CPXPARAM_Parallel                                1
CPXPARAM_MIP_Display                             4
CPXPARAM_MIP_Pool_Capacity                       0
CPXPARAM_MIP_Tolerances_AbsMIPGap                0
Tried aggregator 1 time.
LP Presolve eliminated 2035 rows and 282 columns.
Reduced LP has 447 rows, 1696 columns, and 2438 nonzeros.
Presolve time = 0.00 sec. (2.05 ticks)

Iteration log . . .
Iteration:     1   Dual objective     =      -2787736.838177
Iteration:   117   Dual objective     =       3871891.781294

--- LP status (1): optimal.
--- Cplex Time: 0.01sec (det. 3.54 ticks)


Optimal solution found
Objective:      4007592.442075

--- Reading solution for model model_baseline
--- Executing after solve: elapsed 0:00:00.147
--- baseline.gms(176) 5 Mb
--- GDX File (execute_unload) /zhome/f0/5/124363/J3-HPC/results/E/E_095_110/baseline.gdx
*** Status: Normal completion
--- Job baseline.gms Stop 09/29/24 20:37:49 elapsed 0:00:00.153
--- policy.gms(56) 2 Mb--- policy.gms(113) 2 Mb
--- GDXin=/zhome/f0/5/124363/J3-HPC/results/E/E_095_110/parameters.gdx
--- GDX File ($gdxIn) /zhome/f0/5/124363/J3-HPC/results/E/E_095_110/parameters.gdx
--- policy.gms(123) 3 Mb
--- GDXin=/zhome/f0/5/124363/J3-HPC/results/E/E_095_110/baseline.gdx
--- GDX File ($gdxIn) /zhome/f0/5/124363/J3-HPC/results/E/E_095_110/baseline.gdx
--- policy.gms(406) 3 Mb
--- Starting execution: elapsed 0:00:00.284
--- policy.gms(255) 4 Mb
--- Generating MIP model model_policy
--- policy.gms(256) 8 Mb
---   13,234 rows  8,850 columns  40,698 non-zeroes
---   4,386 discrete-columns
--- Executing CPLEX (Solvelink=2): elapsed 0:00:00.318

IBM ILOG CPLEX   37.1.0 r07954d5 Released Nov 11, 2021 LEG x86 64bit/Linux    

--- GAMS/Cplex Link licensed for continuous and discrete problems.

Reading parameter(s) from "/zhome/f0/5/124363/J3-HPC/cplex.opt"
>>  Threads -1
Finished reading from "/zhome/f0/5/124363/J3-HPC/cplex.opt"

--- GMO setup time: 0.00s
--- Space for names approximately 0.84 Mb
--- Use option 'names no' to turn use of names off
--- GMO memory 4.51 Mb (peak 4.58 Mb)
--- Dictionary memory 0.00 Mb
--- Cplex 20.1.0.1 link memory 0.32 Mb (peak 1.77 Mb)
--- Starting Cplex

Version identifier: 20.1.0.1 | 2021-04-07 | 3a818710c
CPXPARAM_Advance                                 0
CPXPARAM_Threads                                 31
CPXPARAM_Parallel                                1
CPXPARAM_MIP_Display                             4
CPXPARAM_MIP_Pool_Capacity                       0
CPXPARAM_TimeLimit                               1000000
CPXPARAM_MIP_Tolerances_AbsMIPGap                0
Generic callback                                 0x50
Tried aggregator 2 times.
MIP Presolve eliminated 3036 rows and 866 columns.
MIP Presolve modified 7784 coefficients.
Aggregator did 11 substitutions.
Reduced MIP has 10186 rows, 7973 columns, and 29704 nonzeros.
Reduced MIP has 3955 binaries, 0 generals, 0 SOSs, and 0 indicators.
Presolve time = 0.03 sec. (21.30 ticks)
Probing fixed 2227 vars, tightened 5034 bounds.
Probing time = 0.25 sec. (108.23 ticks)
Tried aggregator 2 times.
MIP Presolve eliminated 5183 rows and 3252 columns.
MIP Presolve modified 2383 coefficients.
Aggregator did 457 substitutions.
Reduced MIP has 4546 rows, 4264 columns, and 14750 nonzeros.
Reduced MIP has 1728 binaries, 0 generals, 0 SOSs, and 0 indicators.
Presolve time = 0.02 sec. (18.35 ticks)
Probing fixed 6 vars, tightened 625 bounds.
Probing time = 0.13 sec. (60.37 ticks)
Tried aggregator 1 time.
Detecting symmetries...
MIP Presolve eliminated 50 rows and 19 columns.
MIP Presolve modified 566 coefficients.
Reduced MIP has 4496 rows, 4245 columns, and 14637 nonzeros.
Reduced MIP has 1722 binaries, 0 generals, 0 SOSs, and 0 indicators.
Presolve time = 0.01 sec. (9.66 ticks)
Probing fixed 3 vars, tightened 41 bounds.
Probing time = 0.11 sec. (49.83 ticks)
Clique table members: 18824.
MIP emphasis: balance optimality and feasibility.
MIP search method: dynamic search.
Parallel mode: deterministic, using up to 31 threads.
Parallel mode: deterministic, using up to 4 threads for parallel tasks at root LP.
Parallel mode: deterministic, using up to 27 threads for concurrent optimization:
 * Starting dual Simplex on 1 thread...
 * Starting Barrier on 25 threads...
 * Starting primal Simplex on 1 thread...
Tried aggregator 1 time.
LP Presolve eliminated 7 rows and 7 columns.
Aggregator did 1711 substitutions.
Reduced LP has 2778 rows, 2527 columns, and 9896 nonzeros.
Presolve time = 0.00 sec. (3.38 ticks)

Iteration log . . .
Iteration:     1   Dual objective     =      -2316214.191163
Iteration:    85   Dual objective     =      -1211423.828286
Iteration:   166   Dual objective     =       -863279.347851
Iteration:   240   Dual objective     =       -863279.347851
Iteration:   311   Dual objective     =       -863279.347851
Iteration:   383   Dual objective     =       -863279.347851
Iteration:   465   Dual objective     =       -760959.430810
Iteration:   579   Dual objective     =       -467717.471989
Iteration:   666   Dual objective     =       -417239.707723
Iteration:   746   Dual objective     =       -404248.049088
Iteration:   834   Dual objective     =       -391416.492639
Iteration:   919   Dual objective     =       -390713.548918
Iteration:  1026   Dual objective     =       -390713.548918
Perturbation started.
Iteration:  1106   Dual objective     =       -390713.548918
Removing perturbation.
Initializing dual steep norms . . .

Dual simplex solved model.

Initializing dual steep norms . . .

Iteration log . . .
Iteration:     1   Dual objective     =       -390713.548918
Root relaxation solution time = 0.08 sec. (74.48 ticks)

        Nodes                                         Cuts/
   Node  Left     Objective  IInf  Best Integer    Best Bound    ItCnt     Gap

      0     0  -390713.5489    30                -390713.5489     1151         
      0     0  -390713.5489     3                    Cuts: 21     1179         
*     0+    0                      -292233.0763  -390713.5489            33.70%
Found incumbent of value -292233.076270 after 0.96 sec. (513.18 ticks)
      0     0  -390712.7247    11  -292233.0763     Cuts: 387     1318   33.70%
*     0+    0                      -320574.0628  -390712.7247            21.88%
Found incumbent of value -320574.062779 after 1.03 sec. (551.45 ticks)
*     0+    0                      -390638.0326  -390712.7247             0.02%
Found incumbent of value -390638.032641 after 1.04 sec. (559.42 ticks)

Repeating presolve.
Tried aggregator 2 times.
MIP Presolve eliminated 3214 rows and 2281 columns.
MIP Presolve modified 1631 coefficients.
Aggregator did 322 substitutions.
Reduced MIP has 960 rows, 1642 columns, and 2852 nonzeros.
Reduced MIP has 448 binaries, 0 generals, 0 SOSs, and 0 indicators.
Presolve time = 0.01 sec. (6.76 ticks)
Probing fixed 0 vars, tightened 1 bounds.
Probing time = 0.00 sec. (1.09 ticks)
Tried aggregator 1 time.
MIP Presolve eliminated 0 rows and 574 columns.
MIP Presolve modified 42 coefficients.
Reduced MIP has 960 rows, 1068 columns, and 2852 nonzeros.
Reduced MIP has 448 binaries, 0 generals, 0 SOSs, and 0 indicators.
Presolve time = 0.00 sec. (1.58 ticks)
Probing time = 0.00 sec. (1.04 ticks)
Tried aggregator 1 time.
Detecting symmetries...
MIP Presolve modified 40 coefficients.
Reduced MIP has 960 rows, 1068 columns, and 2852 nonzeros.
Reduced MIP has 448 binaries, 0 generals, 0 SOSs, and 0 indicators.
Presolve time = 0.00 sec. (3.57 ticks)
Represolve time = 0.03 sec. (28.04 ticks)
Probing time = 0.00 sec. (1.03 ticks)
Clique table members: 75.
MIP emphasis: balance optimality and feasibility.
MIP search method: dynamic search.
Parallel mode: deterministic, using up to 31 threads.
Parallel mode: deterministic, using up to 31 threads for concurrent optimization:
 * Starting dual Simplex on 1 thread...
 * Starting Barrier on 29 threads...
 * Starting primal Simplex on 1 thread...
Tried aggregator 1 time.
LP Presolve eliminated 2 rows and 1 columns.
Aggregator did 452 substitutions.
Reduced LP has 509 rows, 615 columns, and 1954 nonzeros.
Presolve time = 0.00 sec. (0.82 ticks)

Iteration log . . .
Iteration:     1   Dual objective     =       -390638.482101
Initializing dual steep norms . . .

Dual simplex solved model.

Initializing dual steep norms . . .

Iteration log . . .
Iteration:     1   Dual objective     =       -390638.482101
Root relaxation solution time = 0.00 sec. (2.14 ticks)

        Nodes                                         Cuts/
   Node  Left     Objective  IInf  Best Integer    Best Bound    ItCnt     Gap

*     0+    0                      -390638.0326  -390712.7247             0.02%
Found incumbent of value -390638.032641 after 15.23 sec. (601.33 ticks)
      0     0  -390638.4821     1  -390638.0326  -390638.4821     1369    0.00%

Implied bound cuts applied:  1
Mixed integer rounding cuts applied:  1
Gomory fractional cuts applied:  1

Root node processing (before b&c):
  Real time             =   15.24 sec. (602.85 ticks)
Parallel b&c, 31 threads:
  Real time             =    0.00 sec. (0.00 ticks)
  Sync time (average)   =    0.00 sec.
  Wait time (average)   =    0.00 sec.
                          ------------
Total (root+branch&cut) =   15.24 sec. (602.85 ticks)

--- MIP status (102): integer optimal, tolerance.
--- Cplex Time: 15.25sec (det. 602.87 ticks)

--- Fixing integer variables and solving final LP...

Version identifier: 20.1.0.1 | 2021-04-07 | 3a818710c
CPXPARAM_Advance                                 2
CPXPARAM_Threads                                 31
CPXPARAM_Parallel                                1
CPXPARAM_MIP_Display                             4
CPXPARAM_MIP_Pool_Capacity                       0
CPXPARAM_TimeLimit                               1000000
CPXPARAM_MIP_Tolerances_AbsMIPGap                0
Parallel mode: deterministic, using up to 31 threads for concurrent optimization:
 * Starting dual Simplex on 1 thread...
 * Starting Barrier on 29 threads...
 * Starting primal Simplex on 1 thread...
Tried aggregator 1 time.
LP Presolve eliminated 12881 rows and 8499 columns.
Aggregator did 335 substitutions.
Reduced LP has 17 rows, 16 columns, and 47 nonzeros.
Presolve time = 0.01 sec. (7.48 ticks)
Initializing dual steep norms . . .

Iteration log . . .
Iteration:     1   Dual objective     =       -390638.032641

Dual simplex solved model.


--- Fixed MIP status (1): optimal.
--- Cplex Time: 0.02sec (det. 13.93 ticks)


Solution satisfies tolerances
MIP Solution:      -390638.032641    (1369 iterations, 0 nodes)
Final Solve:       -390638.032641    (13 iterations)

Best possible:     -390638.482101
Absolute gap:            0.449460
Relative gap:            0.000001

--- Reading solution for model model_policy
--- Executing after solve: elapsed 0:00:15.653
--- policy.gms(273) 8 Mb--- policy.gms(403) 8 Mb
--- GDX File (execute_unload) /zhome/f0/5/124363/J3-HPC/results/E/E_095_110/policy.gdx
*** Status: Normal completion
--- Job policy.gms Stop 09/29/24 20:38:04 elapsed 0:00:15.672
