--- Job policy Start 09/30/24 14:49:46 37.1.0 r07954d5 LEX-LEG x86 64bit/Linux
--- Applying:
    /appl/gams/37.1.0/gmsprmun.txt
--- GAMS Parameters defined
    Input /zhome/f0/5/124363/J3-HPC/scripts/gams/policy.gms
    Output /zhome/f0/5/124363/J3-HPC/results/A/A_085_110/policy.lst
    ScrDir /zhome/f0/5/124363/J3-HPC/225k/
    SysDir /appl/gams/37.1.0/
    --project A
    --scenario A_085_110
    --timeseries spacing_120
    --tax_carbon no
    --subsidy_capex no
    --subsidy_opex yes
    --subsidy_carbon no
Licensee: Large MUD - 20 User License                    G221124|0002AP-GEN
          Technical University of Denmark, Management Engineering    DC8611
          /appl/gams/37.1.0/gamslice.txt
          License Admin: Thomas Stidsen, thst@man.dtu.dk                   
Processor information: 2 socket(s), 32 core(s), and 32 thread(s) available
GAMS 37.1.0   Copyright (C) 1987-2021 GAMS Development. All rights reserved
--- Starting compilation
--- policy.gms(44) 2 Mb
--- call mkdir -p ./results/A/A_085_110/
--- policy.gms(51) 2 Mb
--- call gams scripts/gams/parameters.gms --project=A --scenario=A_085_110 --timeseries=spacing_120 o=results/A/A_085_110//parameters.lst
--- Job parameters.gms Start 09/30/24 14:49:46 37.1.0 r07954d5 LEX-LEG x86 64bit/Linux
--- Applying:
    /appl/gams/37.1.0/gmsprmun.txt
--- GAMS Parameters defined
    Input /zhome/f0/5/124363/J3-HPC/scripts/gams/parameters.gms
    Output /zhome/f0/5/124363/J3-HPC/results/A/A_085_110/parameters.lst
    ScrDir /zhome/f0/5/124363/J3-HPC/225o/
    SysDir /appl/gams/37.1.0/
    --project A
    --scenario A_085_110
    --timeseries spacing_120
Licensee: Large MUD - 20 User License                    G221124|0002AP-GEN
          Technical University of Denmark, Management Engineering    DC8611
          /appl/gams/37.1.0/gamslice.txt
          License Admin: Thomas Stidsen, thst@man.dtu.dk                   
Processor information: 2 socket(s), 32 core(s), and 32 thread(s) available
GAMS 37.1.0   Copyright (C) 1987-2021 GAMS Development. All rights reserved
--- Starting compilation
--- parameters.gms(37) 2 Mb
--- call mkdir -p ./results/A/A_085_110/
--- parameters.gms(49) 2 Mb
--- . ts-timesteps.csv(73) 3 Mb
--- parameters.gms(58) 3 Mb
--- . name-generator.csv(27) 3 Mb
--- parameters.gms(66) 3 Mb
--- . name-fuel.csv(13) 3 Mb
--- parameters.gms(74) 3 Mb
--- . map-generator-fuel.csv(27) 3 Mb
--- parameters.gms(89) 3 Mb
--- . attribute-generator.csv(16) 3 Mb
--- parameters.gms(96) 3 Mb
--- . attribute-fuel.csv(5) 3 Mb
--- parameters.gms(103) 3 Mb
--- . attribute-other.csv(2) 3 Mb
--- parameters.gms(111) 3 Mb
--- . data-generator.csv(29) 3 Mb
--- parameters.gms(118) 3 Mb
--- . data-fuel.csv(15) 3 Mb
--- parameters.gms(125) 3 Mb
--- . data-other.csv(2) 3 Mb
--- parameters.gms(203) 3 Mb
--- . ts-demand-heat.csv(73) 3 Mb
--- parameters.gms(211) 3 Mb
--- . ts-electricity-price.csv(73) 3 Mb
--- parameters.gms(219) 3 Mb
--- . ts-electricity-carbon.csv(73) 3 Mb
--- parameters.gms(228) 3 Mb
--- . ts-generator-availability.csv(74) 3 Mb
--- parameters.gms(235) 3 Mb
--- . ts-generator-efficiency.csv(74) 3 Mb
--- parameters.gms(286) 3 Mb
--- Starting execution: elapsed 0:00:00.031
--- parameters.gms(859) 5 Mb
--- GDX File (execute_unload) /zhome/f0/5/124363/J3-HPC/results/A/A_085_110/parameters.gdx
*** Status: Normal completion
--- Job parameters.gms Stop 09/30/24 14:49:46 elapsed 0:00:00.050
--- policy.gms(55) 2 Mb
--- call gams scripts/gams/baseline.gms   --project=A --scenario=A_085_110 --timeseries=spacing_120 o=results/A/A_085_110//baseline.lst
--- Job baseline.gms Start 09/30/24 14:49:46 37.1.0 r07954d5 LEX-LEG x86 64bit/Linux
--- Applying:
    /appl/gams/37.1.0/gmsprmun.txt
--- GAMS Parameters defined
    Input /zhome/f0/5/124363/J3-HPC/scripts/gams/baseline.gms
    Output /zhome/f0/5/124363/J3-HPC/results/A/A_085_110/baseline.lst
    ScrDir /zhome/f0/5/124363/J3-HPC/225j/
    SysDir /appl/gams/37.1.0/
    --project A
    --scenario A_085_110
    --timeseries spacing_120
Licensee: Large MUD - 20 User License                    G221124|0002AP-GEN
          Technical University of Denmark, Management Engineering    DC8611
          /appl/gams/37.1.0/gamslice.txt
          License Admin: Thomas Stidsen, thst@man.dtu.dk                   
Processor information: 2 socket(s), 32 core(s), and 32 thread(s) available
GAMS 37.1.0   Copyright (C) 1987-2021 GAMS Development. All rights reserved
--- Starting compilation
--- baseline.gms(36) 2 Mb
--- call mkdir -p ./results/A/A_085_110/
--- baseline.gms(41) 2 Mb
--- call gams scripts/gams/parameters.gms --project=A --scenario=A_085_110 --timeseries=spacing_120 o=results/A/A_085_110//parameters.lst
--- Job parameters.gms Start 09/30/24 14:49:46 37.1.0 r07954d5 LEX-LEG x86 64bit/Linux
--- Applying:
    /appl/gams/37.1.0/gmsprmun.txt
--- GAMS Parameters defined
    Input /zhome/f0/5/124363/J3-HPC/scripts/gams/parameters.gms
    Output /zhome/f0/5/124363/J3-HPC/results/A/A_085_110/parameters.lst
    ScrDir /zhome/f0/5/124363/J3-HPC/225p/
    SysDir /appl/gams/37.1.0/
    --project A
    --scenario A_085_110
    --timeseries spacing_120
Licensee: Large MUD - 20 User License                    G221124|0002AP-GEN
          Technical University of Denmark, Management Engineering    DC8611
          /appl/gams/37.1.0/gamslice.txt
          License Admin: Thomas Stidsen, thst@man.dtu.dk                   
Processor information: 2 socket(s), 32 core(s), and 32 thread(s) available
GAMS 37.1.0   Copyright (C) 1987-2021 GAMS Development. All rights reserved
--- Starting compilation
--- parameters.gms(37) 2 Mb
--- call mkdir -p ./results/A/A_085_110/
--- parameters.gms(49) 2 Mb
--- . ts-timesteps.csv(73) 3 Mb
--- parameters.gms(58) 3 Mb
--- . name-generator.csv(27) 3 Mb
--- parameters.gms(66) 3 Mb
--- . name-fuel.csv(13) 3 Mb
--- parameters.gms(74) 3 Mb
--- . map-generator-fuel.csv(27) 3 Mb
--- parameters.gms(89) 3 Mb
--- . attribute-generator.csv(16) 3 Mb
--- parameters.gms(96) 3 Mb
--- . attribute-fuel.csv(5) 3 Mb
--- parameters.gms(103) 3 Mb
--- . attribute-other.csv(2) 3 Mb
--- parameters.gms(111) 3 Mb
--- . data-generator.csv(29) 3 Mb
--- parameters.gms(118) 3 Mb
--- . data-fuel.csv(15) 3 Mb
--- parameters.gms(125) 3 Mb
--- . data-other.csv(2) 3 Mb
--- parameters.gms(203) 3 Mb
--- . ts-demand-heat.csv(73) 3 Mb
--- parameters.gms(211) 3 Mb
--- . ts-electricity-price.csv(73) 3 Mb
--- parameters.gms(219) 3 Mb
--- . ts-electricity-carbon.csv(73) 3 Mb
--- parameters.gms(228) 3 Mb
--- . ts-generator-availability.csv(74) 3 Mb
--- parameters.gms(235) 3 Mb
--- . ts-generator-efficiency.csv(74) 3 Mb
--- parameters.gms(286) 3 Mb
--- Starting execution: elapsed 0:00:00.021
--- parameters.gms(859) 5 Mb
--- GDX File (execute_unload) /zhome/f0/5/124363/J3-HPC/results/A/A_085_110/parameters.gdx
*** Status: Normal completion
--- Job parameters.gms Stop 09/30/24 14:49:46 elapsed 0:00:00.038
--- baseline.gms(77) 2 Mb
--- GDXin=/zhome/f0/5/124363/J3-HPC/results/A/A_085_110/parameters.gdx
--- GDX File ($gdxIn) /zhome/f0/5/124363/J3-HPC/results/A/A_085_110/parameters.gdx
--- baseline.gms(180) 3 Mb
--- Starting execution: elapsed 0:00:00.071
--- baseline.gms(132) 4 Mb
--- Generating LP model model_baseline
--- baseline.gms(134) 5 Mb
---   2,483 rows  1,978 columns  6,796 non-zeroes
--- Executing CPLEX (Solvelink=2): elapsed 0:00:00.090

IBM ILOG CPLEX   37.1.0 r07954d5 Released Nov 11, 2021 LEG x86 64bit/Linux    

--- GAMS/Cplex Link licensed for continuous and discrete problems.

Reading parameter(s) from "/zhome/f0/5/124363/J3-HPC/cplex.opt"
>>  Threads -1
Finished reading from "/zhome/f0/5/124363/J3-HPC/cplex.opt"

--- GMO setup time: 0.00s
--- Space for names approximately 0.15 Mb
--- Use option 'names no' to turn use of names off
--- GMO memory 1.01 Mb (peak 1.02 Mb)
--- Dictionary memory 0.00 Mb
--- Cplex 20.1.0.1 link memory 0.07 Mb (peak 0.31 Mb)
--- Starting Cplex

Version identifier: 20.1.0.1 | 2021-04-07 | 3a818710c
CPXPARAM_Advance                                 0
CPXPARAM_Threads                                 31
CPXPARAM_Parallel                                1
CPXPARAM_MIP_Display                             4
CPXPARAM_MIP_Pool_Capacity                       0
CPXPARAM_MIP_Tolerances_AbsMIPGap                0
Tried aggregator 1 time.
LP Presolve eliminated 2035 rows and 282 columns.
Reduced LP has 447 rows, 1696 columns, and 2438 nonzeros.
Presolve time = 0.01 sec. (2.05 ticks)

Iteration log . . .
Iteration:     1   Dual objective     =      -2787736.838177
Iteration:   117   Dual objective     =       3871891.781294

--- LP status (1): optimal.
--- Cplex Time: 0.01sec (det. 3.54 ticks)


Optimal solution found
Objective:      4007592.442075

--- Reading solution for model model_baseline
--- Executing after solve: elapsed 0:00:00.161
--- baseline.gms(176) 5 Mb
--- GDX File (execute_unload) /zhome/f0/5/124363/J3-HPC/results/A/A_085_110/baseline.gdx
*** Status: Normal completion
--- Job baseline.gms Stop 09/30/24 14:49:46 elapsed 0:00:00.167
--- policy.gms(56) 2 Mb--- policy.gms(113) 2 Mb
--- GDXin=/zhome/f0/5/124363/J3-HPC/results/A/A_085_110/parameters.gdx
--- GDX File ($gdxIn) /zhome/f0/5/124363/J3-HPC/results/A/A_085_110/parameters.gdx
--- policy.gms(123) 3 Mb
--- GDXin=/zhome/f0/5/124363/J3-HPC/results/A/A_085_110/baseline.gdx
--- GDX File ($gdxIn) /zhome/f0/5/124363/J3-HPC/results/A/A_085_110/baseline.gdx
--- policy.gms(406) 3 Mb
--- Starting execution: elapsed 0:00:00.290
--- policy.gms(255) 4 Mb
--- Generating MIP model model_policy
--- policy.gms(256) 8 Mb
---   13,234 rows  8,850 columns  40,698 non-zeroes
---   4,386 discrete-columns
--- Executing CPLEX (Solvelink=2): elapsed 0:00:00.325

IBM ILOG CPLEX   37.1.0 r07954d5 Released Nov 11, 2021 LEG x86 64bit/Linux    

--- GAMS/Cplex Link licensed for continuous and discrete problems.

Reading parameter(s) from "/zhome/f0/5/124363/J3-HPC/cplex.opt"
>>  Threads -1
Finished reading from "/zhome/f0/5/124363/J3-HPC/cplex.opt"

--- GMO setup time: 0.00s
--- Space for names approximately 0.84 Mb
--- Use option 'names no' to turn use of names off
--- GMO memory 4.51 Mb (peak 4.58 Mb)
--- Dictionary memory 0.00 Mb
--- Cplex 20.1.0.1 link memory 0.32 Mb (peak 1.77 Mb)
--- Starting Cplex

Version identifier: 20.1.0.1 | 2021-04-07 | 3a818710c
CPXPARAM_Advance                                 0
CPXPARAM_Threads                                 31
CPXPARAM_Parallel                                1
CPXPARAM_MIP_Display                             4
CPXPARAM_MIP_Pool_Capacity                       0
CPXPARAM_TimeLimit                               1000000
CPXPARAM_MIP_Tolerances_AbsMIPGap                0
Generic callback                                 0x50
Tried aggregator 1 time.
MIP Presolve eliminated 3132 rows and 920 columns.
MIP Presolve modified 6012 coefficients.
Reduced MIP has 10101 rows, 7930 columns, and 29355 nonzeros.
Reduced MIP has 3928 binaries, 0 generals, 0 SOSs, and 0 indicators.
Presolve time = 0.02 sec. (16.19 ticks)
Probing fixed 1917 vars, tightened 4754 bounds.
Probing time = 0.18 sec. (113.73 ticks)
Tried aggregator 2 times.
MIP Presolve eliminated 4498 rows and 2893 columns.
MIP Presolve modified 2387 coefficients.
Aggregator did 347 substitutions.
Reduced MIP has 5256 rows, 4690 columns, and 17274 nonzeros.
Reduced MIP has 2009 binaries, 0 generals, 0 SOSs, and 0 indicators.
Presolve time = 0.02 sec. (16.46 ticks)
Probing fixed 7 vars, tightened 1072 bounds.
Probing time = 0.05 sec. (28.74 ticks)
Cover probing fixed 0 vars, tightened 5 bounds.
Tried aggregator 2 times.
Detecting symmetries...
MIP Presolve eliminated 17 rows and 14 columns.
MIP Presolve modified 947 coefficients.
Aggregator did 1 substitutions.
Reduced MIP has 5238 rows, 4675 columns, and 17235 nonzeros.
Reduced MIP has 2002 binaries, 0 generals, 0 SOSs, and 0 indicators.
Presolve time = 0.02 sec. (12.78 ticks)
Probing fixed 0 vars, tightened 290 bounds.
Probing time = 0.04 sec. (23.49 ticks)
Clique table members: 21873.
MIP emphasis: balance optimality and feasibility.
MIP search method: dynamic search.
Parallel mode: deterministic, using up to 31 threads.
Parallel mode: deterministic, using up to 4 threads for parallel tasks at root LP.
Parallel mode: deterministic, using up to 27 threads for concurrent optimization:
 * Starting dual Simplex on 1 thread...
 * Starting Barrier on 25 threads...
 * Starting primal Simplex on 1 thread...
Tried aggregator 1 time.
Aggregator did 1997 substitutions.
Reduced LP has 3241 rows, 2678 columns, and 12321 nonzeros.
Presolve time = 0.01 sec. (3.92 ticks)

Iteration log . . .
Iteration:     1   Dual objective     =      -7361518.399079
Iteration:   132   Dual objective     =       -467453.244803
Iteration:   238   Dual objective     =       -213361.575746
Iteration:   352   Dual objective     =       -141697.478032
Iteration:   461   Dual objective     =        -60305.743989
Perturbation started.
Iteration:   505   Dual objective     =        -60305.743989
Iteration:   637   Dual objective     =        -55166.405059
Iteration:   730   Dual objective     =         39800.038276
Iteration:   833   Dual objective     =        426166.583072
Iteration:   936   Dual objective     =        590707.097963
Iteration:  1035   Dual objective     =        695963.025356
Removing perturbation.
Initializing dual steep norms . . .

Dual simplex solved model.

Initializing dual steep norms . . .

Iteration log . . .
Iteration:     1   Dual objective     =        745153.069444
Root relaxation solution time = 0.14 sec. (87.87 ticks)

        Nodes                                         Cuts/
   Node  Left     Objective  IInf  Best Integer    Best Bound    ItCnt     Gap

      0     0   745153.0694   147                 745153.0694     1110         
      0     0  1260529.3497   238                   Cuts: 628     2046         
      0     0  1341395.2325   295                   Cuts: 865     2500         
      0     0  1359589.9976   310                   Cuts: 937     2785         
      0     0  1371612.9816   349                   Cuts: 901     3031         
      0     0  1374793.0072   356                   Cuts: 817     3201         
Detecting symmetries...
      0     0  1379875.5640   375                   Cuts: 851     3389         
      0     0  1388572.2786   367                   Cuts: 833     3511         
      0     0  1458620.5789   381                   Cuts: 462     3938         
      0     0  1474408.1301   393                   Cuts: 866     4278         
      0     0  1505922.4472   382                   Cuts: 546     4662         
      0     0  1518957.1163   408                   Cuts: 581     5019         
      0     0  1530780.0052   422                   Cuts: 478     5331         
      0     0  1535555.1504   426                   Cuts: 619     5579         
      0     0  1538024.9291   427                   Cuts: 422     5758         
      0     0  1547593.7053   469                   Cuts: 543     5997         
      0     0  1551497.3000   438                   Cuts: 297     6208         
      0     0  1553444.9362   450                   Cuts: 340     6378         
      0     0  1554931.8635   433                   Cuts: 252     6551         
      0     0  1556495.3388   444                   Cuts: 280     6656         
      0     0  1557096.7434   465                   Cuts: 151     6743         
      0     0  1557658.9575   476                   Cuts: 150     6809         
      0     0  1557956.4653   472                   Cuts: 163     6866         
      0     0  1558309.1388   475                   Cuts: 153     6917         
Detecting symmetries...
      0     2  1558309.1388   475                1606570.5045     6917         
Elapsed time = 10.18 sec. (5703.95 ticks, tree = 0.02 MB)
      5     5  1729323.9599   505                1673733.4728     8655         
     33    15  2124205.1321   379                1753719.2662    13288         
                                                    Cuts: 106                  
     69    25  4481532.8876   478                1877640.9409    19547         
                                                    Cuts: 371                  
    115    67  4185140.1562   447                1908245.5200    65123         
                                                     Cuts: 77                  
    158    92  5385873.9389   287                1908245.5200    96344         
    196    60    infeasible                      1908245.5200   179899         
    234    53  5544259.5361   217                1908245.5200   189344         
    594   168  5031256.7545   146                1908245.5200   249786         
                                                 Impl Bds: 99                  
   1190    71  8059212.0523   195                1908245.5200   244711         
                                                 Impl Bds: 43                  
   3029  1322  4339630.3784   415                1908245.5200   356411         
                                                    Cuts: 368                  
Elapsed time = 27.92 sec. (8837.51 ticks, tree = 17.24 MB)
   3951  1471  6637447.2619   142                2709070.9227   534601         
                                                     Cuts: 85                  
                                                 Impl Bds: 15                  
   6130  2239  3484956.0569   296                2746117.0648   631498         
   6977  2676    infeasible                      2871744.2563   759159         
                                                     Cuts: 35                  
   8074  2038    infeasible                      2891058.1917   918183         
                                                     Cuts: 28                  

Performing restart 1

Repeating presolve.
Tried aggregator 2 times.
MIP Presolve modified 447 coefficients.
Aggregator did 51 substitutions.
Reduced MIP has 5187 rows, 4624 columns, and 16681 nonzeros.
Reduced MIP has 2002 binaries, 0 generals, 0 SOSs, and 0 indicators.
Presolve time = 0.01 sec. (9.72 ticks)
Tried aggregator 1 time.
MIP Presolve eliminated 0 rows and 465 columns.
Reduced MIP has 5187 rows, 4159 columns, and 16681 nonzeros.
Reduced MIP has 2002 binaries, 0 generals, 0 SOSs, and 0 indicators.
Presolve time = 0.01 sec. (6.85 ticks)
Tried aggregator 1 time.
Reduced MIP has 5187 rows, 4159 columns, and 16681 nonzeros.
Reduced MIP has 2002 binaries, 0 generals, 0 SOSs, and 0 indicators.
Presolve time = 0.02 sec. (9.93 ticks)
Represolve time = 0.21 sec. (96.41 ticks)
Tried aggregator 1 time.
LP Presolve eliminated 124 rows and 0 columns.
Aggregator did 1257 substitutions.
Reduced LP has 6779 rows, 2902 columns, and 24934 nonzeros.
Presolve time = 0.01 sec. (5.87 ticks)
Initializing dual steep norms . . .

Iteration log . . .
Iteration:     1   Dual objective     =      -4371132.717508
Iteration:   259   Dual objective     =      -1161157.091614
Iteration:   462   Dual objective     =       -532531.807012
Iteration:   794   Dual objective     =       -165485.279629
Iteration:  1046   Dual objective     =        147937.435608
Iteration:  1224   Dual objective     =        325228.444680
Iteration:  1382   Dual objective     =        840759.142740
Iteration:  1522   Dual objective     =       1033813.755247
Iteration:  1659   Dual objective     =       1167563.457402
Iteration:  1792   Dual objective     =       1241413.966735
Iteration:  1906   Dual objective     =       1294182.067948
Iteration:  2016   Dual objective     =       1384178.677725
Iteration:  2124   Dual objective     =       1434266.052250
Iteration:  2231   Dual objective     =       1483610.938965
Iteration:  2337   Dual objective     =       1506937.239972
Iteration:  2452   Dual objective     =       1521786.778704
Iteration:  2557   Dual objective     =       1533165.551781
Iteration:  2663   Dual objective     =       1545599.005051
Iteration:  2778   Dual objective     =       1550626.667818
Iteration:  2881   Dual objective     =       1553375.740905
Iteration:  2997   Dual objective     =       1557582.034810
Iteration:  3110   Dual objective     =       1559618.864066
Initializing dual steep norms . . .

Iteration log . . .
Iteration:     1   Dual objective     =       1560552.865947
   8292     0  1622602.0051   526                  Cuts: 1097   985602         
   8292     0  1634390.8542   582                   Cuts: 947   986073         
   8292     0  1642254.1604   578                  Cuts: 1125   986391         
   8292     0  1644021.2672   587                  Cuts: 1034   986570         
   8292     0  1654758.0086   580                   Cuts: 523   986801         
   8292     0  1656879.7961   571                   Cuts: 682   986963         
   8292     0  1657675.3267   572                   Cuts: 318   987117         
   8292     2  1657675.3267   571                2891058.1917   987117         
   8293     3  1818998.7837   573                2891058.1917   988352         
   8295     5  1775200.1314   501                2891058.1917   989190         
   8307     7   1.35000e+07   371                2891058.1917   997178         
   8336    16  7046441.0805   259                2891058.1917  1014608         
                                                     Cuts: 90                  
   8476    48  7842521.7550   126                2891058.1917  1049894         
                                                     Cuts: 72                  
Elapsed time = 80.69 sec. (30220.24 ticks, tree = 0.12 MB)
*  8642    73      integral     0  8331234.5413  2891058.1917  1084498   65.30%
Found incumbent of value 8331234.541284 after 82.04 sec. (30583.76 ticks)
  11103   326  7880176.1692   195  8331234.5413  2891058.1917  1137410   65.30%
                                                    Cuts: 132                  
  12575   303    infeasible        8331234.5413  2891058.1917  1242788   65.30%
                                                    Cuts: 144                  
* 13869+  235                      7837556.7274  2891058.1917            63.11%
                                                     Cuts: 91                  
Found incumbent of value 7837556.727362 after 90.44 sec. (32480.69 ticks)
* 14143+  249                      7722280.8404  2891058.1917            62.56%
Found incumbent of value 7722280.840414 after 90.84 sec. (32563.77 ticks)
  14994   398    infeasible        7722280.8404  2891058.1917  1420780   62.56%
                                                     Cuts: 76                  

Performing restart 2

Repeating presolve.
Tried aggregator 1 time.
Reduced MIP has 5187 rows, 4159 columns, and 17304 nonzeros.
Reduced MIP has 2002 binaries, 0 generals, 0 SOSs, and 0 indicators.
Presolve time = 0.01 sec. (6.95 ticks)
Tried aggregator 1 time.
MIP Presolve modified 3 coefficients.
Reduced MIP has 5187 rows, 4159 columns, and 17304 nonzeros.
Reduced MIP has 2002 binaries, 0 generals, 0 SOSs, and 0 indicators.
Presolve time = 0.02 sec. (10.19 ticks)
Represolve time = 0.14 sec. (65.82 ticks)
Tried aggregator 1 time.
LP Presolve eliminated 24 rows and 0 columns.
Aggregator did 1219 substitutions.
Reduced LP has 5725 rows, 2940 columns, and 23428 nonzeros.
Presolve time = 0.01 sec. (5.23 ticks)
Initializing dual steep norms . . .

Iteration log . . .
Iteration:     1   Dual objective     =      -4371132.717508
Iteration:   144   Dual objective     =      -1282046.517352
Iteration:   322   Dual objective     =      -1182031.009919
Iteration:   474   Dual objective     =       -881581.295657
Iteration:   645   Dual objective     =         91112.549972
Iteration:   812   Dual objective     =        484812.528043
Iteration:   994   Dual objective     =        731342.667357
Iteration:  1131   Dual objective     =        942553.859642
Iteration:  1288   Dual objective     =       1135686.023891
Iteration:  1404   Dual objective     =       1195692.870308
Iteration:  1519   Dual objective     =       1282146.366448
Iteration:  1623   Dual objective     =       1379130.785389
Iteration:  1748   Dual objective     =       1448275.764099
Iteration:  1872   Dual objective     =       1508250.035500
Iteration:  1996   Dual objective     =       1539519.644246
Iteration:  2110   Dual objective     =       1562130.406131
Iteration:  2213   Dual objective     =       1582925.558656
Iteration:  2317   Dual objective     =       1598396.596664
Iteration:  2417   Dual objective     =       1615480.621012
Iteration:  2515   Dual objective     =       1642720.255488
Iteration:  2619   Dual objective     =       1652983.291152
Iteration:  2712   Dual objective     =       1659303.831829
Iteration:  2814   Dual objective     =       1661787.782119
Iteration:  2923   Dual objective     =       1662625.958038
Initializing dual steep norms . . .

Iteration log . . .
Iteration:     1   Dual objective     =       1662626.076090
  15205     0  1700146.2091   612  7722280.8404     Cuts: 935  1484952   62.56%
  15205     0  1711904.0531   612  7722280.8404     Cuts: 859  1485263   62.56%
  15205     0  1725815.2728   632  7722280.8404     Cuts: 959  1485651   62.56%
  15205     0  1736010.4812   657  7722280.8404     Cuts: 635  1485980   62.56%
  15205     0  1741548.1440   655  7722280.8404     Cuts: 376  1486269   62.56%
  15205     0  1742566.2752   650  7722280.8404     Cuts: 391  1486467   62.56%

Repeating presolve.
Tried aggregator 1 time.
Reduced MIP has 5187 rows, 4159 columns, and 17829 nonzeros.
Reduced MIP has 2002 binaries, 0 generals, 0 SOSs, and 0 indicators.
Presolve time = 0.01 sec. (7.15 ticks)
Tried aggregator 1 time.
Reduced MIP has 5187 rows, 4159 columns, and 17829 nonzeros.
Reduced MIP has 2002 binaries, 0 generals, 0 SOSs, and 0 indicators.
Presolve time = 0.02 sec. (10.61 ticks)
Represolve time = 0.15 sec. (72.48 ticks)
Tried aggregator 1 time.
LP Presolve eliminated 16 rows and 0 columns.
Aggregator did 1452 substitutions.
Reduced LP has 4627 rows, 2707 columns, and 19503 nonzeros.
Presolve time = 0.01 sec. (4.73 ticks)
Initializing dual steep norms . . .

Iteration log . . .
Iteration:     1   Dual objective     =      -4371132.717508
Iteration:   213   Dual objective     =      -1261128.115145
Iteration:   339   Dual objective     =       -950971.255017
Iteration:   464   Dual objective     =       -671658.950596
Iteration:   644   Dual objective     =        -81419.844276
Iteration:   793   Dual objective     =        246067.556246
Iteration:  1027   Dual objective     =        710698.890095
Iteration:  1156   Dual objective     =        997056.562821
Iteration:  1289   Dual objective     =       1124862.542361
Iteration:  1398   Dual objective     =       1252001.209238
Iteration:  1512   Dual objective     =       1366351.415523
Iteration:  1624   Dual objective     =       1454629.672155
Iteration:  1738   Dual objective     =       1514032.293721
Iteration:  1837   Dual objective     =       1553358.223597
Iteration:  1938   Dual objective     =       1610273.762739
Iteration:  2041   Dual objective     =       1649762.396737
Iteration:  2130   Dual objective     =       1687570.601377
Iteration:  2235   Dual objective     =       1708759.612786
Iteration:  2326   Dual objective     =       1719986.408301
Iteration:  2423   Dual objective     =       1726423.043844
Iteration:  2518   Dual objective     =       1734743.652499
Iteration:  2609   Dual objective     =       1739218.949664
Iteration:  2698   Dual objective     =       1741217.613251
Initializing dual steep norms . . .

Iteration log . . .
Iteration:     1   Dual objective     =       1742566.275243
  15205     0  1748471.6951   670  7722280.8404    Cuts: 1337  1489777   62.56%
  15205     0  1757522.4062   700  7722280.8404    Cuts: 1004  1490178   62.56%
  15205     0  1763368.2591   702  7722280.8404     Cuts: 441  1490485   62.56%
  15205     0  1765846.4817   699  7722280.8404     Cuts: 327  1490696   62.56%
  15205     0  1767023.2722   697  7722280.8404     Cuts: 218  1490835   62.56%
  15205     0  1776413.2379   704  7722280.8404     Cuts: 279  1491052   62.56%
  15205     2  1776413.2379   703  7722280.8404  2891058.1917  1491052   62.56%
  15208     4  1795681.0869   667  7722280.8404  2891058.1917  1491512   62.56%
  15220    10  5346197.6086   311  7722280.8404  2891058.1917  1505612   62.56%
  15237    12  5374108.7134   304  7722280.8404  2891058.1917  1515365   62.56%
  15289    18  5357860.8705   275  7722280.8404  2891058.1917  1540808   62.56%
  15541    38  3643591.0363   342  7722280.8404  2891058.1917  1578194   62.56%
                                                    Cuts: 427                  
  15948   113  4768099.4238   309  7722280.8404  2891058.1917  1654211   62.56%
                                                    Cuts: 152                  
Elapsed time = 142.44 sec. (56090.70 ticks, tree = 0.16 MB)
  16521   154        cutoff        7722280.8404  2891058.1917  1777075   62.56%
                                                     Cuts: 94                  
  16997   179  7598177.0871   216  7722280.8404  2891058.1917  1966503   62.56%
                                                    Cuts: 109                  
  18050    90  7707455.1564     6  7722280.8404  2891058.1917  2074963   62.56%
                                                 Impl Bds: 15                  
  20905   501  7722197.6848     1  7722280.8404  2891058.1917  2178294   62.56%
  21094   542        cutoff        7722280.8404  2891058.1917  2212769   62.56%

GUB cover cuts applied:  13
Clique cuts applied:  207
Cover cuts applied:  161
Implied bound cuts applied:  395
Flow cuts applied:  633
Mixed integer rounding cuts applied:  333
Lift and project cuts applied:  52
Gomory fractional cuts applied:  5

Root node processing (before b&c):
  Real time             =    6.37 sec. (5636.60 ticks)
Parallel b&c, 31 threads:
  Real time             =  164.87 sec. (55843.45 ticks)
  Sync time (average)   =   76.87 sec.
  Wait time (average)   =    0.17 sec.
                          ------------
Total (root+branch&cut) =  171.24 sec. (61480.06 ticks)

--- MIP status (102): integer optimal, tolerance.
--- Cplex Time: 171.25sec (det. 61480.08 ticks)

--- Fixing integer variables and solving final LP...

Version identifier: 20.1.0.1 | 2021-04-07 | 3a818710c
CPXPARAM_Advance                                 2
CPXPARAM_Threads                                 31
CPXPARAM_Parallel                                1
CPXPARAM_MIP_Display                             4
CPXPARAM_MIP_Pool_Capacity                       0
CPXPARAM_TimeLimit                               1000000
CPXPARAM_MIP_Tolerances_AbsMIPGap                0
Parallel mode: deterministic, using up to 31 threads for concurrent optimization:
 * Starting dual Simplex on 1 thread...
 * Starting Barrier on 29 threads...
 * Starting primal Simplex on 1 thread...
Tried aggregator 1 time.
LP Presolve eliminated 13212 rows and 8829 columns.
Aggregator did 21 substitutions.
All rows and columns eliminated.
Presolve time = 0.00 sec. (6.90 ticks)

Dual simplex solved model.


--- Fixed MIP status (1): optimal.
--- Cplex Time: 0.02sec (det. 13.19 ticks)


Solution satisfies tolerances
MIP Solution:      7722280.840414    (2221176 iterations, 21096 nodes)
Final Solve:       7722280.840414    (0 iterations)

Best possible:     7721755.089316
Absolute gap:          525.751098
Relative gap:            0.000068

--- Reading solution for model model_policy
--- Executing after solve: elapsed 0:02:51.712
--- policy.gms(273) 8 Mb--- policy.gms(403) 8 Mb
--- GDX File (execute_unload) /zhome/f0/5/124363/J3-HPC/results/A/A_085_110/policy.gdx
*** Status: Normal completion
--- Job policy.gms Stop 09/30/24 14:52:38 elapsed 0:02:51.732
