--- Job policy Start 09/30/24 14:49:46 37.1.0 r07954d5 LEX-LEG x86 64bit/Linux
--- Applying:
    /appl/gams/37.1.0/gmsprmun.txt
--- GAMS Parameters defined
    Input /zhome/f0/5/124363/J3-HPC/scripts/gams/policy.gms
    Output /zhome/f0/5/124363/J3-HPC/results/A/A_080_120/policy.lst
    ScrDir /zhome/f0/5/124363/J3-HPC/225j/
    SysDir /appl/gams/37.1.0/
    --project A
    --scenario A_080_120
    --timeseries spacing_120
    --tax_carbon no
    --subsidy_capex no
    --subsidy_opex yes
    --subsidy_carbon no
Licensee: Large MUD - 20 User License                    G221124|0002AP-GEN
          Technical University of Denmark, Management Engineering    DC8611
          /appl/gams/37.1.0/gamslice.txt
          License Admin: Thomas Stidsen, thst@man.dtu.dk                   
Processor information: 2 socket(s), 32 core(s), and 32 thread(s) available
GAMS 37.1.0   Copyright (C) 1987-2021 GAMS Development. All rights reserved
--- Starting compilation
--- policy.gms(44) 2 Mb
--- call mkdir -p ./results/A/A_080_120/
--- policy.gms(51) 2 Mb
--- call gams scripts/gams/parameters.gms --project=A --scenario=A_080_120 --timeseries=spacing_120 o=results/A/A_080_120//parameters.lst
--- Job parameters.gms Start 09/30/24 14:49:46 37.1.0 r07954d5 LEX-LEG x86 64bit/Linux
--- Applying:
    /appl/gams/37.1.0/gmsprmun.txt
--- GAMS Parameters defined
    Input /zhome/f0/5/124363/J3-HPC/scripts/gams/parameters.gms
    Output /zhome/f0/5/124363/J3-HPC/results/A/A_080_120/parameters.lst
    ScrDir /zhome/f0/5/124363/J3-HPC/225n/
    SysDir /appl/gams/37.1.0/
    --project A
    --scenario A_080_120
    --timeseries spacing_120
Licensee: Large MUD - 20 User License                    G221124|0002AP-GEN
          Technical University of Denmark, Management Engineering    DC8611
          /appl/gams/37.1.0/gamslice.txt
          License Admin: Thomas Stidsen, thst@man.dtu.dk                   
Processor information: 2 socket(s), 32 core(s), and 32 thread(s) available
GAMS 37.1.0   Copyright (C) 1987-2021 GAMS Development. All rights reserved
--- Starting compilation
--- parameters.gms(37) 2 Mb
--- call mkdir -p ./results/A/A_080_120/
--- parameters.gms(49) 2 Mb
--- . ts-timesteps.csv(73) 3 Mb
--- parameters.gms(58) 3 Mb
--- . name-generator.csv(27) 3 Mb
--- parameters.gms(66) 3 Mb
--- . name-fuel.csv(13) 3 Mb
--- parameters.gms(74) 3 Mb
--- . map-generator-fuel.csv(27) 3 Mb
--- parameters.gms(89) 3 Mb
--- . attribute-generator.csv(16) 3 Mb
--- parameters.gms(96) 3 Mb
--- . attribute-fuel.csv(5) 3 Mb
--- parameters.gms(103) 3 Mb
--- . attribute-other.csv(2) 3 Mb
--- parameters.gms(111) 3 Mb
--- . data-generator.csv(29) 3 Mb
--- parameters.gms(118) 3 Mb
--- . data-fuel.csv(15) 3 Mb
--- parameters.gms(125) 3 Mb
--- . data-other.csv(2) 3 Mb
--- parameters.gms(203) 3 Mb
--- . ts-demand-heat.csv(73) 3 Mb
--- parameters.gms(211) 3 Mb
--- . ts-electricity-price.csv(73) 3 Mb
--- parameters.gms(219) 3 Mb
--- . ts-electricity-carbon.csv(73) 3 Mb
--- parameters.gms(228) 3 Mb
--- . ts-generator-availability.csv(74) 3 Mb
--- parameters.gms(235) 3 Mb
--- . ts-generator-efficiency.csv(74) 3 Mb
--- parameters.gms(286) 3 Mb
--- Starting execution: elapsed 0:00:00.026
--- parameters.gms(859) 5 Mb
--- GDX File (execute_unload) /zhome/f0/5/124363/J3-HPC/results/A/A_080_120/parameters.gdx
*** Status: Normal completion
--- Job parameters.gms Stop 09/30/24 14:49:46 elapsed 0:00:00.043
--- policy.gms(55) 2 Mb
--- call gams scripts/gams/baseline.gms   --project=A --scenario=A_080_120 --timeseries=spacing_120 o=results/A/A_080_120//baseline.lst
--- Job baseline.gms Start 09/30/24 14:49:46 37.1.0 r07954d5 LEX-LEG x86 64bit/Linux
--- Applying:
    /appl/gams/37.1.0/gmsprmun.txt
--- GAMS Parameters defined
    Input /zhome/f0/5/124363/J3-HPC/scripts/gams/baseline.gms
    Output /zhome/f0/5/124363/J3-HPC/results/A/A_080_120/baseline.lst
    ScrDir /zhome/f0/5/124363/J3-HPC/225n/
    SysDir /appl/gams/37.1.0/
    --project A
    --scenario A_080_120
    --timeseries spacing_120
Licensee: Large MUD - 20 User License                    G221124|0002AP-GEN
          Technical University of Denmark, Management Engineering    DC8611
          /appl/gams/37.1.0/gamslice.txt
          License Admin: Thomas Stidsen, thst@man.dtu.dk                   
Processor information: 2 socket(s), 32 core(s), and 32 thread(s) available
GAMS 37.1.0   Copyright (C) 1987-2021 GAMS Development. All rights reserved
--- Starting compilation
--- baseline.gms(36) 2 Mb
--- call mkdir -p ./results/A/A_080_120/
--- baseline.gms(41) 2 Mb
--- call gams scripts/gams/parameters.gms --project=A --scenario=A_080_120 --timeseries=spacing_120 o=results/A/A_080_120//parameters.lst
--- Job parameters.gms Start 09/30/24 14:49:46 37.1.0 r07954d5 LEX-LEG x86 64bit/Linux
--- Applying:
    /appl/gams/37.1.0/gmsprmun.txt
--- GAMS Parameters defined
    Input /zhome/f0/5/124363/J3-HPC/scripts/gams/parameters.gms
    Output /zhome/f0/5/124363/J3-HPC/results/A/A_080_120/parameters.lst
    ScrDir /zhome/f0/5/124363/J3-HPC/225p/
    SysDir /appl/gams/37.1.0/
    --project A
    --scenario A_080_120
    --timeseries spacing_120
Licensee: Large MUD - 20 User License                    G221124|0002AP-GEN
          Technical University of Denmark, Management Engineering    DC8611
          /appl/gams/37.1.0/gamslice.txt
          License Admin: Thomas Stidsen, thst@man.dtu.dk                   
Processor information: 2 socket(s), 32 core(s), and 32 thread(s) available
GAMS 37.1.0   Copyright (C) 1987-2021 GAMS Development. All rights reserved
--- Starting compilation
--- parameters.gms(37) 2 Mb
--- call mkdir -p ./results/A/A_080_120/
--- parameters.gms(49) 2 Mb
--- . ts-timesteps.csv(73) 3 Mb
--- parameters.gms(58) 3 Mb
--- . name-generator.csv(27) 3 Mb
--- parameters.gms(66) 3 Mb
--- . name-fuel.csv(13) 3 Mb
--- parameters.gms(74) 3 Mb
--- . map-generator-fuel.csv(27) 3 Mb
--- parameters.gms(89) 3 Mb
--- . attribute-generator.csv(16) 3 Mb
--- parameters.gms(96) 3 Mb
--- . attribute-fuel.csv(5) 3 Mb
--- parameters.gms(103) 3 Mb
--- . attribute-other.csv(2) 3 Mb
--- parameters.gms(111) 3 Mb
--- . data-generator.csv(29) 3 Mb
--- parameters.gms(118) 3 Mb
--- . data-fuel.csv(15) 3 Mb
--- parameters.gms(125) 3 Mb
--- . data-other.csv(2) 3 Mb
--- parameters.gms(203) 3 Mb
--- . ts-demand-heat.csv(73) 3 Mb
--- parameters.gms(211) 3 Mb
--- . ts-electricity-price.csv(73) 3 Mb
--- parameters.gms(219) 3 Mb
--- . ts-electricity-carbon.csv(73) 3 Mb
--- parameters.gms(228) 3 Mb
--- . ts-generator-availability.csv(74) 3 Mb
--- parameters.gms(235) 3 Mb
--- . ts-generator-efficiency.csv(74) 3 Mb
--- parameters.gms(286) 3 Mb
--- Starting execution: elapsed 0:00:00.021
--- parameters.gms(859) 5 Mb
--- GDX File (execute_unload) /zhome/f0/5/124363/J3-HPC/results/A/A_080_120/parameters.gdx
*** Status: Normal completion
--- Job parameters.gms Stop 09/30/24 14:49:46 elapsed 0:00:00.039
--- baseline.gms(77) 2 Mb
--- GDXin=/zhome/f0/5/124363/J3-HPC/results/A/A_080_120/parameters.gdx
--- GDX File ($gdxIn) /zhome/f0/5/124363/J3-HPC/results/A/A_080_120/parameters.gdx
--- baseline.gms(180) 3 Mb
--- Starting execution: elapsed 0:00:00.073
--- baseline.gms(132) 4 Mb
--- Generating LP model model_baseline
--- baseline.gms(134) 5 Mb
---   2,483 rows  1,978 columns  6,796 non-zeroes
--- Executing CPLEX (Solvelink=2): elapsed 0:00:00.088

IBM ILOG CPLEX   37.1.0 r07954d5 Released Nov 11, 2021 LEG x86 64bit/Linux    

--- GAMS/Cplex Link licensed for continuous and discrete problems.

Reading parameter(s) from "/zhome/f0/5/124363/J3-HPC/cplex.opt"
>>  Threads -1
Finished reading from "/zhome/f0/5/124363/J3-HPC/cplex.opt"

--- GMO setup time: 0.00s
--- Space for names approximately 0.15 Mb
--- Use option 'names no' to turn use of names off
--- GMO memory 1.01 Mb (peak 1.02 Mb)
--- Dictionary memory 0.00 Mb
--- Cplex 20.1.0.1 link memory 0.07 Mb (peak 0.31 Mb)
--- Starting Cplex

Version identifier: 20.1.0.1 | 2021-04-07 | 3a818710c
CPXPARAM_Advance                                 0
CPXPARAM_Threads                                 31
CPXPARAM_Parallel                                1
CPXPARAM_MIP_Display                             4
CPXPARAM_MIP_Pool_Capacity                       0
CPXPARAM_MIP_Tolerances_AbsMIPGap                0
Tried aggregator 1 time.
LP Presolve eliminated 2035 rows and 282 columns.
Reduced LP has 447 rows, 1696 columns, and 2438 nonzeros.
Presolve time = 0.00 sec. (2.05 ticks)

Iteration log . . .
Iteration:     1   Dual objective     =      -2787736.838177
Iteration:   117   Dual objective     =       3871891.781294

--- LP status (1): optimal.
--- Cplex Time: 0.01sec (det. 3.54 ticks)


Optimal solution found
Objective:      4007592.442075

--- Reading solution for model model_baseline
--- Executing after solve: elapsed 0:00:00.121
--- baseline.gms(176) 5 Mb
--- GDX File (execute_unload) /zhome/f0/5/124363/J3-HPC/results/A/A_080_120/baseline.gdx
*** Status: Normal completion
--- Job baseline.gms Stop 09/30/24 14:49:47 elapsed 0:00:00.127
--- policy.gms(56) 2 Mb--- policy.gms(113) 2 Mb
--- GDXin=/zhome/f0/5/124363/J3-HPC/results/A/A_080_120/parameters.gdx
--- GDX File ($gdxIn) /zhome/f0/5/124363/J3-HPC/results/A/A_080_120/parameters.gdx
--- policy.gms(123) 3 Mb
--- GDXin=/zhome/f0/5/124363/J3-HPC/results/A/A_080_120/baseline.gdx
--- GDX File ($gdxIn) /zhome/f0/5/124363/J3-HPC/results/A/A_080_120/baseline.gdx
--- policy.gms(406) 3 Mb
--- Starting execution: elapsed 0:00:00.237
--- policy.gms(255) 4 Mb
--- Generating MIP model model_policy
--- policy.gms(241) 8 Mb--- policy.gms(256) 8 Mb
---   13,234 rows  8,850 columns  40,698 non-zeroes
---   4,386 discrete-columns
--- Executing CPLEX (Solvelink=2): elapsed 0:00:00.273

IBM ILOG CPLEX   37.1.0 r07954d5 Released Nov 11, 2021 LEG x86 64bit/Linux    

--- GAMS/Cplex Link licensed for continuous and discrete problems.

Reading parameter(s) from "/zhome/f0/5/124363/J3-HPC/cplex.opt"
>>  Threads -1
Finished reading from "/zhome/f0/5/124363/J3-HPC/cplex.opt"

--- GMO setup time: 0.00s
--- Space for names approximately 0.84 Mb
--- Use option 'names no' to turn use of names off
--- GMO memory 4.51 Mb (peak 4.58 Mb)
--- Dictionary memory 0.00 Mb
--- Cplex 20.1.0.1 link memory 0.32 Mb (peak 1.77 Mb)
--- Starting Cplex

Version identifier: 20.1.0.1 | 2021-04-07 | 3a818710c
CPXPARAM_Advance                                 0
CPXPARAM_Threads                                 31
CPXPARAM_Parallel                                1
CPXPARAM_MIP_Display                             4
CPXPARAM_MIP_Pool_Capacity                       0
CPXPARAM_TimeLimit                               1000000
CPXPARAM_MIP_Tolerances_AbsMIPGap                0
Generic callback                                 0x50
Tried aggregator 1 time.
MIP Presolve eliminated 3132 rows and 920 columns.
MIP Presolve modified 6012 coefficients.
Reduced MIP has 10101 rows, 7930 columns, and 29355 nonzeros.
Reduced MIP has 3928 binaries, 0 generals, 0 SOSs, and 0 indicators.
Presolve time = 0.02 sec. (16.19 ticks)
Probing fixed 1917 vars, tightened 4754 bounds.
Probing time = 0.19 sec. (113.73 ticks)
Tried aggregator 2 times.
MIP Presolve eliminated 4498 rows and 2893 columns.
MIP Presolve modified 2387 coefficients.
Aggregator did 347 substitutions.
Reduced MIP has 5256 rows, 4690 columns, and 17274 nonzeros.
Reduced MIP has 2009 binaries, 0 generals, 0 SOSs, and 0 indicators.
Presolve time = 0.02 sec. (16.46 ticks)
Probing fixed 9 vars, tightened 1076 bounds.
Probing time = 0.05 sec. (27.48 ticks)
Cover probing fixed 0 vars, tightened 6 bounds.
Tried aggregator 2 times.
Detecting symmetries...
MIP Presolve eliminated 22 rows and 18 columns.
MIP Presolve modified 951 coefficients.
Aggregator did 1 substitutions.
Reduced MIP has 5233 rows, 4671 columns, and 17221 nonzeros.
Reduced MIP has 2000 binaries, 0 generals, 0 SOSs, and 0 indicators.
Presolve time = 0.02 sec. (12.77 ticks)
Probing fixed 0 vars, tightened 293 bounds.
Probing time = 0.04 sec. (21.45 ticks)
Clique table members: 21866.
MIP emphasis: balance optimality and feasibility.
MIP search method: dynamic search.
Parallel mode: deterministic, using up to 31 threads.
Parallel mode: deterministic, using up to 4 threads for parallel tasks at root LP.
Parallel mode: deterministic, using up to 27 threads for concurrent optimization:
 * Starting dual Simplex on 1 thread...
 * Starting Barrier on 25 threads...
 * Starting primal Simplex on 1 thread...
Tried aggregator 1 time.
Aggregator did 1995 substitutions.
Reduced LP has 3238 rows, 2676 columns, and 12311 nonzeros.
Presolve time = 0.01 sec. (3.92 ticks)

Iteration log . . .
Iteration:     1   Dual objective     =      -7356259.025584
Iteration:   130   Dual objective     =      -2205284.863636
Iteration:   242   Dual objective     =       -475336.368674
Iteration:   397   Dual objective     =       -409101.062623
Perturbation started.
Iteration:   404   Dual objective     =       -409101.062623
Iteration:   536   Dual objective     =       -405381.321190
Iteration:   645   Dual objective     =       -253493.779146
Iteration:   773   Dual objective     =       -247102.131050
Iteration:   894   Dual objective     =       -246956.399072
Iteration:   980   Dual objective     =       -242492.501118
Iteration:  1084   Dual objective     =        120937.862591
Iteration:  1198   Dual objective     =        648861.546347
Iteration:  1301   Dual objective     =        819339.765907
Iteration:  1397   Dual objective     =       1117828.188642
Iteration:  1489   Dual objective     =       1240017.697486
Iteration:  1577   Dual objective     =       1317154.220326
Removing perturbation.
Initializing dual steep norms . . .

Dual simplex solved model.

Initializing dual steep norms . . .

Iteration log . . .
Iteration:     1   Dual objective     =       1331279.497988
Root relaxation solution time = 0.24 sec. (184.74 ticks)

        Nodes                                         Cuts/
   Node  Left     Objective  IInf  Best Integer    Best Bound    ItCnt     Gap

      0     0  1331279.4980   186                1331279.4980     1621         
      0     0  2215073.0474   305                   Cuts: 877     2253         
      0     0  2371858.8017   388                  Cuts: 1408     2761         
      0     0  2430395.0841   377                   Cuts: 719     3129         
      0     0  2478768.8935   452                   Cuts: 508     3457         
      0     0  2545383.8382   462                   Cuts: 590     3830         
Detecting symmetries...
      0     0  2583874.0250   521                   Cuts: 476     4135         
      0     0  2594847.0333   518                   Cuts: 458     4366         
      0     0  2603589.8422   517                   Cuts: 423     4601         
      0     0  2610548.7676   543                   Cuts: 354     4787         
      0     0  2614172.7411   545                   Cuts: 306     4910         
      0     0  2614696.6039   520                   Cuts: 233     4976         
      0     0  2615617.0508   539                   Cuts: 223     5042         
      0     0  2616019.0902   543                   Cuts: 193     5116         
      0     0  2616433.4454   544                   Cuts: 228     5161         
      0     0  2617160.2654   543                   Cuts: 156     5224         
      0     0  2617975.0949   556                   Cuts: 185     5303         
      0     0  2618171.1129   566                   Cuts: 134     5345         
      0     0  2618390.8397   535                    Cuts: 77     5394         
      0     0  2819466.5271   506                   Cuts: 208     5906         
      0     0  2833634.9318   540                   Cuts: 592     6255         
      0     0  2839613.3726   557                   Cuts: 457     6464         
      0     0  2841253.3532   556                   Cuts: 344     6635         
      0     0  2843656.8676   561                   Cuts: 359     6787         
      0     0  2844928.5640   561                   Cuts: 209     6906         
      0     0  2845368.7408   559                   Cuts: 164     6992         
Detecting symmetries...
      0     2  2845368.7408   559                2853378.5976     6992         
Elapsed time = 10.89 sec. (5593.45 ticks, tree = 0.02 MB)
      6     7  3091874.1581   581                3006082.5400     8885         
                                                     Cuts: 52                  
     26    13  3324012.5819   627                3191063.8987    13033         
     62    26  3879513.6887   505                3324673.7952    31404         
                                                     Cuts: 31                  
    124    61    infeasible                      3453118.5969    95807         
                                                Impl Bds: 385                  
    162    63   1.09070e+07   322                3453118.5969    94741         
    238    63    infeasible                      3453118.5969   146410         
                                                 Impl Bds: 22                  
    684   203  6159499.9510   296                3554791.4266   220116         
                                                Impl Bds: 119                  
   1247   406    infeasible                      3554791.4266   245162         
                                                Impl Bds: 147                  
   1679   607  7177966.1358   244                3554791.4266   266727         
                                                    Cuts: 174                  
   2314  1018    infeasible                      3554791.4266   386303         
                                                    Cuts: 213                  
Elapsed time = 28.96 sec. (8731.08 ticks, tree = 8.55 MB)
   3521  1478    infeasible                      3554791.4266   516548         
                                                    Cuts: 250                  
   4217  1088    infeasible                      4744863.1403   655577         
                                                     Cuts: 19                  
   5906  1119  7136884.4042   376                4783501.2841   795346         
                                                Impl Bds: 185                  
   6863  1763    infeasible                      4980710.8556   888334         
                                                    Cuts: 187                  
   7398  1225    infeasible                      6225330.0094  1058780         
                                                      Cuts: 7                  
*  7446  1321      integral     0   1.47536e+07  6225330.0094  1027499   57.80%
                                                  Impl Bds: 2                  
Found incumbent of value 1.4753595e+07 after 51.61 sec. (13570.32 ticks)
*  7569+ 1247                       1.18297e+07  6225330.0094            47.38%
                                                  Impl Bds: 4                  
Found incumbent of value 1.1829661e+07 after 52.31 sec. (13732.97 ticks)
*  7827+  475                       1.17705e+07  6312611.1259            46.37%
                                                 Impl Bds: 10                  
Found incumbent of value 1.1770495e+07 after 53.70 sec. (14051.15 ticks)
*  7877   301      integral     0   1.16184e+07  6312611.1259  1182569   45.67%
Found incumbent of value 1.1618393e+07 after 53.99 sec. (14098.44 ticks)
*  8031   300      integral     0   1.16184e+07  6609703.7632  1183914   43.11%
                                                      Cuts: 3                  
Found incumbent of value 1.1618393e+07 after 54.64 sec. (14243.51 ticks)
*  8782   158      integral     0   1.15411e+07  6617427.3049  1205573   42.66%
                                                     Cuts: 11                  
Found incumbent of value 1.1541112e+07 after 55.75 sec. (14498.67 ticks)
*  9036+  127                       1.15192e+07  6617427.3049            42.55%
                                                  Impl Bds: 1                  
Found incumbent of value 1.1519208e+07 after 55.98 sec. (14556.28 ticks)
*  9055+  141                       1.15192e+07  6617427.3049            42.55%
Found incumbent of value 1.1519208e+07 after 56.00 sec. (14560.38 ticks)
*  9246+  156                       1.15127e+07  6617427.3049            42.52%
                                                  Impl Bds: 8                  
Found incumbent of value 1.1512738e+07 after 56.19 sec. (14596.46 ticks)
*  9618+  156                       1.15127e+07  6617427.3049            42.52%
Found incumbent of value 1.1512738e+07 after 56.34 sec. (14653.33 ticks)

Performing restart 1

Repeating presolve.
Tried aggregator 2 times.
MIP Presolve modified 451 coefficients.
Aggregator did 51 substitutions.
Reduced MIP has 5182 rows, 4620 columns, and 16666 nonzeros.
Reduced MIP has 2000 binaries, 0 generals, 0 SOSs, and 0 indicators.
Presolve time = 0.01 sec. (9.71 ticks)
Tried aggregator 1 time.
MIP Presolve eliminated 0 rows and 465 columns.
Reduced MIP has 5182 rows, 4155 columns, and 16666 nonzeros.
Reduced MIP has 2000 binaries, 0 generals, 0 SOSs, and 0 indicators.
Presolve time = 0.01 sec. (6.84 ticks)
Tried aggregator 1 time.
Reduced MIP has 5182 rows, 4155 columns, and 16666 nonzeros.
Reduced MIP has 2000 binaries, 0 generals, 0 SOSs, and 0 indicators.
Presolve time = 0.01 sec. (9.91 ticks)
Represolve time = 0.20 sec. (102.05 ticks)
Tried aggregator 1 time.
LP Presolve eliminated 249 rows and 0 columns.
Aggregator did 1169 substitutions.
Reduced LP has 7334 rows, 2986 columns, and 26506 nonzeros.
Presolve time = 0.01 sec. (6.34 ticks)
Initializing dual steep norms . . .

Iteration log . . .
Iteration:     1   Dual objective     =      -4366507.417626
Iteration:   213   Dual objective     =      -2420257.883197
Iteration:   471   Dual objective     =       -568793.956724
Iteration:   647   Dual objective     =        413425.827463
Iteration:   864   Dual objective     =        949843.325893
Iteration:  1100   Dual objective     =       1145217.312550
Iteration:  1244   Dual objective     =       1576967.082576
Iteration:  1401   Dual objective     =       1855397.916056
Iteration:  1605   Dual objective     =       1931029.361411
Iteration:  1753   Dual objective     =       2041804.419514
Iteration:  1876   Dual objective     =       2166449.176662
Iteration:  2007   Dual objective     =       2228828.335474
Iteration:  2158   Dual objective     =       2334918.560866
Iteration:  2298   Dual objective     =       2424366.234888
Iteration:  2418   Dual objective     =       2500496.746632
Iteration:  2541   Dual objective     =       2555936.306360
Iteration:  2665   Dual objective     =       2581463.045673
Iteration:  2790   Dual objective     =       2678610.929870
Iteration:  2928   Dual objective     =       2747405.730380
Iteration:  3040   Dual objective     =       2788425.582856
Iteration:  3161   Dual objective     =       2806507.727355
Iteration:  3277   Dual objective     =       2816399.369254
Iteration:  3384   Dual objective     =       2828382.531914
Iteration:  3490   Dual objective     =       2835696.093019
Iteration:  3608   Dual objective     =       2840593.639875
Iteration:  3721   Dual objective     =       2844190.858975
Iteration:  3836   Dual objective     =       2845606.374436
Initializing dual steep norms . . .

Iteration log . . .
Iteration:     1   Dual objective     =       2845606.572161
  12801     0  2857770.6472   601   1.15127e+07     Cuts: 573  1323479    1.60%
  12801     0  2865038.4445   596   1.15127e+07     Cuts: 496  1323792    1.60%
  12801     0  2869524.9835   601   1.15127e+07     Cuts: 467  1324015    1.60%
  12801     0  2871498.3274   599   1.15127e+07     Cuts: 454  1324170    1.60%
  12801     0  2873851.8650   616   1.15127e+07     Cuts: 233  1324298    1.60%
  12801     0  2875547.2195   642   1.15127e+07     Cuts: 356  1324470    1.60%
  12801     2  2875547.2195   642   1.15127e+07   1.13291e+07  1324470    1.60%
  12804     4  3339359.9522   590   1.15127e+07   1.13291e+07  1325972    1.60%
  12812     6    infeasible         1.15127e+07   1.13291e+07  1334883    1.60%
Elapsed time = 77.26 sec. (23475.12 ticks, tree = 0.02 MB)
  12829    11  7294141.6730   325   1.15127e+07   1.13291e+07  1351369    1.60%
  12870    12  7866251.8024   326   1.15127e+07   1.13291e+07  1363377    1.60%
  15431   455        cutoff         1.15127e+07   1.13291e+07  1410648    1.60%
                                                     Cuts: 77                  
  22860  2068        cutoff         1.15127e+07   1.13291e+07  1453065    1.60%
                                                     Cuts: 20                  
  30357  1443   1.15127e+07     1   1.15127e+07   1.13291e+07  1487190    1.60%
  30698  1507   1.08831e+07   226   1.15127e+07   1.13291e+07  1510993    1.60%
  30856  1491  4939103.2644   432   1.15127e+07   1.13291e+07  1544943    1.60%
  30984  1481    infeasible         1.15127e+07   1.13291e+07  1621036    1.60%
  31044  1464    infeasible         1.15127e+07   1.13291e+07  1666925    1.60%
  31059  1458  5210249.0384   487   1.15127e+07   1.13291e+07  1671706    1.60%
Elapsed time = 127.59 sec. (33120.30 ticks, tree = 4.66 MB)
  31064  1457   1.12640e+07   145   1.15127e+07   1.13291e+07  1671769    1.60%
  31068  1457   1.12644e+07   144   1.15127e+07   1.13291e+07  1671835    1.60%
  31072  1456   1.13783e+07   137   1.15127e+07   1.13474e+07  1671937    1.44%

GUB cover cuts applied:  4
Clique cuts applied:  159
Cover cuts applied:  78
Implied bound cuts applied:  326
Flow cuts applied:  329
Mixed integer rounding cuts applied:  184
Lift and project cuts applied:  12
Gomory fractional cuts applied:  4

Root node processing (before b&c):
  Real time             =    6.66 sec. (5528.70 ticks)
Parallel b&c, 31 threads:
  Real time             =  133.04 sec. (32514.06 ticks)
  Sync time (average)   =   81.57 sec.
  Wait time (average)   =    0.10 sec.
                          ------------
Total (root+branch&cut) =  139.70 sec. (38042.76 ticks)

--- MIP status (102): integer optimal, tolerance.
--- Cplex Time: 139.71sec (det. 38042.78 ticks)

--- Fixing integer variables and solving final LP...

Version identifier: 20.1.0.1 | 2021-04-07 | 3a818710c
CPXPARAM_Advance                                 2
CPXPARAM_Threads                                 31
CPXPARAM_Parallel                                1
CPXPARAM_MIP_Display                             4
CPXPARAM_MIP_Pool_Capacity                       0
CPXPARAM_TimeLimit                               1000000
CPXPARAM_MIP_Tolerances_AbsMIPGap                0
Parallel mode: deterministic, using up to 31 threads for concurrent optimization:
 * Starting dual Simplex on 1 thread...
 * Starting Barrier on 29 threads...
 * Starting primal Simplex on 1 thread...
Tried aggregator 1 time.
LP Presolve eliminated 13225 rows and 8841 columns.
Aggregator did 8 substitutions.
Reduced LP has 0 rows, 1 columns, and 0 nonzeros.
Presolve time = 0.01 sec. (7.00 ticks)

Dual simplex solved model.


--- Fixed MIP status (1): optimal.
--- Cplex Time: 0.02sec (det. 13.33 ticks)


Solution satisfies tolerances
MIP Solution:     11512737.836795    (1672078 iterations, 31076 nodes)
Final Solve:      11512737.836795    (0 iterations)

Best possible:    11511639.249020
Absolute gap:         1098.587775
Relative gap:            0.000095

--- Reading solution for model model_policy
--- Executing after solve: elapsed 0:02:20.126
--- policy.gms(273) 8 Mb--- policy.gms(403) 8 Mb
--- GDX File (execute_unload) /zhome/f0/5/124363/J3-HPC/results/A/A_080_120/policy.gdx
*** Status: Normal completion
--- Job policy.gms Stop 09/30/24 14:52:06 elapsed 0:02:20.146
