--- Job policy Start 09/29/24 20:38:58 37.1.0 r07954d5 LEX-LEG x86 64bit/Linux
--- Applying:
    /appl/gams/37.1.0/gmsprmun.txt
--- GAMS Parameters defined
    Input /zhome/f0/5/124363/J3-HPC/scripts/gams/policy.gms
    Output /zhome/f0/5/124363/J3-HPC/results/C/C_095_100/policy.lst
    ScrDir /zhome/f0/5/124363/J3-HPC/225t/
    SysDir /appl/gams/37.1.0/
    --project C
    --scenario C_095_100
    --timeseries spacing_120
    --tax_carbon yes
    --subsidy_capex no
    --subsidy_opex yes
    --subsidy_carbon no
Licensee: Large MUD - 20 User License                    G221124|0002AP-GEN
          Technical University of Denmark, Management Engineering    DC8611
          /appl/gams/37.1.0/gamslice.txt
          License Admin: Thomas Stidsen, thst@man.dtu.dk                   
Processor information: 2 socket(s), 32 core(s), and 32 thread(s) available
GAMS 37.1.0   Copyright (C) 1987-2021 GAMS Development. All rights reserved
--- Starting compilation
--- policy.gms(44) 2 Mb
--- call mkdir -p ./results/C/C_095_100/
--- policy.gms(51) 2 Mb
--- call gams scripts/gams/parameters.gms --project=C --scenario=C_095_100 --timeseries=spacing_120 o=results/C/C_095_100//parameters.lst
--- Job parameters.gms Start 09/29/24 20:38:58 37.1.0 r07954d5 LEX-LEG x86 64bit/Linux
--- Applying:
    /appl/gams/37.1.0/gmsprmun.txt
--- GAMS Parameters defined
    Input /zhome/f0/5/124363/J3-HPC/scripts/gams/parameters.gms
    Output /zhome/f0/5/124363/J3-HPC/results/C/C_095_100/parameters.lst
    ScrDir /zhome/f0/5/124363/J3-HPC/225x/
    SysDir /appl/gams/37.1.0/
    --project C
    --scenario C_095_100
    --timeseries spacing_120
Licensee: Large MUD - 20 User License                    G221124|0002AP-GEN
          Technical University of Denmark, Management Engineering    DC8611
          /appl/gams/37.1.0/gamslice.txt
          License Admin: Thomas Stidsen, thst@man.dtu.dk                   
Processor information: 2 socket(s), 32 core(s), and 32 thread(s) available
GAMS 37.1.0   Copyright (C) 1987-2021 GAMS Development. All rights reserved
--- Starting compilation
--- parameters.gms(37) 2 Mb
--- call mkdir -p ./results/C/C_095_100/
--- parameters.gms(49) 2 Mb
--- . ts-timesteps.csv(73) 3 Mb
--- parameters.gms(58) 3 Mb
--- . name-generator.csv(27) 3 Mb
--- parameters.gms(66) 3 Mb
--- . name-fuel.csv(13) 3 Mb
--- parameters.gms(74) 3 Mb
--- . map-generator-fuel.csv(27) 3 Mb
--- parameters.gms(89) 3 Mb
--- . attribute-generator.csv(16) 3 Mb
--- parameters.gms(96) 3 Mb
--- . attribute-fuel.csv(5) 3 Mb
--- parameters.gms(103) 3 Mb
--- . attribute-other.csv(2) 3 Mb
--- parameters.gms(111) 3 Mb
--- . data-generator.csv(29) 3 Mb
--- parameters.gms(118) 3 Mb
--- . data-fuel.csv(15) 3 Mb
--- parameters.gms(125) 3 Mb
--- . data-other.csv(2) 3 Mb
--- parameters.gms(203) 3 Mb
--- . ts-demand-heat.csv(73) 3 Mb
--- parameters.gms(211) 3 Mb
--- . ts-electricity-price.csv(73) 3 Mb
--- parameters.gms(219) 3 Mb
--- . ts-electricity-carbon.csv(73) 3 Mb
--- parameters.gms(228) 3 Mb
--- . ts-generator-availability.csv(74) 3 Mb
--- parameters.gms(235) 3 Mb
--- . ts-generator-efficiency.csv(74) 3 Mb
--- parameters.gms(286) 3 Mb
--- Starting execution: elapsed 0:00:00.024
--- parameters.gms(859) 5 Mb
--- GDX File (execute_unload) /zhome/f0/5/124363/J3-HPC/results/C/C_095_100/parameters.gdx
*** Status: Normal completion
--- Job parameters.gms Stop 09/29/24 20:38:59 elapsed 0:00:00.041
--- policy.gms(55) 2 Mb
--- call gams scripts/gams/baseline.gms   --project=C --scenario=C_095_100 --timeseries=spacing_120 o=results/C/C_095_100//baseline.lst
--- Job baseline.gms Start 09/29/24 20:38:59 37.1.0 r07954d5 LEX-LEG x86 64bit/Linux
--- Applying:
    /appl/gams/37.1.0/gmsprmun.txt
--- GAMS Parameters defined
    Input /zhome/f0/5/124363/J3-HPC/scripts/gams/baseline.gms
    Output /zhome/f0/5/124363/J3-HPC/results/C/C_095_100/baseline.lst
    ScrDir /zhome/f0/5/124363/J3-HPC/225z/
    SysDir /appl/gams/37.1.0/
    --project C
    --scenario C_095_100
    --timeseries spacing_120
Licensee: Large MUD - 20 User License                    G221124|0002AP-GEN
          Technical University of Denmark, Management Engineering    DC8611
          /appl/gams/37.1.0/gamslice.txt
          License Admin: Thomas Stidsen, thst@man.dtu.dk                   
Processor information: 2 socket(s), 32 core(s), and 32 thread(s) available
GAMS 37.1.0   Copyright (C) 1987-2021 GAMS Development. All rights reserved
--- Starting compilation
--- baseline.gms(36) 2 Mb
--- call mkdir -p ./results/C/C_095_100/
--- baseline.gms(41) 2 Mb
--- call gams scripts/gams/parameters.gms --project=C --scenario=C_095_100 --timeseries=spacing_120 o=results/C/C_095_100//parameters.lst
--- Job parameters.gms Start 09/29/24 20:38:59 37.1.0 r07954d5 LEX-LEG x86 64bit/Linux
--- Applying:
    /appl/gams/37.1.0/gmsprmun.txt
--- GAMS Parameters defined
    Input /zhome/f0/5/124363/J3-HPC/scripts/gams/parameters.gms
    Output /zhome/f0/5/124363/J3-HPC/results/C/C_095_100/parameters.lst
    ScrDir /zhome/f0/5/124363/J3-HPC/225ad/
    SysDir /appl/gams/37.1.0/
    --project C
    --scenario C_095_100
    --timeseries spacing_120
Licensee: Large MUD - 20 User License                    G221124|0002AP-GEN
          Technical University of Denmark, Management Engineering    DC8611
          /appl/gams/37.1.0/gamslice.txt
          License Admin: Thomas Stidsen, thst@man.dtu.dk                   
Processor information: 2 socket(s), 32 core(s), and 32 thread(s) available
GAMS 37.1.0   Copyright (C) 1987-2021 GAMS Development. All rights reserved
--- Starting compilation
--- parameters.gms(37) 2 Mb
--- call mkdir -p ./results/C/C_095_100/
--- parameters.gms(49) 2 Mb
--- . ts-timesteps.csv(73) 3 Mb
--- parameters.gms(58) 3 Mb
--- . name-generator.csv(27) 3 Mb
--- parameters.gms(66) 3 Mb
--- . name-fuel.csv(13) 3 Mb
--- parameters.gms(74) 3 Mb
--- . map-generator-fuel.csv(27) 3 Mb
--- parameters.gms(89) 3 Mb
--- . attribute-generator.csv(16) 3 Mb
--- parameters.gms(96) 3 Mb
--- . attribute-fuel.csv(5) 3 Mb
--- parameters.gms(103) 3 Mb
--- . attribute-other.csv(2) 3 Mb
--- parameters.gms(111) 3 Mb
--- . data-generator.csv(29) 3 Mb
--- parameters.gms(118) 3 Mb
--- . data-fuel.csv(15) 3 Mb
--- parameters.gms(125) 3 Mb
--- . data-other.csv(2) 3 Mb
--- parameters.gms(203) 3 Mb
--- . ts-demand-heat.csv(73) 3 Mb
--- parameters.gms(211) 3 Mb
--- . ts-electricity-price.csv(73) 3 Mb
--- parameters.gms(219) 3 Mb
--- . ts-electricity-carbon.csv(73) 3 Mb
--- parameters.gms(228) 3 Mb
--- . ts-generator-availability.csv(74) 3 Mb
--- parameters.gms(235) 3 Mb
--- . ts-generator-efficiency.csv(74) 3 Mb
--- parameters.gms(286) 3 Mb
--- Starting execution: elapsed 0:00:00.021
--- parameters.gms(859) 5 Mb
--- GDX File (execute_unload) /zhome/f0/5/124363/J3-HPC/results/C/C_095_100/parameters.gdx
*** Status: Normal completion
--- Job parameters.gms Stop 09/29/24 20:38:59 elapsed 0:00:00.039
--- baseline.gms(77) 2 Mb
--- GDXin=/zhome/f0/5/124363/J3-HPC/results/C/C_095_100/parameters.gdx
--- GDX File ($gdxIn) /zhome/f0/5/124363/J3-HPC/results/C/C_095_100/parameters.gdx
--- baseline.gms(180) 3 Mb
--- Starting execution: elapsed 0:00:00.082
--- baseline.gms(132) 4 Mb
--- Generating LP model model_baseline
--- baseline.gms(134) 5 Mb
---   2,483 rows  1,978 columns  6,796 non-zeroes
--- Executing CPLEX (Solvelink=2): elapsed 0:00:00.097

IBM ILOG CPLEX   37.1.0 r07954d5 Released Nov 11, 2021 LEG x86 64bit/Linux    

--- GAMS/Cplex Link licensed for continuous and discrete problems.

Reading parameter(s) from "/zhome/f0/5/124363/J3-HPC/cplex.opt"
>>  Threads -1
Finished reading from "/zhome/f0/5/124363/J3-HPC/cplex.opt"

--- GMO setup time: 0.00s
--- Space for names approximately 0.15 Mb
--- Use option 'names no' to turn use of names off
--- GMO memory 1.01 Mb (peak 1.02 Mb)
--- Dictionary memory 0.00 Mb
--- Cplex 20.1.0.1 link memory 0.07 Mb (peak 0.31 Mb)
--- Starting Cplex

Version identifier: 20.1.0.1 | 2021-04-07 | 3a818710c
CPXPARAM_Advance                                 0
CPXPARAM_Threads                                 31
CPXPARAM_Parallel                                1
CPXPARAM_MIP_Display                             4
CPXPARAM_MIP_Pool_Capacity                       0
CPXPARAM_MIP_Tolerances_AbsMIPGap                0
Tried aggregator 1 time.
LP Presolve eliminated 2035 rows and 282 columns.
Reduced LP has 447 rows, 1696 columns, and 2438 nonzeros.
Presolve time = 0.00 sec. (2.05 ticks)

Iteration log . . .
Iteration:     1   Dual objective     =      -2787736.838177
Iteration:   117   Dual objective     =       3871891.781294

--- LP status (1): optimal.
--- Cplex Time: 0.01sec (det. 3.54 ticks)


Optimal solution found
Objective:      4007592.442075

--- Reading solution for model model_baseline
--- Executing after solve: elapsed 0:00:00.133
--- baseline.gms(176) 5 Mb
--- GDX File (execute_unload) /zhome/f0/5/124363/J3-HPC/results/C/C_095_100/baseline.gdx
*** Status: Normal completion
--- Job baseline.gms Stop 09/29/24 20:38:59 elapsed 0:00:00.138
--- policy.gms(56) 2 Mb--- policy.gms(113) 2 Mb
--- GDXin=/zhome/f0/5/124363/J3-HPC/results/C/C_095_100/parameters.gdx
--- GDX File ($gdxIn) /zhome/f0/5/124363/J3-HPC/results/C/C_095_100/parameters.gdx
--- policy.gms(123) 3 Mb
--- GDXin=/zhome/f0/5/124363/J3-HPC/results/C/C_095_100/baseline.gdx
--- GDX File ($gdxIn) /zhome/f0/5/124363/J3-HPC/results/C/C_095_100/baseline.gdx
--- policy.gms(406) 3 Mb
--- Starting execution: elapsed 0:00:00.261
--- policy.gms(255) 4 Mb
--- Generating MIP model model_policy
--- policy.gms(256) 8 Mb
---   13,234 rows  8,850 columns  40,698 non-zeroes
---   4,386 discrete-columns
--- Executing CPLEX (Solvelink=2): elapsed 0:00:00.298

IBM ILOG CPLEX   37.1.0 r07954d5 Released Nov 11, 2021 LEG x86 64bit/Linux    

--- GAMS/Cplex Link licensed for continuous and discrete problems.

Reading parameter(s) from "/zhome/f0/5/124363/J3-HPC/cplex.opt"
>>  Threads -1
Finished reading from "/zhome/f0/5/124363/J3-HPC/cplex.opt"

--- GMO setup time: 0.00s
--- Space for names approximately 0.84 Mb
--- Use option 'names no' to turn use of names off
--- GMO memory 4.51 Mb (peak 4.58 Mb)
--- Dictionary memory 0.00 Mb
--- Cplex 20.1.0.1 link memory 0.32 Mb (peak 1.77 Mb)
--- Starting Cplex

Version identifier: 20.1.0.1 | 2021-04-07 | 3a818710c
CPXPARAM_Advance                                 0
CPXPARAM_Threads                                 31
CPXPARAM_Parallel                                1
CPXPARAM_MIP_Display                             4
CPXPARAM_MIP_Pool_Capacity                       0
CPXPARAM_TimeLimit                               1000000
CPXPARAM_MIP_Tolerances_AbsMIPGap                0
Generic callback                                 0x50
Tried aggregator 1 time.
MIP Presolve eliminated 2669 rows and 609 columns.
MIP Presolve modified 5978 coefficients.
Reduced MIP has 10564 rows, 8241 columns, and 31698 nonzeros.
Reduced MIP has 4083 binaries, 0 generals, 0 SOSs, and 0 indicators.
Presolve time = 0.02 sec. (16.64 ticks)
Probing fixed 1497 vars, tightened 3676 bounds.
Probing time = 0.30 sec. (154.31 ticks)
Tried aggregator 2 times.
MIP Presolve eliminated 3432 rows and 2259 columns.
MIP Presolve modified 2717 coefficients.
Aggregator did 243 substitutions.
Reduced MIP has 6889 rows, 5739 columns, and 21887 nonzeros.
Reduced MIP has 2586 binaries, 0 generals, 0 SOSs, and 0 indicators.
Presolve time = 0.02 sec. (18.42 ticks)
Probing fixed 4 vars, tightened 888 bounds.
Probing time = 0.17 sec. (100.16 ticks)
Tried aggregator 1 time.
Detecting symmetries...
MIP Presolve eliminated 9 rows and 8 columns.
MIP Presolve modified 815 coefficients.
Reduced MIP has 6880 rows, 5731 columns, and 21860 nonzeros.
Reduced MIP has 2582 binaries, 0 generals, 0 SOSs, and 0 indicators.
Presolve time = 0.02 sec. (13.17 ticks)
Probing fixed 0 vars, tightened 10 bounds.
Probing time = 0.05 sec. (21.70 ticks)
Clique table members: 21764.
MIP emphasis: balance optimality and feasibility.
MIP search method: dynamic search.
Parallel mode: deterministic, using up to 31 threads.
Parallel mode: deterministic, using up to 4 threads for parallel tasks at root LP.
Parallel mode: deterministic, using up to 27 threads for concurrent optimization:
 * Starting dual Simplex on 1 thread...
 * Starting Barrier on 25 threads...
 * Starting primal Simplex on 1 thread...
Tried aggregator 1 time.
Aggregator did 2582 substitutions.
Reduced LP has 4298 rows, 3149 columns, and 15942 nonzeros.
Presolve time = 0.01 sec. (5.05 ticks)

Iteration log . . .
Iteration:     1   Dual objective     =      -5296401.429473
Iteration:   116   Dual objective     =       -528488.109814
Iteration:   201   Dual objective     =       -448055.090105
Iteration:   288   Dual objective     =       -342586.610853
Iteration:   446   Dual objective     =       -294583.949661
Iteration:   534   Dual objective     =       -294583.949661
Iteration:   665   Dual objective     =        -37239.159778
Iteration:   758   Dual objective     =        -35425.978068
Iteration:   879   Dual objective     =          8968.076871
Iteration:  1029   Dual objective     =          9759.034065
Iteration:  1160   Dual objective     =          9886.358709
Iteration:  1281   Dual objective     =         10039.377498
Perturbation started.
Iteration:  1303   Dual objective     =         10039.377498
Iteration:  1403   Dual objective     =         10045.695530
Removing perturbation.
Initializing dual steep norms . . .

Dual simplex solved model.

Initializing dual steep norms . . .

Iteration log . . .
Iteration:     1   Dual objective     =         10045.695290
Root relaxation solution time = 0.11 sec. (95.31 ticks)

        Nodes                                         Cuts/
   Node  Left     Objective  IInf  Best Integer    Best Bound    ItCnt     Gap

      0     0    10045.6953    54                  10045.6953     1456         
      0     0    10045.6953    37                   Cuts: 224     2087         
      0     0    10045.6953    23                   Cuts: 325     2327         
      0     0    10045.6953    22                    Cuts: 21     2340         
      0     0    10045.6953    17                     Cuts: 5     2341         
      0     0    10045.6953    24                    Cuts: 25     2976         
Detecting symmetries...
Detecting symmetries...
      0     2    10045.6953     8                  10045.6953     2976         
Elapsed time = 6.88 sec. (2247.90 ticks, tree = 0.02 MB)
      2     4    10045.6953    33                  10045.6953     4193         
     26    16    68578.3984   142                  10045.6953    11407         
                                                     Cuts: 58                  
     78    41  2751947.9333   586                  10045.6953    40496         
                                                 Impl Bds: 21                  
    107    58    infeasible                        10045.6953    78826         
    155    76  1398065.0275   447                  10045.6953   124341         
                                                 Impl Bds: 11                  
    240    60  3479649.7491   519                  10045.6953    87592         
                                                 Impl Bds: 15                  
    515   258   492873.9181   136                  10045.6953   254910         
                                                 Impl Bds: 10                  
    883   356  3936935.3448   332                  10045.6953   294594         
                                                  Impl Bds: 9                  
   1156   679   689223.4609   159                  10045.6953   401405         
                                                 Impl Bds: 13                  
   2259  1124   330915.9472    61                  10098.3577   632356         
                                                     Cuts: 43                  
Elapsed time = 22.74 sec. (5512.49 ticks, tree = 4.71 MB)
   3359  1950   417728.8853    49                  10098.3577   951800         
                                                     Cuts: 60                  
   4544  2013   151277.3236   127                  10098.3577  1123826         
                                                     Cuts: 26                  
   6363  3039    66051.5908    37                  10098.3577  1504616         
                                                     Cuts: 31                  
   7428  3340    infeasible                        10098.3577  1732299         
                                                      Cuts: 3                  
   9741  4321    89947.5069    39                  10499.1663  2045188         
                                                     Cuts: 26                  
  10833  4698    29294.9415    66                  17499.2523  2307619         
                                                     Cuts: 19                  
  13009  5183   323812.8353    60                  20713.1399  2487031         
                                                      Cuts: 8                  
  14125  5772    42826.3199    58                  23442.1645  2803546         
                                                     Cuts: 13                  
  16701  6497    infeasible                        37837.1609  3039525         
                                                      Cuts: 6                  
* 17779  7138      integral     0   163058.3177    42848.7179  3237764   73.72%
                                                 Impl Bds: 13                  
Elapsed time = 55.97 sec. (14811.18 ticks, tree = 26.88 MB)
Found incumbent of value 163058.317735 after 55.97 sec. (14811.18 ticks)
  20574  3600    90921.5321    52   163058.3177    42904.9294  3507612   73.69%
                                                      Cuts: 6                  

Performing restart 1

Repeating presolve.
Tried aggregator 2 times.
MIP Presolve eliminated 1143 rows and 893 columns.
MIP Presolve modified 2689 coefficients.
Aggregator did 53 substitutions.
Reduced MIP has 5684 rows, 4785 columns, and 17949 nonzeros.
Reduced MIP has 2106 binaries, 0 generals, 0 SOSs, and 0 indicators.
Presolve time = 0.02 sec. (17.21 ticks)
Tried aggregator 2 times.
MIP Presolve eliminated 435 rows and 754 columns.
MIP Presolve modified 1169 coefficients.
Aggregator did 39 substitutions.
Reduced MIP has 5210 rows, 3992 columns, and 16662 nonzeros.
Reduced MIP has 1910 binaries, 0 generals, 0 SOSs, and 0 indicators.
Presolve time = 0.02 sec. (13.67 ticks)
Tried aggregator 2 times.
MIP Presolve eliminated 226 rows and 149 columns.
MIP Presolve modified 755 coefficients.
Aggregator did 15 substitutions.
Reduced MIP has 4969 rows, 3828 columns, and 16038 nonzeros.
Reduced MIP has 1812 binaries, 0 generals, 0 SOSs, and 0 indicators.
Presolve time = 0.02 sec. (12.78 ticks)
Tried aggregator 1 time.
MIP Presolve eliminated 20 rows and 15 columns.
MIP Presolve modified 143 coefficients.
Reduced MIP has 4949 rows, 3813 columns, and 15981 nonzeros.
Reduced MIP has 1802 binaries, 0 generals, 0 SOSs, and 0 indicators.
Presolve time = 0.02 sec. (10.77 ticks)
Represolve time = 0.38 sec. (196.43 ticks)
Tried aggregator 1 time.
LP Presolve eliminated 67 rows and 5 columns.
Aggregator did 1461 substitutions.
Reduced LP has 3916 rows, 2347 columns, and 17535 nonzeros.
Presolve time = 0.01 sec. (5.01 ticks)
Initializing dual steep norms . . .

Iteration log . . .
Iteration:     1   Dual objective     =     -13639449.036317
Iteration:   154   Dual objective     =       -596855.718228
Iteration:   358   Dual objective     =       -523337.561474
Iteration:   590   Dual objective     =       -413240.151668
Iteration:   817   Dual objective     =        -49102.225801
Iteration:   951   Dual objective     =        -34308.426725
Iteration:  1071   Dual objective     =         -4196.083932
Iteration:  1163   Dual objective     =         -4196.083932
Perturbation started.
Iteration:  1202   Dual objective     =         -4196.083932
Iteration:  1344   Dual objective     =         -3933.969156
Iteration:  1476   Dual objective     =         -3933.967451
Iteration:  1601   Dual objective     =         -3933.962979
Iteration:  1728   Dual objective     =          6394.380449
Iteration:  1867   Dual objective     =          9900.306893
Iteration:  1991   Dual objective     =         10049.131846
Removing perturbation.
Iteration:  2017   Dual objective     =         10050.114888
Initializing dual steep norms . . .

Iteration log . . .
Iteration:     1   Dual objective     =         10050.114888
  21317     0    10933.3721    43   163058.3177     Cuts: 808  3634604   73.56%
  21317     0    11240.3644    61   163058.3177      Cuts: 93  3634680   73.56%
  21317     0    11298.8292    43   163058.3177     Cuts: 486  3634731   73.56%
* 21317+    0                       163058.3177    43109.0453            73.56%
Found incumbent of value 163058.317711 after 61.10 sec. (17241.18 ticks)
  21317     0    12063.7621   152   163058.3177      Cuts: 35  3634868   73.56%
  21317     0    13349.0954   225   163058.3177     Cuts: 696  3635403   73.56%
  21317     0    13780.7048   212   163058.3177     Cuts: 360  3635579   73.56%
  21317     0    14035.8473   223   163058.3177     Cuts: 137  3635675   73.56%
* 21317+    0                       149520.9249    43109.0453            71.17%
Found incumbent of value 149520.924875 after 62.56 sec. (18584.68 ticks)
  21317     0  -1.00000e+75     0   149520.9249    43109.0453  3635675   71.17%
  21317     2    14039.0637   217   149520.9249    43109.0453  3635675   71.17%
  21319     2    14040.2691   216   149520.9249    43109.0453  3635676   71.17%
  21322     3    14040.6014   203   149520.9249    43109.0453  3635693   71.17%
  21460    28   129297.8325    61   149520.9249    43109.0453  3641937   71.17%
  22364   262        cutoff         149520.9249    43109.0453  3719381   71.17%
                                                     Cuts: 37                  
  24248   815    93608.3230    85   149520.9249    43109.0453  3842275   71.17%
                                                    Cuts: 144                  
  25080   859   117811.8684    97   149520.9249    43109.0453  3941690   71.17%
                                                  Impl Bds: 2                  
  27954  1467        cutoff         149520.9249    89630.2280  4148553   40.06%
                                                     Cuts: 34                  
  29990    23        cutoff         149520.9249   100936.9149  4282506   32.49%
                                                     Cuts: 15                  
Elapsed time = 98.48 sec. (27691.33 ticks, tree = 0.06 MB)

GUB cover cuts applied:  2
Clique cuts applied:  50
Cover cuts applied:  29
Implied bound cuts applied:  230
Flow cuts applied:  113
Mixed integer rounding cuts applied:  101
Gomory fractional cuts applied:  48

Root node processing (before b&c):
  Real time             =    2.50 sec. (2230.74 ticks)
Parallel b&c, 31 threads:
  Real time             =  103.71 sec. (25791.20 ticks)
  Sync time (average)   =   53.05 sec.
  Wait time (average)   =    0.04 sec.
                          ------------
Total (root+branch&cut) =  106.21 sec. (28021.94 ticks)

--- MIP status (102): integer optimal, tolerance.
--- Cplex Time: 106.22sec (det. 28021.96 ticks)

--- Fixing integer variables and solving final LP...

Version identifier: 20.1.0.1 | 2021-04-07 | 3a818710c
CPXPARAM_Advance                                 2
CPXPARAM_Threads                                 31
CPXPARAM_Parallel                                1
CPXPARAM_MIP_Display                             4
CPXPARAM_MIP_Pool_Capacity                       0
CPXPARAM_TimeLimit                               1000000
CPXPARAM_MIP_Tolerances_AbsMIPGap                0
Parallel mode: deterministic, using up to 31 threads for concurrent optimization:
 * Starting dual Simplex on 1 thread...
 * Starting Barrier on 29 threads...
 * Starting primal Simplex on 1 thread...
Tried aggregator 1 time.
LP Presolve eliminated 12778 rows and 8399 columns.
Aggregator did 392 substitutions.
Reduced LP has 63 rows, 59 columns, and 183 nonzeros.
Presolve time = 0.01 sec. (7.71 ticks)
Initializing dual steep norms . . .

Iteration log . . .
Iteration:     1   Dual objective     =         33258.342599

Dual simplex solved model.


--- Fixed MIP status (1): optimal.
--- Cplex Time: 0.02sec (det. 14.37 ticks)


Solution satisfies tolerances
MIP Solution:       149520.924875    (4284208 iterations, 30051 nodes)
Final Solve:        149520.924873    (8 iterations)

Best possible:      149507.910958
Absolute gap:           13.013917
Relative gap:            0.000087

--- Reading solution for model model_policy
--- Executing after solve: elapsed 0:01:46.638
--- policy.gms(273) 8 Mb--- policy.gms(403) 8 Mb
--- GDX File (execute_unload) /zhome/f0/5/124363/J3-HPC/results/C/C_095_100/policy.gdx
*** Status: Normal completion
--- Job policy.gms Stop 09/29/24 20:40:45 elapsed 0:01:46.660
