--- Job policy Start 09/29/24 21:25:03 37.1.0 r07954d5 LEX-LEG x86 64bit/Linux
--- Applying:
    /appl/gams/37.1.0/gmsprmun.txt
--- GAMS Parameters defined
    Input /zhome/f0/5/124363/J3-HPC/scripts/gams/policy.gms
    Output /zhome/f0/5/124363/J3-HPC/results/B/B_095_100/policy.lst
    ScrDir /zhome/f0/5/124363/J3-HPC/225a/
    SysDir /appl/gams/37.1.0/
    --project B
    --scenario B_095_100
    --timeseries spacing_120
    --tax_carbon no
    --subsidy_capex yes
    --subsidy_opex no
    --subsidy_carbon no
Licensee: Large MUD - 20 User License                    G221124|0002AP-GEN
          Technical University of Denmark, Management Engineering    DC8611
          /appl/gams/37.1.0/gamslice.txt
          License Admin: Thomas Stidsen, thst@man.dtu.dk                   
Processor information: 2 socket(s), 32 core(s), and 32 thread(s) available
GAMS 37.1.0   Copyright (C) 1987-2021 GAMS Development. All rights reserved
--- Starting compilation
--- policy.gms(44) 2 Mb
--- call mkdir -p ./results/B/B_095_100/
--- policy.gms(51) 2 Mb
--- call gams scripts/gams/parameters.gms --project=B --scenario=B_095_100 --timeseries=spacing_120 o=results/B/B_095_100//parameters.lst
--- Job parameters.gms Start 09/29/24 21:25:03 37.1.0 r07954d5 LEX-LEG x86 64bit/Linux
--- Applying:
    /appl/gams/37.1.0/gmsprmun.txt
--- GAMS Parameters defined
    Input /zhome/f0/5/124363/J3-HPC/scripts/gams/parameters.gms
    Output /zhome/f0/5/124363/J3-HPC/results/B/B_095_100/parameters.lst
    ScrDir /zhome/f0/5/124363/J3-HPC/225c/
    SysDir /appl/gams/37.1.0/
    --project B
    --scenario B_095_100
    --timeseries spacing_120
Licensee: Large MUD - 20 User License                    G221124|0002AP-GEN
          Technical University of Denmark, Management Engineering    DC8611
          /appl/gams/37.1.0/gamslice.txt
          License Admin: Thomas Stidsen, thst@man.dtu.dk                   
Processor information: 2 socket(s), 32 core(s), and 32 thread(s) available
GAMS 37.1.0   Copyright (C) 1987-2021 GAMS Development. All rights reserved
--- Starting compilation
--- parameters.gms(37) 2 Mb
--- call mkdir -p ./results/B/B_095_100/
--- parameters.gms(49) 2 Mb
--- . ts-timesteps.csv(73) 3 Mb
--- parameters.gms(58) 3 Mb
--- . name-generator.csv(27) 3 Mb
--- parameters.gms(66) 3 Mb
--- . name-fuel.csv(13) 3 Mb
--- parameters.gms(74) 3 Mb
--- . map-generator-fuel.csv(27) 3 Mb
--- parameters.gms(89) 3 Mb
--- . attribute-generator.csv(16) 3 Mb
--- parameters.gms(96) 3 Mb
--- . attribute-fuel.csv(5) 3 Mb
--- parameters.gms(103) 3 Mb
--- . attribute-other.csv(2) 3 Mb
--- parameters.gms(111) 3 Mb
--- . data-generator.csv(29) 3 Mb
--- parameters.gms(118) 3 Mb
--- . data-fuel.csv(15) 3 Mb
--- parameters.gms(125) 3 Mb
--- . data-other.csv(2) 3 Mb
--- parameters.gms(203) 3 Mb
--- . ts-demand-heat.csv(73) 3 Mb
--- parameters.gms(211) 3 Mb
--- . ts-electricity-price.csv(73) 3 Mb
--- parameters.gms(219) 3 Mb
--- . ts-electricity-carbon.csv(73) 3 Mb
--- parameters.gms(228) 3 Mb
--- . ts-generator-availability.csv(74) 3 Mb
--- parameters.gms(235) 3 Mb
--- . ts-generator-efficiency.csv(74) 3 Mb
--- parameters.gms(286) 3 Mb
--- Starting execution: elapsed 0:00:00.022
--- parameters.gms(859) 5 Mb
--- GDX File (execute_unload) /zhome/f0/5/124363/J3-HPC/results/B/B_095_100/parameters.gdx
*** Status: Normal completion
--- Job parameters.gms Stop 09/29/24 21:25:03 elapsed 0:00:00.042
--- policy.gms(55) 2 Mb
--- call gams scripts/gams/baseline.gms   --project=B --scenario=B_095_100 --timeseries=spacing_120 o=results/B/B_095_100//baseline.lst
--- Job baseline.gms Start 09/29/24 21:25:04 37.1.0 r07954d5 LEX-LEG x86 64bit/Linux
--- Applying:
    /appl/gams/37.1.0/gmsprmun.txt
--- GAMS Parameters defined
    Input /zhome/f0/5/124363/J3-HPC/scripts/gams/baseline.gms
    Output /zhome/f0/5/124363/J3-HPC/results/B/B_095_100/baseline.lst
    ScrDir /zhome/f0/5/124363/J3-HPC/225c/
    SysDir /appl/gams/37.1.0/
    --project B
    --scenario B_095_100
    --timeseries spacing_120
Licensee: Large MUD - 20 User License                    G221124|0002AP-GEN
          Technical University of Denmark, Management Engineering    DC8611
          /appl/gams/37.1.0/gamslice.txt
          License Admin: Thomas Stidsen, thst@man.dtu.dk                   
Processor information: 2 socket(s), 32 core(s), and 32 thread(s) available
GAMS 37.1.0   Copyright (C) 1987-2021 GAMS Development. All rights reserved
--- Starting compilation
--- baseline.gms(36) 2 Mb
--- call mkdir -p ./results/B/B_095_100/
--- baseline.gms(41) 2 Mb
--- call gams scripts/gams/parameters.gms --project=B --scenario=B_095_100 --timeseries=spacing_120 o=results/B/B_095_100//parameters.lst
--- Job parameters.gms Start 09/29/24 21:25:04 37.1.0 r07954d5 LEX-LEG x86 64bit/Linux
--- Applying:
    /appl/gams/37.1.0/gmsprmun.txt
--- GAMS Parameters defined
    Input /zhome/f0/5/124363/J3-HPC/scripts/gams/parameters.gms
    Output /zhome/f0/5/124363/J3-HPC/results/B/B_095_100/parameters.lst
    ScrDir /zhome/f0/5/124363/J3-HPC/225h/
    SysDir /appl/gams/37.1.0/
    --project B
    --scenario B_095_100
    --timeseries spacing_120
Licensee: Large MUD - 20 User License                    G221124|0002AP-GEN
          Technical University of Denmark, Management Engineering    DC8611
          /appl/gams/37.1.0/gamslice.txt
          License Admin: Thomas Stidsen, thst@man.dtu.dk                   
Processor information: 2 socket(s), 32 core(s), and 32 thread(s) available
GAMS 37.1.0   Copyright (C) 1987-2021 GAMS Development. All rights reserved
--- Starting compilation
--- parameters.gms(37) 2 Mb
--- call mkdir -p ./results/B/B_095_100/
--- parameters.gms(49) 2 Mb
--- . ts-timesteps.csv(73) 3 Mb
--- parameters.gms(58) 3 Mb
--- . name-generator.csv(27) 3 Mb
--- parameters.gms(66) 3 Mb
--- . name-fuel.csv(13) 3 Mb
--- parameters.gms(74) 3 Mb
--- . map-generator-fuel.csv(27) 3 Mb
--- parameters.gms(89) 3 Mb
--- . attribute-generator.csv(16) 3 Mb
--- parameters.gms(96) 3 Mb
--- . attribute-fuel.csv(5) 3 Mb
--- parameters.gms(103) 3 Mb
--- . attribute-other.csv(2) 3 Mb
--- parameters.gms(111) 3 Mb
--- . data-generator.csv(29) 3 Mb
--- parameters.gms(118) 3 Mb
--- . data-fuel.csv(15) 3 Mb
--- parameters.gms(125) 3 Mb
--- . data-other.csv(2) 3 Mb
--- parameters.gms(203) 3 Mb
--- . ts-demand-heat.csv(73) 3 Mb
--- parameters.gms(211) 3 Mb
--- . ts-electricity-price.csv(73) 3 Mb
--- parameters.gms(219) 3 Mb
--- . ts-electricity-carbon.csv(73) 3 Mb
--- parameters.gms(228) 3 Mb
--- . ts-generator-availability.csv(74) 3 Mb
--- parameters.gms(235) 3 Mb
--- . ts-generator-efficiency.csv(74) 3 Mb
--- parameters.gms(286) 3 Mb
--- Starting execution: elapsed 0:00:00.020
--- parameters.gms(859) 5 Mb
--- GDX File (execute_unload) /zhome/f0/5/124363/J3-HPC/results/B/B_095_100/parameters.gdx
*** Status: Normal completion
--- Job parameters.gms Stop 09/29/24 21:25:04 elapsed 0:00:00.037
--- baseline.gms(77) 2 Mb
--- GDXin=/zhome/f0/5/124363/J3-HPC/results/B/B_095_100/parameters.gdx
--- GDX File ($gdxIn) /zhome/f0/5/124363/J3-HPC/results/B/B_095_100/parameters.gdx
--- baseline.gms(180) 3 Mb
--- Starting execution: elapsed 0:00:00.073
--- baseline.gms(132) 4 Mb
--- Generating LP model model_baseline
--- baseline.gms(134) 5 Mb
---   2,483 rows  1,978 columns  6,796 non-zeroes
--- Executing CPLEX (Solvelink=2): elapsed 0:00:00.088

IBM ILOG CPLEX   37.1.0 r07954d5 Released Nov 11, 2021 LEG x86 64bit/Linux    

--- GAMS/Cplex Link licensed for continuous and discrete problems.

Reading parameter(s) from "/zhome/f0/5/124363/J3-HPC/cplex.opt"
>>  Threads -1
Finished reading from "/zhome/f0/5/124363/J3-HPC/cplex.opt"

--- GMO setup time: 0.00s
--- Space for names approximately 0.15 Mb
--- Use option 'names no' to turn use of names off
--- GMO memory 1.01 Mb (peak 1.02 Mb)
--- Dictionary memory 0.00 Mb
--- Cplex 20.1.0.1 link memory 0.07 Mb (peak 0.31 Mb)
--- Starting Cplex

Version identifier: 20.1.0.1 | 2021-04-07 | 3a818710c
CPXPARAM_Advance                                 0
CPXPARAM_Threads                                 31
CPXPARAM_Parallel                                1
CPXPARAM_MIP_Display                             4
CPXPARAM_MIP_Pool_Capacity                       0
CPXPARAM_MIP_Tolerances_AbsMIPGap                0
Tried aggregator 1 time.
LP Presolve eliminated 2035 rows and 282 columns.
Reduced LP has 447 rows, 1696 columns, and 2438 nonzeros.
Presolve time = 0.00 sec. (2.05 ticks)

Iteration log . . .
Iteration:     1   Dual objective     =      -2787736.838177
Iteration:   117   Dual objective     =       3871891.781294

--- LP status (1): optimal.
--- Cplex Time: 0.01sec (det. 3.54 ticks)


Optimal solution found
Objective:      4007592.442075

--- Reading solution for model model_baseline
--- Executing after solve: elapsed 0:00:00.121
--- baseline.gms(176) 5 Mb
--- GDX File (execute_unload) /zhome/f0/5/124363/J3-HPC/results/B/B_095_100/baseline.gdx
*** Status: Normal completion
--- Job baseline.gms Stop 09/29/24 21:25:04 elapsed 0:00:00.128
--- policy.gms(56) 2 Mb--- policy.gms(113) 2 Mb
--- GDXin=/zhome/f0/5/124363/J3-HPC/results/B/B_095_100/parameters.gdx
--- GDX File ($gdxIn) /zhome/f0/5/124363/J3-HPC/results/B/B_095_100/parameters.gdx
--- policy.gms(123) 3 Mb
--- GDXin=/zhome/f0/5/124363/J3-HPC/results/B/B_095_100/baseline.gdx
--- GDX File ($gdxIn) /zhome/f0/5/124363/J3-HPC/results/B/B_095_100/baseline.gdx
--- policy.gms(406) 3 Mb
--- Starting execution: elapsed 0:00:00.274
--- policy.gms(255) 4 Mb
--- Generating MIP model model_policy
--- policy.gms(256) 8 Mb
---   13,234 rows  8,850 columns  40,698 non-zeroes
---   4,386 discrete-columns
--- Executing CPLEX (Solvelink=2): elapsed 0:00:00.310

IBM ILOG CPLEX   37.1.0 r07954d5 Released Nov 11, 2021 LEG x86 64bit/Linux    

--- GAMS/Cplex Link licensed for continuous and discrete problems.

Reading parameter(s) from "/zhome/f0/5/124363/J3-HPC/cplex.opt"
>>  Threads -1
Finished reading from "/zhome/f0/5/124363/J3-HPC/cplex.opt"

--- GMO setup time: 0.00s
--- Space for names approximately 0.84 Mb
--- Use option 'names no' to turn use of names off
--- GMO memory 4.51 Mb (peak 4.58 Mb)
--- Dictionary memory 0.00 Mb
--- Cplex 20.1.0.1 link memory 0.32 Mb (peak 1.77 Mb)
--- Starting Cplex

Version identifier: 20.1.0.1 | 2021-04-07 | 3a818710c
CPXPARAM_Advance                                 0
CPXPARAM_Threads                                 31
CPXPARAM_Parallel                                1
CPXPARAM_MIP_Display                             4
CPXPARAM_MIP_Pool_Capacity                       0
CPXPARAM_TimeLimit                               1000000
CPXPARAM_MIP_Tolerances_AbsMIPGap                0
Generic callback                                 0x50
Tried aggregator 2 times.
MIP Presolve eliminated 3460 rows and 1184 columns.
MIP Presolve modified 7988 coefficients.
Aggregator did 11 substitutions.
Reduced MIP has 9762 rows, 7655 columns, and 27443 nonzeros.
Reduced MIP has 3796 binaries, 0 generals, 0 SOSs, and 0 indicators.
Presolve time = 0.03 sec. (20.66 ticks)
Probing fixed 3267 vars, tightened 6994 bounds.
Probing time = 0.12 sec. (50.08 ticks)
Cover probing fixed 1 vars, tightened 2654 bounds.
Tried aggregator 2 times.
MIP Presolve eliminated 8317 rows and 6377 columns.
MIP Presolve modified 1315 coefficients.
Aggregator did 182 substitutions.
Reduced MIP has 1263 rows, 1096 columns, and 3795 nonzeros.
Reduced MIP has 528 binaries, 0 generals, 0 SOSs, and 0 indicators.
Presolve time = 0.01 sec. (10.60 ticks)
Probing fixed 58 vars, tightened 4275 bounds.
Probing time = 0.02 sec. (14.48 ticks)
Cover probing fixed 0 vars, tightened 24 bounds.
Tried aggregator 2 times.
Detecting symmetries...
MIP Presolve eliminated 143 rows and 113 columns.
MIP Presolve modified 549 coefficients.
Aggregator did 10 substitutions.
Reduced MIP has 1110 rows, 973 columns, and 3246 nonzeros.
Reduced MIP has 470 binaries, 0 generals, 0 SOSs, and 0 indicators.
Presolve time = 0.01 sec. (5.04 ticks)
Probing fixed 35 vars, tightened 2234 bounds.
Probing time = 0.02 sec. (11.98 ticks)
Cover probing fixed 0 vars, tightened 24 bounds.
Clique table members: 2946.
MIP emphasis: balance optimality and feasibility.
MIP search method: dynamic search.
Parallel mode: deterministic, using up to 31 threads.
Parallel mode: deterministic, using up to 4 threads for parallel tasks at root LP.
Parallel mode: deterministic, using up to 27 threads for concurrent optimization:
 * Starting dual Simplex on 1 thread...
 * Starting Barrier on 25 threads...
 * Starting primal Simplex on 1 thread...
Tried aggregator 1 time.
LP Presolve eliminated 103 rows and 79 columns.
Aggregator did 430 substitutions.
Reduced LP has 577 rows, 464 columns, and 2099 nonzeros.
Presolve time = 0.00 sec. (0.87 ticks)
Initializing dual steep norms . . .

Iteration log . . .
Iteration:     1   Dual objective     =       -112218.350534
Iteration:    67   Dual objective     =        668608.235396
Iteration:   133   Dual objective     =        697342.996637
Initializing dual steep norms . . .

Dual simplex solved model.

Initializing dual steep norms . . .

Iteration log . . .
Iteration:     1   Dual objective     =        704612.438246
Root relaxation solution time = 0.02 sec. (6.80 ticks)

        Nodes                                         Cuts/
   Node  Left     Objective  IInf  Best Integer    Best Bound    ItCnt     Gap

      0     0   704612.4382    56                 704612.4382      184         
      0     0   738745.2916    51                   Cuts: 337      330         
      0     0   744256.6145    55                   Cuts: 215      429         
      0     0   745494.4577    59                   Cuts: 109      486         
      0     0   747169.7629    59                    Cuts: 76      528         
      0     0   748277.9582    64                    Cuts: 85      587         
      0     0   748432.8207    68                    Cuts: 71      629         
      0     0   749700.2300    60                    Cuts: 75      698         
      0     0   749953.5272    63                    Cuts: 83      736         
      0     0   750054.3875    61                    Cuts: 82      775         
      0     0   750317.1922    65                    Cuts: 38      830         
      0     0   750321.3924    71                    Cuts: 91      855         
      0     0   750357.9060    63                    Cuts: 44      872         
      0     2   750357.9060    63                 751525.1910      872         
Elapsed time = 45.27 sec. (548.31 ticks, tree = 0.02 MB)

Clique cuts applied:  14
Cover cuts applied:  5
Implied bound cuts applied:  431
Flow cuts applied:  71
Mixed integer rounding cuts applied:  96
Lift and project cuts applied:  1
Gomory fractional cuts applied:  7

Root node processing (before b&c):
  Real time             =   41.20 sec. (547.70 ticks)
Parallel b&c, 31 threads:
  Real time             =   75.52 sec. (218.02 ticks)
  Sync time (average)   =   70.06 sec.
  Wait time (average)   =    0.00 sec.
                          ------------
Total (root+branch&cut) =  116.72 sec. (765.72 ticks)

--- MIP status (119): integer infeasible or unbounded.
--- Cplex Time: 116.73sec (det. 765.75 ticks)

CPLEX Error  1217: No solution exists.
--- Problem is integer infeasible
--- Reading solution for model model_policy
--- Executing after solve: elapsed 0:01:57.100
--- policy.gms(273) 8 Mb--- policy.gms(360) 8 Mb
*** Error at line 360: division by zero (0)
--- policy.gms(403) 8 Mb 1 Error
--- GDX File (execute_unload) /zhome/f0/5/124363/J3-HPC/results/B/B_095_100/policy.gdx
--- policy.gms(403) 8 Mb 1 Error
*** Status: Execution error(s)
--- Job policy.gms Stop 09/29/24 21:27:00 elapsed 0:01:57.108
