--- Job policy Start 09/30/24 17:07:38 37.1.0 r07954d5 LEX-LEG x86 64bit/Linux
--- Applying:
    /appl/gams/37.1.0/gmsprmun.txt
--- GAMS Parameters defined
    Input /zhome/f0/5/124363/J3-HPC/scripts/gams/policy.gms
    Output /zhome/f0/5/124363/J3-HPC/results/B/B_095_100/policy.lst
    ScrDir /zhome/f0/5/124363/J3-HPC/225a/
    SysDir /appl/gams/37.1.0/
    --project B
    --scenario B_095_100
    --timeseries spacing_120
    --tax_carbon no
    --subsidy_capex yes
    --subsidy_opex no
    --subsidy_carbon no
Licensee: Large MUD - 20 User License                    G221124|0002AP-GEN
          Technical University of Denmark, Management Engineering    DC8611
          /appl/gams/37.1.0/gamslice.txt
          License Admin: Thomas Stidsen, thst@man.dtu.dk                   
Processor information: 2 socket(s), 32 core(s), and 32 thread(s) available
GAMS 37.1.0   Copyright (C) 1987-2021 GAMS Development. All rights reserved
--- Starting compilation
--- policy.gms(44) 2 Mb
--- call mkdir -p ./results/B/B_095_100/
--- policy.gms(51) 2 Mb
--- call gams scripts/gams/parameters.gms --project=B --scenario=B_095_100 --timeseries=spacing_120 o=results/B/B_095_100//parameters.lst
--- Job parameters.gms Start 09/30/24 17:07:38 37.1.0 r07954d5 LEX-LEG x86 64bit/Linux
--- Applying:
    /appl/gams/37.1.0/gmsprmun.txt
--- GAMS Parameters defined
    Input /zhome/f0/5/124363/J3-HPC/scripts/gams/parameters.gms
    Output /zhome/f0/5/124363/J3-HPC/results/B/B_095_100/parameters.lst
    ScrDir /zhome/f0/5/124363/J3-HPC/225c/
    SysDir /appl/gams/37.1.0/
    --project B
    --scenario B_095_100
    --timeseries spacing_120
Licensee: Large MUD - 20 User License                    G221124|0002AP-GEN
          Technical University of Denmark, Management Engineering    DC8611
          /appl/gams/37.1.0/gamslice.txt
          License Admin: Thomas Stidsen, thst@man.dtu.dk                   
Processor information: 2 socket(s), 32 core(s), and 32 thread(s) available
GAMS 37.1.0   Copyright (C) 1987-2021 GAMS Development. All rights reserved
--- Starting compilation
--- parameters.gms(37) 2 Mb
--- call mkdir -p ./results/B/B_095_100/
--- parameters.gms(49) 2 Mb
--- . ts-timesteps.csv(73) 3 Mb
--- parameters.gms(58) 3 Mb
--- . name-generator.csv(27) 3 Mb
--- parameters.gms(66) 3 Mb
--- . name-fuel.csv(13) 3 Mb
--- parameters.gms(74) 3 Mb
--- . map-generator-fuel.csv(27) 3 Mb
--- parameters.gms(89) 3 Mb
--- . attribute-generator.csv(16) 3 Mb
--- parameters.gms(96) 3 Mb
--- . attribute-fuel.csv(5) 3 Mb
--- parameters.gms(103) 3 Mb
--- . attribute-other.csv(2) 3 Mb
--- parameters.gms(111) 3 Mb
--- . data-generator.csv(29) 3 Mb
--- parameters.gms(118) 3 Mb
--- . data-fuel.csv(15) 3 Mb
--- parameters.gms(125) 3 Mb
--- . data-other.csv(2) 3 Mb
--- parameters.gms(203) 3 Mb
--- . ts-demand-heat.csv(73) 3 Mb
--- parameters.gms(211) 3 Mb
--- . ts-electricity-price.csv(73) 3 Mb
--- parameters.gms(219) 3 Mb
--- . ts-electricity-carbon.csv(73) 3 Mb
--- parameters.gms(228) 3 Mb
--- . ts-generator-availability.csv(74) 3 Mb
--- parameters.gms(235) 3 Mb
--- . ts-generator-efficiency.csv(74) 3 Mb
--- parameters.gms(286) 3 Mb
--- Starting execution: elapsed 0:00:00.042
--- parameters.gms(859) 5 Mb
--- GDX File (execute_unload) /zhome/f0/5/124363/J3-HPC/results/B/B_095_100/parameters.gdx
*** Status: Normal completion
--- Job parameters.gms Stop 09/30/24 17:07:38 elapsed 0:00:00.068
--- policy.gms(55) 2 Mb
--- call gams scripts/gams/baseline.gms   --project=B --scenario=B_095_100 --timeseries=spacing_120 o=results/B/B_095_100//baseline.lst
--- Job baseline.gms Start 09/30/24 17:07:38 37.1.0 r07954d5 LEX-LEG x86 64bit/Linux
--- Applying:
    /appl/gams/37.1.0/gmsprmun.txt
--- GAMS Parameters defined
    Input /zhome/f0/5/124363/J3-HPC/scripts/gams/baseline.gms
    Output /zhome/f0/5/124363/J3-HPC/results/B/B_095_100/baseline.lst
    ScrDir /zhome/f0/5/124363/J3-HPC/225c/
    SysDir /appl/gams/37.1.0/
    --project B
    --scenario B_095_100
    --timeseries spacing_120
Licensee: Large MUD - 20 User License                    G221124|0002AP-GEN
          Technical University of Denmark, Management Engineering    DC8611
          /appl/gams/37.1.0/gamslice.txt
          License Admin: Thomas Stidsen, thst@man.dtu.dk                   
Processor information: 2 socket(s), 32 core(s), and 32 thread(s) available
GAMS 37.1.0   Copyright (C) 1987-2021 GAMS Development. All rights reserved
--- Starting compilation
--- baseline.gms(36) 2 Mb
--- call mkdir -p ./results/B/B_095_100/
--- baseline.gms(41) 2 Mb
--- call gams scripts/gams/parameters.gms --project=B --scenario=B_095_100 --timeseries=spacing_120 o=results/B/B_095_100//parameters.lst
--- Job parameters.gms Start 09/30/24 17:07:38 37.1.0 r07954d5 LEX-LEG x86 64bit/Linux
--- Applying:
    /appl/gams/37.1.0/gmsprmun.txt
--- GAMS Parameters defined
    Input /zhome/f0/5/124363/J3-HPC/scripts/gams/parameters.gms
    Output /zhome/f0/5/124363/J3-HPC/results/B/B_095_100/parameters.lst
    ScrDir /zhome/f0/5/124363/J3-HPC/225d/
    SysDir /appl/gams/37.1.0/
    --project B
    --scenario B_095_100
    --timeseries spacing_120
Licensee: Large MUD - 20 User License                    G221124|0002AP-GEN
          Technical University of Denmark, Management Engineering    DC8611
          /appl/gams/37.1.0/gamslice.txt
          License Admin: Thomas Stidsen, thst@man.dtu.dk                   
Processor information: 2 socket(s), 32 core(s), and 32 thread(s) available
GAMS 37.1.0   Copyright (C) 1987-2021 GAMS Development. All rights reserved
--- Starting compilation
--- parameters.gms(37) 2 Mb
--- call mkdir -p ./results/B/B_095_100/
--- parameters.gms(49) 2 Mb
--- . ts-timesteps.csv(73) 3 Mb
--- parameters.gms(58) 3 Mb
--- . name-generator.csv(27) 3 Mb
--- parameters.gms(66) 3 Mb
--- . name-fuel.csv(13) 3 Mb
--- parameters.gms(74) 3 Mb
--- . map-generator-fuel.csv(27) 3 Mb
--- parameters.gms(89) 3 Mb
--- . attribute-generator.csv(16) 3 Mb
--- parameters.gms(96) 3 Mb
--- . attribute-fuel.csv(5) 3 Mb
--- parameters.gms(103) 3 Mb
--- . attribute-other.csv(2) 3 Mb
--- parameters.gms(111) 3 Mb
--- . data-generator.csv(29) 3 Mb
--- parameters.gms(118) 3 Mb
--- . data-fuel.csv(15) 3 Mb
--- parameters.gms(125) 3 Mb
--- . data-other.csv(2) 3 Mb
--- parameters.gms(203) 3 Mb
--- . ts-demand-heat.csv(73) 3 Mb
--- parameters.gms(211) 3 Mb
--- . ts-electricity-price.csv(73) 3 Mb
--- parameters.gms(219) 3 Mb
--- . ts-electricity-carbon.csv(73) 3 Mb
--- parameters.gms(228) 3 Mb
--- . ts-generator-availability.csv(74) 3 Mb
--- parameters.gms(235) 3 Mb
--- . ts-generator-efficiency.csv(74) 3 Mb
--- parameters.gms(286) 3 Mb
--- Starting execution: elapsed 0:00:00.028
--- parameters.gms(859) 5 Mb
--- GDX File (execute_unload) /zhome/f0/5/124363/J3-HPC/results/B/B_095_100/parameters.gdx
*** Status: Normal completion
--- Job parameters.gms Stop 09/30/24 17:07:38 elapsed 0:00:00.050
--- baseline.gms(77) 2 Mb
--- GDXin=/zhome/f0/5/124363/J3-HPC/results/B/B_095_100/parameters.gdx
--- GDX File ($gdxIn) /zhome/f0/5/124363/J3-HPC/results/B/B_095_100/parameters.gdx
--- baseline.gms(180) 3 Mb
--- Starting execution: elapsed 0:00:00.102
--- baseline.gms(132) 4 Mb
--- Generating LP model model_baseline
--- baseline.gms(134) 5 Mb
---   2,483 rows  1,978 columns  6,796 non-zeroes
--- Executing CPLEX (Solvelink=2): elapsed 0:00:00.125

IBM ILOG CPLEX   37.1.0 r07954d5 Released Nov 11, 2021 LEG x86 64bit/Linux    

--- GAMS/Cplex Link licensed for continuous and discrete problems.

Reading parameter(s) from "/zhome/f0/5/124363/J3-HPC/cplex.opt"
>>  Threads -1
Finished reading from "/zhome/f0/5/124363/J3-HPC/cplex.opt"

--- GMO setup time: 0.00s
--- Space for names approximately 0.15 Mb
--- Use option 'names no' to turn use of names off
--- GMO memory 1.01 Mb (peak 1.02 Mb)
--- Dictionary memory 0.00 Mb
--- Cplex 20.1.0.1 link memory 0.07 Mb (peak 0.31 Mb)
--- Starting Cplex

Version identifier: 20.1.0.1 | 2021-04-07 | 3a818710c
CPXPARAM_Advance                                 0
CPXPARAM_Threads                                 31
CPXPARAM_Parallel                                1
CPXPARAM_MIP_Display                             4
CPXPARAM_MIP_Pool_Capacity                       0
CPXPARAM_MIP_Tolerances_AbsMIPGap                0
Tried aggregator 1 time.
LP Presolve eliminated 2035 rows and 282 columns.
Reduced LP has 447 rows, 1696 columns, and 2438 nonzeros.
Presolve time = 0.01 sec. (2.05 ticks)

Iteration log . . .
Iteration:     1   Dual objective     =      -2787736.838177
Iteration:   117   Dual objective     =       3871891.781294

--- LP status (1): optimal.
--- Cplex Time: 0.01sec (det. 3.54 ticks)


Optimal solution found
Objective:      4007592.442075

--- Reading solution for model model_baseline
--- Executing after solve: elapsed 0:00:00.214
--- baseline.gms(152) 5 Mb--- baseline.gms(176) 5 Mb
--- GDX File (execute_unload) /zhome/f0/5/124363/J3-HPC/results/B/B_095_100/baseline.gdx
*** Status: Normal completion
--- Job baseline.gms Stop 09/30/24 17:07:38 elapsed 0:00:00.224
--- policy.gms(56) 2 Mb--- policy.gms(113) 2 Mb
--- GDXin=/zhome/f0/5/124363/J3-HPC/results/B/B_095_100/parameters.gdx
--- GDX File ($gdxIn) /zhome/f0/5/124363/J3-HPC/results/B/B_095_100/parameters.gdx
--- policy.gms(123) 3 Mb
--- GDXin=/zhome/f0/5/124363/J3-HPC/results/B/B_095_100/baseline.gdx
--- GDX File ($gdxIn) /zhome/f0/5/124363/J3-HPC/results/B/B_095_100/baseline.gdx
--- policy.gms(406) 3 Mb
--- Starting execution: elapsed 0:00:00.441
--- policy.gms(255) 4 Mb
--- Generating MIP model model_policy
--- policy.gms(256) 8 Mb
---   13,234 rows  8,850 columns  40,698 non-zeroes
---   4,386 discrete-columns
--- Executing CPLEX (Solvelink=2): elapsed 0:00:00.481

IBM ILOG CPLEX   37.1.0 r07954d5 Released Nov 11, 2021 LEG x86 64bit/Linux    

--- GAMS/Cplex Link licensed for continuous and discrete problems.

Reading parameter(s) from "/zhome/f0/5/124363/J3-HPC/cplex.opt"
>>  Threads -1
Finished reading from "/zhome/f0/5/124363/J3-HPC/cplex.opt"

--- GMO setup time: 0.00s
--- Space for names approximately 0.84 Mb
--- Use option 'names no' to turn use of names off
--- GMO memory 4.51 Mb (peak 4.58 Mb)
--- Dictionary memory 0.00 Mb
--- Cplex 20.1.0.1 link memory 0.32 Mb (peak 1.77 Mb)
--- Starting Cplex

Version identifier: 20.1.0.1 | 2021-04-07 | 3a818710c
CPXPARAM_Advance                                 0
CPXPARAM_Threads                                 31
CPXPARAM_Parallel                                1
CPXPARAM_MIP_Display                             4
CPXPARAM_MIP_Pool_Capacity                       0
CPXPARAM_TimeLimit                               1000000
CPXPARAM_MIP_Tolerances_AbsMIPGap                0
Generic callback                                 0x50
Tried aggregator 2 times.
MIP Presolve eliminated 3460 rows and 1184 columns.
MIP Presolve modified 7674 coefficients.
Aggregator did 11 substitutions.
Reduced MIP has 9762 rows, 7655 columns, and 27443 nonzeros.
Reduced MIP has 3796 binaries, 0 generals, 0 SOSs, and 0 indicators.
Presolve time = 0.03 sec. (20.62 ticks)
Probing fixed 3256 vars, tightened 6923 bounds.
Probing time = 0.14 sec. (50.82 ticks)
Cover probing fixed 0 vars, tightened 2596 bounds.
Tried aggregator 2 times.
MIP Presolve eliminated 8293 rows and 6360 columns.
MIP Presolve modified 1321 coefficients.
Aggregator did 174 substitutions.
Reduced MIP has 1295 rows, 1121 columns, and 3882 nonzeros.
Reduced MIP has 540 binaries, 0 generals, 0 SOSs, and 0 indicators.
Presolve time = 0.01 sec. (10.10 ticks)
Probing fixed 50 vars, tightened 2449 bounds.
Probing time = 0.02 sec. (15.89 ticks)
Cover probing fixed 0 vars, tightened 20 bounds.
Tried aggregator 2 times.
Detecting symmetries...
MIP Presolve eliminated 126 rows and 100 columns.
MIP Presolve modified 557 coefficients.
Aggregator did 4 substitutions.
Reduced MIP has 1165 rows, 1017 columns, and 3387 nonzeros.
Reduced MIP has 490 binaries, 0 generals, 0 SOSs, and 0 indicators.
Presolve time = 0.01 sec. (4.71 ticks)
Probing fixed 4 vars, tightened 944 bounds.
Probing time = 0.02 sec. (11.09 ticks)
Clique table members: 4765.
MIP emphasis: balance optimality and feasibility.
MIP search method: dynamic search.
Parallel mode: deterministic, using up to 31 threads.
Parallel mode: deterministic, using up to 4 threads for parallel tasks at root LP.
Parallel mode: deterministic, using up to 27 threads for concurrent optimization:
 * Starting dual Simplex on 1 thread...
 * Starting Barrier on 25 threads...
 * Starting primal Simplex on 1 thread...
Tried aggregator 1 time.
LP Presolve eliminated 10 rows and 8 columns.
Aggregator did 483 substitutions.
Reduced LP has 672 rows, 526 columns, and 2394 nonzeros.
Presolve time = 0.00 sec. (0.88 ticks)
Initializing dual steep norms . . .

Iteration log . . .
Iteration:     1   Dual objective     =       -381502.122282
Iteration:    75   Dual objective     =        549614.379188
Iteration:   158   Dual objective     =        626744.362300
Initializing dual steep norms . . .

Dual simplex solved model.

Initializing dual steep norms . . .

Iteration log . . .
Iteration:     1   Dual objective     =        648325.303317
Root relaxation solution time = 0.03 sec. (7.33 ticks)

        Nodes                                         Cuts/
   Node  Left     Objective  IInf  Best Integer    Best Bound    ItCnt     Gap

      0     0   648325.3033    52                 648325.3033      202         
*     0+    0                      2502493.7520   648325.3033            74.09%
Found incumbent of value 2502493.751987 after 25.81 sec. (176.72 ticks)
      0     0   686492.1331    98  2502493.7520     Cuts: 391      492   72.57%
      0     0   694656.7476    92  2502493.7520     Cuts: 369      832   72.24%
      0     0   701368.1138    84  2502493.7520     Cuts: 249      991   71.97%
      0     0   704580.2938   100  2502493.7520     Cuts: 160     1124   71.84%
      0     0   705325.9025   105  2502493.7520     Cuts: 142     1180   71.82%
      0     0   706092.6865    98  2502493.7520     Cuts: 267     1247   71.78%
      0     0   706617.2989   101  2502493.7520     Cuts: 124     1296   71.76%
      0     0   707149.7182    97  2502493.7520      Cuts: 97     1352   71.74%
      0     0   707412.6337    97  2502493.7520      Cuts: 83     1386   71.73%
      0     0   707543.2794    97  2502493.7520      Cuts: 47     1411   71.73%
      0     0   707757.6274    97  2502493.7520      Cuts: 45     1435   71.72%
      0     0   707795.7390    97  2502493.7520      Cuts: 46     1451   71.72%
      0     0   707801.4103    94  2502493.7520       Cuts: 5     1455   71.72%
      0     2   707801.4103    93  2502493.7520   707801.4103     1455   71.72%
Elapsed time = 35.18 sec. (468.94 ticks, tree = 0.02 MB)
*    72+    6                      1808794.0422   708785.3585            60.81%
                                                     Cuts: 76                  
Found incumbent of value 1808794.042225 after 69.50 sec. (509.12 ticks)
*  1055   303      integral     0   981194.6876   709235.4395    30662   27.72%
                                                     Cuts: 98                  
Found incumbent of value 981194.687630 after 69.84 sec. (572.19 ticks)
*  3079+  936                       957546.4519   715851.3291            25.24%
                                                     Cuts: 90                  
Found incumbent of value 957546.451891 after 70.30 sec. (673.65 ticks)
*  3399+ 1216                       957546.4519   715851.3291            25.24%
                                                     Cuts: 13                  
Found incumbent of value 957546.451891 after 70.37 sec. (688.41 ticks)
   3663  1493        cutoff         957546.4519   718638.4281   103866   24.95%
                                                     Cuts: 10                  

Performing restart 1

Repeating presolve.
Tried aggregator 2 times.
MIP Presolve eliminated 24 rows and 18 columns.
MIP Presolve modified 508 coefficients.
Aggregator did 6 substitutions.
Reduced MIP has 1135 rows, 993 columns, and 3309 nonzeros.
Reduced MIP has 479 binaries, 0 generals, 0 SOSs, and 0 indicators.
Presolve time = 0.01 sec. (2.56 ticks)
Tried aggregator 2 times.
MIP Presolve eliminated 10 rows and 5 columns.
MIP Presolve modified 834 coefficients.
Aggregator did 5 substitutions.
Reduced MIP has 1120 rows, 983 columns, and 3273 nonzeros.
Reduced MIP has 474 binaries, 0 generals, 0 SOSs, and 0 indicators.
Presolve time = 0.00 sec. (2.84 ticks)
Tried aggregator 1 time.
MIP Presolve modified 125 coefficients.
Reduced MIP has 1120 rows, 983 columns, and 3273 nonzeros.
Reduced MIP has 474 binaries, 0 generals, 0 SOSs, and 0 indicators.
Presolve time = 0.00 sec. (3.61 ticks)
Represolve time = 0.06 sec. (33.79 ticks)
Tried aggregator 1 time.
LP Presolve eliminated 88 rows and 0 columns.
Aggregator did 336 substitutions.
Reduced LP has 1368 rows, 647 columns, and 5353 nonzeros.
Presolve time = 0.00 sec. (1.35 ticks)
Initializing dual steep norms . . .

Iteration log . . .
Iteration:     1   Dual objective     =       -359267.293841
Iteration:   128   Dual objective     =        568868.856037
Iteration:   241   Dual objective     =        617434.048473
Iteration:   328   Dual objective     =        673517.277279
Iteration:   399   Dual objective     =        687363.335960
Iteration:   466   Dual objective     =        699580.842047
Iteration:   528   Dual objective     =        704141.323099
Iteration:   592   Dual objective     =        706480.184796
Iteration:   654   Dual objective     =        707652.041604
Iteration:   720   Dual objective     =        708451.412388
Initializing dual steep norms . . .

Iteration log . . .
Iteration:     1   Dual objective     =        708459.976388
*  7925+    0                       832936.8073   749581.7836            10.01%
Found incumbent of value 832936.807320 after 110.37 sec. (1151.64 ticks)
   7925     0   709883.5855   123   832936.8073     Cuts: 171   239317   10.01%
*  7925+    0                       812753.5961   749581.7836             7.77%
Found incumbent of value 812753.596057 after 111.39 sec. (1280.17 ticks)
   7925     0   711102.4790   110   812753.5961     Cuts: 194   239476    7.77%
   7925     0   712175.9977   131   812753.5961     Cuts: 181   239604    7.77%
   7925     0   713128.6749   103   812753.5961     Cuts: 202   239771    6.35%
   7925     0   713712.1925   134   812753.5961     Cuts: 172   240017    6.35%
   7925     0   713948.0233   121   812753.5961     Cuts: 151   240093    6.35%
   7925     0   714070.9615   124   812753.5961     Cuts: 119   240169    6.35%
   7925     2   714303.7742   120   812753.5961   761132.3572   240169    6.35%
   7933     3   722034.1883    87   812753.5961   761132.3572   240985    6.35%
   8667   219   789251.6105    68   812753.5961   761132.3572   258985    6.35%
                                                    Cuts: 124                  
  12304  1624   774582.0066     1   812753.5961   761132.3572   345555    6.35%
                                                      Cuts: 8                  

Clique cuts applied:  10
Cover cuts applied:  17
Implied bound cuts applied:  90
Flow cuts applied:  84
Mixed integer rounding cuts applied:  85
Lift and project cuts applied:  75
Gomory fractional cuts applied:  2

Root node processing (before b&c):
  Real time             =   31.17 sec. (468.30 ticks)
Parallel b&c, 31 threads:
  Real time             =  156.22 sec. (2412.72 ticks)
  Sync time (average)   =  103.22 sec.
  Wait time (average)   =    0.02 sec.
                          ------------
Total (root+branch&cut) =  187.39 sec. (2881.02 ticks)

--- MIP status (102): integer optimal, tolerance.
--- Cplex Time: 187.40sec (det. 2881.04 ticks)

--- Fixing integer variables and solving final LP...

Version identifier: 20.1.0.1 | 2021-04-07 | 3a818710c
CPXPARAM_Advance                                 2
CPXPARAM_Threads                                 31
CPXPARAM_Parallel                                1
CPXPARAM_MIP_Display                             4
CPXPARAM_MIP_Pool_Capacity                       0
CPXPARAM_TimeLimit                               1000000
CPXPARAM_MIP_Tolerances_AbsMIPGap                0
Parallel mode: deterministic, using up to 31 threads for concurrent optimization:
 * Starting dual Simplex on 1 thread...
 * Starting Barrier on 29 threads...
 * Starting primal Simplex on 1 thread...
Tried aggregator 1 time.
LP Presolve eliminated 13214 rows and 8831 columns.
Aggregator did 19 substitutions.
All rows and columns eliminated.
Presolve time = 0.01 sec. (6.59 ticks)

Dual simplex solved model.


--- Fixed MIP status (1): optimal.
--- Cplex Time: 0.04sec (det. 12.83 ticks)


Solution satisfies tolerances
MIP Solution:       812753.596057    (475048 iterations, 14852 nodes)
Final Solve:        812753.596975    (0 iterations)

Best possible:      812675.325523
Absolute gap:           78.270533
Relative gap:            0.000096

--- Reading solution for model model_policy
--- Executing after solve: elapsed 0:03:08.011
--- policy.gms(273) 8 Mb--- policy.gms(403) 8 Mb
--- GDX File (execute_unload) /zhome/f0/5/124363/J3-HPC/results/B/B_095_100/policy.gdx
*** Status: Normal completion
--- Job policy.gms Stop 09/30/24 17:10:46 elapsed 0:03:08.035
