--- Job policy Start 09/29/24 23:42:57 37.1.0 r07954d5 LEX-LEG x86 64bit/Linux
--- Applying:
    /appl/gams/37.1.0/gmsprmun.txt
--- GAMS Parameters defined
    Input /zhome/f0/5/124363/J3-HPC/scripts/gams/policy.gms
    Output /zhome/f0/5/124363/J3-HPC/results/B/B_095_110/policy.lst
    ScrDir /zhome/f0/5/124363/J3-HPC/225a/
    SysDir /appl/gams/37.1.0/
    --project B
    --scenario B_095_110
    --timeseries spacing_120
    --tax_carbon no
    --subsidy_capex yes
    --subsidy_opex no
    --subsidy_carbon no
Licensee: Large MUD - 20 User License                    G221124|0002AP-GEN
          Technical University of Denmark, Management Engineering    DC8611
          /appl/gams/37.1.0/gamslice.txt
          License Admin: Thomas Stidsen, thst@man.dtu.dk                   
Processor information: 2 socket(s), 32 core(s), and 32 thread(s) available
GAMS 37.1.0   Copyright (C) 1987-2021 GAMS Development. All rights reserved
--- Starting compilation
--- policy.gms(44) 2 Mb
--- call mkdir -p ./results/B/B_095_110/
--- policy.gms(51) 2 Mb
--- call gams scripts/gams/parameters.gms --project=B --scenario=B_095_110 --timeseries=spacing_120 o=results/B/B_095_110//parameters.lst
--- Job parameters.gms Start 09/29/24 23:42:57 37.1.0 r07954d5 LEX-LEG x86 64bit/Linux
--- Applying:
    /appl/gams/37.1.0/gmsprmun.txt
--- GAMS Parameters defined
    Input /zhome/f0/5/124363/J3-HPC/scripts/gams/parameters.gms
    Output /zhome/f0/5/124363/J3-HPC/results/B/B_095_110/parameters.lst
    ScrDir /zhome/f0/5/124363/J3-HPC/225c/
    SysDir /appl/gams/37.1.0/
    --project B
    --scenario B_095_110
    --timeseries spacing_120
Licensee: Large MUD - 20 User License                    G221124|0002AP-GEN
          Technical University of Denmark, Management Engineering    DC8611
          /appl/gams/37.1.0/gamslice.txt
          License Admin: Thomas Stidsen, thst@man.dtu.dk                   
Processor information: 2 socket(s), 32 core(s), and 32 thread(s) available
GAMS 37.1.0   Copyright (C) 1987-2021 GAMS Development. All rights reserved
--- Starting compilation
--- parameters.gms(37) 2 Mb
--- call mkdir -p ./results/B/B_095_110/
--- parameters.gms(49) 2 Mb
--- . ts-timesteps.csv(73) 3 Mb
--- parameters.gms(58) 3 Mb
--- . name-generator.csv(27) 3 Mb
--- parameters.gms(66) 3 Mb
--- . name-fuel.csv(13) 3 Mb
--- parameters.gms(74) 3 Mb
--- . map-generator-fuel.csv(27) 3 Mb
--- parameters.gms(89) 3 Mb
--- . attribute-generator.csv(16) 3 Mb
--- parameters.gms(96) 3 Mb
--- . attribute-fuel.csv(5) 3 Mb
--- parameters.gms(103) 3 Mb
--- . attribute-other.csv(2) 3 Mb
--- parameters.gms(111) 3 Mb
--- . data-generator.csv(29) 3 Mb
--- parameters.gms(118) 3 Mb
--- . data-fuel.csv(15) 3 Mb
--- parameters.gms(125) 3 Mb
--- . data-other.csv(2) 3 Mb
--- parameters.gms(203) 3 Mb
--- . ts-demand-heat.csv(73) 3 Mb
--- parameters.gms(211) 3 Mb
--- . ts-electricity-price.csv(73) 3 Mb
--- parameters.gms(219) 3 Mb
--- . ts-electricity-carbon.csv(73) 3 Mb
--- parameters.gms(228) 3 Mb
--- . ts-generator-availability.csv(74) 3 Mb
--- parameters.gms(235) 3 Mb
--- . ts-generator-efficiency.csv(74) 3 Mb
--- parameters.gms(286) 3 Mb
--- Starting execution: elapsed 0:00:00.025
--- parameters.gms(859) 5 Mb
--- GDX File (execute_unload) /zhome/f0/5/124363/J3-HPC/results/B/B_095_110/parameters.gdx
*** Status: Normal completion
--- Job parameters.gms Stop 09/29/24 23:42:57 elapsed 0:00:00.042
--- policy.gms(55) 2 Mb
--- call gams scripts/gams/baseline.gms   --project=B --scenario=B_095_110 --timeseries=spacing_120 o=results/B/B_095_110//baseline.lst
--- Job baseline.gms Start 09/29/24 23:42:57 37.1.0 r07954d5 LEX-LEG x86 64bit/Linux
--- Applying:
    /appl/gams/37.1.0/gmsprmun.txt
--- GAMS Parameters defined
    Input /zhome/f0/5/124363/J3-HPC/scripts/gams/baseline.gms
    Output /zhome/f0/5/124363/J3-HPC/results/B/B_095_110/baseline.lst
    ScrDir /zhome/f0/5/124363/J3-HPC/225c/
    SysDir /appl/gams/37.1.0/
    --project B
    --scenario B_095_110
    --timeseries spacing_120
Licensee: Large MUD - 20 User License                    G221124|0002AP-GEN
          Technical University of Denmark, Management Engineering    DC8611
          /appl/gams/37.1.0/gamslice.txt
          License Admin: Thomas Stidsen, thst@man.dtu.dk                   
Processor information: 2 socket(s), 32 core(s), and 32 thread(s) available
GAMS 37.1.0   Copyright (C) 1987-2021 GAMS Development. All rights reserved
--- Starting compilation
--- baseline.gms(36) 2 Mb
--- call mkdir -p ./results/B/B_095_110/
--- baseline.gms(41) 2 Mb
--- call gams scripts/gams/parameters.gms --project=B --scenario=B_095_110 --timeseries=spacing_120 o=results/B/B_095_110//parameters.lst
--- Job parameters.gms Start 09/29/24 23:42:57 37.1.0 r07954d5 LEX-LEG x86 64bit/Linux
--- Applying:
    /appl/gams/37.1.0/gmsprmun.txt
--- GAMS Parameters defined
    Input /zhome/f0/5/124363/J3-HPC/scripts/gams/parameters.gms
    Output /zhome/f0/5/124363/J3-HPC/results/B/B_095_110/parameters.lst
    ScrDir /zhome/f0/5/124363/J3-HPC/225h/
    SysDir /appl/gams/37.1.0/
    --project B
    --scenario B_095_110
    --timeseries spacing_120
Licensee: Large MUD - 20 User License                    G221124|0002AP-GEN
          Technical University of Denmark, Management Engineering    DC8611
          /appl/gams/37.1.0/gamslice.txt
          License Admin: Thomas Stidsen, thst@man.dtu.dk                   
Processor information: 2 socket(s), 32 core(s), and 32 thread(s) available
GAMS 37.1.0   Copyright (C) 1987-2021 GAMS Development. All rights reserved
--- Starting compilation
--- parameters.gms(37) 2 Mb
--- call mkdir -p ./results/B/B_095_110/
--- parameters.gms(49) 2 Mb
--- . ts-timesteps.csv(73) 3 Mb
--- parameters.gms(58) 3 Mb
--- . name-generator.csv(27) 3 Mb
--- parameters.gms(66) 3 Mb
--- . name-fuel.csv(13) 3 Mb
--- parameters.gms(74) 3 Mb
--- . map-generator-fuel.csv(27) 3 Mb
--- parameters.gms(89) 3 Mb
--- . attribute-generator.csv(16) 3 Mb
--- parameters.gms(96) 3 Mb
--- . attribute-fuel.csv(5) 3 Mb
--- parameters.gms(103) 3 Mb
--- . attribute-other.csv(2) 3 Mb
--- parameters.gms(111) 3 Mb
--- . data-generator.csv(29) 3 Mb
--- parameters.gms(118) 3 Mb
--- . data-fuel.csv(15) 3 Mb
--- parameters.gms(125) 3 Mb
--- . data-other.csv(2) 3 Mb
--- parameters.gms(203) 3 Mb
--- . ts-demand-heat.csv(73) 3 Mb
--- parameters.gms(211) 3 Mb
--- . ts-electricity-price.csv(73) 3 Mb
--- parameters.gms(219) 3 Mb
--- . ts-electricity-carbon.csv(73) 3 Mb
--- parameters.gms(228) 3 Mb
--- . ts-generator-availability.csv(74) 3 Mb
--- parameters.gms(235) 3 Mb
--- . ts-generator-efficiency.csv(74) 3 Mb
--- parameters.gms(286) 3 Mb
--- Starting execution: elapsed 0:00:00.020
--- parameters.gms(859) 5 Mb
--- GDX File (execute_unload) /zhome/f0/5/124363/J3-HPC/results/B/B_095_110/parameters.gdx
*** Status: Normal completion
--- Job parameters.gms Stop 09/29/24 23:42:58 elapsed 0:00:00.037
--- baseline.gms(77) 2 Mb
--- GDXin=/zhome/f0/5/124363/J3-HPC/results/B/B_095_110/parameters.gdx
--- GDX File ($gdxIn) /zhome/f0/5/124363/J3-HPC/results/B/B_095_110/parameters.gdx
--- baseline.gms(180) 3 Mb
--- Starting execution: elapsed 0:00:00.071
--- baseline.gms(132) 4 Mb
--- Generating LP model model_baseline
--- baseline.gms(134) 5 Mb
---   2,483 rows  1,978 columns  6,796 non-zeroes
--- Executing CPLEX (Solvelink=2): elapsed 0:00:00.086

IBM ILOG CPLEX   37.1.0 r07954d5 Released Nov 11, 2021 LEG x86 64bit/Linux    

--- GAMS/Cplex Link licensed for continuous and discrete problems.

Reading parameter(s) from "/zhome/f0/5/124363/J3-HPC/cplex.opt"
>>  Threads -1
Finished reading from "/zhome/f0/5/124363/J3-HPC/cplex.opt"

--- GMO setup time: 0.00s
--- Space for names approximately 0.15 Mb
--- Use option 'names no' to turn use of names off
--- GMO memory 1.01 Mb (peak 1.02 Mb)
--- Dictionary memory 0.00 Mb
--- Cplex 20.1.0.1 link memory 0.07 Mb (peak 0.31 Mb)
--- Starting Cplex

Version identifier: 20.1.0.1 | 2021-04-07 | 3a818710c
CPXPARAM_Advance                                 0
CPXPARAM_Threads                                 31
CPXPARAM_Parallel                                1
CPXPARAM_MIP_Display                             4
CPXPARAM_MIP_Pool_Capacity                       0
CPXPARAM_MIP_Tolerances_AbsMIPGap                0
Tried aggregator 1 time.
LP Presolve eliminated 2035 rows and 282 columns.
Reduced LP has 447 rows, 1696 columns, and 2438 nonzeros.
Presolve time = 0.00 sec. (2.05 ticks)

Iteration log . . .
Iteration:     1   Dual objective     =      -2787736.838177
Iteration:   117   Dual objective     =       3871891.781294

--- LP status (1): optimal.
--- Cplex Time: 0.01sec (det. 3.54 ticks)


Optimal solution found
Objective:      4007592.442075

--- Reading solution for model model_baseline
--- Executing after solve: elapsed 0:00:00.117
--- baseline.gms(176) 5 Mb
--- GDX File (execute_unload) /zhome/f0/5/124363/J3-HPC/results/B/B_095_110/baseline.gdx
*** Status: Normal completion
--- Job baseline.gms Stop 09/29/24 23:42:58 elapsed 0:00:00.124
--- policy.gms(56) 2 Mb--- policy.gms(113) 2 Mb
--- GDXin=/zhome/f0/5/124363/J3-HPC/results/B/B_095_110/parameters.gdx
--- GDX File ($gdxIn) /zhome/f0/5/124363/J3-HPC/results/B/B_095_110/parameters.gdx
--- policy.gms(123) 3 Mb
--- GDXin=/zhome/f0/5/124363/J3-HPC/results/B/B_095_110/baseline.gdx
--- GDX File ($gdxIn) /zhome/f0/5/124363/J3-HPC/results/B/B_095_110/baseline.gdx
--- policy.gms(406) 3 Mb
--- Starting execution: elapsed 0:00:00.233
--- policy.gms(255) 4 Mb
--- Generating MIP model model_policy
--- policy.gms(256) 8 Mb
---   13,234 rows  8,850 columns  40,698 non-zeroes
---   4,386 discrete-columns
--- Executing CPLEX (Solvelink=2): elapsed 0:00:00.268

IBM ILOG CPLEX   37.1.0 r07954d5 Released Nov 11, 2021 LEG x86 64bit/Linux    

--- GAMS/Cplex Link licensed for continuous and discrete problems.

Reading parameter(s) from "/zhome/f0/5/124363/J3-HPC/cplex.opt"
>>  Threads -1
Finished reading from "/zhome/f0/5/124363/J3-HPC/cplex.opt"

--- GMO setup time: 0.00s
--- Space for names approximately 0.84 Mb
--- Use option 'names no' to turn use of names off
--- GMO memory 4.51 Mb (peak 4.58 Mb)
--- Dictionary memory 0.00 Mb
--- Cplex 20.1.0.1 link memory 0.32 Mb (peak 1.77 Mb)
--- Starting Cplex

Version identifier: 20.1.0.1 | 2021-04-07 | 3a818710c
CPXPARAM_Advance                                 0
CPXPARAM_Threads                                 31
CPXPARAM_Parallel                                1
CPXPARAM_MIP_Display                             4
CPXPARAM_MIP_Pool_Capacity                       0
CPXPARAM_TimeLimit                               1000000
CPXPARAM_MIP_Tolerances_AbsMIPGap                0
Generic callback                                 0x50
Tried aggregator 2 times.
MIP Presolve eliminated 3460 rows and 1184 columns.
MIP Presolve modified 7674 coefficients.
Aggregator did 11 substitutions.
Reduced MIP has 9762 rows, 7655 columns, and 27443 nonzeros.
Reduced MIP has 3796 binaries, 0 generals, 0 SOSs, and 0 indicators.
Presolve time = 0.03 sec. (20.62 ticks)
Probing fixed 3256 vars, tightened 6923 bounds.
Probing time = 0.12 sec. (50.81 ticks)
Cover probing fixed 0 vars, tightened 2596 bounds.
Tried aggregator 2 times.
MIP Presolve eliminated 8294 rows and 6360 columns.
MIP Presolve modified 1321 coefficients.
Aggregator did 174 substitutions.
Reduced MIP has 1294 rows, 1121 columns, and 3754 nonzeros.
Reduced MIP has 540 binaries, 0 generals, 0 SOSs, and 0 indicators.
Presolve time = 0.01 sec. (10.10 ticks)
Probing fixed 49 vars, tightened 2374 bounds.
Probing time = 0.02 sec. (16.01 ticks)
Cover probing fixed 0 vars, tightened 19 bounds.
Tried aggregator 2 times.
Detecting symmetries...
MIP Presolve eliminated 123 rows and 98 columns.
MIP Presolve modified 557 coefficients.
Aggregator did 4 substitutions.
Reduced MIP has 1167 rows, 1019 columns, and 3394 nonzeros.
Reduced MIP has 491 binaries, 0 generals, 0 SOSs, and 0 indicators.
Presolve time = 0.01 sec. (4.72 ticks)
Probing fixed 5 vars, tightened 896 bounds.
Probing time = 0.02 sec. (10.86 ticks)
Clique table members: 4760.
MIP emphasis: balance optimality and feasibility.
MIP search method: dynamic search.
Parallel mode: deterministic, using up to 31 threads.
Parallel mode: deterministic, using up to 4 threads for parallel tasks at root LP.
Parallel mode: deterministic, using up to 27 threads for concurrent optimization:
 * Starting dual Simplex on 1 thread...
 * Starting Barrier on 25 threads...
 * Starting primal Simplex on 1 thread...
Tried aggregator 1 time.
LP Presolve eliminated 12 rows and 10 columns.
Aggregator did 483 substitutions.
Reduced LP has 672 rows, 526 columns, and 2394 nonzeros.
Presolve time = 0.00 sec. (0.88 ticks)
Initializing dual steep norms . . .

Iteration log . . .
Iteration:     1   Dual objective     =       -381467.066742
Iteration:    75   Dual objective     =        549609.787146
Iteration:   157   Dual objective     =        625803.809803
Initializing dual steep norms . . .

Dual simplex solved model.

Initializing dual steep norms . . .

Iteration log . . .
Iteration:     1   Dual objective     =        647912.780074
Root relaxation solution time = 0.02 sec. (7.30 ticks)

        Nodes                                         Cuts/
   Node  Left     Objective  IInf  Best Integer    Best Bound    ItCnt     Gap

      0     0   647912.7801    54                 647912.7801      202         
*     0+    0                      2502493.7520   647912.7801            74.11%
Found incumbent of value 2502493.751987 after 19.74 sec. (177.48 ticks)
      0     0   684278.3409    95  2502493.7520     Cuts: 391      484   72.66%
      0     0   695507.1448    87  2502493.7520     Cuts: 375      712   72.21%
      0     0   701371.2005    76  2502493.7520     Cuts: 208      851   71.97%
      0     0   704904.4482    99  2502493.7520     Cuts: 163      976   71.83%
      0     0   706098.8846    85  2502493.7520     Cuts: 176     1053   71.78%
      0     0   706978.1900    84  2502493.7520     Cuts: 126     1116   71.75%
      0     0   707736.7259    91  2502493.7520     Cuts: 134     1172   71.72%
      0     0   707976.8521    89  2502493.7520      Cuts: 79     1202   71.71%
      0     0   708024.3654    90  2502493.7520      Cuts: 69     1230   71.71%
      0     0   708110.4989    87  2502493.7520       Cuts: 8     1238   71.70%
      0     0   708136.2602    91  2502493.7520      Cuts: 44     1258   71.70%
*     0+    0                       812753.5970   708136.2602            12.87%
Found incumbent of value 812753.596975 after 31.00 sec. (412.59 ticks)
*     0+    0                       812753.5961   708160.0064            12.87%
Found incumbent of value 812753.596055 after 31.01 sec. (421.08 ticks)
      0     2   708144.2947    89   812753.5961   708160.0064     1258   12.87%
Elapsed time = 34.49 sec. (423.31 ticks, tree = 0.02 MB)
   4632   923   773278.1414     2   812753.5961   764155.7281    94046    5.98%
                                                    Cuts: 382                  

Performing restart 1

Repeating presolve.
Tried aggregator 2 times.
MIP Presolve eliminated 42 rows and 35 columns.
MIP Presolve modified 812 coefficients.
Aggregator did 7 substitutions.
Reduced MIP has 1118 rows, 977 columns, and 3261 nonzeros.
Reduced MIP has 471 binaries, 0 generals, 0 SOSs, and 0 indicators.
Presolve time = 0.00 sec. (2.84 ticks)
Tried aggregator 2 times.
MIP Presolve eliminated 18 rows and 11 columns.
MIP Presolve modified 634 coefficients.
Aggregator did 11 substitutions.
Reduced MIP has 1089 rows, 955 columns, and 3191 nonzeros.
Reduced MIP has 462 binaries, 0 generals, 0 SOSs, and 0 indicators.
Presolve time = 0.00 sec. (2.79 ticks)
Tried aggregator 1 time.
MIP Presolve modified 95 coefficients.
Reduced MIP has 1089 rows, 955 columns, and 3191 nonzeros.
Reduced MIP has 462 binaries, 0 generals, 0 SOSs, and 0 indicators.
Presolve time = 0.00 sec. (3.51 ticks)
Represolve time = 0.06 sec. (32.77 ticks)
Tried aggregator 1 time.
LP Presolve eliminated 44 rows and 0 columns.
Aggregator did 310 substitutions.
Reduced LP has 1443 rows, 645 columns, and 5033 nonzeros.
Presolve time = 0.00 sec. (1.29 ticks)
Initializing dual steep norms . . .

Iteration log . . .
Iteration:     1   Dual objective     =       -233477.303294
Iteration:   128   Dual objective     =        590985.939900
Iteration:   247   Dual objective     =        631103.586852
Iteration:   334   Dual objective     =        660041.337229
Iteration:   396   Dual objective     =        687593.062973
Iteration:   467   Dual objective     =        700308.440491
Iteration:   531   Dual objective     =        708191.743763
Iteration:   607   Dual objective     =        709828.105647
Initializing dual steep norms . . .

Iteration log . . .
Iteration:     1   Dual objective     =        709828.189060
  10883     0   711705.0459   109   812753.5961     Cuts: 235   220050    4.14%
  10883     0   713893.5404   129   812753.5961     Cuts: 184   220260    4.14%
  10883     0   714441.2072   132   812753.5961     Cuts: 157   220329    4.14%
  10883     0   714499.2222   125   812753.5961     Cuts: 136   220367    4.14%
  10883     0   714538.4977   118   812753.5961     Cuts: 121   220410    4.14%
  10883     0   714857.9568   129   812753.5961     Cuts: 119   220477    4.14%
  10883     2   714866.4848   127   812753.5961   779104.0689   220477    4.14%
  10903     7   716411.9019    98   812753.5961   779104.0689   221505    4.14%
                                                  Impl Bds: 6                  
  12477   259   777669.0757     2   812753.5961   779104.0689   260060    4.14%
                                                     Cuts: 79                  

Clique cuts applied:  17
Cover cuts applied:  11
Implied bound cuts applied:  109
Flow cuts applied:  68
Mixed integer rounding cuts applied:  83
Lift and project cuts applied:  27
Gomory fractional cuts applied:  3

Root node processing (before b&c):
  Real time             =   31.07 sec. (422.67 ticks)
Parallel b&c, 31 threads:
  Real time             =  163.74 sec. (1691.03 ticks)
  Sync time (average)   =  118.09 sec.
  Wait time (average)   =    0.01 sec.
                          ------------
Total (root+branch&cut) =  194.81 sec. (2113.70 ticks)

--- MIP status (101): integer optimal solution.
--- Cplex Time: 194.82sec (det. 2113.73 ticks)

--- Fixing integer variables and solving final LP...

Version identifier: 20.1.0.1 | 2021-04-07 | 3a818710c
CPXPARAM_Advance                                 2
CPXPARAM_Threads                                 31
CPXPARAM_Parallel                                1
CPXPARAM_MIP_Display                             4
CPXPARAM_MIP_Pool_Capacity                       0
CPXPARAM_TimeLimit                               1000000
CPXPARAM_MIP_Tolerances_AbsMIPGap                0
Parallel mode: deterministic, using up to 31 threads for concurrent optimization:
 * Starting dual Simplex on 1 thread...
 * Starting Barrier on 29 threads...
 * Starting primal Simplex on 1 thread...
Tried aggregator 1 time.
LP Presolve eliminated 13220 rows and 8837 columns.
Aggregator did 13 substitutions.
All rows and columns eliminated.
Presolve time = 0.01 sec. (6.59 ticks)

Dual simplex solved model.


--- Fixed MIP status (1): optimal.
--- Cplex Time: 0.03sec (det. 12.83 ticks)


Proven optimal solution
MIP Solution:       812753.596055    (328769 iterations, 14527 nodes)
Final Solve:        812753.596975    (0 iterations)

Best possible:      812753.596055
Absolute gap:            0.000000
Relative gap:            0.000000

--- Reading solution for model model_policy
--- Executing after solve: elapsed 0:03:15.186
--- policy.gms(273) 8 Mb--- policy.gms(403) 8 Mb
--- GDX File (execute_unload) /zhome/f0/5/124363/J3-HPC/results/B/B_095_110/policy.gdx
*** Status: Normal completion
--- Job policy.gms Stop 09/29/24 23:46:13 elapsed 0:03:15.208
