--- Job policy Start 09/29/24 20:38:58 37.1.0 r07954d5 LEX-LEG x86 64bit/Linux
--- Applying:
    /appl/gams/37.1.0/gmsprmun.txt
--- GAMS Parameters defined
    Input /zhome/f0/5/124363/J3-HPC/scripts/gams/policy.gms
    Output /zhome/f0/5/124363/J3-HPC/results/C/C_095_110/policy.lst
    ScrDir /zhome/f0/5/124363/J3-HPC/225v/
    SysDir /appl/gams/37.1.0/
    --project C
    --scenario C_095_110
    --timeseries spacing_120
    --tax_carbon yes
    --subsidy_capex no
    --subsidy_opex yes
    --subsidy_carbon no
Licensee: Large MUD - 20 User License                    G221124|0002AP-GEN
          Technical University of Denmark, Management Engineering    DC8611
          /appl/gams/37.1.0/gamslice.txt
          License Admin: Thomas Stidsen, thst@man.dtu.dk                   
Processor information: 2 socket(s), 32 core(s), and 32 thread(s) available
GAMS 37.1.0   Copyright (C) 1987-2021 GAMS Development. All rights reserved
--- Starting compilation
--- policy.gms(44) 2 Mb
--- call mkdir -p ./results/C/C_095_110/
--- policy.gms(51) 2 Mb
--- call gams scripts/gams/parameters.gms --project=C --scenario=C_095_110 --timeseries=spacing_120 o=results/C/C_095_110//parameters.lst
--- Job parameters.gms Start 09/29/24 20:38:58 37.1.0 r07954d5 LEX-LEG x86 64bit/Linux
--- Applying:
    /appl/gams/37.1.0/gmsprmun.txt
--- GAMS Parameters defined
    Input /zhome/f0/5/124363/J3-HPC/scripts/gams/parameters.gms
    Output /zhome/f0/5/124363/J3-HPC/results/C/C_095_110/parameters.lst
    ScrDir /zhome/f0/5/124363/J3-HPC/225y/
    SysDir /appl/gams/37.1.0/
    --project C
    --scenario C_095_110
    --timeseries spacing_120
Licensee: Large MUD - 20 User License                    G221124|0002AP-GEN
          Technical University of Denmark, Management Engineering    DC8611
          /appl/gams/37.1.0/gamslice.txt
          License Admin: Thomas Stidsen, thst@man.dtu.dk                   
Processor information: 2 socket(s), 32 core(s), and 32 thread(s) available
GAMS 37.1.0   Copyright (C) 1987-2021 GAMS Development. All rights reserved
--- Starting compilation
--- parameters.gms(37) 2 Mb
--- call mkdir -p ./results/C/C_095_110/
--- parameters.gms(49) 2 Mb
--- . ts-timesteps.csv(73) 3 Mb
--- parameters.gms(58) 3 Mb
--- . name-generator.csv(27) 3 Mb
--- parameters.gms(66) 3 Mb
--- . name-fuel.csv(13) 3 Mb
--- parameters.gms(74) 3 Mb
--- . map-generator-fuel.csv(27) 3 Mb
--- parameters.gms(89) 3 Mb
--- . attribute-generator.csv(16) 3 Mb
--- parameters.gms(96) 3 Mb
--- . attribute-fuel.csv(5) 3 Mb
--- parameters.gms(103) 3 Mb
--- . attribute-other.csv(2) 3 Mb
--- parameters.gms(111) 3 Mb
--- . data-generator.csv(29) 3 Mb
--- parameters.gms(118) 3 Mb
--- . data-fuel.csv(15) 3 Mb
--- parameters.gms(125) 3 Mb
--- . data-other.csv(2) 3 Mb
--- parameters.gms(203) 3 Mb
--- . ts-demand-heat.csv(73) 3 Mb
--- parameters.gms(211) 3 Mb
--- . ts-electricity-price.csv(73) 3 Mb
--- parameters.gms(219) 3 Mb
--- . ts-electricity-carbon.csv(73) 3 Mb
--- parameters.gms(228) 3 Mb
--- . ts-generator-availability.csv(74) 3 Mb
--- parameters.gms(235) 3 Mb
--- . ts-generator-efficiency.csv(74) 3 Mb
--- parameters.gms(286) 3 Mb
--- Starting execution: elapsed 0:00:00.023
--- parameters.gms(859) 5 Mb
--- GDX File (execute_unload) /zhome/f0/5/124363/J3-HPC/results/C/C_095_110/parameters.gdx
*** Status: Normal completion
--- Job parameters.gms Stop 09/29/24 20:38:59 elapsed 0:00:00.039
--- policy.gms(55) 2 Mb
--- call gams scripts/gams/baseline.gms   --project=C --scenario=C_095_110 --timeseries=spacing_120 o=results/C/C_095_110//baseline.lst
--- Job baseline.gms Start 09/29/24 20:38:59 37.1.0 r07954d5 LEX-LEG x86 64bit/Linux
--- Applying:
    /appl/gams/37.1.0/gmsprmun.txt
--- GAMS Parameters defined
    Input /zhome/f0/5/124363/J3-HPC/scripts/gams/baseline.gms
    Output /zhome/f0/5/124363/J3-HPC/results/C/C_095_110/baseline.lst
    ScrDir /zhome/f0/5/124363/J3-HPC/225x/
    SysDir /appl/gams/37.1.0/
    --project C
    --scenario C_095_110
    --timeseries spacing_120
Licensee: Large MUD - 20 User License                    G221124|0002AP-GEN
          Technical University of Denmark, Management Engineering    DC8611
          /appl/gams/37.1.0/gamslice.txt
          License Admin: Thomas Stidsen, thst@man.dtu.dk                   
Processor information: 2 socket(s), 32 core(s), and 32 thread(s) available
GAMS 37.1.0   Copyright (C) 1987-2021 GAMS Development. All rights reserved
--- Starting compilation
--- baseline.gms(36) 2 Mb
--- call mkdir -p ./results/C/C_095_110/
--- baseline.gms(41) 2 Mb
--- call gams scripts/gams/parameters.gms --project=C --scenario=C_095_110 --timeseries=spacing_120 o=results/C/C_095_110//parameters.lst
--- Job parameters.gms Start 09/29/24 20:38:59 37.1.0 r07954d5 LEX-LEG x86 64bit/Linux
--- Applying:
    /appl/gams/37.1.0/gmsprmun.txt
--- GAMS Parameters defined
    Input /zhome/f0/5/124363/J3-HPC/scripts/gams/parameters.gms
    Output /zhome/f0/5/124363/J3-HPC/results/C/C_095_110/parameters.lst
    ScrDir /zhome/f0/5/124363/J3-HPC/225ab/
    SysDir /appl/gams/37.1.0/
    --project C
    --scenario C_095_110
    --timeseries spacing_120
Licensee: Large MUD - 20 User License                    G221124|0002AP-GEN
          Technical University of Denmark, Management Engineering    DC8611
          /appl/gams/37.1.0/gamslice.txt
          License Admin: Thomas Stidsen, thst@man.dtu.dk                   
Processor information: 2 socket(s), 32 core(s), and 32 thread(s) available
GAMS 37.1.0   Copyright (C) 1987-2021 GAMS Development. All rights reserved
--- Starting compilation
--- parameters.gms(37) 2 Mb
--- call mkdir -p ./results/C/C_095_110/
--- parameters.gms(49) 2 Mb
--- . ts-timesteps.csv(73) 3 Mb
--- parameters.gms(58) 3 Mb
--- . name-generator.csv(27) 3 Mb
--- parameters.gms(66) 3 Mb
--- . name-fuel.csv(13) 3 Mb
--- parameters.gms(74) 3 Mb
--- . map-generator-fuel.csv(27) 3 Mb
--- parameters.gms(89) 3 Mb
--- . attribute-generator.csv(16) 3 Mb
--- parameters.gms(96) 3 Mb
--- . attribute-fuel.csv(5) 3 Mb
--- parameters.gms(103) 3 Mb
--- . attribute-other.csv(2) 3 Mb
--- parameters.gms(111) 3 Mb
--- . data-generator.csv(29) 3 Mb
--- parameters.gms(118) 3 Mb
--- . data-fuel.csv(15) 3 Mb
--- parameters.gms(125) 3 Mb
--- . data-other.csv(2) 3 Mb
--- parameters.gms(203) 3 Mb
--- . ts-demand-heat.csv(73) 3 Mb
--- parameters.gms(211) 3 Mb
--- . ts-electricity-price.csv(73) 3 Mb
--- parameters.gms(219) 3 Mb
--- . ts-electricity-carbon.csv(73) 3 Mb
--- parameters.gms(228) 3 Mb
--- . ts-generator-availability.csv(74) 3 Mb
--- parameters.gms(235) 3 Mb
--- . ts-generator-efficiency.csv(74) 3 Mb
--- parameters.gms(286) 3 Mb
--- Starting execution: elapsed 0:00:00.020
--- parameters.gms(859) 5 Mb
--- GDX File (execute_unload) /zhome/f0/5/124363/J3-HPC/results/C/C_095_110/parameters.gdx
*** Status: Normal completion
--- Job parameters.gms Stop 09/29/24 20:38:59 elapsed 0:00:00.037
--- baseline.gms(77) 2 Mb
--- GDXin=/zhome/f0/5/124363/J3-HPC/results/C/C_095_110/parameters.gdx
--- GDX File ($gdxIn) /zhome/f0/5/124363/J3-HPC/results/C/C_095_110/parameters.gdx
--- baseline.gms(180) 3 Mb
--- Starting execution: elapsed 0:00:00.074
--- baseline.gms(132) 4 Mb
--- Generating LP model model_baseline
--- baseline.gms(134) 5 Mb
---   2,483 rows  1,978 columns  6,796 non-zeroes
--- Executing CPLEX (Solvelink=2): elapsed 0:00:00.089

IBM ILOG CPLEX   37.1.0 r07954d5 Released Nov 11, 2021 LEG x86 64bit/Linux    

--- GAMS/Cplex Link licensed for continuous and discrete problems.

Reading parameter(s) from "/zhome/f0/5/124363/J3-HPC/cplex.opt"
>>  Threads -1
Finished reading from "/zhome/f0/5/124363/J3-HPC/cplex.opt"

--- GMO setup time: 0.00s
--- Space for names approximately 0.15 Mb
--- Use option 'names no' to turn use of names off
--- GMO memory 1.01 Mb (peak 1.02 Mb)
--- Dictionary memory 0.00 Mb
--- Cplex 20.1.0.1 link memory 0.07 Mb (peak 0.31 Mb)
--- Starting Cplex

Version identifier: 20.1.0.1 | 2021-04-07 | 3a818710c
CPXPARAM_Advance                                 0
CPXPARAM_Threads                                 31
CPXPARAM_Parallel                                1
CPXPARAM_MIP_Display                             4
CPXPARAM_MIP_Pool_Capacity                       0
CPXPARAM_MIP_Tolerances_AbsMIPGap                0
Tried aggregator 1 time.
LP Presolve eliminated 2035 rows and 282 columns.
Reduced LP has 447 rows, 1696 columns, and 2438 nonzeros.
Presolve time = 0.00 sec. (2.05 ticks)

Iteration log . . .
Iteration:     1   Dual objective     =      -2787736.838177
Iteration:   117   Dual objective     =       3871891.781294

--- LP status (1): optimal.
--- Cplex Time: 0.01sec (det. 3.54 ticks)


Optimal solution found
Objective:      4007592.442075

--- Reading solution for model model_baseline
--- Executing after solve: elapsed 0:00:00.121
--- baseline.gms(176) 5 Mb
--- GDX File (execute_unload) /zhome/f0/5/124363/J3-HPC/results/C/C_095_110/baseline.gdx
*** Status: Normal completion
--- Job baseline.gms Stop 09/29/24 20:38:59 elapsed 0:00:00.126
--- policy.gms(56) 2 Mb--- policy.gms(113) 2 Mb
--- GDXin=/zhome/f0/5/124363/J3-HPC/results/C/C_095_110/parameters.gdx
--- GDX File ($gdxIn) /zhome/f0/5/124363/J3-HPC/results/C/C_095_110/parameters.gdx
--- policy.gms(123) 3 Mb
--- GDXin=/zhome/f0/5/124363/J3-HPC/results/C/C_095_110/baseline.gdx
--- GDX File ($gdxIn) /zhome/f0/5/124363/J3-HPC/results/C/C_095_110/baseline.gdx
--- policy.gms(406) 3 Mb
--- Starting execution: elapsed 0:00:00.240
--- policy.gms(255) 4 Mb
--- Generating MIP model model_policy
--- policy.gms(240) 7 Mb--- policy.gms(256) 8 Mb
---   13,234 rows  8,850 columns  40,698 non-zeroes
---   4,386 discrete-columns
--- Executing CPLEX (Solvelink=2): elapsed 0:00:00.276

IBM ILOG CPLEX   37.1.0 r07954d5 Released Nov 11, 2021 LEG x86 64bit/Linux    

--- GAMS/Cplex Link licensed for continuous and discrete problems.

Reading parameter(s) from "/zhome/f0/5/124363/J3-HPC/cplex.opt"
>>  Threads -1
Finished reading from "/zhome/f0/5/124363/J3-HPC/cplex.opt"

--- GMO setup time: 0.00s
--- Space for names approximately 0.84 Mb
--- Use option 'names no' to turn use of names off
--- GMO memory 4.51 Mb (peak 4.58 Mb)
--- Dictionary memory 0.00 Mb
--- Cplex 20.1.0.1 link memory 0.32 Mb (peak 1.77 Mb)
--- Starting Cplex

Version identifier: 20.1.0.1 | 2021-04-07 | 3a818710c
CPXPARAM_Advance                                 0
CPXPARAM_Threads                                 31
CPXPARAM_Parallel                                1
CPXPARAM_MIP_Display                             4
CPXPARAM_MIP_Pool_Capacity                       0
CPXPARAM_TimeLimit                               1000000
CPXPARAM_MIP_Tolerances_AbsMIPGap                0
Generic callback                                 0x50
Tried aggregator 1 time.
MIP Presolve eliminated 2669 rows and 609 columns.
MIP Presolve modified 5978 coefficients.
Reduced MIP has 10564 rows, 8241 columns, and 31698 nonzeros.
Reduced MIP has 4083 binaries, 0 generals, 0 SOSs, and 0 indicators.
Presolve time = 0.02 sec. (16.64 ticks)
Probing fixed 1497 vars, tightened 3676 bounds.
Probing time = 0.28 sec. (154.31 ticks)
Tried aggregator 2 times.
MIP Presolve eliminated 3432 rows and 2259 columns.
MIP Presolve modified 2717 coefficients.
Aggregator did 243 substitutions.
Reduced MIP has 6889 rows, 5739 columns, and 21887 nonzeros.
Reduced MIP has 2586 binaries, 0 generals, 0 SOSs, and 0 indicators.
Presolve time = 0.02 sec. (18.42 ticks)
Probing fixed 4 vars, tightened 888 bounds.
Probing time = 0.16 sec. (100.16 ticks)
Tried aggregator 1 time.
Detecting symmetries...
MIP Presolve eliminated 9 rows and 8 columns.
MIP Presolve modified 815 coefficients.
Reduced MIP has 6880 rows, 5731 columns, and 21860 nonzeros.
Reduced MIP has 2582 binaries, 0 generals, 0 SOSs, and 0 indicators.
Presolve time = 0.02 sec. (13.17 ticks)
Probing fixed 0 vars, tightened 10 bounds.
Probing time = 0.04 sec. (21.70 ticks)
Clique table members: 21764.
MIP emphasis: balance optimality and feasibility.
MIP search method: dynamic search.
Parallel mode: deterministic, using up to 31 threads.
Parallel mode: deterministic, using up to 4 threads for parallel tasks at root LP.
Parallel mode: deterministic, using up to 27 threads for concurrent optimization:
 * Starting dual Simplex on 1 thread...
 * Starting Barrier on 25 threads...
 * Starting primal Simplex on 1 thread...
Tried aggregator 1 time.
Aggregator did 2582 substitutions.
Reduced LP has 4298 rows, 3149 columns, and 15942 nonzeros.
Presolve time = 0.01 sec. (5.05 ticks)

Iteration log . . .
Iteration:     1   Dual objective     =      -5697160.673681
Iteration:   116   Dual objective     =       -897675.063058
Iteration:   201   Dual objective     =       -848814.334312
Iteration:   288   Dual objective     =       -743345.855060
Iteration:   446   Dual objective     =       -695343.193868
Iteration:   533   Dual objective     =       -695343.193868
Iteration:   619   Dual objective     =       -695343.193868
Iteration:   735   Dual objective     =       -437998.403985
Iteration:   832   Dual objective     =       -412049.728194
Iteration:   946   Dual objective     =       -391416.492639
Iteration:  1025   Dual objective     =       -391416.492639
Iteration:  1120   Dual objective     =       -391079.791044
Iteration:  1209   Dual objective     =       -391006.667525
Iteration:  1360   Dual objective     =       -390726.324092
Iteration:  1505   Dual objective     =       -390721.680146
Iteration:  1610   Dual objective     =       -390713.548918
Initializing dual steep norms . . .

Dual simplex solved model.

Initializing dual steep norms . . .

Iteration log . . .
Iteration:     1   Dual objective     =       -390713.548918
Root relaxation solution time = 0.16 sec. (170.68 ticks)

        Nodes                                         Cuts/
   Node  Left     Objective  IInf  Best Integer    Best Bound    ItCnt     Gap

      0     0  -390713.5489    40                -390713.5489     1616         
*     0+    0                      -390638.0326  -390713.5489             0.02%
Found incumbent of value -390638.032641 after 0.90 sec. (604.03 ticks)
      0     0        cutoff        -390638.0326                   1950    0.00%
Elapsed time = 1.15 sec. (835.47 ticks, tree = 0.01 MB)

Root node processing (before b&c):
  Real time             =    1.15 sec. (835.72 ticks)
Parallel b&c, 31 threads:
  Real time             =    0.00 sec. (0.00 ticks)
  Sync time (average)   =    0.00 sec.
  Wait time (average)   =    0.00 sec.
                          ------------
Total (root+branch&cut) =    1.15 sec. (835.72 ticks)

--- MIP status (101): integer optimal solution.
--- Cplex Time: 1.16sec (det. 835.75 ticks)

--- Fixing integer variables and solving final LP...

Version identifier: 20.1.0.1 | 2021-04-07 | 3a818710c
CPXPARAM_Advance                                 2
CPXPARAM_Threads                                 31
CPXPARAM_Parallel                                1
CPXPARAM_MIP_Display                             4
CPXPARAM_MIP_Pool_Capacity                       0
CPXPARAM_TimeLimit                               1000000
CPXPARAM_MIP_Tolerances_AbsMIPGap                0
Parallel mode: deterministic, using up to 31 threads for concurrent optimization:
 * Starting dual Simplex on 1 thread...
 * Starting Barrier on 29 threads...
 * Starting primal Simplex on 1 thread...
Tried aggregator 1 time.
LP Presolve eliminated 12819 rows and 8439 columns.
Aggregator did 392 substitutions.
Reduced LP has 22 rows, 19 columns, and 79 nonzeros.
Presolve time = 0.01 sec. (7.45 ticks)
Initializing dual steep norms . . .

Iteration log . . .
Iteration:     1   Dual objective     =       -390638.032641

Dual simplex solved model.


--- Fixed MIP status (1): optimal.
--- Cplex Time: 0.02sec (det. 13.90 ticks)


Proven optimal solution
MIP Solution:      -390638.032641    (1950 iterations, 0 nodes)
Final Solve:       -390638.032641    (3 iterations)

Best possible:     -390638.032641
Absolute gap:            0.000000
Relative gap:            0.000000

--- Reading solution for model model_policy
--- Executing after solve: elapsed 0:00:01.525
--- policy.gms(273) 8 Mb--- policy.gms(403) 8 Mb
--- GDX File (execute_unload) /zhome/f0/5/124363/J3-HPC/results/C/C_095_110/policy.gdx
*** Status: Normal completion
--- Job policy.gms Stop 09/29/24 20:39:00 elapsed 0:00:01.545
