--- Job policy Start 09/29/24 23:43:54 37.1.0 r07954d5 LEX-LEG x86 64bit/Linux
--- Applying:
    /appl/gams/37.1.0/gmsprmun.txt
--- GAMS Parameters defined
    Input /zhome/f0/5/124363/J3-HPC/scripts/gams/policy.gms
    Output /zhome/f0/5/124363/J3-HPC/results/D/D_085_120/policy.lst
    ScrDir /zhome/f0/5/124363/J3-HPC/225j/
    SysDir /appl/gams/37.1.0/
    --project D
    --scenario D_085_120
    --timeseries spacing_120
    --tax_carbon yes
    --subsidy_capex yes
    --subsidy_opex no
    --subsidy_carbon no
Licensee: Large MUD - 20 User License                    G221124|0002AP-GEN
          Technical University of Denmark, Management Engineering    DC8611
          /appl/gams/37.1.0/gamslice.txt
          License Admin: Thomas Stidsen, thst@man.dtu.dk                   
Processor information: 2 socket(s), 32 core(s), and 32 thread(s) available
GAMS 37.1.0   Copyright (C) 1987-2021 GAMS Development. All rights reserved
--- Starting compilation
--- policy.gms(44) 2 Mb
--- call mkdir -p ./results/D/D_085_120/
--- policy.gms(51) 2 Mb
--- call gams scripts/gams/parameters.gms --project=D --scenario=D_085_120 --timeseries=spacing_120 o=results/D/D_085_120//parameters.lst
--- Job parameters.gms Start 09/29/24 23:43:54 37.1.0 r07954d5 LEX-LEG x86 64bit/Linux
--- Applying:
    /appl/gams/37.1.0/gmsprmun.txt
--- GAMS Parameters defined
    Input /zhome/f0/5/124363/J3-HPC/scripts/gams/parameters.gms
    Output /zhome/f0/5/124363/J3-HPC/results/D/D_085_120/parameters.lst
    ScrDir /zhome/f0/5/124363/J3-HPC/225r/
    SysDir /appl/gams/37.1.0/
    --project D
    --scenario D_085_120
    --timeseries spacing_120
Licensee: Large MUD - 20 User License                    G221124|0002AP-GEN
          Technical University of Denmark, Management Engineering    DC8611
          /appl/gams/37.1.0/gamslice.txt
          License Admin: Thomas Stidsen, thst@man.dtu.dk                   
Processor information: 2 socket(s), 32 core(s), and 32 thread(s) available
GAMS 37.1.0   Copyright (C) 1987-2021 GAMS Development. All rights reserved
--- Starting compilation
--- parameters.gms(37) 2 Mb
--- call mkdir -p ./results/D/D_085_120/
--- parameters.gms(49) 2 Mb
--- . ts-timesteps.csv(73) 3 Mb
--- parameters.gms(58) 3 Mb
--- . name-generator.csv(27) 3 Mb
--- parameters.gms(66) 3 Mb
--- . name-fuel.csv(13) 3 Mb
--- parameters.gms(74) 3 Mb
--- . map-generator-fuel.csv(27) 3 Mb
--- parameters.gms(89) 3 Mb
--- . attribute-generator.csv(16) 3 Mb
--- parameters.gms(96) 3 Mb
--- . attribute-fuel.csv(5) 3 Mb
--- parameters.gms(103) 3 Mb
--- . attribute-other.csv(2) 3 Mb
--- parameters.gms(111) 3 Mb
--- . data-generator.csv(29) 3 Mb
--- parameters.gms(118) 3 Mb
--- . data-fuel.csv(15) 3 Mb
--- parameters.gms(125) 3 Mb
--- . data-other.csv(2) 3 Mb
--- parameters.gms(203) 3 Mb
--- . ts-demand-heat.csv(73) 3 Mb
--- parameters.gms(211) 3 Mb
--- . ts-electricity-price.csv(73) 3 Mb
--- parameters.gms(219) 3 Mb
--- . ts-electricity-carbon.csv(73) 3 Mb
--- parameters.gms(228) 3 Mb
--- . ts-generator-availability.csv(74) 3 Mb
--- parameters.gms(235) 3 Mb
--- . ts-generator-efficiency.csv(74) 3 Mb
--- parameters.gms(286) 3 Mb
--- Starting execution: elapsed 0:00:00.020
--- parameters.gms(859) 5 Mb
--- GDX File (execute_unload) /zhome/f0/5/124363/J3-HPC/results/D/D_085_120/parameters.gdx
*** Status: Normal completion
--- Job parameters.gms Stop 09/29/24 23:43:54 elapsed 0:00:00.036
--- policy.gms(55) 2 Mb
--- call gams scripts/gams/baseline.gms   --project=D --scenario=D_085_120 --timeseries=spacing_120 o=results/D/D_085_120//baseline.lst
--- Job baseline.gms Start 09/29/24 23:43:54 37.1.0 r07954d5 LEX-LEG x86 64bit/Linux
--- Applying:
    /appl/gams/37.1.0/gmsprmun.txt
--- GAMS Parameters defined
    Input /zhome/f0/5/124363/J3-HPC/scripts/gams/baseline.gms
    Output /zhome/f0/5/124363/J3-HPC/results/D/D_085_120/baseline.lst
    ScrDir /zhome/f0/5/124363/J3-HPC/225r/
    SysDir /appl/gams/37.1.0/
    --project D
    --scenario D_085_120
    --timeseries spacing_120
Licensee: Large MUD - 20 User License                    G221124|0002AP-GEN
          Technical University of Denmark, Management Engineering    DC8611
          /appl/gams/37.1.0/gamslice.txt
          License Admin: Thomas Stidsen, thst@man.dtu.dk                   
Processor information: 2 socket(s), 32 core(s), and 32 thread(s) available
GAMS 37.1.0   Copyright (C) 1987-2021 GAMS Development. All rights reserved
--- Starting compilation
--- baseline.gms(36) 2 Mb
--- call mkdir -p ./results/D/D_085_120/
--- baseline.gms(41) 2 Mb
--- call gams scripts/gams/parameters.gms --project=D --scenario=D_085_120 --timeseries=spacing_120 o=results/D/D_085_120//parameters.lst
--- Job parameters.gms Start 09/29/24 23:43:55 37.1.0 r07954d5 LEX-LEG x86 64bit/Linux
--- Applying:
    /appl/gams/37.1.0/gmsprmun.txt
--- GAMS Parameters defined
    Input /zhome/f0/5/124363/J3-HPC/scripts/gams/parameters.gms
    Output /zhome/f0/5/124363/J3-HPC/results/D/D_085_120/parameters.lst
    ScrDir /zhome/f0/5/124363/J3-HPC/225u/
    SysDir /appl/gams/37.1.0/
    --project D
    --scenario D_085_120
    --timeseries spacing_120
Licensee: Large MUD - 20 User License                    G221124|0002AP-GEN
          Technical University of Denmark, Management Engineering    DC8611
          /appl/gams/37.1.0/gamslice.txt
          License Admin: Thomas Stidsen, thst@man.dtu.dk                   
Processor information: 2 socket(s), 32 core(s), and 32 thread(s) available
GAMS 37.1.0   Copyright (C) 1987-2021 GAMS Development. All rights reserved
--- Starting compilation
--- parameters.gms(37) 2 Mb
--- call mkdir -p ./results/D/D_085_120/
--- parameters.gms(49) 2 Mb
--- . ts-timesteps.csv(73) 3 Mb
--- parameters.gms(58) 3 Mb
--- . name-generator.csv(27) 3 Mb
--- parameters.gms(66) 3 Mb
--- . name-fuel.csv(13) 3 Mb
--- parameters.gms(74) 3 Mb
--- . map-generator-fuel.csv(27) 3 Mb
--- parameters.gms(89) 3 Mb
--- . attribute-generator.csv(16) 3 Mb
--- parameters.gms(96) 3 Mb
--- . attribute-fuel.csv(5) 3 Mb
--- parameters.gms(103) 3 Mb
--- . attribute-other.csv(2) 3 Mb
--- parameters.gms(111) 3 Mb
--- . data-generator.csv(29) 3 Mb
--- parameters.gms(118) 3 Mb
--- . data-fuel.csv(15) 3 Mb
--- parameters.gms(125) 3 Mb
--- . data-other.csv(2) 3 Mb
--- parameters.gms(203) 3 Mb
--- . ts-demand-heat.csv(73) 3 Mb
--- parameters.gms(211) 3 Mb
--- . ts-electricity-price.csv(73) 3 Mb
--- parameters.gms(219) 3 Mb
--- . ts-electricity-carbon.csv(73) 3 Mb
--- parameters.gms(228) 3 Mb
--- . ts-generator-availability.csv(74) 3 Mb
--- parameters.gms(235) 3 Mb
--- . ts-generator-efficiency.csv(74) 3 Mb
--- parameters.gms(286) 3 Mb
--- Starting execution: elapsed 0:00:00.020
--- parameters.gms(859) 5 Mb
--- GDX File (execute_unload) /zhome/f0/5/124363/J3-HPC/results/D/D_085_120/parameters.gdx
*** Status: Normal completion
--- Job parameters.gms Stop 09/29/24 23:43:55 elapsed 0:00:00.037
--- baseline.gms(77) 2 Mb
--- GDXin=/zhome/f0/5/124363/J3-HPC/results/D/D_085_120/parameters.gdx
--- GDX File ($gdxIn) /zhome/f0/5/124363/J3-HPC/results/D/D_085_120/parameters.gdx
--- baseline.gms(180) 3 Mb
--- Starting execution: elapsed 0:00:00.069
--- baseline.gms(132) 4 Mb
--- Generating LP model model_baseline
--- baseline.gms(134) 5 Mb
---   2,483 rows  1,978 columns  6,796 non-zeroes
--- Executing CPLEX (Solvelink=2): elapsed 0:00:00.084

IBM ILOG CPLEX   37.1.0 r07954d5 Released Nov 11, 2021 LEG x86 64bit/Linux    

--- GAMS/Cplex Link licensed for continuous and discrete problems.

Reading parameter(s) from "/zhome/f0/5/124363/J3-HPC/cplex.opt"
>>  Threads -1
Finished reading from "/zhome/f0/5/124363/J3-HPC/cplex.opt"

--- GMO setup time: 0.00s
--- Space for names approximately 0.15 Mb
--- Use option 'names no' to turn use of names off
--- GMO memory 1.01 Mb (peak 1.02 Mb)
--- Dictionary memory 0.00 Mb
--- Cplex 20.1.0.1 link memory 0.07 Mb (peak 0.31 Mb)
--- Starting Cplex

Version identifier: 20.1.0.1 | 2021-04-07 | 3a818710c
CPXPARAM_Advance                                 0
CPXPARAM_Threads                                 31
CPXPARAM_Parallel                                1
CPXPARAM_MIP_Display                             4
CPXPARAM_MIP_Pool_Capacity                       0
CPXPARAM_MIP_Tolerances_AbsMIPGap                0
Tried aggregator 1 time.
LP Presolve eliminated 2035 rows and 282 columns.
Reduced LP has 447 rows, 1696 columns, and 2438 nonzeros.
Presolve time = 0.00 sec. (2.05 ticks)

Iteration log . . .
Iteration:     1   Dual objective     =      -2787736.838177
Iteration:   117   Dual objective     =       3871891.781294

--- LP status (1): optimal.
--- Cplex Time: 0.01sec (det. 3.54 ticks)


Optimal solution found
Objective:      4007592.442075

--- Reading solution for model model_baseline
--- Executing after solve: elapsed 0:00:00.115
--- baseline.gms(176) 5 Mb
--- GDX File (execute_unload) /zhome/f0/5/124363/J3-HPC/results/D/D_085_120/baseline.gdx
*** Status: Normal completion
--- Job baseline.gms Stop 09/29/24 23:43:55 elapsed 0:00:00.121
--- policy.gms(56) 2 Mb--- policy.gms(113) 2 Mb
--- GDXin=/zhome/f0/5/124363/J3-HPC/results/D/D_085_120/parameters.gdx
--- GDX File ($gdxIn) /zhome/f0/5/124363/J3-HPC/results/D/D_085_120/parameters.gdx
--- policy.gms(123) 3 Mb
--- GDXin=/zhome/f0/5/124363/J3-HPC/results/D/D_085_120/baseline.gdx
--- GDX File ($gdxIn) /zhome/f0/5/124363/J3-HPC/results/D/D_085_120/baseline.gdx
--- policy.gms(406) 3 Mb
--- Starting execution: elapsed 0:00:00.220
--- policy.gms(255) 4 Mb
--- Generating MIP model model_policy
--- policy.gms(256) 8 Mb
---   13,234 rows  8,850 columns  40,698 non-zeroes
---   4,386 discrete-columns
--- Executing CPLEX (Solvelink=2): elapsed 0:00:00.255

IBM ILOG CPLEX   37.1.0 r07954d5 Released Nov 11, 2021 LEG x86 64bit/Linux    

--- GAMS/Cplex Link licensed for continuous and discrete problems.

Reading parameter(s) from "/zhome/f0/5/124363/J3-HPC/cplex.opt"
>>  Threads -1
Finished reading from "/zhome/f0/5/124363/J3-HPC/cplex.opt"

--- GMO setup time: 0.00s
--- Space for names approximately 0.84 Mb
--- Use option 'names no' to turn use of names off
--- GMO memory 4.51 Mb (peak 4.58 Mb)
--- Dictionary memory 0.00 Mb
--- Cplex 20.1.0.1 link memory 0.32 Mb (peak 1.77 Mb)
--- Starting Cplex

Version identifier: 20.1.0.1 | 2021-04-07 | 3a818710c
CPXPARAM_Advance                                 0
CPXPARAM_Threads                                 31
CPXPARAM_Parallel                                1
CPXPARAM_MIP_Display                             4
CPXPARAM_MIP_Pool_Capacity                       0
CPXPARAM_TimeLimit                               1000000
CPXPARAM_MIP_Tolerances_AbsMIPGap                0
Generic callback                                 0x50
Tried aggregator 2 times.
MIP Presolve eliminated 3046 rows and 865 columns.
MIP Presolve modified 7406 coefficients.
Aggregator did 11 substitutions.
Reduced MIP has 10176 rows, 7974 columns, and 29696 nonzeros.
Reduced MIP has 3955 binaries, 0 generals, 0 SOSs, and 0 indicators.
Presolve time = 0.03 sec. (21.23 ticks)
Probing fixed 2231 vars, tightened 4798 bounds.
Probing time = 0.24 sec. (105.71 ticks)
Tried aggregator 2 times.
MIP Presolve eliminated 5222 rows and 3267 columns.
MIP Presolve modified 2431 coefficients.
Aggregator did 449 substitutions.
Reduced MIP has 4505 rows, 4258 columns, and 14648 nonzeros.
Reduced MIP has 1724 binaries, 0 generals, 0 SOSs, and 0 indicators.
Presolve time = 0.02 sec. (17.72 ticks)
Probing fixed 26 vars, tightened 824 bounds.
Probing time = 0.12 sec. (54.55 ticks)
Tried aggregator 2 times.
Detecting symmetries...
MIP Presolve eliminated 69 rows and 58 columns.
MIP Presolve modified 928 coefficients.
Aggregator did 3 substitutions.
Reduced MIP has 4433 rows, 4197 columns, and 14454 nonzeros.
Reduced MIP has 1698 binaries, 0 generals, 0 SOSs, and 0 indicators.
Presolve time = 0.02 sec. (13.40 ticks)
Probing fixed 1 vars, tightened 88 bounds.
Probing time = 0.12 sec. (51.10 ticks)
Clique table members: 17536.
MIP emphasis: balance optimality and feasibility.
MIP search method: dynamic search.
Parallel mode: deterministic, using up to 31 threads.
Parallel mode: deterministic, using up to 4 threads for parallel tasks at root LP.
Parallel mode: deterministic, using up to 27 threads for concurrent optimization:
 * Starting dual Simplex on 1 thread...
 * Starting Barrier on 25 threads...
 * Starting primal Simplex on 1 thread...
Tried aggregator 1 time.
LP Presolve eliminated 2 rows and 2 columns.
Aggregator did 1689 substitutions.
Reduced LP has 2742 rows, 2506 columns, and 9783 nonzeros.
Presolve time = 0.00 sec. (3.34 ticks)

Iteration log . . .
Iteration:     1   Dual objective     =      -2505823.432733
Iteration:    83   Dual objective     =      -1556260.295385
Iteration:   161   Dual objective     =      -1259173.580776
Iteration:   234   Dual objective     =      -1259173.580776
Perturbation started.
Iteration:   303   Dual objective     =      -1259173.580776
Iteration:   419   Dual objective     =       -811551.140989
Iteration:   513   Dual objective     =       -770415.159335
Iteration:   639   Dual objective     =       -725071.924738
Iteration:   734   Dual objective     =       -724336.911042
Iteration:   818   Dual objective     =       -724280.248101
Iteration:   994   Dual objective     =       -723838.779749
Iteration:  1091   Dual objective     =       -723462.236834
Removing perturbation.
Initializing dual steep norms . . .

Dual simplex solved model.

Initializing dual steep norms . . .

Iteration log . . .
Iteration:     1   Dual objective     =       -723205.844855
Root relaxation solution time = 0.14 sec. (99.66 ticks)

        Nodes                                         Cuts/
   Node  Left     Objective  IInf  Best Integer    Best Bound    ItCnt     Gap

      0     0  -723205.8449    52                -723205.8449     1127         
      0     0  -723182.2103    38                    Cuts: 55     2190         
      0     0  -723103.1233    83                   Cuts: 419     2330         
      0     0  -723098.1321    83                   Cuts: 472     2367         
      0     0  -722895.7724   114                    Cuts: 42     2493         
      0     0  -722720.0312   183                    Cuts: 85     2626         
      0     0  -722523.9668   168                    Cuts: 91     2756         
      0     0  -722416.9164   238                   Cuts: 274     2956         
      0     0  -722396.2238   247                   Cuts: 417     3064         
      0     2  -722396.2238   247                -722396.2238     3064         
Elapsed time = 7.04 sec. (2615.42 ticks, tree = 0.02 MB)
     17     6  1247538.8875   268                -722344.8443     4994         
                                                Impl Bds: 118                  
     95    22  -654570.8417    27                -722241.9554    11606         
                                                    Cuts: 493                  
*   158    58      integral     0  -656826.5272  -722154.2369    35676    9.95%
                                                    Cuts: 101                  
Found incumbent of value -656826.527225 after 16.80 sec. (3265.55 ticks)
*   333+   41                      -669246.4609  -722083.4873             7.90%
                                                     Cuts: 50                  
Found incumbent of value -669246.460859 after 17.75 sec. (3414.15 ticks)
    701    85  -674034.1276     2  -669246.4609  -721708.3454    85287    7.84%
                                                     Cuts: 16                  
*   818+   42                      -669751.8330  -721708.3454             7.76%
                                                     Cuts: 16                  
Found incumbent of value -669751.832984 after 18.48 sec. (3559.64 ticks)
*  1195    78      integral     0  -675002.2209  -721708.3454   114879    6.92%
                                                      Cuts: 4                  
Found incumbent of value -675002.220937 after 18.88 sec. (3654.65 ticks)
*  1407+  104                      -677790.6531  -721708.3454             6.48%
                                                   MIRcuts: 1                  
Found incumbent of value -677790.653122 after 19.01 sec. (3690.51 ticks)
   2015   154  -691371.7823     8  -677790.6531  -720935.2414   167382    6.37%
                                                     Cuts: 19                  
   2800    58        cutoff        -677790.6531  -718048.5901   231042    5.94%
                                                     Cuts: 18                  

Clique cuts applied:  6
Cover cuts applied:  8
Implied bound cuts applied:  1175
Flow cuts applied:  136
Mixed integer rounding cuts applied:  160
Gomory fractional cuts applied:  26

Root node processing (before b&c):
  Real time             =    3.13 sec. (2594.58 ticks)
Parallel b&c, 31 threads:
  Real time             =   25.07 sec. (1697.26 ticks)
  Sync time (average)   =   18.88 sec.
  Wait time (average)   =    0.00 sec.
                          ------------
Total (root+branch&cut) =   28.20 sec. (4291.84 ticks)

--- MIP status (101): integer optimal solution.
--- Cplex Time: 28.22sec (det. 4291.86 ticks)

--- Fixing integer variables and solving final LP...

Version identifier: 20.1.0.1 | 2021-04-07 | 3a818710c
CPXPARAM_Advance                                 2
CPXPARAM_Threads                                 31
CPXPARAM_Parallel                                1
CPXPARAM_MIP_Display                             4
CPXPARAM_MIP_Pool_Capacity                       0
CPXPARAM_TimeLimit                               1000000
CPXPARAM_MIP_Tolerances_AbsMIPGap                0
Parallel mode: deterministic, using up to 31 threads for concurrent optimization:
 * Starting dual Simplex on 1 thread...
 * Starting Barrier on 29 threads...
 * Starting primal Simplex on 1 thread...
Tried aggregator 1 time.
LP Presolve eliminated 13214 rows and 8827 columns.
Aggregator did 19 substitutions.
Reduced LP has 0 rows, 4 columns, and 0 nonzeros.
Presolve time = 0.01 sec. (7.01 ticks)

Dual simplex solved model.


--- Fixed MIP status (1): optimal.
--- Cplex Time: 0.03sec (det. 13.28 ticks)


Proven optimal solution
MIP Solution:      -677790.653122    (251849 iterations, 3028 nodes)
Final Solve:       -677790.653122    (0 iterations)

Best possible:     -677790.653122
Absolute gap:            0.000000
Relative gap:            0.000000

--- Reading solution for model model_policy
--- Executing after solve: elapsed 0:00:28.576
--- policy.gms(273) 8 Mb--- policy.gms(403) 8 Mb
--- GDX File (execute_unload) /zhome/f0/5/124363/J3-HPC/results/D/D_085_120/policy.gdx
*** Status: Normal completion
--- Job policy.gms Stop 09/29/24 23:44:23 elapsed 0:00:28.596
