--- Job policy Start 09/29/24 20:37:49 37.1.0 r07954d5 LEX-LEG x86 64bit/Linux
--- Applying:
    /appl/gams/37.1.0/gmsprmun.txt
--- GAMS Parameters defined
    Input /zhome/f0/5/124363/J3-HPC/scripts/gams/policy.gms
    Output /zhome/f0/5/124363/J3-HPC/results/E/E_090_120/policy.lst
    ScrDir /zhome/f0/5/124363/J3-HPC/225j/
    SysDir /appl/gams/37.1.0/
    --project E
    --scenario E_090_120
    --timeseries spacing_120
    --tax_carbon yes
    --subsidy_capex no
    --subsidy_opex no
    --subsidy_carbon no
Licensee: Large MUD - 20 User License                    G221124|0002AP-GEN
          Technical University of Denmark, Management Engineering    DC8611
          /appl/gams/37.1.0/gamslice.txt
          License Admin: Thomas Stidsen, thst@man.dtu.dk                   
Processor information: 2 socket(s), 32 core(s), and 32 thread(s) available
GAMS 37.1.0   Copyright (C) 1987-2021 GAMS Development. All rights reserved
--- Starting compilation
--- policy.gms(44) 2 Mb
--- call mkdir -p ./results/E/E_090_120/
--- policy.gms(51) 2 Mb
--- call gams scripts/gams/parameters.gms --project=E --scenario=E_090_120 --timeseries=spacing_120 o=results/E/E_090_120//parameters.lst
--- Job parameters.gms Start 09/29/24 20:37:49 37.1.0 r07954d5 LEX-LEG x86 64bit/Linux
--- Applying:
    /appl/gams/37.1.0/gmsprmun.txt
--- GAMS Parameters defined
    Input /zhome/f0/5/124363/J3-HPC/scripts/gams/parameters.gms
    Output /zhome/f0/5/124363/J3-HPC/results/E/E_090_120/parameters.lst
    ScrDir /zhome/f0/5/124363/J3-HPC/225m/
    SysDir /appl/gams/37.1.0/
    --project E
    --scenario E_090_120
    --timeseries spacing_120
Licensee: Large MUD - 20 User License                    G221124|0002AP-GEN
          Technical University of Denmark, Management Engineering    DC8611
          /appl/gams/37.1.0/gamslice.txt
          License Admin: Thomas Stidsen, thst@man.dtu.dk                   
Processor information: 2 socket(s), 32 core(s), and 32 thread(s) available
GAMS 37.1.0   Copyright (C) 1987-2021 GAMS Development. All rights reserved
--- Starting compilation
--- parameters.gms(37) 2 Mb
--- call mkdir -p ./results/E/E_090_120/
--- parameters.gms(49) 2 Mb
--- . ts-timesteps.csv(73) 3 Mb
--- parameters.gms(58) 3 Mb
--- . name-generator.csv(27) 3 Mb
--- parameters.gms(66) 3 Mb
--- . name-fuel.csv(13) 3 Mb
--- parameters.gms(74) 3 Mb
--- . map-generator-fuel.csv(27) 3 Mb
--- parameters.gms(89) 3 Mb
--- . attribute-generator.csv(16) 3 Mb
--- parameters.gms(96) 3 Mb
--- . attribute-fuel.csv(5) 3 Mb
--- parameters.gms(103) 3 Mb
--- . attribute-other.csv(2) 3 Mb
--- parameters.gms(111) 3 Mb
--- . data-generator.csv(29) 3 Mb
--- parameters.gms(118) 3 Mb
--- . data-fuel.csv(15) 3 Mb
--- parameters.gms(125) 3 Mb
--- . data-other.csv(2) 3 Mb
--- parameters.gms(203) 3 Mb
--- . ts-demand-heat.csv(73) 3 Mb
--- parameters.gms(211) 3 Mb
--- . ts-electricity-price.csv(73) 3 Mb
--- parameters.gms(219) 3 Mb
--- . ts-electricity-carbon.csv(73) 3 Mb
--- parameters.gms(228) 3 Mb
--- . ts-generator-availability.csv(74) 3 Mb
--- parameters.gms(235) 3 Mb
--- . ts-generator-efficiency.csv(74) 3 Mb
--- parameters.gms(286) 3 Mb
--- Starting execution: elapsed 0:00:00.031
--- parameters.gms(859) 5 Mb
--- GDX File (execute_unload) /zhome/f0/5/124363/J3-HPC/results/E/E_090_120/parameters.gdx
*** Status: Normal completion
--- Job parameters.gms Stop 09/29/24 20:37:49 elapsed 0:00:00.049
--- policy.gms(55) 2 Mb
--- call gams scripts/gams/baseline.gms   --project=E --scenario=E_090_120 --timeseries=spacing_120 o=results/E/E_090_120//baseline.lst
--- Job baseline.gms Start 09/29/24 20:37:49 37.1.0 r07954d5 LEX-LEG x86 64bit/Linux
--- Applying:
    /appl/gams/37.1.0/gmsprmun.txt
--- GAMS Parameters defined
    Input /zhome/f0/5/124363/J3-HPC/scripts/gams/baseline.gms
    Output /zhome/f0/5/124363/J3-HPC/results/E/E_090_120/baseline.lst
    ScrDir /zhome/f0/5/124363/J3-HPC/225k/
    SysDir /appl/gams/37.1.0/
    --project E
    --scenario E_090_120
    --timeseries spacing_120
Licensee: Large MUD - 20 User License                    G221124|0002AP-GEN
          Technical University of Denmark, Management Engineering    DC8611
          /appl/gams/37.1.0/gamslice.txt
          License Admin: Thomas Stidsen, thst@man.dtu.dk                   
Processor information: 2 socket(s), 32 core(s), and 32 thread(s) available
GAMS 37.1.0   Copyright (C) 1987-2021 GAMS Development. All rights reserved
--- Starting compilation
--- baseline.gms(36) 2 Mb
--- call mkdir -p ./results/E/E_090_120/
--- baseline.gms(41) 2 Mb
--- call gams scripts/gams/parameters.gms --project=E --scenario=E_090_120 --timeseries=spacing_120 o=results/E/E_090_120//parameters.lst
--- Job parameters.gms Start 09/29/24 20:37:49 37.1.0 r07954d5 LEX-LEG x86 64bit/Linux
--- Applying:
    /appl/gams/37.1.0/gmsprmun.txt
--- GAMS Parameters defined
    Input /zhome/f0/5/124363/J3-HPC/scripts/gams/parameters.gms
    Output /zhome/f0/5/124363/J3-HPC/results/E/E_090_120/parameters.lst
    ScrDir /zhome/f0/5/124363/J3-HPC/225m/
    SysDir /appl/gams/37.1.0/
    --project E
    --scenario E_090_120
    --timeseries spacing_120
Licensee: Large MUD - 20 User License                    G221124|0002AP-GEN
          Technical University of Denmark, Management Engineering    DC8611
          /appl/gams/37.1.0/gamslice.txt
          License Admin: Thomas Stidsen, thst@man.dtu.dk                   
Processor information: 2 socket(s), 32 core(s), and 32 thread(s) available
GAMS 37.1.0   Copyright (C) 1987-2021 GAMS Development. All rights reserved
--- Starting compilation
--- parameters.gms(37) 2 Mb
--- call mkdir -p ./results/E/E_090_120/
--- parameters.gms(49) 2 Mb
--- . ts-timesteps.csv(73) 3 Mb
--- parameters.gms(58) 3 Mb
--- . name-generator.csv(27) 3 Mb
--- parameters.gms(66) 3 Mb
--- . name-fuel.csv(13) 3 Mb
--- parameters.gms(74) 3 Mb
--- . map-generator-fuel.csv(27) 3 Mb
--- parameters.gms(89) 3 Mb
--- . attribute-generator.csv(16) 3 Mb
--- parameters.gms(96) 3 Mb
--- . attribute-fuel.csv(5) 3 Mb
--- parameters.gms(103) 3 Mb
--- . attribute-other.csv(2) 3 Mb
--- parameters.gms(111) 3 Mb
--- . data-generator.csv(29) 3 Mb
--- parameters.gms(118) 3 Mb
--- . data-fuel.csv(15) 3 Mb
--- parameters.gms(125) 3 Mb
--- . data-other.csv(2) 3 Mb
--- parameters.gms(203) 3 Mb
--- . ts-demand-heat.csv(73) 3 Mb
--- parameters.gms(211) 3 Mb
--- . ts-electricity-price.csv(73) 3 Mb
--- parameters.gms(219) 3 Mb
--- . ts-electricity-carbon.csv(73) 3 Mb
--- parameters.gms(228) 3 Mb
--- . ts-generator-availability.csv(74) 3 Mb
--- parameters.gms(235) 3 Mb
--- . ts-generator-efficiency.csv(74) 3 Mb
--- parameters.gms(286) 3 Mb
--- Starting execution: elapsed 0:00:00.021
--- parameters.gms(859) 5 Mb
--- GDX File (execute_unload) /zhome/f0/5/124363/J3-HPC/results/E/E_090_120/parameters.gdx
*** Status: Normal completion
--- Job parameters.gms Stop 09/29/24 20:37:49 elapsed 0:00:00.038
--- baseline.gms(77) 2 Mb
--- GDXin=/zhome/f0/5/124363/J3-HPC/results/E/E_090_120/parameters.gdx
--- GDX File ($gdxIn) /zhome/f0/5/124363/J3-HPC/results/E/E_090_120/parameters.gdx
--- baseline.gms(180) 3 Mb
--- Starting execution: elapsed 0:00:00.071
--- baseline.gms(132) 4 Mb
--- Generating LP model model_baseline
--- baseline.gms(134) 5 Mb
---   2,483 rows  1,978 columns  6,796 non-zeroes
--- Executing CPLEX (Solvelink=2): elapsed 0:00:00.088

IBM ILOG CPLEX   37.1.0 r07954d5 Released Nov 11, 2021 LEG x86 64bit/Linux    

--- GAMS/Cplex Link licensed for continuous and discrete problems.

Reading parameter(s) from "/zhome/f0/5/124363/J3-HPC/cplex.opt"
>>  Threads -1
Finished reading from "/zhome/f0/5/124363/J3-HPC/cplex.opt"

--- GMO setup time: 0.00s
--- Space for names approximately 0.15 Mb
--- Use option 'names no' to turn use of names off
--- GMO memory 1.01 Mb (peak 1.02 Mb)
--- Dictionary memory 0.00 Mb
--- Cplex 20.1.0.1 link memory 0.07 Mb (peak 0.31 Mb)
--- Starting Cplex

Version identifier: 20.1.0.1 | 2021-04-07 | 3a818710c
CPXPARAM_Advance                                 0
CPXPARAM_Threads                                 31
CPXPARAM_Parallel                                1
CPXPARAM_MIP_Display                             4
CPXPARAM_MIP_Pool_Capacity                       0
CPXPARAM_MIP_Tolerances_AbsMIPGap                0
Tried aggregator 1 time.
LP Presolve eliminated 2035 rows and 282 columns.
Reduced LP has 447 rows, 1696 columns, and 2438 nonzeros.
Presolve time = 0.01 sec. (2.05 ticks)

Iteration log . . .
Iteration:     1   Dual objective     =      -2787736.838177
Iteration:   117   Dual objective     =       3871891.781294

--- LP status (1): optimal.
--- Cplex Time: 0.01sec (det. 3.54 ticks)


Optimal solution found
Objective:      4007592.442075

--- Reading solution for model model_baseline
--- Executing after solve: elapsed 0:00:00.154
--- baseline.gms(176) 5 Mb
--- GDX File (execute_unload) /zhome/f0/5/124363/J3-HPC/results/E/E_090_120/baseline.gdx
*** Status: Normal completion
--- Job baseline.gms Stop 09/29/24 20:37:50 elapsed 0:00:00.160
--- policy.gms(56) 2 Mb--- policy.gms(113) 2 Mb
--- GDXin=/zhome/f0/5/124363/J3-HPC/results/E/E_090_120/parameters.gdx
--- GDX File ($gdxIn) /zhome/f0/5/124363/J3-HPC/results/E/E_090_120/parameters.gdx
--- policy.gms(123) 3 Mb
--- GDXin=/zhome/f0/5/124363/J3-HPC/results/E/E_090_120/baseline.gdx
--- GDX File ($gdxIn) /zhome/f0/5/124363/J3-HPC/results/E/E_090_120/baseline.gdx
--- policy.gms(406) 3 Mb
--- Starting execution: elapsed 0:00:00.280
--- policy.gms(255) 4 Mb
--- Generating MIP model model_policy
--- policy.gms(256) 8 Mb
---   13,234 rows  8,850 columns  40,698 non-zeroes
---   4,386 discrete-columns
--- Executing CPLEX (Solvelink=2): elapsed 0:00:00.315

IBM ILOG CPLEX   37.1.0 r07954d5 Released Nov 11, 2021 LEG x86 64bit/Linux    

--- GAMS/Cplex Link licensed for continuous and discrete problems.

Reading parameter(s) from "/zhome/f0/5/124363/J3-HPC/cplex.opt"
>>  Threads -1
Finished reading from "/zhome/f0/5/124363/J3-HPC/cplex.opt"

--- GMO setup time: 0.00s
--- Space for names approximately 0.84 Mb
--- Use option 'names no' to turn use of names off
--- GMO memory 4.51 Mb (peak 4.58 Mb)
--- Dictionary memory 0.00 Mb
--- Cplex 20.1.0.1 link memory 0.32 Mb (peak 1.77 Mb)
--- Starting Cplex

Version identifier: 20.1.0.1 | 2021-04-07 | 3a818710c
CPXPARAM_Advance                                 0
CPXPARAM_Threads                                 31
CPXPARAM_Parallel                                1
CPXPARAM_MIP_Display                             4
CPXPARAM_MIP_Pool_Capacity                       0
CPXPARAM_TimeLimit                               1000000
CPXPARAM_MIP_Tolerances_AbsMIPGap                0
Generic callback                                 0x50
Tried aggregator 2 times.
MIP Presolve eliminated 3036 rows and 866 columns.
MIP Presolve modified 7784 coefficients.
Aggregator did 11 substitutions.
Reduced MIP has 10186 rows, 7973 columns, and 29704 nonzeros.
Reduced MIP has 3955 binaries, 0 generals, 0 SOSs, and 0 indicators.
Presolve time = 0.03 sec. (21.30 ticks)
Probing fixed 2227 vars, tightened 5034 bounds.
Probing time = 0.25 sec. (108.23 ticks)
Tried aggregator 2 times.
MIP Presolve eliminated 5183 rows and 3252 columns.
MIP Presolve modified 2383 coefficients.
Aggregator did 457 substitutions.
Reduced MIP has 4546 rows, 4264 columns, and 14750 nonzeros.
Reduced MIP has 1728 binaries, 0 generals, 0 SOSs, and 0 indicators.
Presolve time = 0.02 sec. (18.35 ticks)
Probing fixed 15 vars, tightened 824 bounds.
Probing time = 0.13 sec. (58.83 ticks)
Tried aggregator 1 time.
Detecting symmetries...
MIP Presolve eliminated 72 rows and 38 columns.
MIP Presolve modified 891 coefficients.
Reduced MIP has 4474 rows, 4226 columns, and 14559 nonzeros.
Reduced MIP has 1713 binaries, 0 generals, 0 SOSs, and 0 indicators.
Presolve time = 0.02 sec. (11.33 ticks)
Probing fixed 3 vars, tightened 167 bounds.
Probing time = 0.11 sec. (53.81 ticks)
Clique table members: 18735.
MIP emphasis: balance optimality and feasibility.
MIP search method: dynamic search.
Parallel mode: deterministic, using up to 31 threads.
Parallel mode: deterministic, using up to 4 threads for parallel tasks at root LP.
Parallel mode: deterministic, using up to 27 threads for concurrent optimization:
 * Starting dual Simplex on 1 thread...
 * Starting Barrier on 25 threads...
 * Starting primal Simplex on 1 thread...
Tried aggregator 1 time.
LP Presolve eliminated 7 rows and 9 columns.
Aggregator did 1702 substitutions.
Reduced LP has 2765 rows, 2515 columns, and 9846 nonzeros.
Presolve time = 0.00 sec. (3.37 ticks)

Iteration log . . .
Iteration:     1   Dual objective     =      -2597178.945844
Iteration:   126   Dual objective     =      -1618076.497755
Iteration:   209   Dual objective     =      -1346448.499790
Iteration:   280   Dual objective     =      -1302619.217310
Iteration:   351   Dual objective     =      -1302619.217310
Iteration:   426   Dual objective     =      -1185895.893513
Iteration:   534   Dual objective     =       -928094.866096
Iteration:   625   Dual objective     =       -849275.952013
Iteration:   729   Dual objective     =       -784871.498773
Iteration:   830   Dual objective     =       -768401.438386
Iteration:   984   Dual objective     =       -767326.583509
Iteration:  1081   Dual objective     =       -767225.309305
Iteration:  1163   Dual objective     =       -767225.309305
Iteration:  1243   Dual objective     =       -767225.309305
Perturbation started.
Iteration:  1303   Dual objective     =       -767225.309305
Iteration:  1423   Dual objective     =       -767108.072600
Removing perturbation.
Initializing dual steep norms . . .

Dual simplex solved model.

Initializing dual steep norms . . .

Iteration log . . .
Iteration:     1   Dual objective     =       -767108.023816
Root relaxation solution time = 0.18 sec. (101.42 ticks)

        Nodes                                         Cuts/
   Node  Left     Objective  IInf  Best Integer    Best Bound    ItCnt     Gap

      0     0  -767108.0238    20                -767108.0238     1452         
*     0+    0                      -609472.0201  -767108.0238            25.86%
Found incumbent of value -609472.020116 after 0.86 sec. (439.55 ticks)
*     0+    0                      -748987.9606  -767108.0238             2.42%
Found incumbent of value -748987.960571 after 0.97 sec. (510.59 ticks)
      0     0  -767104.0143    24  -748987.9606     Cuts: 298     1663    2.23%
      0     0  -766644.0098    16  -748987.9606     Cuts: 397     1717    2.23%
*     0+    0                      -748987.9607  -765725.3187             2.23%
Found incumbent of value -748987.960742 after 1.04 sec. (575.83 ticks)

Repeating presolve.
Tried aggregator 2 times.
MIP Presolve eliminated 2762 rows and 2003 columns.
MIP Presolve modified 1699 coefficients.
Aggregator did 205 substitutions.
Reduced MIP has 1507 rows, 2018 columns, and 4536 nonzeros.
Reduced MIP has 607 binaries, 0 generals, 0 SOSs, and 0 indicators.
Presolve time = 0.01 sec. (7.94 ticks)
Probing fixed 108 vars, tightened 7998 bounds.
Probing time = 0.05 sec. (37.74 ticks)
Tried aggregator 2 times.
MIP Presolve eliminated 246 rows and 691 columns.
MIP Presolve modified 553 coefficients.
Aggregator did 71 substitutions.
Reduced MIP has 1190 rows, 1256 columns, and 3638 nonzeros.
Reduced MIP has 499 binaries, 0 generals, 0 SOSs, and 0 indicators.
Presolve time = 0.01 sec. (4.33 ticks)
Probing fixed 25 vars, tightened 3142 bounds.
Probing time = 0.01 sec. (11.41 ticks)
Tried aggregator 2 times.
MIP Presolve eliminated 103 rows and 51 columns.
MIP Presolve modified 630 coefficients.
Aggregator did 30 substitutions.
Reduced MIP has 1057 rows, 1175 columns, and 3204 nonzeros.
Reduced MIP has 474 binaries, 0 generals, 0 SOSs, and 0 indicators.
Presolve time = 0.00 sec. (3.32 ticks)
Probing fixed 2 vars, tightened 53 bounds.
Probing time = 0.00 sec. (2.79 ticks)
Tried aggregator 2 times.
Detecting symmetries...
MIP Presolve eliminated 5 rows and 3 columns.
MIP Presolve modified 19 coefficients.
Aggregator did 1 substitutions.
Reduced MIP has 1051 rows, 1171 columns, and 3189 nonzeros.
Reduced MIP has 472 binaries, 0 generals, 0 SOSs, and 0 indicators.
Presolve time = 0.00 sec. (4.59 ticks)
Represolve time = 0.12 sec. (89.19 ticks)
Probing fixed 0 vars, tightened 8 bounds.
Probing time = 0.00 sec. (2.33 ticks)
Clique table members: 535.
MIP emphasis: balance optimality and feasibility.
MIP search method: dynamic search.
Parallel mode: deterministic, using up to 31 threads.
Parallel mode: deterministic, using up to 31 threads for concurrent optimization:
 * Starting dual Simplex on 1 thread...
 * Starting Barrier on 29 threads...
 * Starting primal Simplex on 1 thread...
Tried aggregator 1 time.
LP Presolve eliminated 2 rows and 1 columns.
Aggregator did 470 substitutions.
Reduced LP has 600 rows, 700 columns, and 2349 nonzeros.
Presolve time = 0.00 sec. (0.89 ticks)

Iteration log . . .
Iteration:     1   Dual objective     =       -853127.443063
Iteration:    82   Dual objective     =       -773875.002280
Initializing dual steep norms . . .

Dual simplex solved model.

Initializing dual steep norms . . .

Iteration log . . .
Iteration:     1   Dual objective     =       -759069.470955
Root relaxation solution time = 0.00 sec. (3.08 ticks)

        Nodes                                         Cuts/
   Node  Left     Objective  IInf  Best Integer    Best Bound    ItCnt     Gap

*     0+    0                      -748987.9607  -765725.3187             2.23%
Found incumbent of value -748987.960737 after 1.19 sec. (680.25 ticks)
      0     0  -759069.4710    13  -748987.9607  -759069.4710     1828    1.35%
      0     0        cutoff        -748987.9607  -748987.9607     1867    0.00%
Elapsed time = 13.47 sec. (688.25 ticks, tree = 0.01 MB)

Clique cuts applied:  2
Implied bound cuts applied:  25
Flow cuts applied:  11
Mixed integer rounding cuts applied:  35
Lift and project cuts applied:  1
Gomory fractional cuts applied:  2

Root node processing (before b&c):
  Real time             =   13.47 sec. (688.37 ticks)
Parallel b&c, 31 threads:
  Real time             =    0.00 sec. (0.00 ticks)
  Sync time (average)   =    0.00 sec.
  Wait time (average)   =    0.00 sec.
                          ------------
Total (root+branch&cut) =   13.47 sec. (688.37 ticks)

--- MIP status (101): integer optimal solution.
--- Cplex Time: 13.47sec (det. 688.40 ticks)

--- Fixing integer variables and solving final LP...

Version identifier: 20.1.0.1 | 2021-04-07 | 3a818710c
CPXPARAM_Advance                                 2
CPXPARAM_Threads                                 31
CPXPARAM_Parallel                                1
CPXPARAM_MIP_Display                             4
CPXPARAM_MIP_Pool_Capacity                       0
CPXPARAM_TimeLimit                               1000000
CPXPARAM_MIP_Tolerances_AbsMIPGap                0
Parallel mode: deterministic, using up to 31 threads for concurrent optimization:
 * Starting dual Simplex on 1 thread...
 * Starting Barrier on 29 threads...
 * Starting primal Simplex on 1 thread...
Tried aggregator 1 time.
LP Presolve eliminated 12893 rows and 8510 columns.
Aggregator did 340 substitutions.
All rows and columns eliminated.
Presolve time = 0.01 sec. (7.35 ticks)

Dual simplex solved model.


--- Fixed MIP status (1): optimal.
--- Cplex Time: 0.03sec (det. 13.60 ticks)


Proven optimal solution
MIP Solution:      -748987.960742    (1867 iterations, 0 nodes)
Final Solve:       -748987.960571    (0 iterations)

Best possible:     -748987.960742
Absolute gap:            0.000000
Relative gap:            0.000000

--- Reading solution for model model_policy
--- Executing after solve: elapsed 0:00:13.883
--- policy.gms(273) 8 Mb--- policy.gms(403) 8 Mb
--- GDX File (execute_unload) /zhome/f0/5/124363/J3-HPC/results/E/E_090_120/policy.gdx
*** Status: Normal completion
--- Job policy.gms Stop 09/29/24 20:38:03 elapsed 0:00:13.902
